-2.50e-01
-2.52e-01
-2.54e-01
-2.58e-01
-2.62e-01
-2.67e-01
-2.72e-01
-2.79e-01
-2.88e-01
-2.97e-01
-3.08e-01
-3.20e-01
-3.34e-01
-3.50e-01
-3.67e-01
-3.85e-01
-4.06e-01
-4.27e-01
-4.50e-01
-4.75e-01
-5.00e-01
-5.26e-01
-5.54e-01
-5.82e-01
-6.10e-01
-6.40e-01
-6.70e-01
-7.00e-01
-7.31e-01
-7.62e-01
-7.93e-01
-8.25e-01
-8.57e-01
-8.90e-01
-9.23e-01
-9.57e-01
-9.91e-01
-1.03e+00
-1.06e+00
-1.10e+00
-1.13e+00
-1.17e+00
-1.21e+00
-1.25e+00
-1.28e+00
-1.32e+00
-1.37e+00
-1.41e+00
-1.45e+00
-1.49e+00
-1.54e+00
-1.58e+00
-1.63e+00
-1.68e+00
-1.73e+00
-1.78e+00
-1.83e+00
-1.88e+00
-1.94e+00
-1.99e+00
-2.05e+00
-2.10e+00
-2.16e+00
-2.22e+00
-2.28e+00
-2.34e+00
-2.40e+00
-2.46e+00
