1.65e-01
1.66e-01
1.67e-01
1.67e-01
1.66e-01
1.65e-01
1.64e-01
1.62e-01
1.59e-01
1.57e-01
1.54e-01
1.51e-01
1.47e-01
1.44e-01
1.40e-01
1.36e-01
1.32e-01
1.28e-01
1.23e-01
1.19e-01
1.14e-01
1.10e-01
1.05e-01
1.00e-01
9.51e-02
9.01e-02
8.51e-02
8.01e-02
7.50e-02
7.00e-02
6.49e-02
5.98e-02
5.46e-02
4.95e-02
4.44e-02
3.93e-02
3.42e-02
2.91e-02
2.41e-02
1.90e-02
1.40e-02
8.99e-03
4.01e-03
-9.43e-04
-5.87e-03
-1.08e-02
-1.56e-02
-2.05e-02
-2.52e-02
-3.00e-02
-3.47e-02
-3.94e-02
-4.41e-02
-4.87e-02
-5.33e-02
-5.79e-02
-6.24e-02
-6.69e-02
-7.14e-02
-7.59e-02
-8.03e-02
-8.47e-02
-8.91e-02
-9.34e-02
-9.77e-02
-1.02e-01
-1.06e-01
-1.11e-01
-1.15e-01
-1.19e-01
-1.23e-01
-1.28e-01
-1.32e-01
-1.36e-01
-1.40e-01
-1.44e-01
-1.48e-01
-1.53e-01
-1.57e-01
-1.61e-01
-1.65e-01
-1.69e-01
-1.73e-01
-1.77e-01
-1.81e-01
-1.85e-01
-1.89e-01
-1.93e-01
-1.97e-01
-2.01e-01
-2.05e-01
-2.09e-01
-2.13e-01
-2.17e-01
-2.21e-01
-2.25e-01
-2.29e-01
-2.32e-01
-2.36e-01
-2.40e-01
-2.44e-01
-2.47e-01
-2.51e-01
-2.55e-01
-2.58e-01
-2.62e-01
-2.65e-01
-2.69e-01
-2.72e-01
-2.75e-01
-2.79e-01
-2.82e-01
-2.85e-01
-2.89e-01
-2.92e-01
-2.95e-01
-2.98e-01
-3.01e-01
-3.04e-01
-3.07e-01
-3.10e-01
-3.13e-01
-3.15e-01
-3.18e-01
-3.21e-01
-3.24e-01
-3.26e-01
-3.29e-01
-3.31e-01
-3.33e-01
-3.36e-01
-3.38e-01
-3.40e-01
-3.42e-01
-3.44e-01
-3.46e-01
-3.48e-01
-3.50e-01
-3.52e-01
-3.54e-01
-3.56e-01
-3.58e-01
-3.59e-01
-3.61e-01
-3.62e-01
-3.64e-01
-3.65e-01
-3.67e-01
-3.68e-01
-3.70e-01
-3.71e-01
-3.72e-01
-3.74e-01
-3.75e-01
-3.76e-01
-3.77e-01
-3.79e-01
-3.80e-01
-3.81e-01
-3.82e-01
-3.83e-01
-3.84e-01
-3.85e-01
-3.86e-01
-3.87e-01
-3.88e-01
-3.89e-01
-3.90e-01
-3.91e-01
-3.92e-01
-3.93e-01
-3.94e-01
-3.95e-01
-3.95e-01
-3.96e-01
-3.97e-01
-3.98e-01
-3.99e-01
-4.00e-01
-4.00e-01
-4.01e-01
-4.02e-01
-4.03e-01
-4.04e-01
-4.04e-01
-4.05e-01
-4.06e-01
-4.07e-01
-4.08e-01
-4.09e-01
-4.09e-01
-4.10e-01
-4.11e-01
-4.12e-01
-4.13e-01
-4.14e-01
-4.15e-01
-4.16e-01
-4.16e-01
-4.17e-01
-4.18e-01
-4.19e-01
-4.20e-01
-4.21e-01
-4.22e-01
-4.23e-01
-4.24e-01
-4.26e-01
-4.27e-01
-4.28e-01
-4.29e-01
-4.30e-01
-4.31e-01
-4.32e-01
-4.33e-01
-4.34e-01
-4.36e-01
-4.37e-01
-4.38e-01
-4.39e-01
-4.40e-01
-4.41e-01
-4.43e-01
-4.44e-01
-4.45e-01
-4.46e-01
-4.47e-01
-4.48e-01
-4.50e-01
-4.51e-01
-4.52e-01
-4.53e-01
-4.54e-01
-4.55e-01
-4.56e-01
-4.57e-01
-4.58e-01
-4.59e-01
-4.60e-01
-4.61e-01
-4.62e-01
-4.63e-01
-4.64e-01
-4.65e-01
-4.66e-01
-4.67e-01
-4.68e-01
-4.69e-01
-4.69e-01
-4.70e-01
-4.71e-01
-4.72e-01
-4.72e-01
-4.73e-01
-4.73e-01
-4.74e-01
-4.75e-01
-4.75e-01
-4.76e-01
-4.76e-01
-4.76e-01
-4.77e-01
-4.77e-01
-4.77e-01
-4.78e-01
-4.78e-01
-4.78e-01
-4.78e-01
-4.79e-01
-4.79e-01
-4.79e-01
-4.79e-01
-4.79e-01
-4.79e-01
-4.79e-01
-4.80e-01
-4.80e-01
-4.80e-01
-4.80e-01
-4.80e-01
-4.80e-01
-4.80e-01
-4.80e-01
-4.80e-01
-4.80e-01
-4.80e-01
-4.79e-01
-4.79e-01
-4.79e-01
-4.79e-01
-4.79e-01
-4.79e-01
-4.79e-01
-4.79e-01
-4.79e-01
-4.79e-01
-4.79e-01
-4.79e-01
-4.79e-01
-4.79e-01
-4.78e-01
-4.78e-01
-4.78e-01
-4.78e-01
-4.78e-01
-4.78e-01
-4.78e-01
-4.78e-01
-4.78e-01
-4.78e-01
-4.78e-01
-4.78e-01
-4.78e-01
-4.78e-01
-4.78e-01
-4.78e-01
-4.78e-01
-4.78e-01
-4.78e-01
-4.78e-01
-4.79e-01
-4.79e-01
-4.79e-01
-4.79e-01
-4.79e-01
-4.80e-01
-4.80e-01
-4.80e-01
-4.80e-01
-4.81e-01
-4.81e-01
-4.82e-01
-4.82e-01
-4.82e-01
-4.83e-01
-4.83e-01
-4.84e-01
-4.84e-01
-4.84e-01
-4.85e-01
-4.85e-01
-4.86e-01
-4.86e-01
-4.87e-01
-4.87e-01
-4.88e-01
-4.89e-01
-4.89e-01
-4.90e-01
-4.90e-01
-4.91e-01
-4.91e-01
-4.92e-01
-4.92e-01
-4.93e-01
-4.93e-01
-4.94e-01
-4.95e-01
-4.95e-01
-4.96e-01
-4.96e-01
-4.97e-01
-4.97e-01
-4.98e-01
-4.98e-01
-4.98e-01
-4.99e-01
-4.99e-01
-5.00e-01
-5.00e-01
-5.00e-01
-5.01e-01
-5.01e-01
-5.01e-01
-5.02e-01
-5.02e-01
-5.02e-01
-5.02e-01
-5.03e-01
-5.03e-01
-5.03e-01
-5.03e-01
-5.03e-01
-5.03e-01
-5.03e-01
-5.03e-01
-5.03e-01
-5.03e-01
-5.03e-01
-5.03e-01
-5.03e-01
-5.03e-01
-5.03e-01
-5.03e-01
-5.03e-01
-5.03e-01
-5.03e-01
-5.03e-01
-5.02e-01
-5.02e-01
-5.02e-01
-5.02e-01
-5.02e-01
-5.01e-01
-5.01e-01
-5.01e-01
-5.01e-01
-5.00e-01
-5.00e-01
-5.00e-01
-5.00e-01
-4.99e-01
-4.99e-01
-4.99e-01
-4.99e-01
-4.98e-01
-4.98e-01
-4.98e-01
-4.98e-01
-4.97e-01
-4.97e-01
-4.97e-01
-4.97e-01
-4.96e-01
-4.96e-01
-4.96e-01
-4.96e-01
-4.95e-01
-4.95e-01
-4.95e-01
-4.95e-01
-4.94e-01
-4.94e-01
-4.94e-01
-4.94e-01
-4.94e-01
-4.94e-01
-4.93e-01
-4.93e-01
-4.93e-01
-4.93e-01
-4.93e-01
-4.93e-01
-4.93e-01
-4.93e-01
-4.93e-01
-4.93e-01
-4.93e-01
-4.93e-01
-4.93e-01
-4.93e-01
-4.93e-01
-4.94e-01
-4.94e-01
-4.94e-01
-4.94e-01
-4.94e-01
-4.94e-01
-4.95e-01
-4.95e-01
-4.95e-01
-4.95e-01
-4.96e-01
-4.96e-01
-4.96e-01
-4.97e-01
-4.97e-01
-4.97e-01
-4.98e-01
-4.98e-01
-4.98e-01
-4.99e-01
-4.99e-01
-4.99e-01
-5.00e-01
-5.00e-01
-5.00e-01
-5.01e-01
-5.01e-01
-5.02e-01
-5.02e-01
-5.02e-01
-5.03e-01
-5.03e-01
-5.03e-01
-5.04e-01
-5.04e-01
-5.04e-01
-5.05e-01
-5.05e-01
-5.05e-01
-5.06e-01
-5.06e-01
-5.06e-01
-5.06e-01
-5.07e-01
-5.07e-01
-5.07e-01
-5.07e-01
-5.07e-01
-5.07e-01
-5.08e-01
-5.08e-01
-5.08e-01
-5.08e-01
-5.08e-01
-5.08e-01
-5.08e-01
-5.08e-01
-5.08e-01
-5.08e-01
-5.08e-01
-5.08e-01
-5.08e-01
-5.08e-01
-5.07e-01
-5.07e-01
-5.07e-01
-5.07e-01
-5.07e-01
-5.07e-01
-5.06e-01
-5.06e-01
-5.06e-01
-5.06e-01
-5.06e-01
-5.05e-01
-5.05e-01
-5.05e-01
-5.05e-01
-5.04e-01
-5.04e-01
-5.04e-01
-5.04e-01
-5.03e-01
-5.03e-01
-5.03e-01
-5.03e-01
-5.02e-01
-5.02e-01
-5.02e-01
-5.01e-01
-5.01e-01
-5.01e-01
-5.01e-01
-5.00e-01
-5.00e-01
-5.00e-01
-5.00e-01
-4.99e-01
-4.99e-01
-4.99e-01
-4.99e-01
-4.98e-01
-4.98e-01
-4.98e-01
-4.98e-01
-4.98e-01
-4.97e-01
-4.97e-01
-4.97e-01
-4.97e-01
-4.97e-01
-4.97e-01
-4.97e-01
-4.96e-01
-4.96e-01
-4.96e-01
-4.96e-01
-4.96e-01
-4.96e-01
-4.96e-01
-4.96e-01
-4.96e-01
-4.96e-01
-4.96e-01
-4.96e-01
-4.97e-01
-4.97e-01
-4.97e-01
-4.97e-01
-4.97e-01
-4.97e-01
-4.97e-01
-4.98e-01
-4.98e-01
-4.98e-01
-4.98e-01
-4.98e-01
-4.99e-01
-4.99e-01
-4.99e-01
-4.99e-01
-5.00e-01
-5.00e-01
-5.00e-01
-5.01e-01
-5.01e-01
-5.01e-01
-5.01e-01
-5.02e-01
-5.02e-01
-5.02e-01
-5.03e-01
-5.03e-01
-5.03e-01
-5.04e-01
-5.04e-01
-5.04e-01
-5.04e-01
-5.05e-01
-5.05e-01
-5.05e-01
-5.05e-01
-5.06e-01
-5.06e-01
-5.06e-01
-5.06e-01
-5.06e-01
-5.07e-01
-5.07e-01
-5.07e-01
-5.07e-01
-5.07e-01
-5.07e-01
-5.07e-01
-5.07e-01
-5.08e-01
-5.08e-01
-5.08e-01
-5.08e-01
-5.08e-01
-5.08e-01
-5.08e-01
-5.08e-01
-5.07e-01
-5.07e-01
-5.07e-01
-5.07e-01
-5.07e-01
-5.07e-01
-5.07e-01
-5.07e-01
-5.07e-01
-5.06e-01
-5.06e-01
-5.06e-01
-5.06e-01
-5.06e-01
-5.05e-01
-5.05e-01
-5.05e-01
-5.05e-01
-5.05e-01
-5.04e-01
-5.04e-01
-5.04e-01
-5.04e-01
-5.03e-01
-5.03e-01
-5.03e-01
-5.03e-01
-5.02e-01
-5.02e-01
-5.02e-01
-5.02e-01
-5.01e-01
-5.01e-01
-5.01e-01
-5.01e-01
-5.00e-01
-5.00e-01
-5.00e-01
-5.00e-01
-5.00e-01
-4.99e-01
-4.99e-01
-4.99e-01
-4.99e-01
-4.99e-01
-4.98e-01
-4.98e-01
-4.98e-01
-4.98e-01
-4.98e-01
-4.98e-01
-4.97e-01
-4.97e-01
-4.97e-01
-4.97e-01
-4.97e-01
-4.97e-01
-4.97e-01
-4.97e-01
-4.97e-01
-4.97e-01
-4.97e-01
-4.97e-01
-4.97e-01
-4.97e-01
-4.97e-01
-4.97e-01
-4.97e-01
-4.97e-01
-4.98e-01
-4.98e-01
-4.98e-01
-4.98e-01
-4.98e-01
-4.98e-01
-4.98e-01
-4.99e-01
-4.99e-01
-4.99e-01
-4.99e-01
-4.99e-01
-5.00e-01
-5.00e-01
-5.00e-01
-5.00e-01
-5.01e-01
-5.01e-01
-5.01e-01
-5.01e-01
-5.02e-01
-5.02e-01
-5.02e-01
-5.02e-01
-5.03e-01
-5.03e-01
-5.03e-01
-5.03e-01
-5.04e-01
-5.04e-01
-5.04e-01
-5.04e-01
-5.04e-01
-5.05e-01
-5.05e-01
-5.05e-01
-5.05e-01
-5.05e-01
-5.05e-01
-5.06e-01
-5.06e-01
-5.06e-01
-5.06e-01
-5.06e-01
-5.06e-01
-5.06e-01
-5.06e-01
-5.06e-01
-5.06e-01
-5.06e-01
-5.06e-01
-5.06e-01
-5.06e-01
-5.06e-01
-5.06e-01
-5.06e-01
-5.06e-01
-5.06e-01
-5.06e-01
-5.06e-01
-5.06e-01
-5.06e-01
-5.06e-01
-5.06e-01
-5.05e-01
-5.05e-01
-5.05e-01
-5.05e-01
-5.05e-01
-5.05e-01
-5.04e-01
-5.04e-01
-5.04e-01
-5.04e-01
-5.04e-01
-5.03e-01
-5.03e-01
-5.03e-01
-5.03e-01
-5.03e-01
-5.02e-01
-5.02e-01
-5.02e-01
-5.02e-01
-5.02e-01
-5.01e-01
-5.01e-01
-5.01e-01
-5.01e-01
-5.00e-01
-5.00e-01
-5.00e-01
-5.00e-01
-5.00e-01
-4.99e-01
-4.99e-01
-4.99e-01
-4.99e-01
-4.99e-01
-4.99e-01
-4.98e-01
-4.98e-01
-4.98e-01
-4.98e-01
-4.98e-01
-4.98e-01
-4.98e-01
-4.98e-01
-4.98e-01
-4.97e-01
-4.97e-01
-4.97e-01
-4.97e-01
-4.97e-01
-4.97e-01
-4.97e-01
-4.97e-01
-4.97e-01
-4.97e-01
-4.97e-01
-4.97e-01
-4.97e-01
-4.98e-01
-4.98e-01
-4.98e-01
-4.98e-01
-4.98e-01
-4.98e-01
-4.98e-01
-4.98e-01
-4.99e-01
-4.99e-01
-4.99e-01
-4.99e-01
-4.99e-01
-4.99e-01
-5.00e-01
-5.00e-01
-5.00e-01
-5.00e-01
-5.00e-01
-5.01e-01
-5.01e-01
-5.01e-01
-5.01e-01
-5.01e-01
-5.02e-01
-5.02e-01
-5.02e-01
-5.02e-01
-5.02e-01
-5.03e-01
-5.03e-01
-5.03e-01
-5.03e-01
-5.03e-01
-5.04e-01
-5.04e-01
-5.04e-01
-5.04e-01
-5.04e-01
-5.04e-01
-5.05e-01
-5.05e-01
-5.05e-01
-5.05e-01
-5.05e-01
-5.05e-01
-5.05e-01
-5.05e-01
-5.05e-01
-5.05e-01
-5.05e-01
-5.05e-01
-5.05e-01
-5.05e-01
-5.05e-01
-5.05e-01
-5.05e-01
-5.05e-01
-5.05e-01
-5.05e-01
-5.05e-01
-5.05e-01
-5.05e-01
-5.05e-01
-5.05e-01
-5.05e-01
-5.04e-01
-5.04e-01
-5.04e-01
-5.04e-01
-5.04e-01
-5.04e-01
-5.04e-01
-5.03e-01
-5.03e-01
-5.03e-01
-5.03e-01
-5.03e-01
-5.03e-01
-5.02e-01
-5.02e-01
-5.02e-01
-5.02e-01
-5.02e-01
-5.02e-01
-5.01e-01
-5.01e-01
-5.01e-01
-5.01e-01
-5.01e-01
-5.00e-01
-5.00e-01
-5.00e-01
-5.00e-01
-5.00e-01
-5.00e-01
-4.99e-01
-4.99e-01
-4.99e-01
-4.99e-01
-4.99e-01
-4.99e-01
-4.98e-01
-4.98e-01
-4.98e-01
-4.98e-01
-4.98e-01
-4.98e-01
-4.98e-01
-4.98e-01
-4.98e-01
-4.98e-01
-4.98e-01
-4.98e-01
-4.98e-01
-4.98e-01
-4.98e-01
-4.98e-01
-4.98e-01
-4.98e-01
-4.98e-01
-4.98e-01
-4.98e-01
-4.98e-01
-4.98e-01
-4.98e-01
-4.98e-01
-4.98e-01
-4.98e-01
-4.98e-01
-4.98e-01
-4.98e-01
-4.99e-01
-4.99e-01
-4.99e-01
-4.99e-01
-4.99e-01
-4.99e-01
-4.99e-01
-5.00e-01
-5.00e-01
-5.00e-01
-5.00e-01
-5.00e-01
-5.01e-01
-5.01e-01
-5.01e-01
-5.01e-01
-5.01e-01
-5.01e-01
-5.02e-01
-5.02e-01
-5.02e-01
-5.02e-01
-5.02e-01
-5.02e-01
-5.03e-01
-5.03e-01
-5.03e-01
-5.03e-01
-5.03e-01
-5.03e-01
-5.03e-01
-5.04e-01
-5.04e-01
-5.04e-01
-5.04e-01
-5.04e-01
-5.04e-01
-5.04e-01
-5.04e-01
-5.04e-01
-5.04e-01
-5.04e-01
-5.04e-01
