-2.09e-01
-2.10e-01
-2.12e-01
-2.16e-01
-2.20e-01
-2.27e-01
-2.35e-01
-2.45e-01
-2.56e-01
-2.69e-01
-2.84e-01
-3.01e-01
-3.19e-01
-3.40e-01
-3.62e-01
-3.85e-01
-4.11e-01
-4.38e-01
-4.67e-01
-4.96e-01
-5.27e-01
-5.59e-01
-5.91e-01
-6.24e-01
-6.58e-01
-6.91e-01
-7.25e-01
-7.59e-01
-7.93e-01
-8.26e-01
-8.60e-01
-8.94e-01
-9.28e-01
-9.63e-01
-9.97e-01
-1.03e+00
-1.07e+00
-1.10e+00
-1.14e+00
-1.18e+00
-1.21e+00
-1.25e+00
-1.29e+00
-1.33e+00
-1.37e+00
-1.41e+00
-1.45e+00
-1.49e+00
-1.54e+00
-1.58e+00
-1.63e+00
-1.68e+00
-1.73e+00
-1.78e+00
-1.83e+00
-1.88e+00
-1.93e+00
-1.99e+00
-2.04e+00
-2.10e+00
-2.16e+00
-2.22e+00
-2.28e+00
-2.34e+00
-2.41e+00
