3.02e+00
3.02e+00
3.01e+00
3.00e+00
2.99e+00
2.98e+00
2.96e+00
2.94e+00
2.92e+00
2.89e+00
2.86e+00
2.83e+00
2.79e+00
2.76e+00
2.72e+00
2.68e+00
2.63e+00
2.59e+00
2.55e+00
2.50e+00
2.46e+00
2.41e+00
2.37e+00
2.32e+00
2.28e+00
2.23e+00
2.19e+00
2.15e+00
2.10e+00
2.06e+00
2.03e+00
1.99e+00
1.95e+00
1.92e+00
1.88e+00
1.85e+00
1.82e+00
1.80e+00
1.77e+00
1.75e+00
1.72e+00
1.70e+00
1.69e+00
1.67e+00
1.66e+00
1.65e+00
1.64e+00
1.63e+00
1.63e+00
1.63e+00
1.63e+00
1.63e+00
1.64e+00
1.65e+00
1.66e+00
1.67e+00
1.69e+00
1.71e+00
1.73e+00
1.76e+00
1.78e+00
1.82e+00
1.85e+00
1.89e+00
1.93e+00
1.97e+00
2.02e+00
2.07e+00
2.13e+00
2.19e+00
2.25e+00
2.32e+00
2.39e+00
2.47e+00
2.56e+00
2.65e+00
2.75e+00
2.85e+00
2.96e+00
3.08e+00
3.21e+00
3.34e+00
3.47e+00
3.60e+00
3.74e+00
3.87e+00
4.00e+00
4.12e+00
4.24e+00
4.36e+00
4.47e+00
4.58e+00
4.69e+00
4.79e+00
4.89e+00
4.99e+00
5.09e+00
5.19e+00
5.28e+00
5.37e+00
5.46e+00
5.55e+00
5.63e+00
5.71e+00
5.79e+00
5.86e+00
5.93e+00
6.00e+00
6.07e+00
6.13e+00
6.18e+00
6.23e+00
6.28e+00
6.32e+00
6.36e+00
6.40e+00
6.43e+00
6.46e+00
6.48e+00
6.51e+00
6.52e+00
6.54e+00
6.55e+00
6.56e+00
6.57e+00
6.58e+00
6.58e+00
6.58e+00
6.58e+00
6.58e+00
6.57e+00
6.57e+00
6.56e+00
6.55e+00
6.55e+00
6.54e+00
6.53e+00
6.52e+00
6.50e+00
6.49e+00
6.48e+00
6.46e+00
6.44e+00
6.43e+00
6.41e+00
6.39e+00
6.38e+00
6.37e+00
6.36e+00
6.35e+00
6.34e+00
6.33e+00
6.33e+00
6.33e+00
6.33e+00
6.33e+00
6.34e+00
6.35e+00
6.35e+00
6.36e+00
6.37e+00
6.38e+00
6.39e+00
6.40e+00
6.41e+00
6.42e+00
6.43e+00
6.44e+00
6.45e+00
6.46e+00
6.47e+00
6.48e+00
6.49e+00
6.50e+00
6.51e+00
6.51e+00
6.52e+00
6.53e+00
6.53e+00
6.54e+00
6.55e+00
6.55e+00
6.56e+00
6.56e+00
6.56e+00
6.55e+00
6.55e+00
6.56e+00
6.56e+00
6.56e+00
6.56e+00
6.56e+00
6.56e+00
6.57e+00
6.57e+00
6.58e+00
6.60e+00
6.61e+00
6.63e+00
6.64e+00
6.66e+00
6.68e+00
6.70e+00
6.72e+00
6.74e+00
6.77e+00
6.79e+00
6.82e+00
6.85e+00
6.89e+00
6.92e+00
6.95e+00
