3.22e+00
3.22e+00
3.21e+00
3.19e+00
3.17e+00
3.15e+00
3.13e+00
3.09e+00
3.06e+00
3.02e+00
2.98e+00
2.94e+00
2.89e+00
2.84e+00
2.78e+00
2.73e+00
2.67e+00
2.61e+00
2.56e+00
2.50e+00
2.44e+00
2.38e+00
2.32e+00
2.26e+00
2.21e+00
2.15e+00
2.10e+00
2.04e+00
1.99e+00
1.94e+00
1.89e+00
1.85e+00
1.80e+00
1.76e+00
1.72e+00
1.68e+00
1.65e+00
1.61e+00
1.58e+00
1.56e+00
1.53e+00
1.51e+00
1.49e+00
1.47e+00
1.45e+00
1.44e+00
1.43e+00
1.42e+00
1.41e+00
1.40e+00
1.40e+00
1.40e+00
1.40e+00
1.40e+00
1.41e+00
1.41e+00
1.42e+00
1.43e+00
1.44e+00
1.46e+00
1.48e+00
1.50e+00
1.52e+00
1.54e+00
1.57e+00
1.59e+00
1.62e+00
1.66e+00
1.69e+00
1.73e+00
1.77e+00
1.82e+00
1.86e+00
1.92e+00
1.97e+00
2.03e+00
2.09e+00
2.15e+00
2.22e+00
2.30e+00
2.38e+00
2.47e+00
2.56e+00
2.66e+00
2.76e+00
2.87e+00
2.99e+00
3.12e+00
3.25e+00
3.39e+00
3.53e+00
3.66e+00
3.80e+00
3.93e+00
4.06e+00
4.19e+00
4.31e+00
4.43e+00
4.54e+00
4.66e+00
4.77e+00
4.87e+00
4.98e+00
5.08e+00
5.18e+00
5.28e+00
5.37e+00
5.47e+00
5.56e+00
5.65e+00
5.73e+00
5.82e+00
5.90e+00
5.98e+00
6.05e+00
6.12e+00
6.19e+00
6.25e+00
6.31e+00
6.36e+00
6.42e+00
6.46e+00
6.51e+00
6.55e+00
6.59e+00
6.62e+00
6.65e+00
6.68e+00
6.71e+00
6.74e+00
6.76e+00
6.78e+00
6.80e+00
6.82e+00
6.84e+00
6.86e+00
6.88e+00
6.89e+00
6.91e+00
6.92e+00
6.93e+00
6.95e+00
6.96e+00
6.97e+00
6.98e+00
6.99e+00
7.00e+00
7.01e+00
7.03e+00
7.04e+00
7.05e+00
7.07e+00
7.08e+00
7.10e+00
7.12e+00
7.13e+00
7.15e+00
7.17e+00
7.19e+00
7.22e+00
7.24e+00
7.27e+00
7.29e+00
7.32e+00
7.35e+00
7.37e+00
7.40e+00
7.43e+00
7.47e+00
7.50e+00
