2.66e+00
2.66e+00
2.66e+00
2.67e+00
2.68e+00
2.70e+00
2.72e+00
2.74e+00
2.77e+00
2.81e+00
2.85e+00
2.90e+00
2.95e+00
3.00e+00
3.07e+00
3.13e+00
3.20e+00
3.27e+00
3.35e+00
3.43e+00
3.51e+00
3.60e+00
3.68e+00
3.77e+00
3.85e+00
3.93e+00
4.01e+00
4.09e+00
4.17e+00
4.25e+00
4.32e+00
4.40e+00
4.47e+00
4.53e+00
4.60e+00
4.66e+00
4.72e+00
4.78e+00
4.84e+00
4.89e+00
4.94e+00
4.99e+00
5.04e+00
5.08e+00
5.12e+00
5.15e+00
5.19e+00
5.22e+00
5.24e+00
5.27e+00
5.29e+00
5.30e+00
5.31e+00
5.32e+00
5.33e+00
5.33e+00
5.32e+00
5.32e+00
5.31e+00
5.29e+00
5.27e+00
5.25e+00
5.22e+00
5.19e+00
5.16e+00
