3.17e+00
3.16e+00
3.16e+00
3.17e+00
3.17e+00
3.18e+00
3.19e+00
3.20e+00
3.21e+00
3.21e+00
3.22e+00
3.23e+00
3.24e+00
3.25e+00
3.26e+00
3.26e+00
3.27e+00
3.28e+00
3.29e+00
3.30e+00
3.30e+00
3.31e+00
3.32e+00
3.33e+00
3.33e+00
3.34e+00
3.35e+00
3.36e+00
3.36e+00
3.37e+00
3.38e+00
3.38e+00
3.39e+00
3.39e+00
3.40e+00
3.40e+00
3.41e+00
3.41e+00
3.42e+00
3.42e+00
3.43e+00
3.43e+00
3.43e+00
3.44e+00
3.44e+00
3.44e+00
3.44e+00
3.44e+00
3.44e+00
3.44e+00
3.45e+00
3.44e+00
3.44e+00
3.44e+00
3.44e+00
3.44e+00
3.44e+00
3.44e+00
3.43e+00
3.43e+00
3.43e+00
3.42e+00
3.42e+00
3.41e+00
3.41e+00
3.40e+00
3.40e+00
3.39e+00
3.38e+00
3.38e+00
3.37e+00
3.36e+00
3.35e+00
3.35e+00
3.34e+00
3.33e+00
3.32e+00
3.31e+00
3.30e+00
3.30e+00
3.29e+00
3.28e+00
3.27e+00
3.26e+00
3.25e+00
3.25e+00
3.24e+00
3.23e+00
3.22e+00
3.22e+00
3.21e+00
3.21e+00
3.20e+00
3.20e+00
3.20e+00
3.20e+00
3.20e+00
3.20e+00
3.21e+00
3.21e+00
3.22e+00
3.24e+00
3.25e+00
3.27e+00
3.29e+00
3.31e+00
3.33e+00
3.35e+00
3.38e+00
3.41e+00
3.43e+00
3.46e+00
3.49e+00
3.51e+00
3.54e+00
3.57e+00
3.59e+00
3.62e+00
3.65e+00
3.67e+00
3.70e+00
3.72e+00
3.75e+00
3.77e+00
3.80e+00
3.82e+00
3.84e+00
3.86e+00
3.89e+00
3.91e+00
3.92e+00
3.94e+00
3.96e+00
3.98e+00
3.99e+00
4.01e+00
4.02e+00
4.03e+00
4.04e+00
4.05e+00
4.06e+00
4.07e+00
4.07e+00
4.08e+00
4.08e+00
4.08e+00
4.08e+00
4.08e+00
4.08e+00
