3.03e+00
3.03e+00
3.03e+00
3.03e+00
3.02e+00
3.01e+00
2.99e+00
2.97e+00
2.95e+00
2.92e+00
2.89e+00
2.86e+00
2.83e+00
2.79e+00
2.76e+00
2.71e+00
2.67e+00
2.63e+00
2.59e+00
2.54e+00
2.49e+00
2.45e+00
2.40e+00
2.35e+00
2.31e+00
2.26e+00
2.22e+00
2.17e+00
2.13e+00
2.09e+00
2.05e+00
2.01e+00
1.97e+00
1.94e+00
1.90e+00
1.87e+00
1.84e+00
1.81e+00
1.78e+00
1.75e+00
1.73e+00
1.71e+00
1.69e+00
1.67e+00
1.66e+00
1.64e+00
1.63e+00
1.62e+00
1.62e+00
1.61e+00
1.61e+00
1.61e+00
1.62e+00
1.62e+00
1.63e+00
1.64e+00
1.66e+00
1.68e+00
1.70e+00
1.72e+00
1.74e+00
1.77e+00
1.80e+00
1.84e+00
1.87e+00
1.91e+00
1.96e+00
2.00e+00
2.05e+00
2.11e+00
2.17e+00
2.23e+00
2.30e+00
2.37e+00
2.45e+00
2.54e+00
2.63e+00
2.72e+00
2.83e+00
2.94e+00
3.06e+00
3.18e+00
3.31e+00
3.44e+00
3.58e+00
3.71e+00
3.84e+00
3.97e+00
4.10e+00
4.22e+00
4.34e+00
4.45e+00
4.56e+00
4.67e+00
4.78e+00
4.88e+00
4.98e+00
5.08e+00
5.17e+00
5.27e+00
5.36e+00
5.45e+00
5.54e+00
5.62e+00
5.70e+00
5.78e+00
5.86e+00
5.93e+00
6.00e+00
6.07e+00
6.13e+00
6.18e+00
6.24e+00
6.29e+00
6.33e+00
6.37e+00
6.41e+00
6.44e+00
6.47e+00
6.50e+00
6.52e+00
6.54e+00
6.56e+00
6.57e+00
6.58e+00
6.59e+00
6.60e+00
6.60e+00
6.61e+00
6.61e+00
6.60e+00
6.60e+00
6.59e+00
6.58e+00
6.58e+00
6.57e+00
6.57e+00
6.56e+00
6.55e+00
6.55e+00
6.55e+00
6.55e+00
6.55e+00
6.55e+00
6.56e+00
6.56e+00
6.57e+00
6.57e+00
6.58e+00
6.58e+00
6.59e+00
6.59e+00
6.60e+00
6.60e+00
6.59e+00
6.59e+00
6.58e+00
6.57e+00
6.57e+00
6.56e+00
6.56e+00
6.56e+00
6.56e+00
6.55e+00
6.55e+00
6.54e+00
6.54e+00
6.54e+00
6.53e+00
6.53e+00
6.53e+00
6.53e+00
6.53e+00
6.53e+00
6.53e+00
6.53e+00
6.53e+00
6.52e+00
6.52e+00
6.52e+00
6.51e+00
6.50e+00
6.49e+00
6.47e+00
6.46e+00
6.45e+00
6.44e+00
6.43e+00
6.42e+00
6.41e+00
6.40e+00
6.39e+00
6.38e+00
6.37e+00
6.36e+00
6.35e+00
6.34e+00
6.33e+00
6.33e+00
6.32e+00
6.31e+00
6.30e+00
6.30e+00
6.29e+00
6.28e+00
6.28e+00
6.28e+00
6.27e+00
6.27e+00
6.27e+00
6.26e+00
6.26e+00
6.26e+00
6.25e+00
6.24e+00
