2.97e+00
2.97e+00
2.97e+00
2.96e+00
2.95e+00
2.94e+00
2.92e+00
2.91e+00
2.89e+00
2.86e+00
2.84e+00
2.81e+00
2.78e+00
2.74e+00
2.71e+00
2.67e+00
2.63e+00
2.59e+00
2.55e+00
2.51e+00
2.47e+00
2.43e+00
2.39e+00
2.35e+00
2.30e+00
2.26e+00
2.22e+00
2.18e+00
2.14e+00
2.11e+00
2.07e+00
2.03e+00
2.00e+00
1.97e+00
1.94e+00
1.91e+00
1.88e+00
1.85e+00
1.83e+00
1.80e+00
1.78e+00
1.76e+00
1.75e+00
1.73e+00
1.72e+00
1.72e+00
1.71e+00
1.71e+00
1.71e+00
1.71e+00
1.72e+00
1.73e+00
1.74e+00
1.76e+00
1.77e+00
1.79e+00
1.82e+00
1.84e+00
1.87e+00
1.91e+00
1.94e+00
1.98e+00
2.03e+00
2.07e+00
2.13e+00
2.18e+00
2.24e+00
2.31e+00
2.38e+00
2.45e+00
2.53e+00
2.62e+00
2.71e+00
2.81e+00
2.91e+00
3.03e+00
3.15e+00
3.27e+00
3.40e+00
3.53e+00
3.66e+00
3.79e+00
3.92e+00
4.04e+00
4.16e+00
4.28e+00
4.39e+00
4.50e+00
4.61e+00
4.71e+00
4.81e+00
4.91e+00
5.01e+00
5.10e+00
5.20e+00
5.29e+00
5.37e+00
5.46e+00
5.54e+00
5.62e+00
5.70e+00
5.77e+00
5.84e+00
5.91e+00
5.98e+00
6.04e+00
6.09e+00
6.14e+00
6.19e+00
6.23e+00
6.27e+00
6.31e+00
6.34e+00
6.36e+00
6.39e+00
6.41e+00
6.42e+00
6.44e+00
6.45e+00
6.45e+00
6.46e+00
6.46e+00
6.45e+00
6.45e+00
6.44e+00
6.44e+00
6.43e+00
6.42e+00
6.42e+00
6.41e+00
6.40e+00
6.38e+00
6.37e+00
6.36e+00
6.35e+00
6.34e+00
6.33e+00
6.32e+00
6.31e+00
6.30e+00
6.29e+00
6.28e+00
6.27e+00
6.26e+00
6.26e+00
6.25e+00
6.24e+00
6.24e+00
6.23e+00
6.23e+00
6.22e+00
6.21e+00
6.21e+00
6.20e+00
6.20e+00
6.19e+00
6.19e+00
6.18e+00
6.18e+00
6.18e+00
6.18e+00
6.18e+00
6.19e+00
6.19e+00
6.19e+00
6.19e+00
6.20e+00
6.20e+00
6.20e+00
6.21e+00
6.22e+00
6.23e+00
6.24e+00
6.24e+00
6.25e+00
6.26e+00
6.27e+00
6.27e+00
6.28e+00
6.29e+00
6.30e+00
6.31e+00
6.32e+00
6.34e+00
6.35e+00
6.37e+00
6.39e+00
6.40e+00
6.42e+00
6.44e+00
6.46e+00
6.48e+00
6.50e+00
6.52e+00
6.54e+00
6.56e+00
6.58e+00
6.60e+00
6.63e+00
6.65e+00
6.67e+00
6.69e+00
6.72e+00
