1.28e-02
1.12e-02
8.41e-03
4.37e-03
-8.91e-04
-7.38e-03
-1.51e-02
-2.11e-02
-2.84e-02
-3.52e-02
-4.33e-02
-4.97e-02
-5.73e-02
-6.38e-02
-7.15e-02
-7.82e-02
-8.60e-02
-9.27e-02
-1.01e-01
-1.08e-01
-1.16e-01
-1.23e-01
-1.31e-01
-1.39e-01
-1.47e-01
-1.56e-01
-1.63e-01
-1.72e-01
-1.80e-01
-1.90e-01
-1.98e-01
-2.07e-01
-2.16e-01
-2.25e-01
-2.35e-01
-2.44e-01
-2.54e-01
-2.64e-01
-2.75e-01
-2.86e-01
-2.96e-01
-3.08e-01
-3.20e-01
-3.33e-01
-3.48e-01
-3.64e-01
-3.82e-01
-4.01e-01
-4.22e-01
-4.44e-01
-4.65e-01
-4.87e-01
-5.07e-01
-5.29e-01
-5.50e-01
-5.73e-01
-5.93e-01
-6.16e-01
-6.37e-01
-6.60e-01
-6.81e-01
-7.03e-01
-7.26e-01
-7.49e-01
-7.71e-01
-7.95e-01
-8.18e-01
-8.41e-01
-8.66e-01
-8.91e-01
-9.16e-01
-9.41e-01
-9.67e-01
-9.94e-01
-1.02e+00
-1.05e+00
-1.08e+00
-1.11e+00
-1.15e+00
-1.18e+00
-1.21e+00
-1.25e+00
-1.28e+00
-1.31e+00
-1.35e+00
-1.38e+00
-1.42e+00
-1.45e+00
-1.48e+00
-1.52e+00
-1.55e+00
-1.59e+00
-1.62e+00
-1.66e+00
-1.69e+00
-1.73e+00
-1.76e+00
-1.80e+00
-1.83e+00
-1.87e+00
-1.90e+00
-1.94e+00
-1.98e+00
-2.02e+00
-2.06e+00
-2.10e+00
-2.14e+00
-2.19e+00
-2.23e+00
-2.28e+00
-2.32e+00
-2.37e+00
-2.42e+00
