2.85e+00
2.85e+00
2.84e+00
2.84e+00
2.83e+00
2.82e+00
2.81e+00
2.79e+00
2.77e+00
2.75e+00
2.73e+00
2.70e+00
2.68e+00
2.65e+00
2.62e+00
2.59e+00
2.56e+00
2.53e+00
2.49e+00
2.46e+00
2.43e+00
2.39e+00
2.36e+00
2.33e+00
2.29e+00
2.26e+00
2.23e+00
2.19e+00
2.16e+00
2.13e+00
2.10e+00
2.07e+00
2.05e+00
2.02e+00
2.00e+00
1.97e+00
1.95e+00
1.93e+00
1.91e+00
1.90e+00
1.89e+00
1.88e+00
1.87e+00
1.87e+00
1.87e+00
1.87e+00
1.88e+00
1.88e+00
1.90e+00
1.91e+00
1.93e+00
1.95e+00
1.98e+00
2.01e+00
2.04e+00
2.08e+00
2.12e+00
2.16e+00
2.21e+00
2.26e+00
2.32e+00
2.38e+00
2.45e+00
2.52e+00
2.60e+00
2.69e+00
2.78e+00
2.87e+00
2.98e+00
3.09e+00
3.20e+00
3.32e+00
3.45e+00
3.57e+00
3.70e+00
3.82e+00
3.94e+00
4.06e+00
4.17e+00
4.29e+00
4.39e+00
4.50e+00
4.60e+00
4.70e+00
4.80e+00
4.89e+00
4.98e+00
5.07e+00
5.16e+00
5.25e+00
5.33e+00
5.41e+00
5.49e+00
5.56e+00
5.63e+00
5.70e+00
5.77e+00
5.83e+00
5.89e+00
5.94e+00
5.99e+00
6.04e+00
6.08e+00
6.11e+00
6.15e+00
6.18e+00
6.20e+00
6.22e+00
6.23e+00
6.24e+00
6.25e+00
6.26e+00
6.25e+00
6.25e+00
6.25e+00
6.24e+00
6.23e+00
6.22e+00
6.20e+00
6.18e+00
6.17e+00
6.16e+00
6.16e+00
6.15e+00
6.14e+00
6.14e+00
6.13e+00
6.12e+00
6.10e+00
6.09e+00
6.07e+00
6.06e+00
6.05e+00
6.04e+00
6.04e+00
6.03e+00
6.02e+00
6.02e+00
6.01e+00
6.00e+00
6.00e+00
5.99e+00
5.99e+00
5.99e+00
6.00e+00
6.01e+00
6.01e+00
6.02e+00
6.03e+00
6.02e+00
6.02e+00
6.01e+00
6.01e+00
6.00e+00
5.99e+00
5.98e+00
5.98e+00
5.98e+00
5.98e+00
5.98e+00
5.99e+00
5.99e+00
6.00e+00
6.01e+00
6.03e+00
6.04e+00
6.06e+00
6.07e+00
6.09e+00
6.10e+00
6.11e+00
6.13e+00
6.14e+00
6.15e+00
6.16e+00
6.17e+00
6.18e+00
6.19e+00
6.20e+00
6.21e+00
6.22e+00
6.23e+00
6.23e+00
6.24e+00
6.24e+00
6.24e+00
6.24e+00
6.24e+00
6.24e+00
6.25e+00
6.25e+00
6.25e+00
6.26e+00
6.26e+00
6.26e+00
6.27e+00
6.28e+00
6.29e+00
6.30e+00
6.31e+00
6.32e+00
6.32e+00
6.33e+00
6.34e+00
6.35e+00
6.37e+00
6.39e+00
6.41e+00
6.44e+00
6.46e+00
6.49e+00
6.51e+00
6.53e+00
6.55e+00
6.58e+00
6.60e+00
6.62e+00
6.64e+00
6.65e+00
6.67e+00
6.68e+00
6.70e+00
6.72e+00
6.74e+00
6.76e+00
6.78e+00
6.80e+00
6.82e+00
6.84e+00
6.85e+00
6.87e+00
6.89e+00
6.91e+00
6.94e+00
6.96e+00
6.99e+00
7.01e+00
7.04e+00
7.07e+00
7.10e+00
7.12e+00
7.15e+00
7.18e+00
7.21e+00
7.24e+00
