3.39e+00
3.39e+00
3.39e+00
3.39e+00
3.39e+00
3.38e+00
3.38e+00
3.38e+00
3.38e+00
3.37e+00
3.37e+00
3.37e+00
3.37e+00
3.36e+00
3.36e+00
3.35e+00
3.35e+00
3.34e+00
3.34e+00
3.34e+00
3.33e+00
3.32e+00
3.32e+00
3.31e+00
3.31e+00
3.30e+00
3.29e+00
3.29e+00
3.28e+00
3.27e+00
3.27e+00
3.26e+00
3.25e+00
3.24e+00
3.23e+00
3.22e+00
3.21e+00
3.20e+00
3.19e+00
3.18e+00
3.17e+00
3.16e+00
3.15e+00
3.14e+00
3.13e+00
3.11e+00
3.10e+00
3.08e+00
3.06e+00
3.05e+00
3.03e+00
3.01e+00
2.99e+00
2.97e+00
2.94e+00
2.92e+00
2.91e+00
2.89e+00
2.88e+00
2.86e+00
2.84e+00
2.83e+00
2.81e+00
2.79e+00
2.77e+00
2.75e+00
2.74e+00
2.72e+00
2.70e+00
2.69e+00
2.67e+00
2.66e+00
2.65e+00
2.64e+00
2.63e+00
2.62e+00
2.61e+00
2.60e+00
2.59e+00
2.59e+00
2.58e+00
2.57e+00
2.57e+00
2.57e+00
2.56e+00
2.56e+00
2.55e+00
2.55e+00
2.55e+00
2.54e+00
2.54e+00
2.54e+00
2.53e+00
2.53e+00
2.53e+00
2.53e+00
2.53e+00
2.54e+00
2.54e+00
2.55e+00
2.56e+00
2.56e+00
2.57e+00
2.58e+00
2.59e+00
2.60e+00
2.61e+00
2.62e+00
2.64e+00
2.66e+00
2.68e+00
2.70e+00
2.73e+00
2.75e+00
2.77e+00
2.80e+00
2.81e+00
2.83e+00
2.85e+00
2.86e+00
2.87e+00
2.88e+00
2.88e+00
2.89e+00
2.89e+00
2.88e+00
2.88e+00
2.87e+00
2.86e+00
2.85e+00
2.84e+00
2.82e+00
2.81e+00
2.80e+00
2.80e+00
2.79e+00
2.78e+00
2.78e+00
2.78e+00
2.78e+00
2.78e+00
2.79e+00
2.80e+00
2.81e+00
2.82e+00
2.83e+00
2.83e+00
2.84e+00
2.84e+00
2.84e+00
2.84e+00
2.84e+00
2.83e+00
2.82e+00
2.81e+00
