-2.38e-01
-2.41e-01
-2.42e-01
-2.42e-01
-2.41e-01
-2.37e-01
-2.32e-01
-2.26e-01
-2.17e-01
-2.08e-01
-1.96e-01
-1.83e-01
-1.69e-01
-1.53e-01
-1.36e-01
-1.18e-01
-9.79e-02
-7.72e-02
-5.54e-02
-3.28e-02
-9.31e-03
1.49e-02
3.97e-02
6.52e-02
9.12e-02
1.18e-01
1.45e-01
1.72e-01
2.00e-01
2.29e-01
2.58e-01
2.87e-01
3.17e-01
3.47e-01
3.79e-01
4.10e-01
4.43e-01
4.76e-01
5.09e-01
5.44e-01
5.79e-01
6.15e-01
6.52e-01
6.90e-01
7.29e-01
7.68e-01
8.09e-01
8.50e-01
8.93e-01
9.37e-01
9.81e-01
1.02e+00
1.07e+00
1.11e+00
1.15e+00
1.19e+00
1.23e+00
1.27e+00
1.30e+00
1.34e+00
1.38e+00
1.41e+00
1.44e+00
1.47e+00
1.50e+00
1.53e+00
1.56e+00
1.59e+00
1.62e+00
1.64e+00
1.66e+00
1.69e+00
1.71e+00
1.73e+00
1.75e+00
1.76e+00
1.78e+00
1.79e+00
1.80e+00
1.81e+00
1.82e+00
1.82e+00
1.83e+00
1.83e+00
1.83e+00
1.82e+00
1.81e+00
1.80e+00
1.79e+00
1.78e+00
1.76e+00
1.74e+00
1.72e+00
1.71e+00
1.69e+00
1.68e+00
1.66e+00
1.65e+00
1.64e+00
1.63e+00
1.62e+00
1.61e+00
1.60e+00
1.60e+00
1.59e+00
1.58e+00
1.58e+00
1.57e+00
1.57e+00
1.56e+00
1.56e+00
1.55e+00
1.54e+00
1.54e+00
1.53e+00
1.52e+00
1.51e+00
1.49e+00
1.48e+00
1.46e+00
1.45e+00
1.43e+00
1.41e+00
1.39e+00
1.36e+00
1.34e+00
1.31e+00
1.28e+00
1.25e+00
1.22e+00
1.19e+00
1.16e+00
1.13e+00
1.09e+00
1.05e+00
1.02e+00
9.77e-01
9.37e-01
8.96e-01
8.54e-01
8.11e-01
7.67e-01
7.22e-01
6.76e-01
6.29e-01
5.81e-01
5.32e-01
4.81e-01
4.30e-01
3.78e-01
3.25e-01
2.71e-01
2.17e-01
1.61e-01
1.04e-01
4.63e-02
-1.23e-02
-7.18e-02
-1.32e-01
-1.94e-01
-2.56e-01
-3.19e-01
-3.83e-01
-4.48e-01
-5.14e-01
-5.81e-01
-6.49e-01
-7.18e-01
-7.87e-01
-8.58e-01
-9.30e-01
-1.00e+00
-1.08e+00
-1.15e+00
-1.23e+00
-1.30e+00
-1.38e+00
-1.46e+00
-1.54e+00
-1.62e+00
-1.70e+00
-1.79e+00
-1.87e+00
-1.96e+00
-2.05e+00
-2.14e+00
-2.23e+00
-2.32e+00
-2.41e+00
