2.97e+00
2.97e+00
2.98e+00
2.99e+00
3.01e+00
3.03e+00
3.05e+00
3.09e+00
3.12e+00
3.16e+00
3.20e+00
3.25e+00
3.30e+00
3.35e+00
3.41e+00
3.47e+00
3.53e+00
3.59e+00
3.66e+00
3.72e+00
3.79e+00
3.85e+00
3.92e+00
3.98e+00
4.05e+00
4.11e+00
4.17e+00
4.23e+00
4.28e+00
4.34e+00
4.40e+00
4.45e+00
4.50e+00
4.55e+00
4.59e+00
4.64e+00
4.68e+00
4.72e+00
4.76e+00
4.79e+00
4.82e+00
4.85e+00
4.88e+00
4.90e+00
4.92e+00
4.94e+00
4.96e+00
4.97e+00
4.98e+00
4.99e+00
4.99e+00
4.99e+00
4.99e+00
4.98e+00
4.97e+00
4.96e+00
4.94e+00
4.93e+00
4.91e+00
4.88e+00
4.85e+00
4.82e+00
4.79e+00
4.76e+00
4.72e+00
4.68e+00
4.64e+00
4.59e+00
4.54e+00
