1.39e-01
1.41e-01
1.45e-01
1.50e-01
1.57e-01
1.65e-01
1.75e-01
1.86e-01
1.98e-01
2.11e-01
2.26e-01
2.42e-01
2.60e-01
2.79e-01
2.98e-01
3.19e-01
3.42e-01
3.65e-01
3.89e-01
4.14e-01
4.40e-01
4.67e-01
4.95e-01
5.24e-01
5.54e-01
5.84e-01
6.15e-01
6.47e-01
6.80e-01
7.13e-01
7.47e-01
7.82e-01
8.18e-01
8.54e-01
8.92e-01
9.30e-01
9.68e-01
1.01e+00
1.05e+00
1.09e+00
1.13e+00
1.17e+00
1.22e+00
1.26e+00
1.31e+00
1.35e+00
1.40e+00
1.44e+00
1.48e+00
1.53e+00
1.57e+00
1.61e+00
1.65e+00
1.69e+00
1.72e+00
1.76e+00
1.79e+00
1.83e+00
1.86e+00
1.89e+00
1.92e+00
1.94e+00
1.97e+00
2.00e+00
2.02e+00
2.04e+00
2.06e+00
2.08e+00
2.09e+00
2.11e+00
2.12e+00
2.13e+00
2.14e+00
2.14e+00
2.14e+00
2.14e+00
2.14e+00
2.13e+00
2.13e+00
2.12e+00
2.11e+00
2.11e+00
2.10e+00
2.10e+00
2.09e+00
2.09e+00
2.09e+00
2.08e+00
2.08e+00
2.08e+00
2.08e+00
2.08e+00
2.09e+00
2.09e+00
2.09e+00
2.09e+00
2.09e+00
2.09e+00
2.09e+00
2.09e+00
2.09e+00
2.09e+00
2.09e+00
2.09e+00
2.08e+00
2.08e+00
2.07e+00
2.06e+00
2.05e+00
2.04e+00
2.02e+00
2.01e+00
1.99e+00
1.97e+00
1.95e+00
1.93e+00
1.91e+00
1.88e+00
1.86e+00
1.83e+00
1.80e+00
1.77e+00
1.74e+00
1.71e+00
1.67e+00
1.64e+00
1.60e+00
1.57e+00
1.54e+00
1.50e+00
1.47e+00
1.44e+00
1.40e+00
1.37e+00
1.34e+00
1.30e+00
1.27e+00
1.24e+00
1.20e+00
1.17e+00
1.14e+00
1.11e+00
1.08e+00
1.04e+00
1.01e+00
9.80e-01
9.48e-01
9.18e-01
8.87e-01
8.56e-01
8.26e-01
7.96e-01
7.67e-01
7.37e-01
7.08e-01
6.78e-01
6.49e-01
6.18e-01
5.90e-01
5.59e-01
5.30e-01
4.99e-01
4.70e-01
4.40e-01
4.11e-01
3.80e-01
3.51e-01
3.22e-01
2.92e-01
2.63e-01
2.35e-01
2.08e-01
1.82e-01
1.58e-01
1.35e-01
1.13e-01
9.18e-02
7.20e-02
5.35e-02
3.60e-02
1.97e-02
4.56e-03
-1.15e-02
-2.64e-02
-4.13e-02
-5.56e-02
-6.89e-02
-8.11e-02
-9.22e-02
-1.02e-01
-1.11e-01
-1.19e-01
-1.26e-01
-1.32e-01
-1.37e-01
-1.42e-01
-1.45e-01
-1.48e-01
-1.49e-01
-1.50e-01
-1.51e-01
-1.50e-01
-1.48e-01
-1.45e-01
-1.42e-01
-1.37e-01
-1.31e-01
-1.25e-01
-1.17e-01
-1.08e-01
-9.92e-02
-8.89e-02
-7.77e-02
-6.56e-02
-5.24e-02
-3.83e-02
-2.33e-02
-7.31e-03
9.64e-03
2.75e-02
4.64e-02
6.62e-02
8.70e-02
1.09e-01
1.31e-01
1.55e-01
1.80e-01
2.05e-01
2.32e-01
2.59e-01
2.88e-01
3.17e-01
3.48e-01
3.79e-01
4.12e-01
4.46e-01
4.81e-01
5.17e-01
5.54e-01
5.92e-01
6.32e-01
6.73e-01
7.15e-01
7.59e-01
8.04e-01
8.51e-01
9.00e-01
9.50e-01
1.00e+00
1.06e+00
1.11e+00
1.17e+00
1.23e+00
1.30e+00
1.36e+00
1.43e+00
1.50e+00
1.58e+00
1.65e+00
1.73e+00
1.81e+00
1.89e+00
1.97e+00
2.05e+00
2.13e+00
2.20e+00
2.28e+00
2.35e+00
2.43e+00
