2.84e+00
2.84e+00
2.85e+00
2.86e+00
2.88e+00
2.90e+00
2.92e+00
2.95e+00
2.99e+00
3.03e+00
3.07e+00
3.12e+00
3.17e+00
3.23e+00
3.29e+00
3.35e+00
3.42e+00
3.49e+00
3.56e+00
3.63e+00
3.71e+00
3.78e+00
3.85e+00
3.92e+00
4.00e+00
4.07e+00
4.14e+00
4.20e+00
4.27e+00
4.33e+00
4.40e+00
4.46e+00
4.51e+00
4.57e+00
4.62e+00
4.67e+00
4.72e+00
4.77e+00
4.81e+00
4.86e+00
4.90e+00
4.93e+00
4.97e+00
5.00e+00
5.02e+00
5.05e+00
5.07e+00
5.09e+00
5.10e+00
5.12e+00
5.12e+00
5.13e+00
5.13e+00
5.13e+00
5.12e+00
5.11e+00
5.10e+00
5.09e+00
5.07e+00
5.05e+00
5.02e+00
4.99e+00
4.96e+00
4.93e+00
4.89e+00
4.85e+00
4.81e+00
4.76e+00
4.71e+00
4.66e+00
4.61e+00
4.55e+00
