-8.04e-02
-7.79e-02
-7.37e-02
-6.79e-02
-6.03e-02
-5.11e-02
-4.34e-02
-3.70e-02
-2.90e-02
-1.94e-02
-1.12e-02
-4.46e-03
3.89e-03
1.07e-02
1.60e-02
1.98e-02
2.20e-02
2.58e-02
3.13e-02
3.51e-02
4.07e-02
4.78e-02
5.33e-02
6.04e-02
6.60e-02
7.31e-02
8.17e-02
8.88e-02
9.41e-02
9.79e-02
9.99e-02
1.04e-01
1.05e-01
1.09e-01
1.14e-01
1.17e-01
1.22e-01
1.26e-01
1.31e-01
1.36e-01
1.43e-01
1.48e-01
1.54e-01
1.60e-01
1.66e-01
1.74e-01
1.80e-01
1.88e-01
1.97e-01
2.08e-01
2.20e-01
2.33e-01
2.44e-01
2.57e-01
2.68e-01
2.78e-01
2.89e-01
3.01e-01
3.11e-01
3.22e-01
3.35e-01
3.46e-01
3.59e-01
3.70e-01
3.79e-01
3.89e-01
3.97e-01
4.07e-01
4.18e-01
4.30e-01
4.41e-01
4.53e-01
4.63e-01
4.74e-01
4.87e-01
4.98e-01
5.10e-01
5.23e-01
5.38e-01
5.51e-01
5.62e-01
5.72e-01
5.82e-01
5.93e-01
6.06e-01
6.20e-01
6.36e-01
6.49e-01
6.64e-01
6.78e-01
6.94e-01
7.11e-01
7.29e-01
7.46e-01
7.64e-01
7.82e-01
7.99e-01
8.17e-01
8.37e-01
8.57e-01
8.77e-01
8.97e-01
9.19e-01
9.43e-01
9.68e-01
9.91e-01
1.01e+00
1.03e+00
1.05e+00
1.07e+00
1.09e+00
1.11e+00
1.13e+00
1.15e+00
1.17e+00
1.19e+00
1.22e+00
1.24e+00
1.27e+00
1.29e+00
1.32e+00
1.34e+00
1.36e+00
1.39e+00
1.41e+00
1.44e+00
1.46e+00
1.48e+00
1.51e+00
1.54e+00
1.56e+00
1.59e+00
1.61e+00
1.64e+00
1.67e+00
1.70e+00
1.73e+00
1.76e+00
1.79e+00
1.82e+00
1.85e+00
1.88e+00
1.91e+00
1.94e+00
1.96e+00
1.99e+00
2.02e+00
2.05e+00
2.08e+00
2.11e+00
2.14e+00
2.17e+00
2.20e+00
2.22e+00
2.25e+00
2.28e+00
2.32e+00
2.35e+00
2.38e+00
2.42e+00
