1.82e-01
1.85e-01
1.88e-01
1.91e-01
1.94e-01
1.98e-01
2.01e-01
2.06e-01
2.10e-01
2.14e-01
2.19e-01
2.25e-01
2.31e-01
2.37e-01
2.44e-01
2.52e-01
2.61e-01
2.70e-01
2.81e-01
2.93e-01
3.07e-01
3.22e-01
3.38e-01
3.56e-01
3.75e-01
3.95e-01
4.16e-01
4.39e-01
4.63e-01
4.87e-01
5.13e-01
5.39e-01
5.67e-01
5.95e-01
6.24e-01
6.54e-01
6.84e-01
7.15e-01
7.47e-01
7.80e-01
8.13e-01
8.47e-01
8.82e-01
9.17e-01
9.53e-01
9.90e-01
1.03e+00
1.07e+00
1.10e+00
1.14e+00
1.18e+00
1.22e+00
1.26e+00
1.30e+00
1.34e+00
1.37e+00
1.41e+00
1.44e+00
1.48e+00
1.51e+00
1.55e+00
1.58e+00
1.61e+00
1.64e+00
1.67e+00
1.69e+00
1.72e+00
1.74e+00
1.77e+00
1.79e+00
1.81e+00
1.83e+00
1.85e+00
1.87e+00
1.88e+00
1.90e+00
1.91e+00
1.92e+00
1.93e+00
1.94e+00
1.94e+00
1.94e+00
1.94e+00
1.94e+00
1.94e+00
1.93e+00
1.92e+00
1.91e+00
1.90e+00
1.88e+00
1.86e+00
1.85e+00
1.83e+00
1.81e+00
1.79e+00
1.78e+00
1.76e+00
1.75e+00
1.74e+00
1.73e+00
1.72e+00
1.71e+00
1.70e+00
1.69e+00
1.68e+00
1.67e+00
1.66e+00
1.66e+00
1.65e+00
1.64e+00
1.63e+00
1.62e+00
1.61e+00
1.60e+00
1.59e+00
1.57e+00
1.56e+00
1.54e+00
1.52e+00
1.51e+00
1.48e+00
1.46e+00
1.44e+00
1.41e+00
1.39e+00
1.36e+00
1.33e+00
1.30e+00
1.26e+00
1.23e+00
1.19e+00
1.16e+00
1.12e+00
1.08e+00
1.04e+00
9.97e-01
9.55e-01
9.13e-01
8.71e-01
8.29e-01
7.87e-01
7.44e-01
7.02e-01
6.60e-01
6.18e-01
5.75e-01
5.33e-01
4.91e-01
4.49e-01
4.07e-01
3.66e-01
3.24e-01
2.82e-01
2.41e-01
1.99e-01
1.58e-01
1.16e-01
7.50e-02
3.37e-02
-7.47e-03
-4.86e-02
-8.97e-02
-1.31e-01
-1.72e-01
-2.13e-01
-2.54e-01
-2.95e-01
-3.36e-01
-3.77e-01
-4.18e-01
-4.59e-01
-5.01e-01
-5.42e-01
-5.83e-01
-6.25e-01
-6.66e-01
-7.08e-01
-7.50e-01
-7.92e-01
-8.34e-01
-8.76e-01
-9.19e-01
-9.62e-01
-1.01e+00
-1.05e+00
-1.09e+00
-1.14e+00
-1.18e+00
-1.23e+00
-1.27e+00
-1.32e+00
-1.36e+00
-1.41e+00
-1.46e+00
-1.51e+00
-1.56e+00
-1.61e+00
-1.66e+00
-1.71e+00
-1.76e+00
-1.82e+00
-1.87e+00
-1.93e+00
-1.98e+00
-2.04e+00
-2.10e+00
-2.16e+00
-2.22e+00
-2.28e+00
-2.34e+00
-2.40e+00
