-1.71e-01
-1.71e-01
-1.69e-01
-1.66e-01
-1.61e-01
-1.55e-01
-1.47e-01
-1.38e-01
-1.27e-01
-1.15e-01
-1.01e-01
-8.64e-02
-7.01e-02
-5.26e-02
-3.38e-02
-1.38e-02
7.27e-03
2.94e-02
5.26e-02
7.67e-02
1.02e-01
1.27e-01
1.54e-01
1.81e-01
2.09e-01
2.38e-01
2.68e-01
2.98e-01
3.29e-01
3.60e-01
3.92e-01
4.25e-01
4.58e-01
4.92e-01
5.27e-01
5.62e-01
5.99e-01
6.35e-01
6.73e-01
7.12e-01
7.51e-01
7.91e-01
8.32e-01
8.74e-01
9.16e-01
9.60e-01
1.00e+00
1.05e+00
1.09e+00
1.14e+00
1.18e+00
1.23e+00
1.27e+00
1.31e+00
1.36e+00
1.40e+00
1.44e+00
1.48e+00
1.51e+00
1.55e+00
1.58e+00
1.62e+00
1.65e+00
1.68e+00
1.71e+00
1.74e+00
1.77e+00
1.80e+00
1.82e+00
1.84e+00
1.86e+00
1.88e+00
1.90e+00
1.92e+00
1.93e+00
1.94e+00
1.95e+00
1.96e+00
1.96e+00
1.96e+00
1.96e+00
1.95e+00
1.95e+00
1.94e+00
1.93e+00
1.92e+00
1.92e+00
1.91e+00
1.90e+00
1.90e+00
1.89e+00
1.89e+00
1.89e+00
1.89e+00
1.89e+00
1.89e+00
1.89e+00
1.89e+00
1.89e+00
1.90e+00
1.90e+00
1.90e+00
1.90e+00
1.90e+00
1.90e+00
1.90e+00
1.90e+00
1.90e+00
1.90e+00
1.89e+00
1.89e+00
1.88e+00
1.87e+00
1.86e+00
1.85e+00
1.84e+00
1.82e+00
1.81e+00
1.79e+00
1.77e+00
1.75e+00
1.72e+00
1.70e+00
1.68e+00
1.65e+00
1.62e+00
1.59e+00
1.56e+00
1.53e+00
1.50e+00
1.46e+00
1.43e+00
1.39e+00
1.35e+00
1.31e+00
1.27e+00
1.24e+00
1.20e+00
1.16e+00
1.12e+00
1.09e+00
1.05e+00
1.01e+00
9.76e-01
9.41e-01
9.04e-01
8.68e-01
8.32e-01
7.95e-01
7.57e-01
7.20e-01
6.83e-01
6.44e-01
6.04e-01
5.62e-01
5.19e-01
4.75e-01
4.30e-01
3.86e-01
3.41e-01
2.98e-01
2.54e-01
2.10e-01
1.65e-01
1.19e-01
7.42e-02
2.83e-02
-1.73e-02
-6.43e-02
-1.10e-01
-1.56e-01
-2.01e-01
-2.47e-01
-2.93e-01
-3.38e-01
-3.84e-01
-4.32e-01
-4.81e-01
-5.29e-01
-5.78e-01
-6.28e-01
-6.80e-01
-7.33e-01
-7.88e-01
-8.41e-01
-8.95e-01
-9.47e-01
-1.00e+00
-1.05e+00
-1.11e+00
-1.16e+00
-1.21e+00
-1.27e+00
-1.32e+00
-1.38e+00
-1.43e+00
-1.48e+00
-1.54e+00
-1.59e+00
-1.65e+00
-1.70e+00
-1.75e+00
-1.81e+00
-1.86e+00
-1.91e+00
-1.96e+00
-2.02e+00
-2.07e+00
-2.12e+00
-2.17e+00
-2.22e+00
-2.28e+00
-2.33e+00
-2.38e+00
-2.43e+00
