3.44e+00
3.44e+00
3.43e+00
3.43e+00
3.41e+00
3.40e+00
3.37e+00
3.35e+00
3.32e+00
3.28e+00
3.24e+00
3.19e+00
3.14e+00
3.09e+00
3.03e+00
2.97e+00
2.90e+00
2.84e+00
2.77e+00
2.70e+00
2.62e+00
2.55e+00
2.48e+00
2.41e+00
2.33e+00
2.26e+00
2.19e+00
2.13e+00
2.06e+00
2.00e+00
1.93e+00
1.87e+00
1.81e+00
1.76e+00
1.70e+00
1.65e+00
1.60e+00
1.55e+00
1.51e+00
1.46e+00
1.42e+00
1.38e+00
1.35e+00
1.32e+00
1.29e+00
1.26e+00
1.24e+00
1.22e+00
1.20e+00
1.19e+00
1.17e+00
1.16e+00
1.15e+00
1.15e+00
1.14e+00
1.14e+00
1.14e+00
1.14e+00
1.14e+00
1.14e+00
1.14e+00
1.15e+00
1.16e+00
1.16e+00
1.17e+00
1.18e+00
1.19e+00
1.21e+00
1.22e+00
1.23e+00
1.25e+00
1.27e+00
1.29e+00
1.31e+00
