-5.10e-02
-4.76e-02
-4.58e-02
-4.57e-02
-4.73e-02
-5.06e-02
-5.56e-02
-6.23e-02
-7.07e-02
-8.09e-02
-9.27e-02
-1.06e-01
-1.21e-01
-1.38e-01
-1.57e-01
-1.76e-01
-1.97e-01
-2.20e-01
-2.43e-01
-2.67e-01
-2.92e-01
-3.18e-01
-3.44e-01
-3.70e-01
-3.97e-01
-4.25e-01
-4.52e-01
-4.80e-01
-5.08e-01
-5.36e-01
-5.64e-01
-5.93e-01
-6.23e-01
-6.52e-01
-6.82e-01
-7.13e-01
-7.44e-01
-7.76e-01
-8.08e-01
-8.41e-01
-8.75e-01
-9.10e-01
-9.45e-01
-9.81e-01
-1.02e+00
-1.06e+00
-1.10e+00
-1.14e+00
-1.18e+00
-1.22e+00
-1.26e+00
-1.31e+00
-1.35e+00
-1.40e+00
-1.45e+00
-1.50e+00
-1.55e+00
-1.60e+00
-1.65e+00
-1.71e+00
-1.76e+00
-1.82e+00
-1.88e+00
-1.93e+00
-1.99e+00
-2.05e+00
-2.11e+00
-2.17e+00
-2.24e+00
-2.30e+00
-2.36e+00
-2.42e+00
