1.12e-01
1.16e-01
1.21e-01
1.26e-01
1.30e-01
1.35e-01
1.39e-01
1.44e-01
1.47e-01
1.52e-01
1.56e-01
1.59e-01
1.62e-01
1.66e-01
1.69e-01
1.73e-01
1.75e-01
1.78e-01
1.81e-01
1.84e-01
1.86e-01
1.89e-01
1.91e-01
1.94e-01
1.95e-01
1.98e-01
2.00e-01
2.03e-01
2.04e-01
2.07e-01
2.08e-01
2.10e-01
2.12e-01
2.14e-01
2.16e-01
2.18e-01
2.19e-01
2.22e-01
2.24e-01
2.26e-01
2.28e-01
2.30e-01
2.33e-01
2.35e-01
2.38e-01
2.41e-01
2.45e-01
2.50e-01
2.55e-01
2.60e-01
2.65e-01
2.71e-01
2.78e-01
2.84e-01
2.92e-01
3.00e-01
3.05e-01
3.10e-01
3.15e-01
3.21e-01
3.28e-01
3.35e-01
3.43e-01
3.51e-01
3.59e-01
3.68e-01
3.77e-01
3.86e-01
3.95e-01
4.05e-01
4.13e-01
4.23e-01
4.32e-01
4.42e-01
4.51e-01
4.61e-01
4.70e-01
4.81e-01
4.91e-01
5.02e-01
5.12e-01
5.24e-01
5.35e-01
5.47e-01
5.59e-01
5.72e-01
5.86e-01
6.00e-01
6.15e-01
6.30e-01
6.47e-01
6.63e-01
6.81e-01
6.98e-01
7.15e-01
7.33e-01
7.50e-01
7.67e-01
7.84e-01
8.02e-01
8.19e-01
8.38e-01
8.57e-01
8.76e-01
8.96e-01
9.15e-01
9.35e-01
9.53e-01
9.72e-01
9.89e-01
1.01e+00
1.02e+00
1.04e+00
1.06e+00
1.08e+00
1.10e+00
1.12e+00
1.14e+00
1.16e+00
1.19e+00
1.21e+00
1.24e+00
1.27e+00
1.30e+00
1.33e+00
1.36e+00
1.39e+00
1.43e+00
1.47e+00
1.50e+00
1.54e+00
1.58e+00
1.62e+00
1.65e+00
1.69e+00
1.73e+00
1.76e+00
1.80e+00
1.84e+00
1.87e+00
1.91e+00
1.94e+00
1.97e+00
2.01e+00
2.04e+00
2.07e+00
2.11e+00
2.15e+00
2.18e+00
2.22e+00
2.26e+00
2.30e+00
2.35e+00
2.39e+00
2.44e+00
