8.24e-02
7.99e-02
7.90e-02
7.96e-02
8.18e-02
8.54e-02
9.05e-02
9.70e-02
1.05e-01
1.14e-01
1.25e-01
1.37e-01
1.51e-01
1.65e-01
1.81e-01
1.98e-01
2.16e-01
2.35e-01
2.55e-01
2.76e-01
2.98e-01
3.21e-01
3.44e-01
3.68e-01
3.93e-01
4.19e-01
4.45e-01
4.72e-01
5.00e-01
5.28e-01
5.57e-01
5.86e-01
6.16e-01
6.47e-01
6.79e-01
7.11e-01
7.45e-01
7.79e-01
8.13e-01
8.49e-01
8.85e-01
9.22e-01
9.60e-01
9.99e-01
1.04e+00
1.08e+00
1.12e+00
1.16e+00
1.20e+00
1.25e+00
1.29e+00
1.32e+00
1.36e+00
1.40e+00
1.44e+00
1.47e+00
1.50e+00
1.54e+00
1.57e+00
1.60e+00
1.63e+00
1.66e+00
1.68e+00
1.71e+00
1.73e+00
1.75e+00
1.78e+00
1.79e+00
1.81e+00
1.83e+00
1.84e+00
1.86e+00
1.87e+00
1.87e+00
1.88e+00
1.88e+00
1.88e+00
1.88e+00
1.88e+00
1.87e+00
1.86e+00
1.85e+00
1.84e+00
1.83e+00
1.81e+00
1.80e+00
1.79e+00
1.78e+00
1.77e+00
1.76e+00
1.75e+00
1.75e+00
1.74e+00
1.74e+00
1.74e+00
1.73e+00
1.73e+00
1.73e+00
1.72e+00
1.72e+00
1.72e+00
1.72e+00
1.71e+00
1.71e+00
1.70e+00
1.70e+00
1.69e+00
1.68e+00
1.67e+00
1.66e+00
1.65e+00
1.64e+00
1.62e+00
1.61e+00
1.59e+00
1.57e+00
1.55e+00
1.52e+00
1.50e+00
1.47e+00
1.45e+00
1.42e+00
1.39e+00
1.36e+00
1.32e+00
1.29e+00
1.25e+00
1.22e+00
1.18e+00
1.14e+00
1.10e+00
1.06e+00
1.02e+00
9.79e-01
9.37e-01
8.93e-01
8.49e-01
8.05e-01
7.61e-01
7.16e-01
6.70e-01
6.22e-01
5.74e-01
5.27e-01
4.78e-01
4.30e-01
3.83e-01
3.36e-01
2.89e-01
2.44e-01
1.98e-01
1.54e-01
1.10e-01
6.78e-02
2.61e-02
-1.51e-02
-5.49e-02
-9.48e-02
-1.35e-01
-1.73e-01
-2.13e-01
-2.51e-01
-2.90e-01
-3.30e-01
-3.70e-01
-4.09e-01
-4.48e-01
-4.87e-01
-5.26e-01
-5.66e-01
-6.06e-01
-6.45e-01
-6.86e-01
-7.27e-01
-7.68e-01
-8.11e-01
-8.52e-01
-8.94e-01
-9.38e-01
-9.81e-01
-1.02e+00
-1.07e+00
-1.11e+00
-1.16e+00
-1.21e+00
-1.26e+00
-1.30e+00
-1.35e+00
-1.40e+00
-1.45e+00
-1.50e+00
-1.54e+00
-1.59e+00
-1.64e+00
-1.69e+00
-1.73e+00
-1.78e+00
-1.82e+00
-1.87e+00
-1.91e+00
-1.96e+00
-2.00e+00
-2.04e+00
-2.09e+00
-2.13e+00
-2.18e+00
-2.22e+00
-2.26e+00
-2.30e+00
-2.35e+00
-2.39e+00
-2.43e+00
