-4.53e-02
-4.54e-02
-4.68e-02
-4.96e-02
-5.32e-02
-5.74e-02
-6.20e-02
-6.68e-02
-7.19e-02
-7.72e-02
-8.27e-02
-8.84e-02
-9.43e-02
-1.00e-01
-1.07e-01
-1.13e-01
-1.19e-01
-1.26e-01
-1.33e-01
-1.40e-01
-1.48e-01
-1.55e-01
-1.63e-01
-1.70e-01
-1.78e-01
-1.87e-01
-1.95e-01
-2.03e-01
-2.12e-01
-2.21e-01
-2.30e-01
-2.39e-01
-2.48e-01
-2.58e-01
-2.68e-01
-2.77e-01
-2.87e-01
-2.98e-01
-3.08e-01
-3.18e-01
-3.29e-01
-3.40e-01
-3.51e-01
-3.62e-01
-3.73e-01
-3.85e-01
-3.96e-01
-4.08e-01
-4.20e-01
-4.32e-01
-4.45e-01
-4.57e-01
-4.70e-01
-4.83e-01
-4.96e-01
-5.09e-01
-5.23e-01
-5.37e-01
-5.51e-01
-5.65e-01
-5.80e-01
-5.95e-01
-6.11e-01
-6.27e-01
-6.43e-01
-6.61e-01
-6.78e-01
-6.97e-01
-7.16e-01
-7.36e-01
-7.58e-01
-7.80e-01
-8.04e-01
-8.29e-01
-8.56e-01
-8.83e-01
-9.12e-01
-9.42e-01
-9.72e-01
-1.00e+00
-1.03e+00
-1.07e+00
-1.10e+00
-1.13e+00
-1.16e+00
-1.20e+00
-1.23e+00
-1.27e+00
-1.30e+00
-1.34e+00
-1.37e+00
-1.41e+00
-1.44e+00
-1.48e+00
-1.52e+00
-1.55e+00
-1.59e+00
-1.63e+00
-1.67e+00
-1.70e+00
-1.74e+00
-1.78e+00
-1.82e+00
-1.86e+00
-1.90e+00
-1.95e+00
-1.99e+00
-2.03e+00
-2.07e+00
-2.11e+00
-2.16e+00
-2.20e+00
-2.24e+00
-2.29e+00
-2.33e+00
-2.38e+00
-2.42e+00
