3.20e+00
3.20e+00
3.21e+00
3.22e+00
3.23e+00
3.24e+00
3.26e+00
3.27e+00
3.29e+00
3.31e+00
3.33e+00
3.35e+00
3.37e+00
3.39e+00
3.41e+00
3.43e+00
3.45e+00
3.47e+00
3.49e+00
3.51e+00
3.53e+00
3.55e+00
3.57e+00
3.59e+00
3.60e+00
3.62e+00
3.64e+00
3.66e+00
3.67e+00
3.69e+00
3.71e+00
3.72e+00
3.74e+00
3.75e+00
3.77e+00
3.78e+00
3.79e+00
3.81e+00
3.82e+00
3.83e+00
3.84e+00
3.85e+00
3.86e+00
3.87e+00
3.88e+00
3.88e+00
3.89e+00
3.90e+00
3.90e+00
3.91e+00
3.91e+00
3.92e+00
3.92e+00
3.92e+00
3.92e+00
3.92e+00
3.92e+00
3.92e+00
3.92e+00
3.92e+00
3.92e+00
3.92e+00
3.92e+00
3.91e+00
3.91e+00
3.91e+00
3.90e+00
3.90e+00
3.90e+00
3.90e+00
3.89e+00
3.89e+00
3.89e+00
3.89e+00
3.88e+00
3.88e+00
3.88e+00
3.88e+00
3.88e+00
3.87e+00
3.87e+00
3.87e+00
3.87e+00
3.87e+00
3.87e+00
3.87e+00
3.87e+00
3.87e+00
3.87e+00
3.87e+00
3.87e+00
3.87e+00
3.87e+00
