1.61e-02
1.63e-02
1.80e-02
2.11e-02
2.57e-02
3.18e-02
3.93e-02
4.83e-02
5.86e-02
7.04e-02
8.35e-02
9.79e-02
1.14e-01
1.30e-01
1.49e-01
1.68e-01
1.88e-01
2.10e-01
2.32e-01
2.55e-01
2.80e-01
3.05e-01
3.31e-01
3.57e-01
3.85e-01
4.13e-01
4.42e-01
4.71e-01
5.02e-01
5.33e-01
5.65e-01
5.97e-01
6.30e-01
6.64e-01
6.99e-01
7.34e-01
7.70e-01
8.07e-01
8.44e-01
8.83e-01
9.22e-01
9.61e-01
1.00e+00
1.04e+00
1.08e+00
1.11e+00
1.15e+00
1.18e+00
1.22e+00
1.25e+00
1.28e+00
1.31e+00
1.34e+00
1.37e+00
1.39e+00
1.42e+00
1.44e+00
1.46e+00
1.49e+00
1.51e+00
1.53e+00
1.54e+00
1.56e+00
1.58e+00
1.59e+00
1.60e+00
1.61e+00
1.62e+00
1.62e+00
1.63e+00
1.63e+00
1.63e+00
1.63e+00
1.62e+00
1.61e+00
1.60e+00
1.59e+00
1.58e+00
1.56e+00
1.54e+00
1.52e+00
1.51e+00
1.49e+00
1.47e+00
1.46e+00
1.44e+00
1.43e+00
1.42e+00
1.41e+00
1.40e+00
1.39e+00
1.38e+00
1.37e+00
1.36e+00
1.35e+00
1.34e+00
1.34e+00
1.33e+00
1.32e+00
1.31e+00
1.30e+00
1.29e+00
1.28e+00
1.26e+00
1.25e+00
1.24e+00
1.22e+00
1.20e+00
1.18e+00
1.16e+00
1.14e+00
1.11e+00
1.09e+00
1.06e+00
1.03e+00
9.98e-01
9.66e-01
9.33e-01
8.98e-01
8.61e-01
8.23e-01
7.84e-01
7.43e-01
7.01e-01
6.59e-01
6.16e-01
5.73e-01
5.30e-01
4.87e-01
4.42e-01
3.97e-01
3.51e-01
3.05e-01
2.60e-01
2.14e-01
1.68e-01
1.21e-01
7.57e-02
3.06e-02
-1.43e-02
-5.95e-02
-1.05e-01
-1.51e-01
-1.95e-01
-2.40e-01
-2.85e-01
-3.29e-01
-3.73e-01
-4.16e-01
-4.60e-01
-5.04e-01
-5.47e-01
-5.91e-01
-6.35e-01
-6.78e-01
-7.21e-01
-7.64e-01
-8.06e-01
-8.48e-01
-8.90e-01
-9.30e-01
-9.70e-01
-1.01e+00
-1.05e+00
-1.09e+00
-1.13e+00
-1.17e+00
-1.20e+00
-1.24e+00
-1.28e+00
-1.31e+00
-1.35e+00
-1.39e+00
-1.43e+00
-1.46e+00
-1.50e+00
-1.53e+00
-1.57e+00
-1.61e+00
-1.64e+00
-1.68e+00
-1.71e+00
-1.75e+00
-1.78e+00
-1.81e+00
-1.85e+00
-1.88e+00
-1.91e+00
-1.94e+00
-1.98e+00
-2.01e+00
-2.04e+00
-2.07e+00
-2.11e+00
-2.14e+00
-2.17e+00
-2.20e+00
-2.24e+00
-2.27e+00
-2.30e+00
-2.34e+00
-2.37e+00
-2.40e+00
