4.38e-02
4.35e-02
4.36e-02
4.39e-02
4.47e-02
4.64e-02
4.96e-02
5.44e-02
6.08e-02
6.88e-02
7.83e-02
8.93e-02
1.02e-01
1.16e-01
1.31e-01
1.48e-01
1.66e-01
1.85e-01
2.06e-01
2.27e-01
2.50e-01
2.73e-01
2.98e-01
3.23e-01
3.49e-01
3.76e-01
4.03e-01
4.31e-01
4.60e-01
4.89e-01
5.18e-01
5.49e-01
5.79e-01
6.11e-01
6.43e-01
6.76e-01
7.09e-01
7.43e-01
7.77e-01
8.13e-01
8.49e-01
8.85e-01
9.23e-01
9.61e-01
1.00e+00
1.04e+00
1.08e+00
1.12e+00
1.16e+00
1.21e+00
1.25e+00
1.29e+00
1.34e+00
1.38e+00
1.42e+00
1.46e+00
1.50e+00
1.54e+00
1.58e+00
1.62e+00
1.66e+00
1.70e+00
1.73e+00
1.77e+00
1.80e+00
1.83e+00
1.86e+00
1.89e+00
1.92e+00
1.95e+00
1.98e+00
2.00e+00
2.02e+00
2.05e+00
2.07e+00
2.08e+00
2.10e+00
2.11e+00
2.13e+00
2.14e+00
2.15e+00
2.15e+00
2.15e+00
2.16e+00
2.15e+00
2.15e+00
2.14e+00
2.13e+00
2.12e+00
2.11e+00
2.10e+00
2.08e+00
2.07e+00
2.06e+00
2.05e+00
2.05e+00
2.04e+00
2.03e+00
2.03e+00
2.03e+00
2.02e+00
2.02e+00
2.02e+00
2.02e+00
2.02e+00
2.02e+00
2.02e+00
2.01e+00
2.01e+00
2.01e+00
2.01e+00
2.01e+00
2.00e+00
2.00e+00
1.99e+00
1.98e+00
1.97e+00
1.96e+00
1.95e+00
1.93e+00
1.92e+00
1.90e+00
1.88e+00
1.86e+00
1.84e+00
1.81e+00
1.79e+00
1.76e+00
1.74e+00
1.71e+00
1.68e+00
1.65e+00
1.61e+00
1.58e+00
1.54e+00
1.51e+00
1.47e+00
1.43e+00
1.39e+00
1.35e+00
1.31e+00
1.27e+00
1.22e+00
1.18e+00
1.13e+00
1.08e+00
1.04e+00
9.87e-01
9.37e-01
8.88e-01
8.39e-01
7.89e-01
7.40e-01
6.90e-01
6.40e-01
5.88e-01
5.36e-01
4.83e-01
4.28e-01
3.73e-01
3.16e-01
2.58e-01
2.00e-01
1.42e-01
8.40e-02
2.55e-02
-3.29e-02
-9.18e-02
-1.51e-01
-2.10e-01
-2.69e-01
-3.29e-01
-3.88e-01
-4.48e-01
-5.08e-01
-5.68e-01
-6.28e-01
-6.89e-01
-7.50e-01
-8.11e-01
-8.72e-01
-9.33e-01
-9.94e-01
-1.06e+00
-1.12e+00
-1.18e+00
-1.24e+00
-1.30e+00
-1.37e+00
-1.43e+00
-1.49e+00
-1.56e+00
-1.62e+00
-1.68e+00
-1.75e+00
-1.81e+00
-1.88e+00
-1.95e+00
-2.01e+00
-2.08e+00
-2.15e+00
-2.22e+00
-2.29e+00
-2.36e+00
-2.43e+00
