2.96e+00
2.96e+00
2.96e+00
2.96e+00
2.96e+00
2.95e+00
2.95e+00
2.95e+00
2.95e+00
2.94e+00
2.94e+00
2.93e+00
2.92e+00
2.92e+00
2.91e+00
2.90e+00
2.88e+00
2.87e+00
2.86e+00
2.84e+00
2.82e+00
2.80e+00
2.77e+00
2.75e+00
2.72e+00
2.69e+00
2.66e+00
2.63e+00
2.59e+00
2.56e+00
2.52e+00
2.48e+00
2.45e+00
2.41e+00
2.37e+00
2.34e+00
2.30e+00
2.26e+00
2.23e+00
2.19e+00
2.16e+00
2.12e+00
2.09e+00
2.06e+00
2.03e+00
2.00e+00
1.97e+00
1.95e+00
1.92e+00
1.90e+00
1.88e+00
1.87e+00
1.85e+00
1.84e+00
1.83e+00
1.82e+00
1.82e+00
1.82e+00
1.82e+00
1.82e+00
1.83e+00
1.84e+00
1.86e+00
1.87e+00
1.89e+00
1.92e+00
1.94e+00
1.98e+00
2.01e+00
2.05e+00
2.09e+00
2.13e+00
2.18e+00
2.24e+00
2.30e+00
2.36e+00
2.43e+00
2.50e+00
2.58e+00
2.67e+00
2.76e+00
2.86e+00
2.96e+00
3.07e+00
3.19e+00
3.31e+00
3.44e+00
3.57e+00
3.69e+00
3.82e+00
3.94e+00
4.06e+00
4.18e+00
4.29e+00
4.40e+00
4.51e+00
4.61e+00
4.71e+00
4.81e+00
4.91e+00
5.00e+00
5.09e+00
5.18e+00
5.27e+00
5.36e+00
5.44e+00
5.52e+00
5.59e+00
5.67e+00
5.74e+00
5.81e+00
5.87e+00
5.93e+00
5.98e+00
6.04e+00
6.08e+00
6.13e+00
6.16e+00
6.20e+00
6.23e+00
6.25e+00
6.28e+00
6.29e+00
6.31e+00
6.32e+00
6.32e+00
6.33e+00
6.33e+00
6.32e+00
6.32e+00
6.31e+00
6.30e+00
6.29e+00
6.28e+00
6.27e+00
6.26e+00
6.25e+00
6.24e+00
6.22e+00
6.21e+00
6.20e+00
6.19e+00
6.19e+00
6.18e+00
6.17e+00
6.16e+00
6.15e+00
6.14e+00
6.13e+00
6.13e+00
6.12e+00
6.11e+00
6.11e+00
6.10e+00
6.09e+00
6.09e+00
6.08e+00
6.08e+00
6.07e+00
6.07e+00
6.06e+00
6.06e+00
6.05e+00
6.05e+00
6.04e+00
6.04e+00
6.03e+00
6.03e+00
6.02e+00
6.02e+00
6.02e+00
6.01e+00
6.01e+00
6.01e+00
6.00e+00
6.00e+00
6.00e+00
5.99e+00
5.99e+00
5.99e+00
5.98e+00
5.98e+00
5.98e+00
5.97e+00
5.97e+00
5.97e+00
5.97e+00
5.96e+00
5.96e+00
5.96e+00
5.96e+00
5.95e+00
5.95e+00
5.95e+00
5.94e+00
5.94e+00
5.94e+00
5.94e+00
5.93e+00
5.93e+00
5.93e+00
5.92e+00
5.92e+00
5.92e+00
5.92e+00
5.91e+00
5.91e+00
5.91e+00
5.90e+00
5.90e+00
5.90e+00
5.89e+00
5.89e+00
5.89e+00
5.88e+00
5.88e+00
5.88e+00
5.88e+00
5.87e+00
5.87e+00
5.87e+00
5.86e+00
5.86e+00
5.86e+00
5.86e+00
5.85e+00
5.85e+00
5.85e+00
5.85e+00
5.85e+00
5.85e+00
5.84e+00
5.84e+00
5.84e+00
5.84e+00
5.84e+00
5.85e+00
5.85e+00
5.85e+00
5.85e+00
5.86e+00
5.86e+00
5.86e+00
5.87e+00
5.88e+00
5.88e+00
5.89e+00
5.90e+00
5.91e+00
5.92e+00
5.93e+00
5.94e+00
5.95e+00
5.96e+00
5.97e+00
5.98e+00
5.99e+00
6.00e+00
6.01e+00
6.02e+00
6.03e+00
6.04e+00
6.05e+00
6.06e+00
6.07e+00
6.08e+00
6.09e+00
6.09e+00
6.10e+00
6.11e+00
6.12e+00
6.12e+00
6.13e+00
6.14e+00
6.14e+00
6.15e+00
6.16e+00
6.16e+00
6.17e+00
6.17e+00
6.18e+00
6.18e+00
6.19e+00
6.19e+00
6.20e+00
6.20e+00
6.20e+00
6.21e+00
6.21e+00
6.21e+00
6.22e+00
6.22e+00
6.22e+00
6.23e+00
6.23e+00
6.23e+00
6.23e+00
6.23e+00
6.24e+00
6.24e+00
6.24e+00
6.24e+00
6.24e+00
6.24e+00
6.24e+00
6.24e+00
6.24e+00
6.24e+00
6.24e+00
6.24e+00
6.24e+00
6.24e+00
6.24e+00
6.24e+00
6.24e+00
6.24e+00
6.24e+00
6.24e+00
6.24e+00
6.23e+00
6.23e+00
6.23e+00
6.23e+00
6.23e+00
6.22e+00
6.22e+00
6.22e+00
6.21e+00
6.21e+00
6.21e+00
6.20e+00
6.20e+00
6.20e+00
6.19e+00
6.19e+00
6.18e+00
6.18e+00
6.17e+00
6.17e+00
6.16e+00
6.16e+00
6.15e+00
6.15e+00
6.14e+00
6.13e+00
6.13e+00
6.12e+00
6.11e+00
6.11e+00
6.10e+00
6.09e+00
6.08e+00
6.07e+00
6.07e+00
6.06e+00
6.05e+00
6.04e+00
6.03e+00
6.02e+00
6.01e+00
6.00e+00
5.99e+00
5.98e+00
5.97e+00
5.96e+00
5.94e+00
5.93e+00
5.92e+00
5.91e+00
5.90e+00
5.88e+00
5.87e+00
5.86e+00
5.84e+00
5.83e+00
5.82e+00
5.80e+00
5.79e+00
5.77e+00
5.76e+00
5.74e+00
5.73e+00
5.71e+00
5.70e+00
5.68e+00
5.67e+00
5.65e+00
5.64e+00
5.62e+00
5.61e+00
5.59e+00
5.58e+00
5.56e+00
5.55e+00
5.54e+00
5.52e+00
5.51e+00
5.50e+00
5.48e+00
5.47e+00
5.46e+00
5.44e+00
5.43e+00
5.42e+00
5.40e+00
5.39e+00
5.37e+00
5.35e+00
5.33e+00
5.31e+00
5.29e+00
5.27e+00
5.25e+00
5.23e+00
5.20e+00
5.18e+00
5.15e+00
5.12e+00
5.09e+00
5.06e+00
5.03e+00
5.00e+00
4.96e+00
4.93e+00
4.89e+00
4.85e+00
