1.09e-01
1.10e-01
1.14e-01
1.19e-01
1.26e-01
1.34e-01
1.44e-01
1.55e-01
1.68e-01
1.82e-01
1.98e-01
2.16e-01
2.34e-01
2.55e-01
2.73e-01
2.90e-01
3.04e-01
3.17e-01
3.32e-01
3.44e-01
3.58e-01
3.70e-01
3.80e-01
3.92e-01
4.04e-01
4.18e-01
4.33e-01
4.49e-01
4.66e-01
4.83e-01
5.01e-01
5.19e-01
5.36e-01
5.55e-01
5.74e-01
5.92e-01
6.10e-01
6.27e-01
6.43e-01
6.58e-01
6.73e-01
6.90e-01
7.06e-01
7.22e-01
7.39e-01
7.58e-01
7.77e-01
7.96e-01
8.14e-01
8.33e-01
8.52e-01
8.71e-01
8.91e-01
9.13e-01
9.35e-01
9.57e-01
9.78e-01
1.00e+00
1.02e+00
1.05e+00
1.07e+00
1.10e+00
1.13e+00
1.15e+00
1.18e+00
1.21e+00
1.24e+00
1.27e+00
1.30e+00
1.33e+00
1.36e+00
1.39e+00
1.42e+00
1.45e+00
1.49e+00
1.52e+00
1.56e+00
1.59e+00
1.63e+00
1.67e+00
1.71e+00
1.74e+00
1.78e+00
1.81e+00
1.85e+00
1.89e+00
1.93e+00
1.97e+00
2.01e+00
2.06e+00
2.10e+00
2.14e+00
2.19e+00
2.23e+00
2.28e+00
2.33e+00
2.37e+00
2.42e+00
