3.13e+00
3.13e+00
3.13e+00
3.13e+00
3.13e+00
3.12e+00
3.11e+00
3.10e+00
3.08e+00
3.06e+00
3.04e+00
3.01e+00
2.98e+00
2.94e+00
2.91e+00
2.87e+00
2.82e+00
2.78e+00
2.73e+00
2.68e+00
2.63e+00
2.58e+00
2.53e+00
2.47e+00
2.42e+00
2.37e+00
2.32e+00
2.27e+00
2.21e+00
2.16e+00
2.12e+00
2.07e+00
2.02e+00
1.98e+00
1.93e+00
1.89e+00
1.85e+00
1.82e+00
1.78e+00
1.74e+00
1.71e+00
1.68e+00
1.66e+00
1.63e+00
1.61e+00
1.59e+00
1.57e+00
1.55e+00
1.54e+00
1.53e+00
1.52e+00
1.51e+00
1.51e+00
1.51e+00
1.51e+00
1.51e+00
1.52e+00
1.52e+00
1.53e+00
1.55e+00
1.56e+00
1.58e+00
1.60e+00
1.62e+00
1.65e+00
1.67e+00
1.70e+00
1.74e+00
1.77e+00
1.81e+00
1.85e+00
1.90e+00
1.95e+00
2.00e+00
2.06e+00
2.12e+00
2.18e+00
2.25e+00
2.32e+00
2.40e+00
2.48e+00
2.58e+00
2.67e+00
2.78e+00
2.89e+00
3.01e+00
3.13e+00
3.26e+00
3.39e+00
3.53e+00
3.67e+00
3.80e+00
3.94e+00
4.06e+00
4.19e+00
4.31e+00
4.43e+00
4.54e+00
4.65e+00
4.76e+00
4.87e+00
4.97e+00
5.07e+00
5.17e+00
5.27e+00
5.36e+00
5.45e+00
5.54e+00
5.63e+00
5.72e+00
5.80e+00
5.88e+00
5.96e+00
6.03e+00
6.10e+00
6.16e+00
6.22e+00
6.28e+00
6.33e+00
6.38e+00
6.43e+00
6.47e+00
6.51e+00
6.54e+00
6.57e+00
6.60e+00
6.63e+00
6.65e+00
6.67e+00
6.69e+00
6.71e+00
6.72e+00
6.74e+00
6.75e+00
6.76e+00
6.77e+00
6.77e+00
6.78e+00
6.78e+00
6.79e+00
6.79e+00
6.79e+00
6.79e+00
6.79e+00
6.78e+00
6.78e+00
6.77e+00
6.77e+00
6.76e+00
6.76e+00
6.75e+00
6.75e+00
6.75e+00
6.75e+00
6.75e+00
6.75e+00
6.74e+00
6.74e+00
6.73e+00
6.73e+00
6.72e+00
6.71e+00
6.70e+00
6.69e+00
6.68e+00
6.68e+00
6.67e+00
6.66e+00
6.66e+00
6.65e+00
6.65e+00
6.64e+00
6.64e+00
6.64e+00
6.64e+00
6.63e+00
6.63e+00
6.63e+00
6.63e+00
6.63e+00
6.63e+00
6.63e+00
6.63e+00
6.63e+00
6.63e+00
6.63e+00
6.63e+00
6.64e+00
6.64e+00
6.64e+00
6.64e+00
6.65e+00
6.65e+00
6.65e+00
6.66e+00
6.66e+00
6.67e+00
6.67e+00
6.67e+00
6.67e+00
6.67e+00
6.67e+00
6.67e+00
6.67e+00
6.67e+00
