2.98e+00
2.99e+00
2.99e+00
3.00e+00
3.02e+00
3.04e+00
3.06e+00
3.09e+00
3.12e+00
3.16e+00
3.20e+00
3.24e+00
3.29e+00
3.34e+00
3.40e+00
3.45e+00
3.51e+00
3.57e+00
3.63e+00
3.70e+00
3.76e+00
3.83e+00
3.89e+00
3.95e+00
4.02e+00
4.08e+00
4.14e+00
4.20e+00
4.25e+00
4.31e+00
4.36e+00
4.41e+00
4.46e+00
4.51e+00
4.56e+00
4.60e+00
4.65e+00
4.69e+00
4.72e+00
4.76e+00
4.79e+00
4.82e+00
4.85e+00
4.87e+00
4.89e+00
4.91e+00
4.93e+00
4.94e+00
4.95e+00
4.96e+00
4.96e+00
4.97e+00
4.96e+00
4.96e+00
4.95e+00
4.94e+00
4.93e+00
4.91e+00
4.89e+00
4.87e+00
4.84e+00
4.81e+00
4.78e+00
4.75e+00
4.71e+00
4.68e+00
4.63e+00
