2.94e+00
2.95e+00
2.96e+00
2.97e+00
2.99e+00
3.01e+00
3.04e+00
3.07e+00
3.10e+00
3.14e+00
3.19e+00
3.24e+00
3.29e+00
3.34e+00
3.40e+00
3.46e+00
3.52e+00
3.59e+00
3.65e+00
3.72e+00
3.79e+00
3.85e+00
3.92e+00
3.98e+00
4.05e+00
4.11e+00
4.17e+00
4.23e+00
4.29e+00
4.35e+00
4.41e+00
4.46e+00
4.51e+00
4.56e+00
4.61e+00
4.65e+00
4.69e+00
4.73e+00
4.77e+00
4.81e+00
4.84e+00
4.87e+00
4.90e+00
4.92e+00
4.94e+00
4.96e+00
4.98e+00
4.99e+00
5.00e+00
5.01e+00
5.01e+00
5.01e+00
5.01e+00
5.00e+00
4.99e+00
4.98e+00
4.97e+00
4.95e+00
4.93e+00
4.90e+00
4.88e+00
4.85e+00
4.81e+00
4.78e+00
4.74e+00
4.70e+00
4.66e+00
4.61e+00
4.56e+00
4.51e+00
4.46e+00
4.41e+00
4.35e+00
