9.93e-02
9.91e-02
9.88e-02
9.84e-02
9.81e-02
9.76e-02
9.72e-02
9.66e-02
9.60e-02
9.53e-02
9.46e-02
9.38e-02
9.29e-02
9.20e-02
9.09e-02
8.98e-02
8.86e-02
8.74e-02
8.61e-02
8.47e-02
8.33e-02
8.17e-02
8.02e-02
7.86e-02
7.70e-02
7.53e-02
7.36e-02
7.19e-02
7.03e-02
6.86e-02
6.70e-02
6.55e-02
6.41e-02
6.29e-02
6.18e-02
6.10e-02
6.06e-02
6.06e-02
6.12e-02
6.26e-02
6.48e-02
6.82e-02
7.27e-02
7.87e-02
8.60e-02
9.48e-02
1.05e-01
1.16e-01
1.29e-01
1.43e-01
1.58e-01
1.74e-01
1.91e-01
2.09e-01
2.27e-01
2.46e-01
2.65e-01
2.85e-01
3.04e-01
3.24e-01
3.44e-01
3.64e-01
3.84e-01
4.03e-01
4.23e-01
4.42e-01
4.61e-01
4.80e-01
4.98e-01
5.17e-01
5.34e-01
5.52e-01
5.69e-01
5.85e-01
6.01e-01
6.15e-01
6.29e-01
6.42e-01
6.53e-01
6.63e-01
6.72e-01
6.80e-01
6.87e-01
6.93e-01
6.98e-01
7.02e-01
7.06e-01
7.09e-01
7.11e-01
7.13e-01
7.14e-01
7.15e-01
7.15e-01
7.14e-01
7.13e-01
7.12e-01
7.09e-01
7.06e-01
7.03e-01
6.99e-01
6.94e-01
6.89e-01
6.84e-01
6.79e-01
6.73e-01
6.67e-01
6.62e-01
6.57e-01
6.52e-01
6.48e-01
6.44e-01
6.42e-01
6.40e-01
6.39e-01
6.39e-01
6.39e-01
6.41e-01
6.44e-01
6.47e-01
6.51e-01
6.55e-01
6.60e-01
6.66e-01
6.72e-01
6.78e-01
6.85e-01
6.92e-01
6.99e-01
7.06e-01
7.13e-01
7.20e-01
7.26e-01
7.33e-01
7.38e-01
7.44e-01
7.48e-01
7.52e-01
7.54e-01
7.56e-01
7.57e-01
7.57e-01
7.56e-01
7.54e-01
7.51e-01
7.47e-01
7.43e-01
7.37e-01
7.31e-01
7.23e-01
7.15e-01
7.06e-01
6.96e-01
6.85e-01
6.73e-01
6.60e-01
6.48e-01
6.34e-01
6.21e-01
6.07e-01
5.93e-01
5.79e-01
5.66e-01
5.52e-01
5.40e-01
5.27e-01
5.15e-01
5.04e-01
4.93e-01
4.83e-01
4.74e-01
4.66e-01
4.59e-01
4.53e-01
4.48e-01
4.44e-01
4.42e-01
4.40e-01
4.40e-01
4.42e-01
4.44e-01
4.47e-01
4.51e-01
4.56e-01
4.60e-01
4.65e-01
4.70e-01
4.74e-01
4.78e-01
4.81e-01
4.84e-01
4.85e-01
4.86e-01
4.87e-01
4.86e-01
4.85e-01
4.83e-01
4.80e-01
4.77e-01
4.73e-01
4.68e-01
4.62e-01
4.56e-01
4.49e-01
4.41e-01
4.33e-01
4.24e-01
4.15e-01
4.05e-01
3.94e-01
3.83e-01
3.71e-01
3.58e-01
3.44e-01
3.30e-01
3.14e-01
2.98e-01
2.81e-01
2.63e-01
2.44e-01
2.24e-01
2.03e-01
1.81e-01
1.58e-01
1.34e-01
1.10e-01
8.45e-02
5.82e-02
3.09e-02
2.79e-03
-2.61e-02
-5.56e-02
-8.57e-02
-1.16e-01
-1.47e-01
-1.78e-01
-2.08e-01
-2.39e-01
-2.70e-01
-3.01e-01
-3.32e-01
-3.63e-01
-3.93e-01
-4.24e-01
-4.54e-01
-4.84e-01
-5.14e-01
-5.43e-01
-5.73e-01
-6.01e-01
-6.30e-01
-6.58e-01
-6.86e-01
-7.13e-01
-7.40e-01
-7.66e-01
-7.92e-01
-8.18e-01
-8.43e-01
-8.67e-01
-8.91e-01
-9.15e-01
-9.37e-01
-9.59e-01
-9.79e-01
-9.98e-01
-1.02e+00
-1.03e+00
-1.05e+00
-1.06e+00
-1.07e+00
-1.08e+00
-1.09e+00
-1.10e+00
-1.10e+00
-1.10e+00
-1.10e+00
-1.10e+00
-1.10e+00
-1.10e+00
-1.09e+00
-1.08e+00
-1.07e+00
-1.06e+00
-1.05e+00
-1.04e+00
-1.02e+00
-1.00e+00
-9.85e-01
-9.64e-01
-9.41e-01
-9.17e-01
-8.91e-01
-8.64e-01
-8.35e-01
-8.04e-01
-7.73e-01
-7.40e-01
-7.07e-01
-6.73e-01
-6.38e-01
-6.03e-01
-5.67e-01
-5.31e-01
-4.95e-01
-4.59e-01
-4.22e-01
-3.85e-01
-3.48e-01
-3.11e-01
-2.74e-01
-2.38e-01
-2.01e-01
-1.64e-01
-1.28e-01
-9.17e-02
-5.58e-02
-2.02e-02
1.51e-02
5.01e-02
8.47e-02
1.19e-01
1.53e-01
1.86e-01
2.18e-01
2.50e-01
2.82e-01
3.13e-01
3.43e-01
3.72e-01
4.00e-01
4.27e-01
4.53e-01
4.79e-01
5.03e-01
5.26e-01
5.48e-01
5.70e-01
5.90e-01
6.09e-01
6.27e-01
6.45e-01
6.61e-01
6.76e-01
6.91e-01
7.04e-01
7.16e-01
7.27e-01
7.38e-01
7.47e-01
7.55e-01
7.63e-01
7.69e-01
7.74e-01
7.78e-01
7.82e-01
7.84e-01
7.85e-01
7.85e-01
7.84e-01
7.83e-01
7.80e-01
7.76e-01
7.71e-01
7.65e-01
7.58e-01
7.49e-01
7.40e-01
7.30e-01
7.18e-01
7.06e-01
6.92e-01
6.78e-01
6.62e-01
6.45e-01
6.27e-01
6.07e-01
5.87e-01
5.65e-01
5.42e-01
5.18e-01
4.93e-01
4.66e-01
4.38e-01
4.09e-01
3.78e-01
3.46e-01
3.12e-01
2.77e-01
2.40e-01
2.02e-01
1.62e-01
1.21e-01
7.83e-02
3.41e-02
-1.16e-02
-5.86e-02
-1.07e-01
-1.56e-01
-2.05e-01
-2.55e-01
-3.05e-01
-3.55e-01
-4.05e-01
-4.54e-01
-5.02e-01
-5.49e-01
-5.94e-01
-6.38e-01
-6.81e-01
-7.21e-01
-7.60e-01
-7.96e-01
-8.29e-01
-8.59e-01
-8.87e-01
-9.11e-01
-9.31e-01
-9.48e-01
-9.61e-01
-9.70e-01
-9.76e-01
-9.77e-01
-9.77e-01
-9.75e-01
-9.75e-01
-9.76e-01
-9.79e-01
-9.85e-01
-9.94e-01
-1.01e+00
-1.02e+00
-1.04e+00
-1.06e+00
-1.08e+00
-1.10e+00
-1.12e+00
-1.15e+00
-1.18e+00
-1.21e+00
-1.24e+00
-1.27e+00
-1.31e+00
-1.34e+00
-1.37e+00
-1.41e+00
-1.44e+00
-1.46e+00
-1.49e+00
-1.51e+00
-1.53e+00
-1.54e+00
-1.56e+00
-1.57e+00
-1.57e+00
-1.57e+00
-1.57e+00
-1.57e+00
-1.56e+00
-1.55e+00
-1.54e+00
-1.52e+00
-1.49e+00
-1.46e+00
-1.43e+00
-1.39e+00
-1.35e+00
-1.31e+00
-1.28e+00
-1.25e+00
-1.22e+00
-1.19e+00
-1.17e+00
-1.15e+00
-1.13e+00
-1.12e+00
-1.11e+00
-1.10e+00
-1.09e+00
-1.09e+00
-1.09e+00
-1.09e+00
-1.10e+00
-1.10e+00
-1.11e+00
-1.11e+00
-1.12e+00
-1.12e+00
-1.11e+00
-1.10e+00
-1.09e+00
-1.08e+00
-1.06e+00
-1.04e+00
-1.01e+00
-9.77e-01
-9.40e-01
-8.99e-01
-8.52e-01
-8.00e-01
-7.42e-01
-6.79e-01
-6.12e-01
-5.43e-01
-4.76e-01
-4.13e-01
-3.54e-01
-3.00e-01
-2.51e-01
-2.07e-01
-1.68e-01
-1.33e-01
-1.03e-01
-7.77e-02
-5.75e-02
-4.24e-02
-3.23e-02
-2.67e-02
-2.44e-02
-2.32e-02
-2.07e-02
-1.47e-02
-4.14e-03
1.15e-02
3.24e-02
5.88e-02
9.09e-02
1.29e-01
1.74e-01
2.25e-01
2.85e-01
3.51e-01
4.23e-01
4.98e-01
5.70e-01
6.35e-01
6.92e-01
7.41e-01
7.82e-01
8.16e-01
8.42e-01
8.61e-01
8.73e-01
8.77e-01
8.74e-01
8.65e-01
8.51e-01
8.37e-01
8.27e-01
8.23e-01
8.26e-01
8.35e-01
8.51e-01
8.75e-01
9.06e-01
9.45e-01
9.92e-01
1.05e+00
1.11e+00
1.17e+00
1.23e+00
1.28e+00
1.31e+00
1.34e+00
1.36e+00
1.37e+00
1.37e+00
1.36e+00
1.35e+00
1.32e+00
1.29e+00
1.26e+00
1.22e+00
1.19e+00
1.17e+00
1.16e+00
1.15e+00
1.15e+00
1.16e+00
1.18e+00
1.21e+00
1.25e+00
1.29e+00
1.34e+00
1.38e+00
1.41e+00
1.43e+00
1.43e+00
1.43e+00
1.42e+00
1.40e+00
1.37e+00
1.33e+00
1.28e+00
1.23e+00
1.17e+00
1.12e+00
1.07e+00
1.03e+00
1.01e+00
9.87e-01
9.76e-01
9.74e-01
9.82e-01
1.00e+00
1.03e+00
1.06e+00
1.08e+00
1.10e+00
1.10e+00
1.09e+00
1.07e+00
1.04e+00
1.00e+00
9.52e-01
8.91e-01
8.22e-01
7.47e-01
6.74e-01
6.07e-01
5.51e-01
5.05e-01
4.68e-01
4.42e-01
4.27e-01
4.23e-01
4.31e-01
4.49e-01
4.71e-01
4.88e-01
4.91e-01
4.81e-01
4.59e-01
4.24e-01
3.78e-01
3.20e-01
2.50e-01
1.69e-01
8.24e-02
-2.08e-03
-7.65e-02
-1.38e-01
-1.87e-01
-2.24e-01
-2.48e-01
-2.58e-01
-2.54e-01
-2.37e-01
-2.12e-01
-1.93e-01
-1.88e-01
-1.99e-01
-2.24e-01
-2.63e-01
-3.16e-01
-3.82e-01
-4.62e-01
-5.49e-01
-6.35e-01
-7.09e-01
-7.66e-01
-8.09e-01
-8.36e-01
-8.48e-01
-8.45e-01
-8.25e-01
-7.92e-01
-7.58e-01
-7.38e-01
-7.35e-01
-7.48e-01
-7.77e-01
-8.20e-01
-8.78e-01
-9.51e-01
-1.03e+00
-1.11e+00
-1.17e+00
-1.22e+00
-1.24e+00
-1.25e+00
-1.25e+00
-1.23e+00
-1.19e+00
-1.14e+00
-1.10e+00
-1.07e+00
-1.06e+00
-1.07e+00
-1.10e+00
-1.14e+00
-1.20e+00
-1.27e+00
-1.33e+00
-1.39e+00
-1.43e+00
-1.44e+00
-1.44e+00
-1.43e+00
-1.39e+00
-1.34e+00
-1.28e+00
-1.22e+00
-1.18e+00
-1.16e+00
-1.15e+00
-1.17e+00
-1.20e+00
-1.24e+00
-1.30e+00
-1.35e+00
-1.39e+00
-1.41e+00
-1.42e+00
-1.40e+00
-1.37e+00
-1.32e+00
-1.25e+00
-1.17e+00
-1.10e+00
-1.05e+00
-1.02e+00
-1.01e+00
-1.01e+00
-1.03e+00
-1.07e+00
-1.12e+00
-1.16e+00
-1.18e+00
-1.18e+00
-1.17e+00
-1.13e+00
-1.08e+00
-1.00e+00
-9.15e-01
-8.26e-01
-7.55e-01
-7.05e-01
-6.74e-01
-6.61e-01
-6.67e-01
-6.90e-01
-7.27e-01
-7.64e-01
-7.83e-01
-7.81e-01
-7.59e-01
-7.17e-01
-6.55e-01
-5.73e-01
-4.75e-01
-3.75e-01
-2.96e-01
-2.40e-01
-2.04e-01
-1.89e-01
-1.93e-01
-2.17e-01
-2.53e-01
-2.83e-01
-2.92e-01
-2.78e-01
-2.42e-01
-1.86e-01
-1.07e-01
-7.83e-03
9.98e-02
1.91e-01
2.55e-01
2.96e-01
3.15e-01
3.11e-01
2.86e-01
2.46e-01
2.13e-01
2.04e-01
2.20e-01
2.58e-01
3.20e-01
4.05e-01
5.10e-01
6.13e-01
6.90e-01
7.38e-01
7.62e-01
7.61e-01
7.37e-01
6.93e-01
6.47e-01
6.23e-01
6.27e-01
6.55e-01
7.07e-01
7.84e-01
8.82e-01
9.81e-01
1.05e+00
1.09e+00
1.11e+00
1.10e+00
1.06e+00
1.01e+00
9.55e-01
9.25e-01
9.22e-01
9.45e-01
9.93e-01
1.07e+00
1.16e+00
1.24e+00
1.30e+00
1.32e+00
1.32e+00
1.30e+00
1.24e+00
1.17e+00
1.11e+00
1.08e+00
1.08e+00
1.10e+00
1.15e+00
1.22e+00
1.30e+00
1.37e+00
1.40e+00
1.40e+00
1.38e+00
1.33e+00
1.26e+00
1.18e+00
1.12e+00
1.09e+00
1.09e+00
1.11e+00
1.16e+00
1.23e+00
1.30e+00
1.34e+00
1.35e+00
1.33e+00
1.28e+00
1.21e+00
1.11e+00
1.03e+00
9.80e-01
9.56e-01
9.58e-01
9.86e-01
1.04e+00
1.11e+00
1.15e+00
1.16e+00
1.14e+00
1.09e+00
1.02e+00
9.20e-01
8.21e-01
7.49e-01
7.07e-01
6.93e-01
7.06e-01
7.46e-01
8.04e-01
8.49e-01
8.59e-01
8.37e-01
7.88e-01
7.10e-01
6.07e-01
4.98e-01
4.14e-01
3.62e-01
3.39e-01
3.44e-01
3.78e-01
4.33e-01
4.74e-01
4.80e-01
4.53e-01
3.96e-01
3.11e-01
1.99e-01
8.58e-02
2.54e-03
-4.73e-02
-6.68e-02
-5.60e-02
-1.52e-02
4.04e-02
7.07e-02
6.34e-02
2.37e-02
-4.66e-02
-1.47e-01
-2.66e-01
-3.68e-01
-4.33e-01
-4.64e-01
-4.63e-01
-4.30e-01
-3.72e-01
-3.26e-01
-3.19e-01
-3.48e-01
-4.09e-01
-5.01e-01
-6.18e-01
-7.23e-01
-7.89e-01
-8.20e-01
-8.17e-01
-7.81e-01
-7.17e-01
-6.62e-01
-6.49e-01
-6.72e-01
-7.27e-01
-8.15e-01
-9.27e-01
-1.03e+00
-1.08e+00
-1.10e+00
-1.09e+00
-1.04e+00
-9.71e-01
-9.13e-01
-8.97e-01
-9.16e-01
-9.69e-01
-1.05e+00
-1.16e+00
-1.24e+00
-1.29e+00
-1.30e+00
-1.27e+00
-1.21e+00
-1.12e+00
-1.06e+00
-1.05e+00
-1.06e+00
-1.12e+00
-1.20e+00
-1.30e+00
-1.36e+00
-1.39e+00
-1.38e+00
-1.34e+00
-1.26e+00
-1.17e+00
-1.11e+00
-1.09e+00
-1.11e+00
-1.16e+00
-1.24e+00
-1.32e+00
-1.37e+00
-1.38e+00
-1.35e+00
-1.29e+00
-1.20e+00
-1.11e+00
-1.05e+00
-1.03e+00
-1.04e+00
-1.09e+00
-1.17e+00
-1.24e+00
-1.27e+00
-1.26e+00
-1.22e+00
-1.14e+00
-1.04e+00
-9.39e-01
-8.82e-01
-8.63e-01
-8.77e-01
-9.25e-01
-9.96e-01
-1.05e+00
-1.07e+00
-1.04e+00
-9.85e-01
-8.92e-01
-7.75e-01
-6.79e-01
-6.26e-01
-6.09e-01
-6.26e-01
-6.77e-01
-7.43e-01
-7.81e-01
-7.77e-01
-7.37e-01
-6.61e-01
-5.50e-01
-4.28e-01
-3.42e-01
-2.98e-01
-2.90e-01
-3.17e-01
-3.75e-01
-4.32e-01
