-1.29e-01
-1.32e-01
-1.35e-01
-1.37e-01
-1.40e-01
-1.42e-01
-1.44e-01
-1.45e-01
-1.47e-01
-1.48e-01
-1.49e-01
-1.50e-01
-1.51e-01
-1.51e-01
-1.52e-01
-1.52e-01
-1.52e-01
-1.52e-01
-1.51e-01
-1.51e-01
-1.50e-01
-1.49e-01
-1.48e-01
-1.46e-01
-1.44e-01
-1.42e-01
-1.40e-01
-1.37e-01
-1.34e-01
-1.30e-01
-1.26e-01
-1.22e-01
-1.17e-01
-1.11e-01
-1.04e-01
-9.69e-02
-8.83e-02
-7.84e-02
-6.67e-02
-5.31e-02
-3.69e-02
-1.80e-02
4.20e-03
2.98e-02
5.89e-02
9.14e-02
1.27e-01
1.66e-01
2.07e-01
2.50e-01
2.95e-01
3.41e-01
3.87e-01
4.33e-01
4.78e-01
5.23e-01
5.66e-01
6.06e-01
6.45e-01
6.81e-01
7.14e-01
7.45e-01
7.73e-01
7.98e-01
8.21e-01
8.41e-01
8.59e-01
8.75e-01
8.89e-01
9.01e-01
9.11e-01
9.20e-01
9.27e-01
9.33e-01
9.37e-01
9.41e-01
9.43e-01
9.44e-01
9.44e-01
9.43e-01
9.41e-01
9.37e-01
9.33e-01
9.27e-01
9.20e-01
9.11e-01
9.00e-01
8.88e-01
8.73e-01
8.56e-01
8.37e-01
8.15e-01
7.89e-01
7.61e-01
7.29e-01
6.94e-01
6.54e-01
6.10e-01
5.63e-01
5.11e-01
4.55e-01
3.95e-01
3.32e-01
2.65e-01
1.97e-01
1.26e-01
5.51e-02
-1.59e-02
-8.58e-02
-1.54e-01
-2.19e-01
-2.81e-01
-3.40e-01
-3.95e-01
-4.45e-01
-4.92e-01
-5.35e-01
-5.74e-01
-6.10e-01
-6.42e-01
-6.71e-01
-6.97e-01
-7.21e-01
-7.42e-01
-7.60e-01
-7.77e-01
-7.92e-01
-8.05e-01
-8.17e-01
-8.27e-01
-8.36e-01
-8.43e-01
-8.50e-01
-8.56e-01
-8.61e-01
-8.66e-01
-8.70e-01
-8.73e-01
-8.76e-01
-8.78e-01
-8.80e-01
-8.82e-01
-8.82e-01
-8.83e-01
-8.82e-01
-8.82e-01
-8.80e-01
-8.79e-01
-8.76e-01
-8.74e-01
-8.70e-01
-8.66e-01
-8.62e-01
-8.57e-01
-8.51e-01
-8.44e-01
-8.36e-01
-8.27e-01
-8.17e-01
-8.05e-01
-7.92e-01
-7.76e-01
-7.59e-01
-7.40e-01
-7.18e-01
-6.94e-01
-6.66e-01
-6.36e-01
-6.02e-01
-5.64e-01
-5.22e-01
-4.76e-01
-4.26e-01
-3.70e-01
-3.10e-01
-2.45e-01
-1.74e-01
-9.99e-02
-2.13e-02
6.03e-02
1.44e-01
2.28e-01
3.12e-01
3.93e-01
4.70e-01
5.43e-01
6.11e-01
6.73e-01
7.28e-01
7.77e-01
8.21e-01
8.58e-01
8.90e-01
9.17e-01
9.39e-01
9.57e-01
9.71e-01
9.82e-01
9.90e-01
9.95e-01
9.98e-01
1.00e+00
1.00e+00
9.98e-01
9.96e-01
9.93e-01
9.89e-01
9.85e-01
9.81e-01
9.77e-01
9.72e-01
9.68e-01
9.64e-01
9.61e-01
9.57e-01
9.54e-01
9.52e-01
9.50e-01
9.48e-01
9.47e-01
9.47e-01
9.47e-01
9.47e-01
9.48e-01
9.49e-01
9.51e-01
9.54e-01
9.57e-01
9.60e-01
9.63e-01
9.67e-01
9.71e-01
9.76e-01
9.80e-01
9.85e-01
9.89e-01
9.93e-01
9.96e-01
9.98e-01
1.00e+00
1.00e+00
9.98e-01
9.95e-01
9.89e-01
9.81e-01
9.70e-01
9.56e-01
9.39e-01
9.18e-01
8.93e-01
8.64e-01
8.31e-01
7.93e-01
7.52e-01
7.06e-01
6.56e-01
6.03e-01
5.46e-01
4.86e-01
4.24e-01
3.59e-01
2.94e-01
2.29e-01
1.65e-01
1.02e-01
4.19e-02
-1.50e-02
-6.81e-02
-1.17e-01
-1.61e-01
-2.00e-01
-2.35e-01
-2.64e-01
-2.89e-01
-3.09e-01
-3.24e-01
-3.35e-01
-3.41e-01
-3.43e-01
-3.40e-01
-3.33e-01
-3.21e-01
-3.04e-01
-2.83e-01
-2.58e-01
-2.27e-01
-1.91e-01
-1.51e-01
-1.06e-01
-5.54e-02
-6.24e-04
5.84e-02
1.21e-01
1.87e-01
2.54e-01
3.23e-01
3.92e-01
4.60e-01
5.26e-01
5.89e-01
6.49e-01
7.04e-01
7.55e-01
8.00e-01
8.41e-01
8.77e-01
9.07e-01
9.33e-01
9.54e-01
9.71e-01
9.83e-01
9.92e-01
9.97e-01
1.00e+00
1.00e+00
9.97e-01
9.93e-01
9.87e-01
9.80e-01
9.72e-01
9.64e-01
9.54e-01
9.45e-01
9.35e-01
9.25e-01
9.15e-01
9.05e-01
8.96e-01
8.86e-01
8.77e-01
8.68e-01
8.59e-01
8.50e-01
8.42e-01
8.33e-01
8.25e-01
8.17e-01
8.10e-01
8.02e-01
7.95e-01
7.88e-01
7.81e-01
7.74e-01
7.68e-01
7.61e-01
7.55e-01
7.49e-01
7.42e-01
7.36e-01
7.30e-01
7.24e-01
7.18e-01
7.12e-01
7.06e-01
6.99e-01
6.93e-01
6.87e-01
6.80e-01
6.73e-01
6.66e-01
6.59e-01
6.51e-01
6.43e-01
6.35e-01
6.26e-01
6.17e-01
6.07e-01
5.97e-01
5.86e-01
5.74e-01
5.61e-01
5.48e-01
5.34e-01
5.19e-01
5.02e-01
4.85e-01
4.66e-01
4.45e-01
4.23e-01
3.99e-01
3.73e-01
3.45e-01
3.14e-01
2.81e-01
2.45e-01
2.06e-01
1.64e-01
1.19e-01
6.97e-02
1.70e-02
-3.94e-02
-9.95e-02
-1.63e-01
-2.30e-01
-2.99e-01
-3.70e-01
-4.43e-01
-5.15e-01
-5.85e-01
-6.53e-01
-7.18e-01
-7.77e-01
-8.31e-01
-8.78e-01
-9.19e-01
-9.51e-01
-9.76e-01
-9.92e-01
-1.00e+00
-9.97e-01
-9.85e-01
-9.62e-01
-9.27e-01
-8.79e-01
-8.18e-01
-7.41e-01
-6.48e-01
-5.37e-01
-4.08e-01
-2.60e-01
-9.64e-02
7.87e-02
2.57e-01
4.29e-01
5.85e-01
7.18e-01
8.25e-01
9.06e-01
9.61e-01
9.92e-01
1.00e+00
9.86e-01
9.53e-01
9.01e-01
8.32e-01
7.46e-01
6.45e-01
5.31e-01
4.04e-01
2.67e-01
1.23e-01
-2.55e-02
-1.73e-01
-3.15e-01
-4.48e-01
-5.68e-01
-6.74e-01
-7.65e-01
-8.40e-01
-9.01e-01
-9.47e-01
-9.79e-01
-9.96e-01
-9.99e-01
-9.87e-01
-9.59e-01
-9.14e-01
-8.51e-01
-7.69e-01
-6.65e-01
-5.40e-01
-3.91e-01
-2.21e-01
-3.29e-02
1.65e-01
3.62e-01
5.42e-01
6.96e-01
8.19e-01
9.09e-01
9.67e-01
9.96e-01
9.97e-01
9.73e-01
9.24e-01
8.53e-01
7.60e-01
6.47e-01
5.16e-01
3.68e-01
2.07e-01
3.58e-02
-1.38e-01
-3.09e-01
-4.67e-01
-6.08e-01
-7.29e-01
-8.27e-01
-9.03e-01
-9.57e-01
-9.89e-01
-1.00e+00
-9.89e-01
-9.55e-01
-8.98e-01
-8.16e-01
-7.07e-01
-5.70e-01
-4.05e-01
-2.13e-01
8.06e-04
2.24e-01
4.40e-01
6.29e-01
7.81e-01
8.92e-01
9.63e-01
9.96e-01
9.95e-01
9.62e-01
8.99e-01
8.07e-01
6.87e-01
5.40e-01
3.67e-01
1.72e-01
-4.07e-02
-2.59e-01
-4.67e-01
-6.49e-01
-7.96e-01
-9.04e-01
-9.71e-01
-9.99e-01
-9.88e-01
-9.38e-01
-8.48e-01
-7.17e-01
-5.45e-01
-3.32e-01
-8.32e-02
1.85e-01
4.45e-01
6.67e-01
8.32e-01
9.39e-01
9.92e-01
9.96e-01
9.58e-01
8.78e-01
7.58e-01
6.00e-01
4.04e-01
1.75e-01
-7.80e-02
-3.35e-01
-5.70e-01
-7.60e-01
-8.95e-01
-9.75e-01
-1.00e+00
-9.72e-01
-8.92e-01
-7.60e-01
-5.76e-01
-3.41e-01
-6.39e-02
2.33e-01
5.12e-01
7.35e-01
8.88e-01
9.74e-01
1.00e+00
9.74e-01
8.99e-01
7.78e-01
6.12e-01
4.03e-01
1.55e-01
-1.18e-01
-3.92e-01
-6.33e-01
-8.17e-01
-9.38e-01
-9.94e-01
-9.90e-01
-9.28e-01
-8.06e-01
-6.27e-01
-3.92e-01
-1.08e-01
2.02e-01
4.97e-01
7.34e-01
8.93e-01
9.78e-01
9.99e-01
9.64e-01
8.75e-01
7.37e-01
5.49e-01
3.16e-01
4.40e-02
-2.46e-01
-5.20e-01
-7.43e-01
-8.97e-01
-9.81e-01
-9.98e-01
-9.51e-01
-8.42e-01
-6.70e-01
-4.37e-01
-1.50e-01
1.71e-01
4.82e-01
7.34e-01
8.99e-01
9.84e-01
9.97e-01
9.47e-01
8.38e-01
6.73e-01
4.54e-01
1.86e-01
-1.16e-01
-4.18e-01
-6.77e-01
-8.63e-01
-9.69e-01
-1.00e+00
-9.59e-01
-8.49e-01
-6.70e-01
-4.24e-01
-1.17e-01
2.25e-01
5.50e-01
7.97e-01
9.44e-01
9.99e-01
9.74e-01
8.76e-01
7.10e-01
4.79e-01
1.90e-01
-1.40e-01
-4.67e-01
-7.36e-01
-9.11e-01
-9.92e-01
-9.87e-01
-9.00e-01
-7.34e-01
-4.90e-01
-1.73e-01
1.93e-01
5.49e-01
8.16e-01
9.62e-01
9.99e-01
9.41e-01
7.96e-01
5.71e-01
2.72e-01
-8.08e-02
-4.42e-01
-7.38e-01
-9.23e-01
-9.97e-01
-9.73e-01
-8.58e-01
-6.54e-01
-3.63e-01
1.35e-03
3.94e-01
7.26e-01
9.28e-01
9.99e-01
9.59e-01
8.19e-01
5.88e-01
2.76e-01
-9.74e-02
-4.75e-01
-7.73e-01
-9.46e-01
-1.00e+00
-9.50e-01
-8.03e-01
-5.62e-01
-2.32e-01
1.64e-01
5.56e-01
8.41e-01
9.80e-01
9.90e-01
8.88e-01
6.86e-01
3.93e-01
2.60e-02
-3.69e-01
-7.06e-01
-9.16e-01
-9.98e-01
-9.67e-01
-8.35e-01
-6.04e-01
-2.79e-01
1.19e-01
5.23e-01
8.26e-01
9.76e-01
9.91e-01
8.90e-01
6.85e-01
3.85e-01
8.77e-03
-3.93e-01
-7.29e-01
-9.30e-01
-1.00e+00
-9.54e-01
-8.04e-01
-5.53e-01
-2.06e-01
2.06e-01
6.04e-01
8.76e-01
9.92e-01
9.74e-01
8.40e-01
6.01e-01
2.68e-01
-1.31e-01
-5.29e-01
-8.25e-01
-9.74e-01
-9.93e-01
-8.96e-01
-6.92e-01
-3.85e-01
1.12e-02
4.39e-01
7.83e-01
9.64e-01
9.95e-01
8.98e-01
6.89e-01
3.76e-01
-1.82e-02
-4.38e-01
-7.75e-01
-9.59e-01
-9.97e-01
-9.09e-01
-7.05e-01
-3.91e-01
1.82e-02
4.59e-01
8.06e-01
9.76e-01
9.87e-01
8.65e-01
6.25e-01
2.78e-01
-1.47e-01
-5.71e-01
-8.68e-01
-9.93e-01
-9.67e-01
-8.08e-01
-5.26e-01
-1.31e-01
3.30e-01
7.34e-01
9.56e-01
9.95e-01
8.85e-01
6.45e-01
2.88e-01
-1.56e-01
-5.97e-01
-8.93e-01
-9.99e-01
-9.40e-01
-7.38e-01
-4.04e-01
4.14e-02
5.17e-01
8.63e-01
9.96e-01
9.51e-01
7.60e-01
4.38e-01
5.63e-03
-4.67e-01
-8.31e-01
-9.90e-01
-9.64e-01
-7.81e-01
-4.56e-01
-9.54e-03
4.82e-01
8.51e-01
9.95e-01
9.52e-01
7.55e-01
4.22e-01
-2.30e-02
-5.03e-01
-8.58e-01
-9.96e-01
-9.46e-01
-7.36e-01
-3.80e-01
9.12e-02
5.80e-01
9.04e-01
1.00e+00
9.14e-01
6.76e-01
3.04e-01
-1.69e-01
-6.35e-01
-9.26e-01
-9.98e-01
-8.90e-01
-6.24e-01
-2.16e-01
2.84e-01
7.35e-01
9.67e-01
9.84e-01
8.32e-01
5.33e-01
1.08e-01
-3.85e-01
-7.94e-01
-9.84e-01
-9.69e-01
-7.83e-01
-4.44e-01
2.12e-02
5.25e-01
8.82e-01
1.00e+00
9.25e-01
6.92e-01
3.20e-01
-1.58e-01
-6.32e-01
-9.28e-01
-9.98e-01
-8.82e-01
-6.04e-01
-1.82e-01
3.28e-01
7.71e-01
9.80e-01
9.72e-01
7.92e-01
4.63e-01
9.23e-03
-4.90e-01
-8.62e-01
-9.98e-01
-9.32e-01
-6.96e-01
-3.07e-01
1.96e-01
6.82e-01
9.55e-01
9.88e-01
8.36e-01
5.26e-01
8.19e-02
-4.28e-01
-8.33e-01
-9.95e-01
-9.43e-01
-7.13e-01
-3.24e-01
1.85e-01
6.82e-01
9.59e-01
9.84e-01
8.16e-01
4.84e-01
1.56e-02
-5.04e-01
-8.82e-01
-1.00e+00
-9.03e-01
-6.26e-01
-1.89e-01
3.48e-01
8.07e-01
9.94e-01
9.37e-01
6.90e-01
2.80e-01
-2.45e-01
-7.33e-01
-9.77e-01
-9.67e-01
-7.55e-01
-3.66e-01
1.59e-01
6.84e-01
9.68e-01
9.72e-01
7.64e-01
3.78e-01
-1.43e-01
-6.66e-01
-9.60e-01
-9.79e-01
-7.84e-01
-4.06e-01
1.20e-01
6.61e-01
9.64e-01
9.74e-01
7.63e-01
3.69e-01
-1.62e-01
-6.87e-01
-9.68e-01
-9.72e-01
-7.60e-01
-3.63e-01
1.77e-01
7.09e-01
9.79e-01
9.58e-01
7.18e-01
2.97e-01
-2.49e-01
-7.54e-01
-9.86e-01
-9.49e-01
-7.02e-01
-2.73e-01
2.84e-01
7.86e-01
9.94e-01
9.26e-01
6.47e-01
1.93e-01
-3.66e-01
-8.29e-01
-9.98e-01
-9.13e-01
-6.25e-01
-1.61e-01
4.06e-01
8.59e-01
1.00e+00
8.82e-01
5.62e-01
7.57e-02
-4.85e-01
-8.92e-01
-9.99e-01
-8.67e-01
-5.38e-01
-4.23e-02
5.25e-01
9.17e-01
9.94e-01
8.29e-01
4.69e-01
-4.49e-02
-5.95e-01
-9.39e-01
-9.88e-01
-8.10e-01
-4.40e-01
8.53e-02
6.39e-01
9.60e-01
9.75e-01
7.61e-01
3.60e-01
-1.79e-01
-7.06e-01
-9.76e-01
-9.63e-01
-7.32e-01
-3.14e-01
2.41e-01
7.61e-01
9.91e-01
9.35e-01
6.62e-01
2.10e-01
-3.52e-01
-8.26e-01
-9.99e-01
-9.07e-01
-6.07e-01
-1.27e-01
4.51e-01
8.88e-01
9.98e-01
8.50e-01
4.97e-01
-1.88e-02
-5.84e-01
-9.41e-01
