-9.92e-01
-9.91e-01
-9.91e-01
-9.91e-01
-9.91e-01
-9.91e-01
-9.91e-01
-9.91e-01
-9.92e-01
-9.92e-01
-9.93e-01
-9.93e-01
-9.94e-01
-9.94e-01
-9.95e-01
-9.96e-01
-9.96e-01
-9.97e-01
-9.97e-01
-9.98e-01
-9.98e-01
-9.99e-01
-9.99e-01
-9.99e-01
-9.99e-01
-1.00e+00
-1.00e+00
-1.00e+00
-1.00e+00
-1.00e+00
-1.00e+00
-1.00e+00
-1.00e+00
-1.00e+00
-1.00e+00
-1.00e+00
-9.99e-01
-9.99e-01
-9.99e-01
-9.99e-01
-9.98e-01
-9.98e-01
-9.98e-01
-9.98e-01
-9.97e-01
-9.97e-01
-9.97e-01
-9.96e-01
-9.96e-01
-9.95e-01
-9.95e-01
-9.95e-01
-9.94e-01
-9.94e-01
-9.93e-01
-9.93e-01
-9.93e-01
-9.92e-01
-9.92e-01
-9.91e-01
-9.91e-01
-9.90e-01
-9.90e-01
-9.90e-01
-9.89e-01
-9.89e-01
-9.88e-01
-9.88e-01
-9.87e-01
-9.87e-01
-9.86e-01
-9.86e-01
-9.86e-01
-9.85e-01
-9.85e-01
-9.84e-01
-9.84e-01
-9.83e-01
-9.83e-01
-9.82e-01
-9.82e-01
-9.81e-01
-9.81e-01
-9.80e-01
-9.79e-01
-9.79e-01
-9.78e-01
-9.78e-01
-9.77e-01
-9.76e-01
-9.76e-01
-9.75e-01
-9.74e-01
-9.73e-01
-9.72e-01
-9.72e-01
-9.71e-01
-9.70e-01
-9.69e-01
-9.68e-01
-9.66e-01
-9.65e-01
-9.64e-01
-9.63e-01
-9.62e-01
-9.60e-01
-9.59e-01
-9.57e-01
-9.56e-01
-9.54e-01
-9.52e-01
-9.50e-01
-9.49e-01
-9.47e-01
-9.45e-01
-9.42e-01
-9.40e-01
-9.38e-01
-9.35e-01
-9.33e-01
-9.30e-01
-9.27e-01
-9.25e-01
-9.21e-01
-9.18e-01
-9.15e-01
-9.12e-01
-9.08e-01
-9.04e-01
-9.00e-01
-8.96e-01
-8.92e-01
-8.88e-01
-8.83e-01
-8.79e-01
-8.74e-01
-8.68e-01
-8.63e-01
-8.57e-01
-8.52e-01
-8.46e-01
-8.39e-01
-8.33e-01
-8.26e-01
-8.19e-01
-8.12e-01
-8.04e-01
-7.96e-01
-7.88e-01
-7.79e-01
-7.70e-01
-7.61e-01
-7.51e-01
-7.41e-01
-7.31e-01
-7.20e-01
-7.09e-01
-6.99e-01
-6.88e-01
-6.77e-01
-6.66e-01
-6.55e-01
-6.44e-01
-6.33e-01
-6.23e-01
-6.13e-01
-6.03e-01
-5.93e-01
-5.85e-01
-5.76e-01
-5.68e-01
-5.61e-01
-5.54e-01
