9.93e-02
9.91e-02
9.88e-02
9.86e-02
9.83e-02
9.80e-02
9.76e-02
9.71e-02
9.65e-02
9.57e-02
9.49e-02
9.39e-02
9.29e-02
9.17e-02
9.04e-02
8.89e-02
8.74e-02
8.57e-02
8.39e-02
8.19e-02
7.99e-02
7.77e-02
7.54e-02
7.30e-02
7.05e-02
6.79e-02
6.52e-02
6.23e-02
5.94e-02
5.65e-02
5.34e-02
5.03e-02
4.72e-02
4.41e-02
4.10e-02
3.80e-02
3.52e-02
3.27e-02
3.07e-02
2.96e-02
2.98e-02
3.18e-02
3.54e-02
4.06e-02
4.75e-02
5.61e-02
6.62e-02
7.79e-02
9.11e-02
1.06e-01
1.22e-01
1.39e-01
1.58e-01
1.78e-01
1.98e-01
2.20e-01
2.42e-01
2.65e-01
2.89e-01
3.13e-01
3.37e-01
3.60e-01
3.84e-01
4.08e-01
4.31e-01
4.54e-01
4.76e-01
4.98e-01
5.20e-01
5.40e-01
5.60e-01
5.80e-01
5.98e-01
6.16e-01
6.33e-01
6.49e-01
6.64e-01
6.79e-01
6.92e-01
7.04e-01
7.15e-01
7.26e-01
7.35e-01
7.43e-01
7.50e-01
7.56e-01
7.61e-01
7.64e-01
7.67e-01
7.69e-01
7.70e-01
7.70e-01
7.68e-01
7.66e-01
7.62e-01
7.57e-01
7.51e-01
7.45e-01
7.37e-01
7.28e-01
7.18e-01
7.07e-01
6.95e-01
6.83e-01
6.69e-01
6.54e-01
6.39e-01
6.23e-01
6.06e-01
5.89e-01
5.71e-01
5.53e-01
5.35e-01
5.17e-01
5.00e-01
4.83e-01
4.67e-01
4.53e-01
4.39e-01
4.28e-01
4.18e-01
4.09e-01
4.02e-01
3.97e-01
3.94e-01
3.91e-01
3.90e-01
3.91e-01
3.93e-01
3.95e-01
3.99e-01
4.04e-01
4.10e-01
4.16e-01
4.23e-01
4.30e-01
4.37e-01
4.43e-01
4.48e-01
4.53e-01
4.57e-01
4.60e-01
4.63e-01
4.64e-01
4.64e-01
4.63e-01
4.62e-01
4.59e-01
4.55e-01
4.51e-01
4.45e-01
4.38e-01
4.31e-01
4.22e-01
4.13e-01
4.02e-01
3.91e-01
3.78e-01
3.65e-01
3.51e-01
3.35e-01
3.19e-01
3.02e-01
2.84e-01
2.64e-01
2.45e-01
2.24e-01
2.02e-01
1.80e-01
1.57e-01
1.34e-01
1.11e-01
8.77e-02
6.50e-02
4.32e-02
2.27e-02
3.62e-03
-1.39e-02
-2.98e-02
-4.40e-02
-5.66e-02
-6.74e-02
-7.63e-02
-8.34e-02
-8.85e-02
-9.16e-02
-9.26e-02
-9.16e-02
-8.85e-02
-8.34e-02
-7.66e-02
-6.82e-02
-5.84e-02
-4.78e-02
-3.64e-02
-2.48e-02
-1.31e-02
-1.58e-03
9.71e-03
2.07e-02
3.11e-02
4.10e-02
5.02e-02
5.86e-02
6.61e-02
7.28e-02
7.85e-02
8.33e-02
8.70e-02
8.98e-02
9.14e-02
9.20e-02
9.13e-02
8.94e-02
8.63e-02
8.17e-02
7.57e-02
6.83e-02
5.93e-02
4.88e-02
3.68e-02
2.32e-02
8.03e-03
-8.81e-03
-2.73e-02
-4.76e-02
-6.95e-02
-9.32e-02
-1.19e-01
-1.46e-01
-1.74e-01
-2.04e-01
-2.36e-01
-2.68e-01
-3.01e-01
-3.34e-01
-3.67e-01
-3.99e-01
-4.31e-01
-4.61e-01
-4.90e-01
-5.17e-01
-5.41e-01
-5.64e-01
-5.83e-01
-6.00e-01
-6.14e-01
-6.24e-01
-6.30e-01
-6.33e-01
-6.32e-01
-6.26e-01
-6.16e-01
-6.01e-01
-5.83e-01
-5.62e-01
-5.40e-01
-5.20e-01
-5.02e-01
-4.87e-01
-4.75e-01
-4.67e-01
-4.62e-01
-4.60e-01
-4.61e-01
-4.65e-01
-4.73e-01
-4.83e-01
-4.96e-01
-5.13e-01
-5.34e-01
-5.57e-01
-5.84e-01
-6.13e-01
-6.43e-01
-6.72e-01
-6.99e-01
-7.24e-01
-7.45e-01
-7.61e-01
-7.74e-01
-7.82e-01
-7.85e-01
-7.84e-01
-7.77e-01
-7.65e-01
-7.47e-01
-7.23e-01
-6.93e-01
-6.57e-01
-6.16e-01
-5.71e-01
-5.28e-01
-4.88e-01
-4.53e-01
-4.24e-01
-4.00e-01
-3.82e-01
-3.69e-01
-3.60e-01
-3.57e-01
-3.59e-01
-3.67e-01
-3.80e-01
-3.99e-01
-4.21e-01
-4.46e-01
-4.70e-01
-4.90e-01
-5.04e-01
-5.12e-01
-5.14e-01
-5.10e-01
-4.98e-01
-4.79e-01
-4.52e-01
-4.17e-01
-3.73e-01
-3.22e-01
-2.64e-01
-2.04e-01
-1.48e-01
-9.90e-02
-5.87e-02
-2.66e-02
-2.45e-03
1.38e-02
2.21e-02
2.22e-02
1.37e-02
-3.06e-03
-2.69e-02
-5.46e-02
-8.08e-02
-1.01e-01
-1.14e-01
-1.17e-01
-1.12e-01
-9.82e-02
-7.45e-02
-4.04e-02
4.68e-03
6.07e-02
1.25e-01
1.92e-01
2.53e-01
3.02e-01
3.39e-01
3.65e-01
3.79e-01
3.83e-01
3.75e-01
3.56e-01
3.27e-01
2.91e-01
2.56e-01
2.28e-01
2.11e-01
2.06e-01
2.12e-01
2.29e-01
2.59e-01
3.01e-01
3.57e-01
4.23e-01
4.90e-01
5.46e-01
5.88e-01
6.14e-01
6.26e-01
6.25e-01
6.10e-01
5.82e-01
5.41e-01
4.93e-01
4.48e-01
4.15e-01
3.96e-01
3.90e-01
3.98e-01
4.19e-01
4.56e-01
5.07e-01
5.70e-01
6.34e-01
6.83e-01
7.14e-01
7.29e-01
7.27e-01
7.09e-01
6.77e-01
6.29e-01
5.70e-01
5.12e-01
4.65e-01
4.36e-01
4.21e-01
4.23e-01
4.40e-01
4.74e-01
5.24e-01
5.85e-01
6.40e-01
6.76e-01
6.92e-01
6.89e-01
6.69e-01
6.32e-01
5.78e-01
5.10e-01
4.39e-01
3.82e-01
3.43e-01
3.23e-01
3.19e-01
3.34e-01
3.68e-01
4.19e-01
4.78e-01
5.23e-01
5.45e-01
5.46e-01
5.28e-01
4.89e-01
4.32e-01
3.57e-01
2.77e-01
2.09e-01
1.63e-01
1.38e-01
1.32e-01
1.46e-01
1.82e-01
2.36e-01
2.93e-01
3.30e-01
3.41e-01
3.29e-01
2.96e-01
2.41e-01
1.66e-01
7.80e-02
3.47e-04
-5.34e-02
-8.36e-02
-9.13e-02
-7.60e-02
-3.69e-02
2.15e-02
7.82e-02
1.09e-01
1.14e-01
9.32e-02
4.91e-02
-1.88e-02
-1.07e-01
-1.96e-01
-2.61e-01
-2.99e-01
-3.12e-01
-2.99e-01
-2.61e-01
-2.00e-01
-1.38e-01
-1.03e-01
-9.78e-02
-1.19e-01
-1.66e-01
-2.39e-01
-3.31e-01
-4.17e-01
-4.73e-01
-5.00e-01
-4.99e-01
-4.70e-01
-4.14e-01
-3.42e-01
-2.89e-01
-2.69e-01
-2.79e-01
-3.16e-01
-3.81e-01
-4.70e-01
-5.59e-01
-6.18e-01
-6.44e-01
-6.41e-01
-6.08e-01
-5.46e-01
-4.68e-01
-4.09e-01
-3.87e-01
-3.96e-01
-4.34e-01
-5.00e-01
-5.89e-01
-6.71e-01
-7.17e-01
-7.29e-01
-7.11e-01
-6.62e-01
-5.84e-01
-5.02e-01
-4.53e-01
-4.39e-01
-4.57e-01
-5.05e-01
-5.82e-01
-6.69e-01
-7.27e-01
-7.48e-01
-7.37e-01
-6.93e-01
-6.17e-01
-5.25e-01
-4.57e-01
-4.28e-01
-4.33e-01
-4.69e-01
-5.36e-01
-6.20e-01
-6.82e-01
-7.05e-01
-6.93e-01
-6.47e-01
-5.68e-01
-4.69e-01
-3.92e-01
-3.57e-01
-3.56e-01
-3.88e-01
-4.53e-01
-5.35e-01
-5.92e-01
-6.08e-01
-5.88e-01
-5.33e-01
-4.44e-01
-3.39e-01
-2.65e-01
-2.34e-01
-2.37e-01
-2.76e-01
-3.46e-01
-4.25e-01
-4.66e-01
-4.67e-01
-4.31e-01
-3.59e-01
-2.55e-01
-1.53e-01
-9.60e-02
-7.93e-02
-9.89e-02
-1.55e-01
-2.35e-01
-2.96e-01
-3.12e-01
-2.88e-01
-2.27e-01
-1.29e-01
-1.68e-02
5.65e-02
8.51e-02
7.49e-02
2.68e-02
-5.25e-02
-1.22e-01
-1.46e-01
-1.28e-01
-7.02e-02
2.60e-02
1.41e-01
2.19e-01
2.49e-01
2.38e-01
1.88e-01
1.06e-01
3.53e-02
1.35e-02
3.42e-02
9.53e-02
1.96e-01
3.10e-01
3.80e-01
4.01e-01
3.80e-01
3.19e-01
2.31e-01
1.69e-01
1.57e-01
1.87e-01
2.59e-01
3.69e-01
4.73e-01
5.22e-01
5.25e-01
4.86e-01
4.07e-01
3.17e-01
2.74e-01
2.79e-01
3.26e-01
4.15e-01
5.29e-01
6.05e-01
6.27e-01
6.05e-01
5.40e-01
4.43e-01
3.71e-01
3.51e-01
3.76e-01
4.45e-01
5.51e-01
6.47e-01
6.85e-01
6.76e-01
6.22e-01
5.29e-01
4.35e-01
3.94e-01
4.00e-01
4.50e-01
5.43e-01
6.48e-01
6.99e-01
6.99e-01
6.55e-01
5.68e-01
4.61e-01
4.00e-01
3.90e-01
4.24e-01
5.02e-01
6.07e-01
6.71e-01
6.79e-01
6.42e-01
5.60e-01
4.49e-01
3.70e-01
3.44e-01
3.64e-01
4.29e-01
5.29e-01
6.03e-01
6.19e-01
5.87e-01
5.10e-01
3.96e-01
3.02e-01
2.65e-01
2.75e-01
3.31e-01
4.26e-01
5.06e-01
5.25e-01
4.95e-01
4.19e-01
3.04e-01
2.02e-01
1.58e-01
1.63e-01
2.14e-01
3.07e-01
3.88e-01
4.07e-01
3.76e-01
2.97e-01
1.79e-01
7.51e-02
3.05e-02
3.55e-02
8.83e-02
1.82e-01
2.59e-01
2.73e-01
2.36e-01
1.51e-01
2.88e-02
-7.05e-02
-1.10e-01
-9.88e-02
-3.90e-02
5.83e-02
1.25e-01
1.29e-01
8.27e-02
-1.17e-02
-1.38e-01
-2.24e-01
-2.52e-01
-2.29e-01
-1.57e-01
-5.72e-02
-7.83e-03
-1.68e-02
-7.55e-02
-1.82e-01
-3.05e-01
-3.73e-01
-3.85e-01
-3.46e-01
-2.59e-01
-1.65e-01
-1.34e-01
-1.58e-01
-2.31e-01
-3.48e-01
-4.58e-01
-5.05e-01
-4.98e-01
-4.40e-01
-3.40e-01
-2.62e-01
-2.50e-01
-2.89e-01
-3.77e-01
-5.00e-01
-5.85e-01
-6.08e-01
-5.80e-01
-5.01e-01
-3.94e-01
-3.41e-01
-3.47e-01
-4.03e-01
-5.06e-01
-6.22e-01
-6.77e-01
-6.75e-01
-6.23e-01
-5.24e-01
-4.26e-01
-3.95e-01
-4.17e-01
-4.89e-01
-6.02e-01
-6.95e-01
-7.23e-01
-6.99e-01
-6.24e-01
-5.11e-01
-4.35e-01
-4.21e-01
-4.59e-01
-5.46e-01
-6.59e-01
-7.21e-01
-7.23e-01
-6.75e-01
-5.78e-01
-4.64e-01
-4.12e-01
-4.15e-01
-4.68e-01
-5.66e-01
-6.65e-01
-6.99e-01
-6.79e-01
-6.09e-01
-4.94e-01
-3.94e-01
-3.59e-01
-3.77e-01
-4.44e-01
-5.49e-01
-6.22e-01
-6.33e-01
-5.91e-01
-4.99e-01
-3.75e-01
-2.97e-01
-2.80e-01
-3.14e-01
-3.96e-01
-4.97e-01
-5.41e-01
-5.28e-01
-4.65e-01
-3.52e-01
-2.33e-01
-1.80e-01
-1.80e-01
-2.31e-01
-3.26e-01
-4.10e-01
-4.28e-01
-3.94e-01
-3.08e-01
-1.81e-01
-8.43e-02
-5.22e-02
-7.24e-02
-1.43e-01
-2.43e-01
-2.97e-01
-2.90e-01
-2.32e-01
-1.23e-01
4.36e-03
6.98e-02
7.76e-02
3.42e-02
-5.59e-02
-1.44e-01
-1.68e-01
-1.36e-01
-5.29e-02
7.39e-02
1.77e-01
2.14e-01
1.96e-01
1.27e-01
2.59e-02
-3.01e-02
-2.48e-02
3.29e-02
1.42e-01
2.69e-01
3.34e-01
3.39e-01
2.93e-01
1.99e-01
1.11e-01
8.87e-02
1.21e-01
2.06e-01
3.33e-01
4.30e-01
4.59e-01
4.33e-01
3.57e-01
2.52e-01
2.01e-01
2.09e-01
2.69e-01
3.80e-01
5.01e-01
5.53e-01
5.47e-01
4.89e-01
3.87e-01
3.02e-01
2.84e-01
3.19e-01
4.07e-01
5.31e-01
6.11e-01
6.26e-01
5.87e-01
4.97e-01
3.90e-01
3.43e-01
3.54e-01
4.17e-01
5.28e-01
6.34e-01
6.71e-01
6.51e-01
5.79e-01
4.67e-01
3.86e-01
3.70e-01
4.06e-01
4.93e-01
6.11e-01
6.73e-01
6.73e-01
6.21e-01
5.20e-01
4.09e-01
3.63e-01
3.72e-01
4.33e-01
5.40e-01
6.33e-01
6.57e-01
6.25e-01
5.43e-01
4.23e-01
3.41e-01
3.22e-01
3.55e-01
4.39e-01
5.48e-01
5.99e-01
5.89e-01
5.27e-01
4.17e-01
3.03e-01
2.53e-01
2.59e-01
3.16e-01
4.18e-01
5.02e-01
5.17e-01
4.78e-01
3.87e-01
2.61e-01
1.78e-01
1.56e-01
1.86e-01
2.68e-01
3.72e-01
4.14e-01
3.96e-01
3.27e-01
2.09e-01
9.35e-02
4.40e-02
4.96e-02
1.07e-01
2.09e-01
2.83e-01
2.90e-01
2.42e-01
1.43e-01
1.37e-02
-6.53e-02
-8.34e-02
-4.86e-02
3.71e-02
1.36e-01
1.67e-01
1.41e-01
6.23e-02
-6.17e-02
-1.71e-01
-2.13e-01
-2.00e-01
-1.34e-01
-3.01e-02
3.07e-02
2.65e-02
-3.11e-02
-1.40e-01
-2.67e-01
-3.32e-01
-3.38e-01
-2.91e-01
-1.95e-01
-1.06e-01
-8.74e-02
-1.25e-01
-2.14e-01
-3.42e-01
-4.33e-01
-4.58e-01
-4.29e-01
-3.47e-01
-2.42e-01
-1.98e-01
-2.15e-01
-2.85e-01
-4.02e-01
-5.15e-01
-5.59e-01
-5.47e-01
-4.81e-01
-3.74e-01
-3.01e-01
-2.95e-01
-3.43e-01
-4.42e-01
-5.66e-01
-6.30e-01
-6.34e-01
-5.85e-01
-4.86e-01
-3.86e-01
-3.55e-01
-3.82e-01
-4.59e-01
-5.78e-01
-6.67e-01
-6.90e-01
-6.58e-01
-5.73e-01
-4.59e-01
-4.00e-01
-4.02e-01
-4.56e-01
-5.59e-01
-6.69e-01
-7.11e-01
-6.97e-01
-6.29e-01
-5.17e-01
-4.23e-01
-3.98e-01
-4.27e-01
-5.07e-01
-6.21e-01
-6.89e-01
-6.94e-01
-6.46e-01
-5.47e-01
-4.29e-01
-3.74e-01
