9.93e-02
9.91e-02
9.89e-02
9.89e-02
9.91e-02
9.97e-02
1.01e-01
1.02e-01
1.03e-01
1.05e-01
1.06e-01
1.07e-01
1.09e-01
1.10e-01
1.11e-01
1.12e-01
1.12e-01
1.13e-01
1.14e-01
1.14e-01
1.15e-01
1.15e-01
1.15e-01
1.15e-01
1.15e-01
1.15e-01
1.15e-01
1.15e-01
1.15e-01
1.14e-01
1.14e-01
1.13e-01
1.13e-01
1.12e-01
1.12e-01
1.11e-01
1.10e-01
1.10e-01
1.09e-01
1.08e-01
1.07e-01
1.06e-01
1.05e-01
1.05e-01
1.04e-01
1.03e-01
1.02e-01
1.01e-01
9.98e-02
9.89e-02
9.79e-02
9.70e-02
9.61e-02
9.51e-02
9.42e-02
9.33e-02
9.25e-02
9.16e-02
9.08e-02
9.00e-02
8.92e-02
8.85e-02
8.78e-02
8.71e-02
8.65e-02
8.59e-02
8.54e-02
8.49e-02
8.45e-02
8.41e-02
8.38e-02
8.35e-02
8.33e-02
8.31e-02
8.30e-02
8.30e-02
8.31e-02
8.32e-02
8.34e-02
8.36e-02
8.40e-02
8.44e-02
8.49e-02
8.55e-02
8.62e-02
8.70e-02
8.78e-02
8.88e-02
8.99e-02
9.10e-02
9.23e-02
9.37e-02
9.51e-02
9.67e-02
9.84e-02
1.00e-01
1.02e-01
1.04e-01
1.06e-01
1.09e-01
1.11e-01
1.14e-01
1.16e-01
1.19e-01
1.22e-01
1.25e-01
1.29e-01
1.32e-01
1.36e-01
1.39e-01
1.43e-01
1.47e-01
1.52e-01
1.56e-01
1.61e-01
1.65e-01
1.70e-01
1.75e-01
1.81e-01
1.86e-01
1.92e-01
1.98e-01
2.04e-01
2.10e-01
2.16e-01
2.23e-01
2.30e-01
2.37e-01
2.44e-01
2.52e-01
2.59e-01
2.67e-01
2.76e-01
2.84e-01
2.93e-01
3.01e-01
3.11e-01
3.20e-01
3.30e-01
3.40e-01
3.50e-01
3.60e-01
3.71e-01
3.82e-01
3.93e-01
4.05e-01
4.17e-01
4.29e-01
4.41e-01
4.54e-01
4.67e-01
4.81e-01
4.95e-01
5.09e-01
5.23e-01
5.38e-01
5.53e-01
5.69e-01
5.85e-01
6.01e-01
6.18e-01
6.35e-01
6.53e-01
6.71e-01
6.89e-01
7.08e-01
7.28e-01
7.47e-01
7.68e-01
7.89e-01
8.10e-01
8.32e-01
8.54e-01
8.77e-01
9.00e-01
9.24e-01
9.49e-01
9.74e-01
9.99e-01
1.03e+00
1.05e+00
1.08e+00
1.11e+00
1.14e+00
1.17e+00
1.20e+00
1.23e+00
1.26e+00
1.29e+00
1.33e+00
1.36e+00
1.40e+00
1.44e+00
1.47e+00
1.51e+00
1.55e+00
1.59e+00
1.63e+00
1.68e+00
1.72e+00
1.76e+00
1.81e+00
1.86e+00
1.90e+00
1.95e+00
2.00e+00
2.05e+00
2.10e+00
2.15e+00
2.20e+00
2.26e+00
2.31e+00
2.37e+00
2.42e+00
