-9.92e-01
-9.91e-01
-9.91e-01
-9.91e-01
-9.91e-01
-9.91e-01
-9.91e-01
-9.91e-01
-9.91e-01
-9.91e-01
-9.92e-01
-9.92e-01
-9.93e-01
-9.94e-01
-9.94e-01
-9.95e-01
-9.96e-01
-9.96e-01
-9.97e-01
-9.98e-01
-9.98e-01
-9.99e-01
-9.99e-01
-1.00e+00
-1.00e+00
-1.00e+00
-1.00e+00
-1.00e+00
-1.00e+00
-1.00e+00
-9.99e-01
-9.99e-01
-9.98e-01
-9.98e-01
-9.97e-01
-9.96e-01
-9.95e-01
-9.94e-01
-9.93e-01
-9.92e-01
-9.91e-01
-9.90e-01
-9.89e-01
-9.88e-01
-9.87e-01
-9.86e-01
-9.85e-01
-9.84e-01
-9.83e-01
-9.82e-01
-9.81e-01
-9.80e-01
-9.79e-01
-9.78e-01
-9.78e-01
-9.77e-01
-9.77e-01
-9.76e-01
-9.76e-01
-9.76e-01
-9.76e-01
-9.75e-01
-9.75e-01
-9.76e-01
-9.76e-01
-9.76e-01
-9.76e-01
-9.77e-01
-9.77e-01
-9.78e-01
-9.78e-01
-9.79e-01
-9.79e-01
-9.80e-01
-9.81e-01
-9.82e-01
-9.83e-01
-9.83e-01
-9.84e-01
-9.85e-01
-9.86e-01
-9.87e-01
-9.88e-01
-9.89e-01
-9.89e-01
-9.90e-01
-9.91e-01
-9.92e-01
-9.92e-01
-9.93e-01
-9.94e-01
-9.94e-01
-9.95e-01
-9.95e-01
-9.96e-01
-9.96e-01
-9.96e-01
-9.97e-01
-9.97e-01
-9.97e-01
-9.97e-01
-9.97e-01
-9.97e-01
-9.98e-01
-9.98e-01
-9.97e-01
-9.97e-01
-9.97e-01
-9.97e-01
-9.97e-01
-9.96e-01
-9.96e-01
-9.96e-01
-9.95e-01
-9.94e-01
-9.94e-01
-9.93e-01
-9.92e-01
-9.91e-01
-9.89e-01
-9.88e-01
-9.86e-01
-9.84e-01
-9.82e-01
-9.80e-01
-9.78e-01
-9.75e-01
-9.73e-01
-9.70e-01
-9.67e-01
-9.63e-01
-9.60e-01
-9.56e-01
-9.52e-01
-9.48e-01
-9.43e-01
-9.39e-01
-9.34e-01
-9.29e-01
-9.24e-01
-9.18e-01
-9.13e-01
-9.07e-01
-9.01e-01
-8.95e-01
-8.89e-01
-8.83e-01
-8.77e-01
-8.70e-01
-8.63e-01
-8.56e-01
-8.49e-01
-8.42e-01
-8.35e-01
-8.28e-01
-8.21e-01
-8.13e-01
-8.06e-01
-7.98e-01
-7.90e-01
-7.82e-01
-7.74e-01
-7.66e-01
-7.58e-01
-7.50e-01
-7.42e-01
-7.33e-01
-7.25e-01
-7.17e-01
-7.08e-01
-6.99e-01
-6.91e-01
-6.82e-01
-6.73e-01
-6.65e-01
-6.56e-01
-6.48e-01
-6.40e-01
-6.32e-01
-6.25e-01
-6.18e-01
