-9.92e-01
-9.91e-01
-9.91e-01
-9.90e-01
-9.90e-01
-9.90e-01
-9.89e-01
-9.89e-01
-9.89e-01
-9.89e-01
-9.89e-01
-9.90e-01
-9.90e-01
-9.91e-01
-9.91e-01
-9.91e-01
-9.92e-01
-9.92e-01
-9.93e-01
-9.93e-01
-9.93e-01
-9.94e-01
-9.94e-01
-9.94e-01
-9.95e-01
-9.95e-01
-9.95e-01
-9.95e-01
-9.96e-01
-9.96e-01
-9.96e-01
-9.96e-01
-9.97e-01
-9.97e-01
-9.97e-01
-9.97e-01
-9.97e-01
-9.98e-01
-9.98e-01
-9.98e-01
-9.98e-01
-9.98e-01
-9.98e-01
-9.98e-01
-9.99e-01
-9.99e-01
-9.99e-01
-9.99e-01
-9.99e-01
-9.99e-01
-9.99e-01
-9.99e-01
-9.99e-01
-9.99e-01
-9.99e-01
-9.99e-01
-1.00e+00
-1.00e+00
-1.00e+00
-1.00e+00
-1.00e+00
-1.00e+00
-1.00e+00
-1.00e+00
-1.00e+00
-1.00e+00
-1.00e+00
-1.00e+00
-1.00e+00
-1.00e+00
-1.00e+00
-1.00e+00
-1.00e+00
-1.00e+00
-1.00e+00
-1.00e+00
-1.00e+00
-1.00e+00
-9.99e-01
-9.99e-01
-9.98e-01
-9.97e-01
-9.96e-01
-9.93e-01
-9.90e-01
-9.85e-01
-9.78e-01
-9.70e-01
-9.59e-01
-9.46e-01
-9.30e-01
-9.12e-01
-8.91e-01
-8.68e-01
-8.41e-01
-8.13e-01
-7.81e-01
-7.48e-01
-7.13e-01
-6.76e-01
-6.38e-01
-5.99e-01
-5.59e-01
-5.19e-01
-4.78e-01
-4.38e-01
-3.99e-01
-3.59e-01
-3.21e-01
-2.84e-01
-2.49e-01
-2.14e-01
-1.82e-01
-1.51e-01
-1.22e-01
-9.52e-02
-7.04e-02
-4.78e-02
-2.75e-02
-9.55e-03
6.02e-03
1.92e-02
2.98e-02
3.80e-02
4.36e-02
4.67e-02
4.73e-02
4.53e-02
4.07e-02
3.35e-02
2.39e-02
1.16e-02
-3.12e-03
-2.03e-02
-4.00e-02
-6.20e-02
-8.64e-02
-1.13e-01
-1.42e-01
-1.73e-01
