9.93e-02
9.91e-02
9.87e-02
9.82e-02
9.76e-02
9.69e-02
9.62e-02
9.57e-02
9.53e-02
9.54e-02
9.58e-02
9.65e-02
9.71e-02
9.76e-02
9.80e-02
9.83e-02
9.84e-02
9.84e-02
9.82e-02
9.79e-02
9.75e-02
9.69e-02
9.63e-02
9.55e-02
9.46e-02
9.35e-02
9.24e-02
9.12e-02
8.98e-02
8.83e-02
8.68e-02
8.51e-02
8.33e-02
8.15e-02
7.95e-02
7.74e-02
7.53e-02
7.31e-02
7.07e-02
6.83e-02
6.58e-02
6.33e-02
6.06e-02
5.79e-02
5.51e-02
5.22e-02
4.93e-02
4.63e-02
4.32e-02
4.01e-02
3.69e-02
3.36e-02
3.02e-02
2.68e-02
2.34e-02
1.99e-02
1.63e-02
1.26e-02
8.94e-03
5.18e-03
1.36e-03
-2.51e-03
-6.45e-03
-1.04e-02
-1.45e-02
-1.86e-02
-2.28e-02
-2.71e-02
-3.14e-02
-3.58e-02
-4.03e-02
-4.49e-02
-4.96e-02
-5.44e-02
-5.94e-02
-6.46e-02
-7.01e-02
-7.61e-02
-8.30e-02
-9.14e-02
-1.01e-01
-1.13e-01
-1.26e-01
-1.41e-01
-1.57e-01
-1.74e-01
-1.93e-01
-2.14e-01
-2.36e-01
-2.59e-01
-2.83e-01
-3.08e-01
-3.35e-01
-3.62e-01
-3.91e-01
-4.20e-01
-4.50e-01
-4.81e-01
-5.13e-01
-5.45e-01
-5.78e-01
-6.11e-01
-6.45e-01
-6.80e-01
-7.15e-01
-7.51e-01
-7.87e-01
-8.24e-01
-8.62e-01
-9.00e-01
-9.39e-01
-9.79e-01
-1.02e+00
-1.06e+00
-1.10e+00
-1.14e+00
-1.19e+00
-1.23e+00
-1.28e+00
-1.32e+00
-1.37e+00
-1.42e+00
-1.47e+00
-1.52e+00
-1.57e+00
-1.62e+00
-1.67e+00
-1.72e+00
-1.78e+00
-1.83e+00
-1.89e+00
-1.95e+00
-2.01e+00
-2.06e+00
-2.12e+00
-2.19e+00
-2.25e+00
-2.31e+00
-2.37e+00
-2.44e+00
