9.93e-02
9.91e-02
9.88e-02
9.85e-02
9.82e-02
9.80e-02
9.77e-02
9.74e-02
9.71e-02
9.68e-02
9.65e-02
9.62e-02
9.59e-02
9.57e-02
9.54e-02
9.51e-02
9.48e-02
9.45e-02
9.42e-02
9.39e-02
9.37e-02
9.34e-02
9.31e-02
9.29e-02
9.27e-02
9.24e-02
9.22e-02
9.20e-02
9.18e-02
9.16e-02
9.14e-02
9.13e-02
9.11e-02
9.10e-02
9.09e-02
9.08e-02
9.07e-02
9.06e-02
9.05e-02
9.04e-02
9.03e-02
9.01e-02
9.00e-02
8.99e-02
8.97e-02
8.95e-02
8.93e-02
8.90e-02
8.87e-02
8.83e-02
8.78e-02
8.73e-02
8.67e-02
8.60e-02
8.53e-02
8.44e-02
8.34e-02
8.23e-02
8.11e-02
7.97e-02
7.83e-02
7.67e-02
7.50e-02
7.31e-02
7.12e-02
6.91e-02
6.68e-02
6.45e-02
6.21e-02
5.95e-02
5.69e-02
5.41e-02
5.13e-02
4.84e-02
4.55e-02
4.25e-02
3.94e-02
3.63e-02
3.32e-02
3.01e-02
2.70e-02
2.39e-02
2.08e-02
1.77e-02
1.46e-02
1.16e-02
8.63e-03
5.69e-03
2.80e-03
-3.37e-05
-2.81e-03
-5.53e-03
-8.18e-03
-1.08e-02
-1.33e-02
-1.57e-02
-1.81e-02
-2.04e-02
-2.26e-02
-2.47e-02
-2.68e-02
-2.88e-02
-3.07e-02
-3.25e-02
-3.42e-02
-3.59e-02
-3.75e-02
-3.90e-02
-4.04e-02
-4.17e-02
-4.29e-02
-4.41e-02
-4.51e-02
-4.61e-02
-4.70e-02
-4.78e-02
-4.84e-02
-4.90e-02
-4.95e-02
-4.99e-02
-5.02e-02
-5.04e-02
-5.04e-02
-5.04e-02
-5.02e-02
-4.99e-02
-4.96e-02
-4.91e-02
-4.85e-02
-4.77e-02
-4.69e-02
-4.59e-02
-4.49e-02
-4.37e-02
-4.24e-02
-4.11e-02
-3.96e-02
-3.81e-02
-3.64e-02
-3.47e-02
-3.30e-02
-3.11e-02
-2.93e-02
-2.74e-02
-2.55e-02
-2.36e-02
-2.17e-02
-1.98e-02
-1.79e-02
-1.61e-02
-1.44e-02
-1.27e-02
-1.11e-02
-9.65e-03
-8.28e-03
-7.04e-03
-5.93e-03
-4.95e-03
-4.12e-03
-3.43e-03
-2.88e-03
-2.47e-03
-2.19e-03
-2.05e-03
-2.03e-03
-2.11e-03
-2.30e-03
-2.58e-03
-2.93e-03
-3.34e-03
-3.80e-03
-4.28e-03
-4.79e-03
-5.29e-03
-5.78e-03
-6.25e-03
-6.68e-03
-7.05e-03
-7.37e-03
-7.62e-03
-7.78e-03
-7.86e-03
-7.85e-03
-7.73e-03
-7.52e-03
-7.19e-03
-6.76e-03
-6.21e-03
-5.55e-03
-4.78e-03
-3.90e-03
-2.91e-03
-1.81e-03
-6.02e-04
7.05e-04
2.11e-03
3.61e-03
5.21e-03
6.89e-03
8.66e-03
1.05e-02
1.24e-02
1.44e-02
1.65e-02
1.86e-02
2.08e-02
2.31e-02
2.54e-02
2.78e-02
3.02e-02
3.27e-02
3.52e-02
3.77e-02
4.03e-02
4.30e-02
4.57e-02
4.84e-02
5.12e-02
5.40e-02
5.68e-02
5.97e-02
6.26e-02
6.56e-02
6.85e-02
7.16e-02
7.46e-02
7.77e-02
8.08e-02
8.39e-02
8.71e-02
9.02e-02
9.34e-02
9.67e-02
9.99e-02
1.03e-01
1.06e-01
1.10e-01
1.13e-01
1.16e-01
1.19e-01
1.22e-01
1.25e-01
1.28e-01
1.31e-01
1.34e-01
1.37e-01
1.40e-01
1.42e-01
1.45e-01
1.47e-01
1.49e-01
1.51e-01
1.53e-01
1.55e-01
1.56e-01
1.58e-01
1.59e-01
1.60e-01
1.61e-01
1.61e-01
1.62e-01
1.62e-01
1.62e-01
1.62e-01
1.61e-01
1.61e-01
1.60e-01
1.60e-01
1.59e-01
1.58e-01
1.57e-01
1.55e-01
1.54e-01
1.53e-01
1.51e-01
1.50e-01
1.48e-01
1.47e-01
1.45e-01
1.44e-01
1.42e-01
1.40e-01
1.39e-01
1.37e-01
1.36e-01
1.34e-01
1.33e-01
1.31e-01
1.30e-01
1.28e-01
1.27e-01
1.25e-01
1.24e-01
1.22e-01
1.21e-01
1.19e-01
1.18e-01
1.17e-01
1.15e-01
1.14e-01
1.13e-01
1.11e-01
1.10e-01
1.09e-01
1.08e-01
1.06e-01
1.05e-01
1.04e-01
1.03e-01
1.01e-01
1.00e-01
9.91e-02
9.80e-02
9.68e-02
9.57e-02
9.47e-02
9.36e-02
9.26e-02
9.17e-02
9.08e-02
8.99e-02
8.91e-02
8.83e-02
8.77e-02
8.70e-02
8.65e-02
8.60e-02
8.56e-02
8.53e-02
8.51e-02
8.50e-02
8.49e-02
8.49e-02
8.51e-02
8.53e-02
8.56e-02
8.59e-02
8.64e-02
8.69e-02
8.75e-02
8.81e-02
8.88e-02
8.95e-02
9.03e-02
9.10e-02
9.17e-02
9.25e-02
9.31e-02
9.37e-02
9.43e-02
9.47e-02
9.50e-02
9.52e-02
9.53e-02
9.51e-02
9.48e-02
9.43e-02
9.36e-02
9.27e-02
9.15e-02
9.01e-02
8.85e-02
8.67e-02
8.46e-02
8.23e-02
7.98e-02
7.72e-02
7.43e-02
7.14e-02
6.83e-02
6.51e-02
6.18e-02
5.85e-02
5.51e-02
5.17e-02
4.83e-02
4.49e-02
4.15e-02
3.82e-02
3.50e-02
3.19e-02
2.88e-02
2.59e-02
2.31e-02
2.04e-02
1.78e-02
1.54e-02
1.31e-02
1.10e-02
8.95e-03
7.07e-03
5.34e-03
3.75e-03
2.29e-03
9.59e-04
-2.38e-04
-1.31e-03
-2.26e-03
-3.09e-03
-3.81e-03
-4.42e-03
-4.92e-03
-5.32e-03
-5.61e-03
-5.81e-03
-5.92e-03
-5.94e-03
-5.86e-03
-5.70e-03
-5.44e-03
-5.10e-03
-4.67e-03
-4.15e-03
-3.54e-03
-2.84e-03
-2.05e-03
-1.16e-03
-1.70e-04
9.20e-04
2.12e-03
3.42e-03
4.84e-03
6.37e-03
8.03e-03
9.81e-03
1.17e-02
1.38e-02
1.59e-02
1.82e-02
2.07e-02
2.33e-02
2.60e-02
2.89e-02
3.19e-02
3.51e-02
3.84e-02
4.18e-02
4.53e-02
4.89e-02
5.27e-02
5.65e-02
6.04e-02
6.44e-02
6.84e-02
7.24e-02
7.65e-02
8.05e-02
8.45e-02
8.84e-02
9.23e-02
9.60e-02
9.96e-02
1.03e-01
1.06e-01
1.09e-01
1.12e-01
1.15e-01
1.17e-01
1.19e-01
1.21e-01
1.22e-01
1.23e-01
1.24e-01
1.25e-01
1.25e-01
1.26e-01
1.26e-01
1.25e-01
1.25e-01
1.24e-01
1.24e-01
1.23e-01
1.22e-01
1.21e-01
1.20e-01
1.19e-01
1.18e-01
1.18e-01
1.17e-01
1.16e-01
1.16e-01
1.15e-01
1.15e-01
1.14e-01
1.14e-01
1.14e-01
1.14e-01
1.15e-01
1.15e-01
1.16e-01
1.16e-01
1.17e-01
1.18e-01
1.19e-01
1.20e-01
1.21e-01
1.23e-01
1.24e-01
1.25e-01
1.27e-01
1.29e-01
1.30e-01
1.32e-01
1.34e-01
1.35e-01
1.37e-01
1.39e-01
1.41e-01
1.43e-01
1.45e-01
1.46e-01
1.48e-01
1.50e-01
1.52e-01
1.54e-01
1.56e-01
1.58e-01
1.59e-01
1.61e-01
1.63e-01
1.65e-01
1.67e-01
1.68e-01
1.70e-01
1.72e-01
1.74e-01
1.76e-01
1.78e-01
1.80e-01
1.82e-01
1.83e-01
1.85e-01
1.87e-01
1.90e-01
1.92e-01
1.94e-01
1.96e-01
1.98e-01
2.01e-01
2.03e-01
2.05e-01
2.08e-01
2.10e-01
2.13e-01
2.15e-01
2.18e-01
2.20e-01
2.23e-01
2.25e-01
2.27e-01
2.30e-01
2.32e-01
2.34e-01
2.36e-01
2.38e-01
2.39e-01
2.41e-01
2.42e-01
2.43e-01
2.44e-01
2.44e-01
2.44e-01
2.44e-01
2.44e-01
2.43e-01
2.42e-01
2.40e-01
2.39e-01
2.37e-01
2.34e-01
2.32e-01
2.29e-01
2.26e-01
2.22e-01
2.19e-01
2.15e-01
2.12e-01
2.08e-01
2.04e-01
2.00e-01
1.96e-01
1.91e-01
1.87e-01
1.83e-01
1.79e-01
1.75e-01
1.71e-01
1.67e-01
1.64e-01
1.60e-01
1.56e-01
1.53e-01
1.49e-01
1.46e-01
1.43e-01
1.39e-01
1.36e-01
1.33e-01
1.30e-01
1.27e-01
1.25e-01
1.22e-01
1.19e-01
1.16e-01
1.14e-01
1.11e-01
1.09e-01
1.07e-01
1.04e-01
1.02e-01
9.96e-02
9.73e-02
9.51e-02
9.29e-02
9.08e-02
8.87e-02
8.67e-02
8.47e-02
8.28e-02
8.09e-02
7.91e-02
7.73e-02
7.57e-02
7.41e-02
7.26e-02
7.12e-02
7.00e-02
6.89e-02
6.79e-02
6.70e-02
6.64e-02
6.58e-02
6.55e-02
6.54e-02
6.55e-02
6.58e-02
6.63e-02
6.70e-02
6.80e-02
6.93e-02
7.07e-02
7.25e-02
7.45e-02
7.67e-02
7.91e-02
8.18e-02
8.47e-02
8.78e-02
9.11e-02
9.45e-02
9.81e-02
1.02e-01
1.06e-01
1.09e-01
1.13e-01
1.17e-01
1.21e-01
1.24e-01
1.28e-01
1.31e-01
1.35e-01
1.38e-01
1.40e-01
1.43e-01
1.45e-01
1.47e-01
1.48e-01
1.49e-01
1.50e-01
1.50e-01
1.50e-01
1.49e-01
1.48e-01
1.47e-01
1.45e-01
1.43e-01
1.41e-01
1.39e-01
1.36e-01
1.34e-01
1.31e-01
1.28e-01
1.25e-01
1.23e-01
1.20e-01
1.18e-01
1.15e-01
1.13e-01
1.11e-01
1.09e-01
1.07e-01
1.06e-01
1.05e-01
1.04e-01
1.03e-01
1.03e-01
1.03e-01
1.03e-01
1.04e-01
1.04e-01
1.05e-01
1.07e-01
1.08e-01
1.10e-01
1.12e-01
1.14e-01
1.16e-01
1.19e-01
1.22e-01
1.24e-01
1.27e-01
1.30e-01
1.33e-01
1.36e-01
1.39e-01
1.43e-01
1.46e-01
1.49e-01
1.53e-01
1.56e-01
1.59e-01
1.63e-01
1.66e-01
1.69e-01
1.73e-01
1.76e-01
1.79e-01
1.83e-01
1.86e-01
1.89e-01
1.93e-01
1.96e-01
1.99e-01
2.03e-01
2.06e-01
2.09e-01
2.13e-01
2.16e-01
2.20e-01
2.23e-01
2.27e-01
2.30e-01
2.34e-01
2.38e-01
2.42e-01
2.46e-01
2.50e-01
2.54e-01
2.58e-01
2.62e-01
2.66e-01
2.71e-01
2.75e-01
2.80e-01
2.84e-01
2.89e-01
2.94e-01
2.98e-01
3.03e-01
3.07e-01
3.12e-01
3.16e-01
3.20e-01
3.25e-01
3.28e-01
3.32e-01
3.36e-01
3.39e-01
3.42e-01
3.44e-01
3.46e-01
3.48e-01
3.49e-01
3.50e-01
3.51e-01
3.51e-01
3.50e-01
3.49e-01
3.48e-01
3.46e-01
3.44e-01
3.42e-01
3.39e-01
3.36e-01
3.33e-01
3.29e-01
3.26e-01
3.22e-01
3.18e-01
3.14e-01
3.10e-01
3.06e-01
3.02e-01
2.98e-01
2.94e-01
2.91e-01
2.87e-01
2.83e-01
2.80e-01
2.76e-01
2.73e-01
2.70e-01
2.67e-01
2.64e-01
2.61e-01
2.58e-01
2.55e-01
2.53e-01
2.50e-01
2.48e-01
2.45e-01
2.43e-01
2.41e-01
2.38e-01
2.36e-01
2.34e-01
2.32e-01
2.29e-01
2.27e-01
2.25e-01
2.23e-01
2.21e-01
2.18e-01
2.16e-01
2.14e-01
2.11e-01
2.09e-01
2.07e-01
2.04e-01
2.02e-01
1.99e-01
1.97e-01
1.95e-01
1.92e-01
1.90e-01
1.87e-01
1.85e-01
1.83e-01
1.81e-01
1.78e-01
1.76e-01
1.75e-01
1.73e-01
1.71e-01
1.70e-01
1.69e-01
1.68e-01
1.67e-01
1.66e-01
1.66e-01
1.66e-01
1.66e-01
1.67e-01
1.68e-01
1.69e-01
1.71e-01
1.73e-01
1.75e-01
1.78e-01
1.80e-01
1.83e-01
1.87e-01
1.90e-01
1.94e-01
1.98e-01
2.02e-01
2.06e-01
2.10e-01
2.14e-01
2.18e-01
2.22e-01
2.26e-01
2.30e-01
2.34e-01
2.37e-01
2.40e-01
2.43e-01
2.45e-01
2.47e-01
2.49e-01
2.50e-01
2.50e-01
2.50e-01
2.50e-01
2.49e-01
2.48e-01
2.46e-01
2.43e-01
2.40e-01
2.37e-01
2.33e-01
2.30e-01
2.25e-01
2.21e-01
2.16e-01
2.12e-01
2.07e-01
2.02e-01
1.97e-01
1.93e-01
1.88e-01
1.83e-01
1.79e-01
1.75e-01
1.71e-01
1.67e-01
1.64e-01
1.60e-01
1.58e-01
1.55e-01
1.53e-01
1.52e-01
1.50e-01
1.50e-01
1.49e-01
1.49e-01
1.49e-01
1.50e-01
1.51e-01
1.52e-01
1.54e-01
1.55e-01
1.57e-01
1.59e-01
1.62e-01
1.64e-01
1.67e-01
1.70e-01
1.72e-01
1.75e-01
1.78e-01
1.81e-01
1.84e-01
1.87e-01
1.90e-01
1.93e-01
1.96e-01
1.99e-01
2.02e-01
2.05e-01
2.08e-01
2.11e-01
2.14e-01
2.17e-01
2.20e-01
2.23e-01
2.26e-01
2.29e-01
2.32e-01
2.35e-01
2.38e-01
2.41e-01
2.44e-01
2.47e-01
2.51e-01
2.54e-01
2.58e-01
2.62e-01
2.66e-01
2.70e-01
2.74e-01
2.79e-01
2.84e-01
2.89e-01
2.94e-01
2.99e-01
3.05e-01
3.11e-01
3.17e-01
3.23e-01
3.30e-01
3.37e-01
3.43e-01
3.50e-01
3.57e-01
3.64e-01
3.71e-01
3.78e-01
3.85e-01
3.91e-01
3.98e-01
4.04e-01
4.10e-01
4.16e-01
4.22e-01
4.27e-01
4.31e-01
4.35e-01
4.39e-01
4.42e-01
4.45e-01
4.47e-01
4.48e-01
4.48e-01
4.48e-01
4.48e-01
4.47e-01
4.45e-01
4.43e-01
4.41e-01
4.38e-01
