-1.29e-01
-1.32e-01
-1.34e-01
-1.36e-01
-1.36e-01
-1.36e-01
-1.35e-01
-1.33e-01
-1.29e-01
-1.26e-01
-1.21e-01
-1.16e-01
-1.11e-01
-1.05e-01
-9.87e-02
-9.24e-02
-8.60e-02
-7.95e-02
-7.29e-02
-6.64e-02
-5.98e-02
-5.33e-02
-4.67e-02
-4.03e-02
-3.39e-02
-2.76e-02
-2.14e-02
-1.52e-02
-9.16e-03
-3.19e-03
2.69e-03
8.47e-03
1.41e-02
1.97e-02
2.52e-02
3.06e-02
3.59e-02
4.11e-02
4.62e-02
5.12e-02
5.61e-02
6.09e-02
6.56e-02
7.02e-02
7.47e-02
7.91e-02
8.34e-02
8.76e-02
9.18e-02
9.58e-02
9.98e-02
1.04e-01
1.07e-01
1.11e-01
1.15e-01
1.18e-01
1.22e-01
1.25e-01
1.29e-01
1.32e-01
1.35e-01
1.38e-01
1.41e-01
1.44e-01
1.47e-01
1.50e-01
1.53e-01
1.56e-01
1.59e-01
1.61e-01
1.64e-01
1.67e-01
1.69e-01
1.72e-01
1.75e-01
1.77e-01
1.80e-01
1.83e-01
1.85e-01
1.88e-01
1.91e-01
1.93e-01
1.96e-01
1.99e-01
2.02e-01
2.05e-01
2.07e-01
2.10e-01
2.13e-01
2.17e-01
2.20e-01
2.23e-01
2.26e-01
2.30e-01
2.33e-01
2.37e-01
2.41e-01
2.45e-01
2.49e-01
2.53e-01
2.57e-01
2.61e-01
2.65e-01
2.70e-01
2.75e-01
2.79e-01
2.84e-01
2.89e-01
2.95e-01
3.00e-01
3.05e-01
3.11e-01
3.17e-01
3.22e-01
3.28e-01
3.34e-01
3.41e-01
3.47e-01
3.54e-01
3.60e-01
3.67e-01
3.74e-01
3.81e-01
3.88e-01
3.96e-01
4.03e-01
4.11e-01
4.19e-01
4.27e-01
4.35e-01
4.43e-01
4.52e-01
4.60e-01
4.69e-01
4.78e-01
4.87e-01
4.96e-01
5.05e-01
5.14e-01
5.24e-01
5.34e-01
5.44e-01
5.54e-01
5.64e-01
5.74e-01
5.84e-01
5.95e-01
6.05e-01
6.16e-01
6.27e-01
6.38e-01
6.49e-01
6.60e-01
6.71e-01
6.83e-01
6.94e-01
7.05e-01
7.16e-01
7.26e-01
7.36e-01
7.46e-01
7.56e-01
7.65e-01
7.74e-01
7.82e-01
7.90e-01
7.98e-01
8.05e-01
8.11e-01
8.17e-01
8.23e-01
8.28e-01
8.32e-01
