-9.92e-01
-9.91e-01
-9.91e-01
-9.91e-01
-9.90e-01
-9.90e-01
-9.90e-01
-9.89e-01
-9.89e-01
-9.89e-01
-9.89e-01
-9.89e-01
-9.89e-01
-9.88e-01
-9.88e-01
-9.88e-01
-9.88e-01
-9.88e-01
-9.88e-01
-9.89e-01
-9.89e-01
-9.89e-01
-9.89e-01
-9.89e-01
-9.90e-01
-9.90e-01
-9.90e-01
-9.91e-01
-9.91e-01
-9.91e-01
-9.92e-01
-9.93e-01
-9.93e-01
-9.94e-01
-9.95e-01
-9.95e-01
-9.96e-01
-9.97e-01
-9.98e-01
-9.99e-01
-9.99e-01
-1.00e+00
-1.00e+00
-1.00e+00
-9.98e-01
-9.96e-01
-9.92e-01
-9.86e-01
-9.78e-01
-9.68e-01
-9.56e-01
-9.40e-01
-9.22e-01
-9.01e-01
-8.78e-01
-8.52e-01
-8.25e-01
-7.95e-01
-7.64e-01
-7.33e-01
-7.00e-01
-6.67e-01
-6.35e-01
-6.02e-01
-5.71e-01
-5.41e-01
-5.12e-01
-4.84e-01
-4.58e-01
-4.34e-01
-4.13e-01
-3.93e-01
-3.76e-01
-3.61e-01
-3.49e-01
-3.39e-01
-3.33e-01
-3.30e-01
-3.30e-01
-3.33e-01
-3.39e-01
-3.48e-01
-3.60e-01
-3.75e-01
-3.93e-01
-4.13e-01
-4.36e-01
-4.61e-01
-4.88e-01
-5.17e-01
-5.48e-01
-5.80e-01
-6.14e-01
-6.49e-01
-6.84e-01
-7.20e-01
-7.57e-01
-7.92e-01
-8.27e-01
-8.60e-01
-8.91e-01
-9.19e-01
-9.43e-01
-9.64e-01
-9.80e-01
-9.92e-01
-9.98e-01
-1.00e+00
-9.96e-01
-9.88e-01
-9.76e-01
-9.60e-01
-9.40e-01
-9.19e-01
-8.95e-01
-8.71e-01
-8.45e-01
-8.19e-01
-7.93e-01
-7.67e-01
-7.42e-01
-7.17e-01
-6.93e-01
-6.71e-01
-6.49e-01
-6.29e-01
-6.11e-01
-5.93e-01
-5.77e-01
-5.63e-01
-5.49e-01
-5.37e-01
-5.26e-01
-5.17e-01
-5.08e-01
-5.00e-01
-4.93e-01
-4.87e-01
-4.82e-01
-4.78e-01
-4.75e-01
-4.72e-01
-4.71e-01
-4.70e-01
-4.70e-01
-4.72e-01
-4.74e-01
-4.77e-01
-4.81e-01
-4.87e-01
-4.93e-01
-5.00e-01
-5.07e-01
-5.16e-01
-5.26e-01
-5.37e-01
-5.49e-01
-5.62e-01
-5.77e-01
-5.93e-01
-6.11e-01
-6.30e-01
-6.51e-01
-6.73e-01
-6.96e-01
-7.20e-01
-7.46e-01
-7.72e-01
-7.99e-01
-8.26e-01
-8.53e-01
-8.79e-01
-9.05e-01
-9.29e-01
-9.51e-01
-9.70e-01
-9.85e-01
-9.95e-01
-1.00e+00
-9.98e-01
-9.90e-01
-9.74e-01
-9.50e-01
-9.20e-01
-8.82e-01
-8.39e-01
-7.92e-01
-7.40e-01
-6.85e-01
-6.29e-01
-5.71e-01
-5.14e-01
-4.56e-01
-4.00e-01
-3.45e-01
-2.91e-01
-2.39e-01
-1.90e-01
-1.42e-01
-9.76e-02
-5.53e-02
-1.54e-02
2.19e-02
5.68e-02
8.91e-02
1.19e-01
1.47e-01
1.72e-01
1.95e-01
2.15e-01
2.34e-01
2.51e-01
2.65e-01
2.78e-01
2.89e-01
2.99e-01
3.07e-01
3.13e-01
3.18e-01
3.21e-01
3.23e-01
3.23e-01
3.21e-01
3.18e-01
3.14e-01
3.08e-01
3.00e-01
2.91e-01
2.81e-01
2.68e-01
2.54e-01
2.37e-01
2.19e-01
1.98e-01
1.74e-01
1.49e-01
1.21e-01
9.01e-02
5.69e-02
2.12e-02
-1.70e-02
-5.77e-02
-1.01e-01
-1.46e-01
-1.93e-01
-2.42e-01
-2.93e-01
-3.45e-01
-3.97e-01
-4.51e-01
-5.04e-01
-5.57e-01
-6.09e-01
-6.59e-01
-7.08e-01
-7.54e-01
-7.98e-01
-8.38e-01
-8.74e-01
-9.06e-01
-9.33e-01
-9.56e-01
-9.73e-01
-9.86e-01
-9.95e-01
-9.99e-01
-1.00e+00
-9.98e-01
-9.93e-01
-9.87e-01
-9.80e-01
-9.72e-01
-9.64e-01
-9.57e-01
-9.51e-01
-9.46e-01
-9.42e-01
-9.40e-01
-9.39e-01
-9.40e-01
-9.43e-01
-9.47e-01
-9.53e-01
-9.59e-01
-9.66e-01
-9.74e-01
-9.81e-01
-9.89e-01
-9.94e-01
-9.98e-01
-1.00e+00
-9.98e-01
-9.93e-01
-9.82e-01
-9.67e-01
-9.46e-01
-9.20e-01
-8.88e-01
-8.50e-01
-8.08e-01
-7.61e-01
-7.10e-01
-6.56e-01
-6.00e-01
-5.41e-01
-4.81e-01
-4.21e-01
-3.60e-01
-3.00e-01
-2.41e-01
-1.83e-01
-1.28e-01
-7.38e-02
-2.24e-02
2.66e-02
7.31e-02
1.17e-01
1.58e-01
1.97e-01
2.33e-01
2.67e-01
2.99e-01
3.28e-01
3.55e-01
3.80e-01
4.03e-01
4.25e-01
4.45e-01
4.63e-01
4.81e-01
4.97e-01
5.12e-01
5.27e-01
5.40e-01
5.53e-01
5.65e-01
5.76e-01
5.87e-01
5.97e-01
6.07e-01
6.16e-01
6.25e-01
6.33e-01
6.41e-01
6.49e-01
6.56e-01
6.63e-01
6.70e-01
6.77e-01
6.83e-01
6.90e-01
6.96e-01
7.02e-01
7.09e-01
7.15e-01
7.21e-01
7.27e-01
7.33e-01
7.40e-01
7.46e-01
7.52e-01
7.59e-01
7.66e-01
7.73e-01
7.80e-01
7.87e-01
7.95e-01
8.03e-01
8.11e-01
8.19e-01
8.27e-01
8.36e-01
8.46e-01
8.55e-01
8.65e-01
8.75e-01
8.85e-01
8.96e-01
9.06e-01
9.17e-01
9.28e-01
9.39e-01
9.49e-01
9.60e-01
9.70e-01
9.79e-01
9.86e-01
9.93e-01
9.98e-01
1.00e+00
9.99e-01
9.95e-01
9.87e-01
9.73e-01
9.54e-01
9.29e-01
8.97e-01
8.57e-01
8.11e-01
7.57e-01
6.96e-01
6.29e-01
5.56e-01
4.78e-01
3.95e-01
3.08e-01
2.17e-01
1.23e-01
2.66e-02
-7.20e-02
-1.72e-01
-2.73e-01
-3.75e-01
-4.76e-01
-5.75e-01
-6.71e-01
-7.62e-01
-8.44e-01
-9.13e-01
-9.66e-01
-9.95e-01
-9.97e-01
-9.66e-01
-9.03e-01
-8.11e-01
-6.96e-01
-5.65e-01
-4.23e-01
-2.76e-01
-1.27e-01
2.04e-02
1.64e-01
3.03e-01
4.34e-01
5.55e-01
6.66e-01
7.64e-01
8.48e-01
9.15e-01
9.64e-01
9.92e-01
1.00e+00
9.85e-01
9.49e-01
8.94e-01
8.23e-01
7.39e-01
6.45e-01
5.42e-01
4.34e-01
3.20e-01
2.04e-01
8.39e-02
-3.78e-02
-1.61e-01
-2.84e-01
-4.06e-01
-5.25e-01
-6.40e-01
-7.47e-01
-8.42e-01
-9.20e-01
-9.75e-01
-9.99e-01
-9.86e-01
-9.32e-01
-8.40e-01
-7.18e-01
-5.74e-01
-4.17e-01
-2.54e-01
-8.89e-02
7.41e-02
2.32e-01
3.83e-01
5.23e-01
6.50e-01
7.62e-01
8.57e-01
9.30e-01
9.78e-01
9.99e-01
9.90e-01
9.51e-01
8.84e-01
7.94e-01
6.85e-01
5.62e-01
4.29e-01
2.89e-01
1.45e-01
-1.91e-03
-1.50e-01
-2.97e-01
-4.41e-01
-5.79e-01
-7.07e-01
-8.21e-01
-9.14e-01
-9.77e-01
-1.00e+00
-9.74e-01
-8.98e-01
-7.77e-01
-6.24e-01
-4.52e-01
-2.70e-01
-8.53e-02
9.68e-02
2.72e-01
4.38e-01
5.91e-01
7.27e-01
8.42e-01
9.30e-01
9.85e-01
9.99e-01
9.66e-01
8.85e-01
7.61e-01
6.05e-01
4.28e-01
2.38e-01
4.19e-02
-1.55e-01
-3.48e-01
-5.31e-01
-6.97e-01
-8.39e-01
-9.43e-01
-9.97e-01
-9.83e-01
-8.95e-01
-7.45e-01
-5.55e-01
-3.45e-01
-1.29e-01
8.36e-02
2.88e-01
4.79e-01
6.52e-01
8.00e-01
9.15e-01
9.85e-01
9.97e-01
9.42e-01
8.22e-01
6.50e-01
4.46e-01
2.23e-01
-5.88e-03
-2.33e-01
-4.51e-01
-6.50e-01
-8.18e-01
-9.40e-01
-9.98e-01
-9.72e-01
-8.59e-01
-6.78e-01
-4.60e-01
-2.29e-01
3.08e-03
2.27e-01
4.37e-01
6.28e-01
7.91e-01
9.15e-01
9.88e-01
9.93e-01
9.20e-01
7.74e-01
5.76e-01
3.48e-01
1.06e-01
-1.38e-01
-3.74e-01
-5.92e-01
-7.79e-01
-9.20e-01
-9.94e-01
-9.79e-01
-8.68e-01
-6.79e-01
-4.51e-01
-2.08e-01
3.41e-02
2.67e-01
4.83e-01
6.76e-01
8.36e-01
9.49e-01
9.99e-01
9.69e-01
8.54e-01
6.70e-01
4.42e-01
1.94e-01
-5.94e-02
-3.08e-01
-5.39e-01
-7.42e-01
-8.99e-01
-9.89e-01
-9.85e-01
-8.76e-01
-6.80e-01
-4.37e-01
-1.79e-01
7.73e-02
3.22e-01
5.46e-01
7.40e-01
8.91e-01
9.83e-01
9.93e-01
9.08e-01
7.36e-01
5.05e-01
2.46e-01
-2.17e-02
-2.84e-01
-5.29e-01
-7.43e-01
-9.06e-01
-9.93e-01
-9.74e-01
-8.35e-01
-6.04e-01
-3.30e-01
-4.64e-02
2.29e-01
4.83e-01
7.04e-01
8.78e-01
9.82e-01
9.90e-01
8.84e-01
6.77e-01
4.12e-01
1.25e-01
-1.63e-01
-4.36e-01
-6.79e-01
-8.72e-01
-9.85e-01
-9.81e-01
-8.36e-01
-5.78e-01
-2.71e-01
4.20e-02
3.40e-01
6.05e-01
8.21e-01
9.62e-01
9.97e-01
8.97e-01
6.75e-01
3.86e-01
7.56e-02
-2.30e-01
-5.14e-01
-7.57e-01
-9.32e-01
-1.00e+00
-9.19e-01
-6.88e-01
-3.73e-01
-3.79e-02
2.85e-01
5.74e-01
8.09e-01
9.61e-01
9.95e-01
8.80e-01
6.35e-01
3.25e-01
1.49e-03
-3.12e-01
-5.95e-01
-8.27e-01
-9.73e-01
-9.86e-01
-8.31e-01
-5.41e-01
-1.99e-01
1.43e-01
4.60e-01
7.27e-01
9.19e-01
1.00e+00
9.29e-01
7.08e-01
4.01e-01
6.97e-02
-2.54e-01
-5.51e-01
-7.97e-01
-9.60e-01
-9.93e-01
-8.52e-01
-5.64e-01
-2.16e-01
1.33e-01
4.56e-01
7.29e-01
9.23e-01
1.00e+00
9.19e-01
6.85e-01
3.67e-01
2.87e-02
-2.99e-01
-5.94e-01
-8.33e-01
-9.78e-01
-9.79e-01
-7.97e-01
-4.82e-01
-1.23e-01
2.27e-01
5.43e-01
7.99e-01
9.63e-01
9.91e-01
8.49e-01
5.66e-01
2.25e-01
-1.20e-01
-4.43e-01
-7.22e-01
-9.23e-01
-1.00e+00
-8.99e-01
-6.22e-01
-2.64e-01
1.01e-01
4.40e-01
7.25e-01
9.26e-01
1.00e+00
8.99e-01
6.31e-01
2.83e-01
-7.70e-02
-4.16e-01
-7.09e-01
-9.21e-01
-1.00e+00
-8.88e-01
-5.92e-01
-2.17e-01
1.59e-01
5.01e-01
7.81e-01
9.61e-01
9.89e-01
8.21e-01
4.96e-01
1.17e-01
-2.55e-01
-5.89e-01
-8.51e-01
-9.91e-01
-9.44e-01
-6.79e-01
-2.94e-01
1.03e-01
4.66e-01
7.64e-01
9.58e-01
9.88e-01
8.03e-01
4.49e-01
4.68e-02
-3.40e-01
-6.74e-01
-9.15e-01
-9.99e-01
-8.56e-01
-5.05e-01
-8.93e-02
3.08e-01
6.50e-01
8.99e-01
1.00e+00
8.84e-01
5.56e-01
1.42e-01
-2.66e-01
-6.24e-01
-8.90e-01
-1.00e+00
-8.76e-01
-5.26e-01
-9.96e-02
3.07e-01
6.56e-01
9.07e-01
1.00e+00
8.64e-01
5.14e-01
8.83e-02
-3.23e-01
-6.77e-01
-9.25e-01
-9.96e-01
-8.15e-01
-4.27e-01
5.93e-03
4.06e-01
7.37e-01
9.53e-01
9.86e-01
7.73e-01
3.78e-01
-5.49e-02
-4.56e-01
-7.82e-01
-9.76e-01
-9.59e-01
-6.78e-01
-2.53e-01
1.76e-01
5.55e-01
8.46e-01
9.94e-01
9.23e-01
6.08e-01
1.79e-01
-2.48e-01
-6.22e-01
-8.96e-01
-1.00e+00
-8.51e-01
-4.71e-01
-3.03e-02
3.81e-01
7.22e-01
9.48e-01
9.87e-01
7.75e-01
3.72e-01
-6.70e-02
-4.72e-01
-7.97e-01
-9.83e-01
-9.45e-01
-6.37e-01
-1.98e-01
2.35e-01
6.11e-01
8.86e-01
1.00e+00
8.72e-01
5.07e-01
6.24e-02
-3.62e-01
-7.18e-01
-9.52e-01
-9.81e-01
-7.31e-01
-2.97e-01
1.51e-01
5.48e-01
8.50e-01
9.97e-01
9.04e-01
5.54e-01
1.02e-01
-3.34e-01
-7.01e-01
-9.46e-01
-9.83e-01
-7.31e-01
-2.84e-01
1.76e-01
5.78e-01
8.75e-01
1.00e+00
8.63e-01
4.72e-01
5.11e-03
-4.29e-01
-7.80e-01
-9.82e-01
-9.37e-01
-5.91e-01
-1.09e-01
3.48e-01
7.24e-01
9.60e-01
9.70e-01
6.80e-01
2.12e-01
-2.56e-01
-6.56e-01
-9.30e-01
-9.87e-01
-7.29e-01
-2.51e-01
2.34e-01
6.46e-01
9.26e-01
9.90e-01
7.46e-01
2.79e-01
-2.03e-01
-6.20e-01
-9.14e-01
-9.93e-01
-7.51e-01
-2.67e-01
2.28e-01
6.47e-01
9.30e-01
9.87e-01
7.27e-01
2.49e-01
-2.36e-01
-6.50e-01
-9.32e-01
-9.84e-01
-7.05e-01
-2.06e-01
2.88e-01
6.96e-01
9.55e-01
9.68e-01
6.57e-01
1.65e-01
-3.14e-01
-7.12e-01
-9.62e-01
-9.59e-01
-6.18e-01
-1.06e-01
3.77e-01
7.63e-01
9.81e-01
9.31e-01
5.59e-01
5.95e-02
-4.07e-01
-7.80e-01
-9.87e-01
-9.14e-01
-5.11e-01
3.81e-03
4.71e-01
8.27e-01
9.97e-01
8.75e-01
4.52e-01
-4.74e-02
-4.98e-01
-8.43e-01
-9.99e-01
-8.51e-01
-4.00e-01
1.12e-01
5.60e-01
8.83e-01
9.99e-01
8.03e-01
3.43e-01
-1.53e-01
-5.86e-01
-8.98e-01
-9.96e-01
-7.69e-01
-2.81e-01
2.23e-01
6.48e-01
9.33e-01
9.84e-01
7.08e-01
2.18e-01
-2.70e-01
-6.81e-01
-9.49e-01
-9.71e-01
-6.49e-01
-1.35e-01
3.55e-01
7.49e-01
9.78e-01
9.36e-01
5.64e-01
5.43e-02
-4.20e-01
-7.95e-01
-9.92e-01
-8.93e-01
-4.60e-01
6.36e-02
5.27e-01
8.68e-01
1.00e+00
8.12e-01
3.38e-01
