9.93e-02
9.91e-02
9.89e-02
9.90e-02
9.92e-02
9.95e-02
1.00e-01
1.01e-01
1.02e-01
1.03e-01
1.04e-01
1.05e-01
1.07e-01
1.08e-01
1.10e-01
1.12e-01
1.14e-01
1.16e-01
1.18e-01
1.20e-01
1.22e-01
1.25e-01
1.27e-01
1.29e-01
1.32e-01
1.34e-01
1.37e-01
1.39e-01
1.42e-01
1.45e-01
1.47e-01
1.50e-01
1.52e-01
1.55e-01
1.57e-01
1.60e-01
1.62e-01
1.65e-01
1.67e-01
1.70e-01
1.72e-01
1.75e-01
1.77e-01
1.80e-01
1.82e-01
1.85e-01
1.87e-01
1.90e-01
1.92e-01
1.95e-01
1.97e-01
2.00e-01
2.03e-01
2.05e-01
2.08e-01
2.11e-01
2.14e-01
2.17e-01
2.20e-01
2.23e-01
2.26e-01
2.29e-01
2.32e-01
2.35e-01
2.39e-01
2.42e-01
2.46e-01
2.49e-01
2.53e-01
2.57e-01
2.61e-01
2.64e-01
2.68e-01
2.73e-01
2.77e-01
2.81e-01
2.85e-01
2.90e-01
2.94e-01
2.99e-01
3.04e-01
3.09e-01
3.14e-01
3.19e-01
3.24e-01
3.30e-01
3.35e-01
3.41e-01
3.47e-01
3.53e-01
3.59e-01
3.65e-01
3.72e-01
3.79e-01
3.86e-01
3.93e-01
4.00e-01
4.08e-01
4.16e-01
4.24e-01
4.33e-01
4.41e-01
4.50e-01
4.59e-01
4.69e-01
4.79e-01
4.89e-01
5.00e-01
5.11e-01
5.22e-01
5.33e-01
5.45e-01
5.57e-01
5.70e-01
5.83e-01
5.96e-01
6.10e-01
6.24e-01
6.38e-01
6.53e-01
6.67e-01
6.83e-01
6.98e-01
7.14e-01
7.30e-01
7.47e-01
7.64e-01
7.81e-01
7.98e-01
8.16e-01
8.34e-01
8.53e-01
8.72e-01
8.91e-01
9.10e-01
9.30e-01
9.50e-01
9.71e-01
9.92e-01
1.01e+00
1.03e+00
1.06e+00
1.08e+00
1.10e+00
1.13e+00
1.15e+00
1.17e+00
1.20e+00
1.22e+00
1.25e+00
1.28e+00
1.30e+00
1.33e+00
1.36e+00
1.39e+00
1.42e+00
1.45e+00
1.48e+00
1.51e+00
1.54e+00
1.57e+00
1.61e+00
1.64e+00
1.68e+00
1.71e+00
1.75e+00
1.79e+00
1.82e+00
1.86e+00
1.90e+00
1.94e+00
1.99e+00
2.03e+00
2.07e+00
2.12e+00
2.16e+00
2.21e+00
2.26e+00
2.30e+00
2.35e+00
2.40e+00
