-1.29e-01
-1.32e-01
-1.35e-01
-1.37e-01
-1.39e-01
-1.41e-01
-1.42e-01
-1.44e-01
-1.44e-01
-1.45e-01
-1.45e-01
-1.44e-01
-1.44e-01
-1.43e-01
-1.41e-01
-1.39e-01
-1.37e-01
-1.35e-01
-1.32e-01
-1.29e-01
-1.26e-01
-1.22e-01
-1.18e-01
-1.13e-01
-1.09e-01
-1.04e-01
-9.83e-02
-9.27e-02
-8.68e-02
-8.06e-02
-7.42e-02
-6.76e-02
-6.08e-02
-5.37e-02
-4.65e-02
-3.91e-02
-3.16e-02
-2.40e-02
-1.63e-02
-8.53e-03
-7.32e-04
7.06e-03
1.48e-02
2.25e-02
3.01e-02
3.76e-02
4.49e-02
5.20e-02
5.89e-02
6.55e-02
7.18e-02
7.77e-02
8.33e-02
8.84e-02
9.32e-02
9.74e-02
1.01e-01
1.04e-01
1.07e-01
1.09e-01
1.11e-01
1.12e-01
1.12e-01
1.12e-01
1.11e-01
1.10e-01
1.08e-01
1.06e-01
1.03e-01
9.91e-02
9.51e-02
9.06e-02
8.57e-02
8.04e-02
7.47e-02
6.87e-02
6.24e-02
5.58e-02
4.91e-02
4.21e-02
3.50e-02
2.78e-02
2.06e-02
1.34e-02
6.12e-03
-1.07e-03
-8.18e-03
-1.52e-02
-2.20e-02
-2.87e-02
-3.52e-02
-4.14e-02
-4.74e-02
-5.31e-02
-5.85e-02
-6.36e-02
-6.84e-02
-7.29e-02
-7.70e-02
-8.07e-02
-8.40e-02
-8.69e-02
-8.95e-02
-9.16e-02
-9.33e-02
-9.46e-02
-9.54e-02
-9.58e-02
-9.58e-02
-9.53e-02
-9.44e-02
-9.30e-02
-9.11e-02
-8.88e-02
-8.61e-02
-8.29e-02
-7.93e-02
-7.52e-02
-7.06e-02
-6.56e-02
-6.02e-02
-5.44e-02
-4.81e-02
-4.14e-02
-3.44e-02
-2.69e-02
-1.91e-02
-1.09e-02
-2.41e-03
6.42e-03
1.55e-02
2.49e-02
3.45e-02
4.43e-02
5.43e-02
6.44e-02
7.46e-02
8.49e-02
9.51e-02
1.05e-01
1.15e-01
1.25e-01
1.35e-01
1.45e-01
1.54e-01
1.63e-01
1.72e-01
1.80e-01
1.87e-01
1.94e-01
2.01e-01
2.06e-01
2.11e-01
2.16e-01
2.19e-01
2.22e-01
2.24e-01
2.25e-01
2.25e-01
2.24e-01
2.22e-01
2.20e-01
2.17e-01
2.12e-01
2.07e-01
2.02e-01
1.95e-01
1.88e-01
1.80e-01
1.71e-01
1.62e-01
1.53e-01
1.43e-01
1.32e-01
1.22e-01
1.11e-01
9.94e-02
8.80e-02
7.65e-02
6.50e-02
5.34e-02
4.19e-02
3.05e-02
1.93e-02
8.23e-03
-2.62e-03
-1.32e-02
-2.35e-02
-3.35e-02
-4.32e-02
-5.25e-02
-6.14e-02
-6.99e-02
-7.79e-02
-8.56e-02
-9.28e-02
-9.96e-02
-1.06e-01
-1.12e-01
-1.17e-01
-1.22e-01
-1.26e-01
-1.30e-01
-1.34e-01
-1.37e-01
-1.39e-01
-1.41e-01
-1.43e-01
-1.44e-01
-1.44e-01
-1.45e-01
-1.44e-01
-1.43e-01
-1.42e-01
-1.40e-01
-1.38e-01
-1.36e-01
-1.33e-01
-1.29e-01
-1.25e-01
-1.21e-01
-1.16e-01
-1.11e-01
-1.06e-01
-9.99e-02
-9.38e-02
-8.73e-02
-8.06e-02
-7.35e-02
-6.62e-02
-5.87e-02
-5.09e-02
-4.30e-02
-3.49e-02
-2.67e-02
-1.84e-02
-1.01e-02
-1.69e-03
6.65e-03
1.49e-02
2.31e-02
3.11e-02
3.89e-02
4.65e-02
5.38e-02
6.08e-02
6.73e-02
7.35e-02
7.92e-02
8.44e-02
8.90e-02
9.31e-02
9.65e-02
9.93e-02
1.01e-01
1.03e-01
1.03e-01
1.03e-01
1.03e-01
1.01e-01
9.90e-02
9.61e-02
9.25e-02
8.82e-02
8.33e-02
7.77e-02
7.16e-02
6.49e-02
5.78e-02
5.02e-02
4.22e-02
3.38e-02
2.51e-02
1.61e-02
6.97e-03
-2.36e-03
-1.18e-02
-2.13e-02
-3.09e-02
-4.04e-02
-4.99e-02
-5.93e-02
-6.85e-02
-7.76e-02
-8.65e-02
-9.51e-02
-1.04e-01
-1.12e-01
-1.19e-01
-1.27e-01
-1.34e-01
-1.41e-01
-1.47e-01
-1.53e-01
-1.59e-01
-1.64e-01
-1.69e-01
-1.73e-01
-1.77e-01
-1.80e-01
-1.83e-01
-1.86e-01
-1.88e-01
-1.89e-01
-1.91e-01
-1.91e-01
-1.91e-01
-1.91e-01
-1.90e-01
-1.89e-01
-1.87e-01
-1.84e-01
-1.81e-01
-1.78e-01
-1.74e-01
-1.70e-01
-1.65e-01
-1.60e-01
-1.54e-01
-1.47e-01
-1.40e-01
-1.33e-01
-1.25e-01
-1.17e-01
-1.08e-01
-9.83e-02
-8.85e-02
-7.82e-02
-6.75e-02
-5.64e-02
-4.50e-02
-3.31e-02
-2.09e-02
-8.47e-03
4.28e-03
1.73e-02
3.04e-02
4.37e-02
5.71e-02
7.05e-02
8.40e-02
9.73e-02
1.11e-01
1.24e-01
1.36e-01
1.49e-01
1.61e-01
1.72e-01
1.83e-01
1.93e-01
2.03e-01
2.12e-01
2.20e-01
2.27e-01
2.33e-01
2.39e-01
2.43e-01
2.46e-01
2.48e-01
2.49e-01
2.49e-01
2.47e-01
2.45e-01
2.41e-01
2.37e-01
2.31e-01
2.24e-01
2.17e-01
2.08e-01
1.99e-01
1.89e-01
1.78e-01
1.66e-01
1.54e-01
1.42e-01
1.29e-01
1.16e-01
1.02e-01
8.86e-02
7.49e-02
6.11e-02
4.74e-02
3.38e-02
2.04e-02
7.18e-03
-5.75e-03
-1.84e-02
-3.06e-02
-4.25e-02
-5.39e-02
-6.49e-02
-7.53e-02
-8.53e-02
-9.47e-02
-1.04e-01
-1.12e-01
-1.20e-01
-1.27e-01
-1.33e-01
-1.39e-01
-1.45e-01
-1.50e-01
-1.54e-01
-1.57e-01
-1.60e-01
-1.63e-01
-1.64e-01
-1.66e-01
-1.66e-01
-1.66e-01
-1.65e-01
-1.64e-01
-1.62e-01
-1.59e-01
-1.56e-01
-1.52e-01
-1.48e-01
-1.43e-01
-1.37e-01
-1.31e-01
-1.24e-01
-1.17e-01
-1.09e-01
-1.00e-01
-9.08e-02
-8.09e-02
-7.06e-02
-5.97e-02
-4.82e-02
-3.63e-02
-2.39e-02
-1.10e-02
2.25e-03
1.59e-02
2.99e-02
4.41e-02
5.86e-02
7.33e-02
8.81e-02
1.03e-01
1.18e-01
1.33e-01
1.47e-01
1.61e-01
1.75e-01
1.89e-01
2.02e-01
2.15e-01
2.26e-01
2.38e-01
2.48e-01
2.57e-01
2.66e-01
2.73e-01
2.79e-01
2.84e-01
2.88e-01
2.90e-01
2.92e-01
2.91e-01
2.90e-01
2.87e-01
2.83e-01
2.78e-01
2.71e-01
2.63e-01
2.54e-01
2.44e-01
2.33e-01
2.21e-01
2.08e-01
1.94e-01
1.80e-01
1.64e-01
1.49e-01
1.33e-01
1.16e-01
9.98e-02
8.30e-02
6.61e-02
4.93e-02
3.25e-02
1.58e-02
-5.79e-04
-1.67e-02
-3.25e-02
-4.80e-02
-6.29e-02
-7.75e-02
-9.15e-02
-1.05e-01
-1.18e-01
-1.30e-01
-1.42e-01
-1.53e-01
-1.64e-01
-1.74e-01
-1.83e-01
-1.92e-01
-2.00e-01
-2.08e-01
-2.15e-01
-2.21e-01
-2.26e-01
-2.31e-01
-2.36e-01
-2.40e-01
-2.43e-01
-2.46e-01
-2.48e-01
-2.49e-01
-2.50e-01
-2.50e-01
-2.50e-01
-2.49e-01
-2.47e-01
-2.45e-01
-2.43e-01
-2.39e-01
-2.36e-01
-2.31e-01
-2.26e-01
-2.21e-01
-2.15e-01
-2.08e-01
-2.01e-01
-1.93e-01
-1.85e-01
-1.76e-01
-1.67e-01
-1.57e-01
-1.47e-01
-1.36e-01
-1.25e-01
-1.13e-01
-1.01e-01
-8.80e-02
-7.50e-02
-6.17e-02
-4.81e-02
-3.42e-02
-2.01e-02
-5.87e-03
8.48e-03
2.29e-02
3.73e-02
5.15e-02
6.57e-02
7.96e-02
9.32e-02
1.06e-01
1.19e-01
1.31e-01
1.43e-01
1.54e-01
1.64e-01
1.73e-01
1.81e-01
1.89e-01
1.95e-01
2.00e-01
2.04e-01
2.07e-01
2.08e-01
2.08e-01
2.07e-01
2.05e-01
2.01e-01
1.96e-01
1.90e-01
1.83e-01
1.75e-01
1.66e-01
1.55e-01
1.44e-01
1.32e-01
1.20e-01
1.07e-01
9.30e-02
7.89e-02
6.45e-02
4.97e-02
3.48e-02
1.98e-02
4.81e-03
-1.01e-02
-2.50e-02
-3.96e-02
-5.40e-02
-6.81e-02
-8.18e-02
-9.51e-02
-1.08e-01
-1.20e-01
-1.32e-01
-1.44e-01
-1.55e-01
-1.65e-01
-1.74e-01
-1.84e-01
-1.92e-01
-2.00e-01
-2.07e-01
-2.14e-01
-2.20e-01
-2.25e-01
-2.30e-01
-2.34e-01
-2.37e-01
-2.40e-01
-2.42e-01
-2.43e-01
-2.44e-01
-2.44e-01
-2.43e-01
-2.42e-01
-2.40e-01
-2.37e-01
-2.34e-01
-2.29e-01
-2.25e-01
-2.19e-01
-2.13e-01
-2.06e-01
-1.98e-01
-1.89e-01
-1.80e-01
-1.70e-01
-1.59e-01
-1.47e-01
-1.35e-01
-1.21e-01
-1.07e-01
-9.25e-02
-7.68e-02
-6.03e-02
-4.31e-02
-2.51e-02
-6.36e-03
1.30e-02
3.30e-02
5.36e-02
7.47e-02
9.62e-02
1.18e-01
1.40e-01
1.63e-01
1.85e-01
2.07e-01
2.29e-01
2.51e-01
2.73e-01
2.94e-01
3.14e-01
3.33e-01
3.52e-01
3.70e-01
3.86e-01
4.01e-01
4.15e-01
4.28e-01
4.39e-01
4.49e-01
4.57e-01
4.63e-01
4.68e-01
4.71e-01
4.72e-01
4.71e-01
4.68e-01
4.64e-01
4.58e-01
4.50e-01
4.40e-01
4.29e-01
4.16e-01
4.02e-01
3.86e-01
3.69e-01
3.50e-01
3.31e-01
3.10e-01
2.88e-01
2.66e-01
2.42e-01
2.19e-01
1.95e-01
1.70e-01
1.46e-01
1.21e-01
9.66e-02
7.24e-02
4.86e-02
2.52e-02
2.41e-03
-1.98e-02
-4.12e-02
-6.19e-02
-8.17e-02
-1.01e-01
-1.19e-01
-1.36e-01
-1.52e-01
-1.68e-01
-1.82e-01
-1.96e-01
-2.09e-01
-2.21e-01
-2.31e-01
-2.42e-01
-2.51e-01
-2.59e-01
-2.67e-01
-2.74e-01
-2.80e-01
-2.85e-01
-2.89e-01
-2.93e-01
-2.96e-01
-2.99e-01
-3.00e-01
-3.01e-01
-3.01e-01
-3.01e-01
-3.00e-01
-2.98e-01
-2.95e-01
-2.92e-01
-2.88e-01
-2.83e-01
-2.78e-01
-2.72e-01
-2.65e-01
-2.58e-01
-2.50e-01
-2.41e-01
-2.32e-01
-2.21e-01
-2.11e-01
-1.99e-01
-1.87e-01
-1.74e-01
-1.61e-01
-1.47e-01
-1.32e-01
-1.17e-01
-1.01e-01
-8.50e-02
-6.82e-02
-5.10e-02
-3.35e-02
-1.56e-02
2.53e-03
2.08e-02
3.92e-02
5.77e-02
7.60e-02
9.42e-02
1.12e-01
1.30e-01
1.47e-01
1.63e-01
1.79e-01
1.94e-01
2.08e-01
2.21e-01
2.33e-01
2.43e-01
2.53e-01
2.60e-01
2.67e-01
2.72e-01
2.75e-01
2.77e-01
2.76e-01
2.75e-01
2.71e-01
2.66e-01
2.59e-01
2.51e-01
2.41e-01
2.30e-01
2.18e-01
2.04e-01
1.89e-01
1.73e-01
1.56e-01
1.38e-01
1.20e-01
1.01e-01
8.18e-02
6.22e-02
4.23e-02
2.24e-02
2.41e-03
-1.74e-02
-3.71e-02
-5.64e-02
-7.54e-02
-9.40e-02
-1.12e-01
-1.30e-01
-1.46e-01
-1.63e-01
-1.78e-01
-1.93e-01
-2.08e-01
-2.21e-01
-2.34e-01
-2.46e-01
-2.57e-01
-2.68e-01
-2.78e-01
-2.87e-01
-2.95e-01
-3.03e-01
-3.10e-01
-3.16e-01
-3.21e-01
-3.26e-01
-3.30e-01
-3.33e-01
-3.36e-01
-3.38e-01
-3.39e-01
-3.39e-01
-3.39e-01
-3.38e-01
-3.36e-01
-3.34e-01
-3.30e-01
-3.26e-01
-3.21e-01
-3.16e-01
-3.09e-01
-3.02e-01
-2.94e-01
-2.85e-01
-2.75e-01
-2.64e-01
-2.52e-01
-2.40e-01
-2.26e-01
-2.11e-01
-1.96e-01
-1.79e-01
-1.61e-01
-1.43e-01
-1.23e-01
-1.02e-01
-8.00e-02
-5.70e-02
-3.31e-02
-8.22e-03
1.76e-02
4.41e-02
7.14e-02
9.94e-02
1.28e-01
1.57e-01
1.85e-01
2.15e-01
2.43e-01
2.72e-01
3.00e-01
3.28e-01
3.55e-01
3.80e-01
4.05e-01
4.29e-01
4.51e-01
4.72e-01
4.91e-01
5.09e-01
5.25e-01
5.39e-01
5.52e-01
5.63e-01
5.71e-01
5.78e-01
5.83e-01
5.86e-01
5.87e-01
5.86e-01
5.83e-01
5.77e-01
5.70e-01
5.61e-01
5.50e-01
5.37e-01
5.22e-01
5.05e-01
4.86e-01
4.66e-01
4.44e-01
4.20e-01
3.95e-01
3.69e-01
3.41e-01
3.12e-01
2.83e-01
2.52e-01
2.21e-01
1.90e-01
1.59e-01
1.27e-01
9.59e-02
6.50e-02
3.48e-02
5.25e-03
-2.34e-02
-5.11e-02
-7.77e-02
-1.03e-01
-1.27e-01
-1.51e-01
-1.72e-01
-1.93e-01
-2.12e-01
-2.30e-01
-2.47e-01
-2.63e-01
-2.77e-01
-2.90e-01
-3.02e-01
-3.14e-01
-3.24e-01
-3.33e-01
-3.41e-01
-3.48e-01
-3.54e-01
-3.60e-01
-3.64e-01
-3.68e-01
-3.71e-01
-3.73e-01
-3.74e-01
-3.74e-01
-3.73e-01
-3.72e-01
-3.70e-01
-3.67e-01
-3.63e-01
-3.58e-01
-3.53e-01
-3.46e-01
-3.39e-01
-3.31e-01
-3.22e-01
-3.12e-01
-3.01e-01
-2.90e-01
-2.77e-01
-2.64e-01
-2.49e-01
-2.34e-01
-2.17e-01
-2.00e-01
-1.81e-01
-1.62e-01
-1.41e-01
-1.20e-01
-9.78e-02
-7.46e-02
-5.06e-02
-2.58e-02
-3.06e-04
2.58e-02
5.24e-02
7.93e-02
1.07e-01
1.34e-01
1.61e-01
1.88e-01
2.15e-01
2.41e-01
2.66e-01
2.91e-01
3.15e-01
3.37e-01
3.58e-01
3.78e-01
3.97e-01
4.13e-01
4.28e-01
4.41e-01
4.53e-01
4.62e-01
4.69e-01
4.74e-01
4.77e-01
4.78e-01
4.76e-01
4.72e-01
4.67e-01
4.58e-01
4.48e-01
4.36e-01
4.21e-01
4.05e-01
3.87e-01
