-1.29e-01
-1.32e-01
-1.34e-01
-1.36e-01
-1.38e-01
-1.39e-01
-1.41e-01
-1.42e-01
-1.43e-01
-1.45e-01
-1.46e-01
-1.48e-01
-1.49e-01
-1.50e-01
-1.51e-01
-1.53e-01
-1.54e-01
-1.55e-01
-1.56e-01
-1.57e-01
-1.58e-01
-1.59e-01
-1.60e-01
-1.61e-01
-1.62e-01
-1.63e-01
-1.63e-01
-1.64e-01
-1.64e-01
-1.65e-01
-1.65e-01
-1.65e-01
-1.65e-01
-1.65e-01
-1.65e-01
-1.64e-01
-1.63e-01
-1.62e-01
-1.59e-01
-1.56e-01
-1.52e-01
-1.44e-01
-1.31e-01
-1.14e-01
-9.25e-02
-6.66e-02
-3.63e-02
-1.71e-03
3.70e-02
7.96e-02
1.26e-01
1.75e-01
2.27e-01
2.81e-01
3.37e-01
3.93e-01
4.49e-01
5.05e-01
5.59e-01
6.11e-01
6.60e-01
7.07e-01
7.50e-01
7.89e-01
8.24e-01
8.56e-01
8.83e-01
9.07e-01
9.27e-01
9.43e-01
9.57e-01
9.68e-01
9.77e-01
9.84e-01
9.89e-01
9.93e-01
9.96e-01
9.98e-01
9.99e-01
1.00e+00
1.00e+00
1.00e+00
1.00e+00
1.00e+00
9.99e-01
9.99e-01
9.99e-01
9.99e-01
9.99e-01
1.00e+00
1.00e+00
1.00e+00
1.00e+00
1.00e+00
9.99e-01
9.99e-01
9.97e-01
9.95e-01
9.92e-01
9.88e-01
9.82e-01
9.74e-01
9.65e-01
9.53e-01
9.38e-01
9.20e-01
8.98e-01
8.73e-01
8.43e-01
8.08e-01
7.68e-01
7.22e-01
6.72e-01
6.15e-01
5.54e-01
4.87e-01
4.17e-01
3.44e-01
2.69e-01
1.93e-01
1.18e-01
4.52e-02
-2.50e-02
-9.12e-02
-1.53e-01
-2.10e-01
-2.61e-01
-3.07e-01
-3.47e-01
-3.82e-01
-4.12e-01
-4.37e-01
-4.57e-01
-4.73e-01
-4.84e-01
-4.92e-01
-4.95e-01
-4.98e-01
-5.01e-01
-5.03e-01
-5.05e-01
-5.08e-01
-5.10e-01
-5.13e-01
-5.15e-01
-5.17e-01
-5.20e-01
-5.23e-01
-5.25e-01
-5.28e-01
-5.30e-01
-5.33e-01
-5.35e-01
-5.38e-01
-5.40e-01
-5.43e-01
-5.45e-01
-5.48e-01
-5.50e-01
-5.53e-01
-5.55e-01
-5.57e-01
-5.59e-01
-5.61e-01
-5.63e-01
-5.65e-01
-5.67e-01
-5.69e-01
-5.71e-01
-5.72e-01
-5.74e-01
-5.75e-01
-5.76e-01
-5.77e-01
-5.78e-01
-5.79e-01
-5.79e-01
-5.79e-01
-5.79e-01
-5.79e-01
-5.78e-01
-5.76e-01
-5.73e-01
-5.69e-01
-5.61e-01
-5.50e-01
-5.35e-01
-5.16e-01
-4.92e-01
-4.63e-01
-4.29e-01
-3.90e-01
-3.46e-01
-2.95e-01
-2.39e-01
-1.77e-01
-1.08e-01
-3.45e-02
4.41e-02
1.27e-01
2.12e-01
2.98e-01
3.84e-01
4.68e-01
5.47e-01
6.22e-01
6.91e-01
7.53e-01
8.08e-01
8.56e-01
8.96e-01
9.29e-01
9.55e-01
9.75e-01
9.89e-01
9.97e-01
1.00e+00
9.98e-01
9.93e-01
9.84e-01
9.72e-01
9.57e-01
9.40e-01
9.20e-01
8.98e-01
8.74e-01
8.49e-01
8.21e-01
7.92e-01
7.60e-01
7.27e-01
6.92e-01
6.55e-01
6.15e-01
5.73e-01
5.29e-01
4.82e-01
4.31e-01
3.78e-01
3.21e-01
2.60e-01
1.95e-01
1.26e-01
5.23e-02
-2.50e-02
-1.06e-01
-1.90e-01
-2.76e-01
-3.64e-01
-4.51e-01
-5.37e-01
-6.20e-01
-6.97e-01
-7.69e-01
-8.33e-01
-8.87e-01
-9.32e-01
-9.66e-01
-9.88e-01
-9.99e-01
-9.98e-01
-9.83e-01
-9.55e-01
-9.12e-01
-8.53e-01
-7.77e-01
-6.83e-01
-5.68e-01
-4.33e-01
-2.77e-01
-1.03e-01
8.35e-02
2.73e-01
4.55e-01
6.16e-01
7.51e-01
8.56e-01
9.31e-01
9.78e-01
9.99e-01
9.94e-01
9.67e-01
9.17e-01
8.47e-01
7.58e-01
6.49e-01
5.23e-01
3.79e-01
2.20e-01
4.76e-02
-1.31e-01
-3.10e-01
-4.78e-01
-6.28e-01
-7.55e-01
-8.55e-01
-9.29e-01
-9.77e-01
-9.98e-01
-9.95e-01
-9.65e-01
-9.08e-01
-8.24e-01
-7.09e-01
-5.63e-01
-3.86e-01
-1.79e-01
5.07e-02
2.87e-01
5.08e-01
6.95e-01
8.37e-01
9.34e-01
9.87e-01
9.99e-01
9.75e-01
9.16e-01
8.24e-01
7.00e-01
5.46e-01
3.64e-01
1.56e-01
-7.03e-02
-3.00e-01
-5.15e-01
-6.98e-01
-8.38e-01
-9.35e-01
-9.88e-01
-9.99e-01
-9.69e-01
-8.98e-01
-7.85e-01
-6.27e-01
-4.26e-01
-1.82e-01
9.15e-02
3.70e-01
6.17e-01
8.06e-01
9.29e-01
9.91e-01
9.96e-01
9.49e-01
8.54e-01
7.13e-01
5.27e-01
2.99e-01
3.60e-02
-2.43e-01
-5.08e-01
-7.26e-01
-8.82e-01
-9.72e-01
-1.00e+00
-9.67e-01
-8.76e-01
-7.26e-01
-5.16e-01
-2.48e-01
6.54e-02
3.89e-01
6.68e-01
8.65e-01
9.72e-01
9.99e-01
9.55e-01
8.45e-01
6.72e-01
4.40e-01
1.54e-01
-1.66e-01
-4.80e-01
-7.37e-01
-9.07e-01
-9.90e-01
-9.90e-01
-9.14e-01
-7.61e-01
-5.35e-01
-2.36e-01
1.16e-01
4.72e-01
7.59e-01
9.33e-01
9.98e-01
9.71e-01
8.61e-01
6.73e-01
4.11e-01
8.62e-02
-2.73e-01
-6.04e-01
-8.44e-01
-9.72e-01
-9.97e-01
-9.26e-01
-7.65e-01
-5.16e-01
-1.85e-01
2.02e-01
5.75e-01
8.44e-01
9.78e-01
9.93e-01
9.08e-01
7.30e-01
4.66e-01
1.27e-01
-2.58e-01
-6.15e-01
-8.66e-01
-9.85e-01
-9.87e-01
-8.81e-01
-6.74e-01
-3.69e-01
1.60e-02
4.29e-01
7.66e-01
9.53e-01
9.99e-01
9.27e-01
7.50e-01
4.77e-01
1.18e-01
-2.89e-01
-6.59e-01
-9.01e-01
-9.97e-01
-9.64e-01
-8.14e-01
-5.54e-01
-1.92e-01
2.38e-01
6.44e-01
9.05e-01
9.99e-01
9.53e-01
7.87e-01
5.11e-01
1.39e-01
-2.90e-01
-6.79e-01
-9.21e-01
-1.00e+00
-9.38e-01
-7.48e-01
-4.39e-01
-2.66e-02
4.31e-01
7.98e-01
9.77e-01
9.84e-01
8.50e-01
5.91e-01
2.19e-01
-2.29e-01
-6.52e-01
-9.19e-01
-1.00e+00
-9.24e-01
-7.08e-01
-3.63e-01
8.88e-02
5.59e-01
8.86e-01
9.99e-01
9.36e-01
7.26e-01
3.85e-01
-6.26e-02
-5.34e-01
-8.71e-01
-9.97e-01
-9.43e-01
-7.32e-01
-3.78e-01
9.20e-02
5.82e-01
9.08e-01
1.00e+00
9.03e-01
6.49e-01
2.56e-01
-2.33e-01
-6.94e-01
-9.54e-01
-9.90e-01
-8.44e-01
-5.37e-01
-8.91e-02
4.32e-01
8.42e-01
9.97e-01
9.34e-01
6.95e-01
3.04e-01
-1.99e-01
-6.84e-01
-9.57e-01
-9.86e-01
-8.21e-01
-4.86e-01
-5.85e-03
5.28e-01
9.02e-01
9.99e-01
8.77e-01
5.77e-01
1.26e-01
-4.07e-01
-8.36e-01
-9.97e-01
-9.26e-01
-6.64e-01
-2.34e-01
3.08e-01
7.88e-01
9.92e-01
9.39e-01
6.87e-01
2.66e-01
-2.69e-01
-7.58e-01
-9.85e-01
-9.54e-01
-7.18e-01
-3.03e-01
2.41e-01
7.51e-01
9.87e-01
9.47e-01
6.98e-01
2.72e-01
-2.73e-01
-7.68e-01
-9.89e-01
-9.43e-01
-6.88e-01
-2.51e-01
3.10e-01
8.04e-01
9.97e-01
9.17e-01
6.27e-01
1.63e-01
-4.00e-01
-8.53e-01
-1.00e+00
-8.89e-01
-5.71e-01
-7.76e-02
5.00e-01
9.11e-01
9.94e-01
8.25e-01
4.54e-01
-7.38e-02
-6.33e-01
-9.59e-01
-9.74e-01
-7.52e-01
-3.30e-01
2.38e-01
7.71e-01
9.95e-01
9.18e-01
6.15e-01
1.29e-01
-4.55e-01
-8.93e-01
-9.97e-01
-8.33e-01
-4.53e-01
9.89e-02
6.76e-01
9.79e-01
9.47e-01
6.72e-01
1.99e-01
-3.93e-01
-8.69e-01
-9.99e-01
-8.44e-01
-4.64e-01
9.60e-02
6.83e-01
9.83e-01
9.37e-01
6.42e-01
1.46e-01
-4.58e-01
-9.07e-01
-9.91e-01
-7.92e-01
-3.67e-01
2.26e-01
7.87e-01
9.99e-01
8.80e-01
5.19e-01
-3.31e-02
-6.36e-01
-9.74e-01
-9.48e-01
-6.55e-01
-1.46e-01
4.81e-01
9.29e-01
9.79e-01
7.39e-01
2.73e-01
-3.40e-01
-8.59e-01
-9.98e-01
-8.20e-01
-3.98e-01
2.05e-01
7.86e-01
1.00e+00
8.63e-01
4.75e-01
-1.06e-01
-7.09e-01
-9.92e-01
-9.07e-01
-5.53e-01
1.26e-02
6.44e-01
9.83e-01
9.25e-01
5.92e-01
4.48e-02
-5.87e-01
-9.67e-01
-9.48e-01
-6.42e-01
-1.07e-01
5.37e-01
9.57e-01
9.57e-01
6.63e-01
1.43e-01
-4.96e-01
-9.39e-01
-9.70e-01
-6.99e-01
-1.90e-01
4.56e-01
9.29e-01
9.74e-01
7.11e-01
2.13e-01
-4.24e-01
-9.11e-01
-9.83e-01
-7.40e-01
-2.51e-01
3.92e-01
9.02e-01
9.85e-01
7.46e-01
2.65e-01
-3.70e-01
-8.86e-01
-9.91e-01
-7.67e-01
-2.93e-01
3.47e-01
8.82e-01
9.90e-01
7.66e-01
2.94e-01
-3.40e-01
-8.73e-01
-9.93e-01
-7.78e-01
-3.09e-01
3.33e-01
8.76e-01
9.91e-01
7.67e-01
2.92e-01
-3.45e-01
-8.78e-01
-9.91e-01
-7.68e-01
-2.88e-01
3.60e-01
8.92e-01
9.86e-01
7.44e-01
2.52e-01
-3.95e-01
-9.04e-01
-9.83e-01
-7.32e-01
-2.27e-01
4.31e-01
9.26e-01
9.72e-01
6.92e-01
1.69e-01
-4.86e-01
-9.43e-01
-9.63e-01
-6.65e-01
-1.22e-01
5.42e-01
9.65e-01
9.41e-01
6.08e-01
4.32e-02
-6.10e-01
-9.80e-01
-9.21e-01
-5.62e-01
2.75e-02
6.80e-01
9.94e-01
8.83e-01
4.81e-01
-1.33e-01
-7.57e-01
-1.00e+00
-8.45e-01
-4.07e-01
2.36e-01
8.34e-01
9.96e-01
7.78e-01
2.91e-01
-3.68e-01
-9.01e-01
-9.81e-01
-7.12e-01
-1.82e-01
4.94e-01
9.55e-01
9.47e-01
6.13e-01
3.83e-02
-6.25e-01
-9.86e-01
-9.05e-01
-5.20e-01
9.46e-02
7.42e-01
1.00e+00
8.38e-01
3.90e-01
-2.56e-01
-8.44e-01
-9.94e-01
-7.68e-01
-2.68e-01
4.04e-01
9.24e-01
9.68e-01
6.66e-01
1.11e-01
-5.60e-01
-9.72e-01
-9.29e-01
-5.70e-01
2.83e-02
6.90e-01
9.97e-01
8.66e-01
4.41e-01
-1.94e-01
-8.06e-01
-9.99e-01
-8.02e-01
-3.26e-01
3.39e-01
8.94e-01
9.81e-01
7.09e-01
1.77e-01
-4.94e-01
-9.53e-01
-9.50e-01
-6.23e-01
-4.87e-02
6.23e-01
9.87e-01
9.00e-01
5.08e-01
-1.04e-01
-7.42e-01
-9.99e-01
-8.47e-01
-4.08e-01
2.38e-01
8.39e-01
9.95e-01
7.69e-01
2.73e-01
-3.91e-01
-9.13e-01
-9.75e-01
-6.92e-01
-1.50e-01
5.27e-01
9.66e-01
9.35e-01
5.85e-01
-1.33e-03
-6.60e-01
-9.92e-01
-8.89e-01
-4.86e-01
1.41e-01
7.76e-01
1.00e+00
8.15e-01
3.49e-01
-3.06e-01
-8.74e-01
-9.88e-01
-7.37e-01
-2.17e-01
4.62e-01
9.47e-01
9.52e-01
6.23e-01
4.88e-02
-6.20e-01
-9.86e-01
-9.03e-01
-5.10e-01
1.14e-01
7.60e-01
1.00e+00
8.20e-01
3.54e-01
-3.05e-01
-8.76e-01
-9.87e-01
-7.28e-01
-1.97e-01
4.88e-01
9.57e-01
9.41e-01
5.93e-01
8.83e-04
-6.66e-01
-9.94e-01
-8.77e-01
-4.54e-01
1.92e-01
8.17e-01
9.96e-01
7.73e-01
2.69e-01
-4.06e-01
-9.26e-01
-9.66e-01
-6.54e-01
-8.16e-02
6.04e-01
9.87e-01
8.95e-01
4.90e-01
-1.41e-01
-7.79e-01
-1.00e+00
-8.06e-01
-3.20e-01
3.57e-01
9.10e-01
9.72e-01
6.71e-01
1.09e-01
-5.72e-01
-9.79e-01
-9.13e-01
-5.26e-01
1.01e-01
7.56e-01
1.00e+00
8.14e-01
3.37e-01
-3.31e-01
-8.93e-01
-9.80e-01
-6.99e-01
-1.47e-01
5.43e-01
9.74e-01
9.20e-01
5.41e-01
-7.21e-02
-7.27e-01
-9.99e-01
-8.41e-01
-3.83e-01
2.81e-01
8.71e-01
9.86e-01
7.22e-01
1.89e-01
-4.91e-01
-9.56e-01
-9.43e-01
-5.96e-01
1.40e-03
6.76e-01
9.96e-01
8.64e-01
4.32e-01
-2.12e-01
-8.24e-01
-9.96e-01
-7.74e-01
-2.70e-01
4.10e-01
9.31e-01
9.62e-01
6.45e-01
7.52e-02
-6.00e-01
-9.84e-01
-9.06e-01
-5.14e-01
1.13e-01
7.62e-01
1.00e+00
8.14e-01
3.41e-01
-3.23e-01
-8.86e-01
-9.83e-01
-7.12e-01
-1.70e-01
5.17e-01
9.67e-01
9.30e-01
5.65e-01
-3.87e-02
-7.00e-01
-9.98e-01
-8.57e-01
-4.15e-01
2.42e-01
8.49e-01
9.91e-01
7.43e-01
2.20e-01
-4.61e-01
-9.47e-01
-9.51e-01
-6.15e-01
-2.32e-02
6.57e-01
9.95e-01
8.70e-01
4.39e-01
-2.08e-01
-8.24e-01
-9.96e-01
-7.68e-01
-2.56e-01
4.31e-01
9.41e-01
9.53e-01
6.17e-01
2.85e-02
-6.48e-01
-9.93e-01
-8.79e-01
-4.53e-01
1.98e-01
8.25e-01
9.94e-01
7.57e-01
2.39e-01
-4.45e-01
-9.43e-01
-9.52e-01
-6.15e-01
-1.91e-02
6.64e-01
9.96e-01
8.62e-01
4.20e-01
-2.35e-01
-8.43e-01
-9.92e-01
-7.47e-01
-2.19e-01
4.72e-01
9.56e-01
9.39e-01
5.81e-01
-2.36e-02
-6.93e-01
-9.98e-01
-8.54e-01
