-9.92e-01
-9.91e-01
-9.91e-01
-9.91e-01
-9.90e-01
-9.90e-01
-9.90e-01
-9.90e-01
-9.89e-01
-9.89e-01
-9.89e-01
-9.89e-01
-9.89e-01
-9.88e-01
-9.88e-01
-9.88e-01
-9.88e-01
-9.88e-01
-9.88e-01
-9.87e-01
-9.87e-01
-9.87e-01
-9.87e-01
-9.87e-01
-9.87e-01
-9.87e-01
-9.87e-01
-9.87e-01
-9.87e-01
-9.87e-01
-9.87e-01
-9.88e-01
-9.88e-01
-9.88e-01
-9.88e-01
-9.89e-01
-9.89e-01
-9.90e-01
-9.91e-01
-9.92e-01
-9.94e-01
-9.95e-01
-9.97e-01
-9.99e-01
-1.00e+00
-1.00e+00
-9.98e-01
-9.95e-01
-9.90e-01
-9.81e-01
-9.70e-01
-9.55e-01
-9.37e-01
-9.14e-01
-8.88e-01
-8.57e-01
-8.24e-01
-7.86e-01
-7.46e-01
-7.04e-01
-6.60e-01
-6.15e-01
-5.70e-01
-5.25e-01
-4.81e-01
-4.37e-01
-3.95e-01
-3.55e-01
-3.17e-01
-2.81e-01
-2.47e-01
-2.16e-01
-1.88e-01
-1.62e-01
-1.39e-01
-1.18e-01
-1.00e-01
-8.47e-02
-7.22e-02
-6.22e-02
-5.49e-02
-5.02e-02
-4.81e-02
-4.86e-02
-5.17e-02
-5.73e-02
-6.55e-02
-7.63e-02
-8.97e-02
-1.06e-01
-1.24e-01
-1.46e-01
-1.70e-01
-1.96e-01
-2.26e-01
-2.57e-01
-2.92e-01
-3.29e-01
-3.68e-01
-4.10e-01
-4.54e-01
-4.99e-01
-5.46e-01
-5.94e-01
-6.42e-01
-6.91e-01
-7.38e-01
-7.84e-01
-8.28e-01
-8.68e-01
-9.05e-01
-9.36e-01
-9.62e-01
-9.81e-01
-9.94e-01
-9.99e-01
-9.99e-01
-9.93e-01
-9.81e-01
-9.66e-01
-9.48e-01
-9.27e-01
-9.06e-01
-8.83e-01
-8.61e-01
-8.40e-01
-8.19e-01
-8.00e-01
-7.83e-01
-7.67e-01
-7.53e-01
-7.41e-01
-7.32e-01
-7.24e-01
-7.17e-01
-7.12e-01
-7.08e-01
-7.04e-01
-7.01e-01
-6.98e-01
-6.95e-01
-6.93e-01
-6.90e-01
-6.88e-01
-6.85e-01
-6.83e-01
-6.81e-01
-6.79e-01
-6.77e-01
-6.75e-01
-6.73e-01
-6.71e-01
-6.69e-01
-6.68e-01
-6.66e-01
-6.65e-01
-6.64e-01
-6.63e-01
-6.63e-01
-6.62e-01
-6.62e-01
-6.62e-01
-6.62e-01
-6.62e-01
-6.63e-01
-6.63e-01
-6.65e-01
-6.66e-01
-6.68e-01
-6.71e-01
-6.75e-01
-6.80e-01
-6.86e-01
-6.94e-01
-7.04e-01
-7.17e-01
-7.33e-01
-7.51e-01
-7.72e-01
-7.95e-01
-8.19e-01
-8.45e-01
-8.71e-01
-8.98e-01
-9.24e-01
-9.48e-01
-9.69e-01
-9.85e-01
-9.96e-01
-1.00e+00
-9.95e-01
-9.81e-01
-9.56e-01
-9.20e-01
-8.74e-01
-8.19e-01
-7.56e-01
-6.85e-01
-6.10e-01
-5.30e-01
-4.48e-01
-3.64e-01
-2.81e-01
-1.98e-01
-1.16e-01
-3.67e-02
4.02e-02
1.14e-01
1.86e-01
2.54e-01
3.19e-01
3.81e-01
4.41e-01
4.97e-01
5.51e-01
6.02e-01
6.51e-01
6.97e-01
7.41e-01
7.83e-01
8.22e-01
8.58e-01
8.92e-01
9.22e-01
9.48e-01
9.69e-01
9.86e-01
9.97e-01
1.00e+00
9.95e-01
9.82e-01
9.58e-01
9.24e-01
8.78e-01
8.22e-01
7.54e-01
6.77e-01
5.91e-01
4.97e-01
3.97e-01
2.92e-01
1.83e-01
7.03e-02
-4.43e-02
-1.60e-01
-2.77e-01
-3.93e-01
-5.07e-01
-6.17e-01
-7.21e-01
-8.16e-01
-8.97e-01
-9.59e-01
-9.94e-01
-9.97e-01
-9.62e-01
-8.90e-01
-7.84e-01
-6.55e-01
-5.09e-01
-3.54e-01
-1.94e-01
-3.43e-02
1.23e-01
2.74e-01
4.17e-01
5.51e-01
6.72e-01
7.79e-01
8.69e-01
9.39e-01
9.84e-01
1.00e+00
9.84e-01
9.35e-01
8.54e-01
7.47e-01
6.19e-01
4.77e-01
3.25e-01
1.67e-01
6.22e-03
-1.55e-01
-3.15e-01
-4.70e-01
-6.17e-01
-7.51e-01
-8.65e-01
-9.50e-01
-9.96e-01
-9.90e-01
-9.26e-01
-8.08e-01
-6.51e-01
-4.69e-01
-2.75e-01
-7.74e-02
1.17e-01
3.04e-01
4.79e-01
6.38e-01
7.76e-01
8.88e-01
9.65e-01
9.99e-01
9.82e-01
9.10e-01
7.88e-01
6.28e-01
4.45e-01
2.48e-01
4.41e-02
-1.59e-01
-3.58e-01
-5.46e-01
-7.16e-01
-8.58e-01
-9.59e-01
-1.00e+00
-9.65e-01
-8.49e-01
-6.70e-01
-4.54e-01
-2.21e-01
1.26e-02
2.39e-01
4.52e-01
6.43e-01
8.04e-01
9.26e-01
9.92e-01
9.88e-01
9.04e-01
7.47e-01
5.40e-01
3.06e-01
6.09e-02
-1.84e-01
-4.18e-01
-6.32e-01
-8.14e-01
-9.45e-01
-1.00e+00
-9.53e-01
-8.01e-01
-5.71e-01
-3.07e-01
-3.51e-02
2.29e-01
4.73e-01
6.88e-01
8.61e-01
9.71e-01
9.97e-01
9.18e-01
7.39e-01
4.95e-01
2.21e-01
-5.98e-02
-3.33e-01
-5.83e-01
-7.95e-01
-9.44e-01
-1.00e+00
-9.29e-01
-7.30e-01
-4.54e-01
-1.53e-01
1.44e-01
4.22e-01
6.66e-01
8.59e-01
9.78e-01
9.90e-01
8.74e-01
6.45e-01
3.56e-01
4.81e-02
-2.55e-01
-5.36e-01
-7.73e-01
-9.41e-01
-1.00e+00
-9.11e-01
-6.79e-01
-3.70e-01
-4.46e-02
2.68e-01
5.51e-01
7.86e-01
9.47e-01
9.99e-01
9.08e-01
6.79e-01
3.71e-01
4.11e-02
-2.82e-01
-5.76e-01
-8.16e-01
-9.69e-01
-9.88e-01
-8.34e-01
-5.42e-01
-1.99e-01
1.43e-01
4.58e-01
7.26e-01
9.19e-01
1.00e+00
9.25e-01
6.89e-01
3.62e-01
1.08e-02
-3.29e-01
-6.31e-01
-8.66e-01
-9.92e-01
-9.53e-01
-7.23e-01
-3.77e-01
-7.65e-03
3.42e-01
6.46e-01
8.77e-01
9.95e-01
9.46e-01
7.12e-01
3.66e-01
-6.45e-03
-3.63e-01
-6.74e-01
-9.04e-01
-1.00e+00
-8.99e-01
-5.99e-01
-2.12e-01
1.75e-01
5.23e-01
8.03e-01
9.73e-01
9.77e-01
7.69e-01
4.12e-01
1.58e-02
-3.62e-01
-6.88e-01
-9.21e-01
-9.99e-01
-8.51e-01
-5.00e-01
-8.41e-02
3.14e-01
6.56e-01
9.03e-01
1.00e+00
8.78e-01
5.45e-01
1.30e-01
-2.77e-01
-6.33e-01
-8.96e-01
-1.00e+00
-8.65e-01
-4.99e-01
-6.17e-02
3.53e-01
7.00e-01
9.36e-01
9.93e-01
8.00e-01
4.07e-01
-3.10e-02
-4.38e-01
-7.71e-01
-9.74e-01
-9.60e-01
-6.70e-01
-2.24e-01
2.22e-01
6.09e-01
8.91e-01
1.00e+00
8.54e-01
4.67e-01
1.25e-02
-4.13e-01
-7.61e-01
-9.73e-01
-9.56e-01
-6.47e-01
-1.82e-01
2.74e-01
6.61e-01
9.26e-01
9.93e-01
7.78e-01
3.45e-01
-1.21e-01
-5.38e-01
-8.55e-01
-9.99e-01
-8.67e-01
-4.56e-01
2.95e-02
4.70e-01
8.13e-01
9.92e-01
9.13e-01
5.44e-01
6.49e-02
-3.87e-01
-7.56e-01
-9.76e-01
-9.45e-01
-5.98e-01
-1.04e-01
3.64e-01
7.43e-01
9.71e-01
9.53e-01
6.25e-01
1.38e-01
-3.31e-01
-7.20e-01
-9.64e-01
-9.59e-01
-6.23e-01
-1.19e-01
3.59e-01
7.46e-01
9.74e-01
9.45e-01
5.93e-01
9.23e-02
-3.82e-01
-7.65e-01
-9.83e-01
-9.23e-01
-5.27e-01
-7.97e-03
4.64e-01
8.24e-01
9.97e-01
8.71e-01
4.33e-01
-8.17e-02
-5.39e-01
-8.76e-01
-9.99e-01
-7.86e-01
-2.87e-01
2.32e-01
6.65e-01
9.46e-01
9.72e-01
6.47e-01
1.23e-01
-3.77e-01
-7.75e-01
-9.89e-01
-8.94e-01
-4.43e-01
9.94e-02
5.70e-01
9.00e-01
9.93e-01
7.31e-01
2.07e-01
-3.14e-01
-7.37e-01
-9.80e-01
-9.15e-01
-4.72e-01
8.44e-02
5.66e-01
9.03e-01
9.91e-01
7.10e-01
1.68e-01
-3.58e-01
-7.75e-01
-9.92e-01
-8.72e-01
-3.79e-01
1.82e-01
6.49e-01
9.48e-01
9.61e-01
5.83e-01
1.82e-02
-4.93e-01
-8.68e-01
-9.98e-01
-7.39e-01
-1.75e-01
3.69e-01
7.89e-01
9.96e-01
8.52e-01
3.42e-01
-2.21e-01
-6.87e-01
-9.68e-01
-9.28e-01
-4.74e-01
1.09e-01
6.04e-01
9.31e-01
9.72e-01
6.05e-01
2.40e-02
-5.00e-01
-8.78e-01
-9.95e-01
-7.02e-01
-1.17e-01
4.28e-01
8.33e-01
1.00e+00
7.84e-01
2.26e-01
-3.34e-01
-7.74e-01
-9.95e-01
-8.44e-01
-3.02e-01
2.74e-01
7.32e-01
9.84e-01
8.91e-01
3.95e-01
-1.87e-01
-6.71e-01
-9.65e-01
-9.29e-01
-4.62e-01
1.34e-01
6.31e-01
9.47e-01
9.54e-01
5.38e-01
-5.66e-02
-5.73e-01
-9.22e-01
-9.73e-01
-5.88e-01
1.82e-02
5.46e-01
9.07e-01
9.83e-01
6.36e-01
3.72e-02
-5.02e-01
-8.86e-01
-9.91e-01
-6.62e-01
-5.16e-02
4.95e-01
8.82e-01
9.92e-01
6.79e-01
7.75e-02
-4.74e-01
-8.72e-01
-9.94e-01
-6.80e-01
-6.36e-02
4.91e-01
8.82e-01
9.92e-01
6.69e-01
5.89e-02
-4.94e-01
-8.86e-01
-9.89e-01
-6.42e-01
-1.55e-02
5.34e-01
9.08e-01
9.79e-01
6.02e-01
-1.94e-02
-5.61e-01
-9.24e-01
-9.67e-01
-5.41e-01
9.19e-02
6.21e-01
9.51e-01
9.40e-01
4.69e-01
-1.53e-01
-6.66e-01
-9.70e-01
-9.06e-01
-3.77e-01
2.45e-01
7.34e-01
9.90e-01
8.54e-01
2.87e-01
-3.17e-01
-7.83e-01
-9.99e-01
-7.90e-01
-1.76e-01
4.16e-01
8.46e-01
9.98e-01
7.05e-01
7.83e-02
-4.92e-01
-8.91e-01
-9.84e-01
-6.03e-01
4.28e-02
5.92e-01
9.41e-01
9.49e-01
4.84e-01
-1.49e-01
-6.68e-01
-9.73e-01
-8.98e-01
-3.51e-01
2.75e-01
7.58e-01
9.95e-01
8.21e-01
2.26e-01
-3.73e-01
-8.21e-01
-1.00e+00
-7.31e-01
-9.47e-02
4.86e-01
8.88e-01
9.86e-01
6.19e-01
-1.80e-02
-5.69e-01
-9.32e-01
-9.57e-01
-4.98e-01
1.45e-01
6.68e-01
9.72e-01
9.02e-01
3.71e-01
-2.49e-01
-7.38e-01
-9.92e-01
-8.37e-01
-2.42e-01
3.64e-01
8.16e-01
1.00e+00
7.49e-01
1.30e-01
-4.50e-01
-8.67e-01
-9.93e-01
-6.53e-01
-8.96e-03
5.52e-01
9.22e-01
9.67e-01
5.40e-01
-9.58e-02
-6.28e-01
-9.57e-01
-9.26e-01
-4.15e-01
2.18e-01
7.19e-01
9.87e-01
8.61e-01
2.92e-01
-3.18e-01
-7.86e-01
-9.99e-01
-7.81e-01
-1.58e-01
4.35e-01
8.59e-01
9.95e-01
6.76e-01
3.98e-02
-5.26e-01
-9.11e-01
-9.72e-01
-5.49e-01
1.00e-01
6.37e-01
9.62e-01
9.21e-01
4.06e-01
-2.24e-01
-7.25e-01
-9.90e-01
-8.43e-01
-2.45e-01
3.68e-01
8.21e-01
1.00e+00
7.32e-01
9.93e-02
-4.84e-01
-8.90e-01
-9.83e-01
-5.89e-01
6.75e-02
6.17e-01
9.54e-01
9.30e-01
4.23e-01
-2.15e-01
-7.22e-01
-9.90e-01
-8.41e-01
-2.35e-01
3.81e-01
8.31e-01
9.99e-01
7.09e-01
6.56e-02
-5.14e-01
-9.08e-01
-9.72e-01
-5.38e-01
1.21e-01
6.58e-01
9.71e-01
9.00e-01
3.50e-01
-2.81e-01
-7.69e-01
-9.98e-01
-7.85e-01
-1.48e-01
4.53e-01
8.74e-01
9.90e-01
6.28e-01
-2.48e-02
-5.86e-01
-9.44e-01
-9.40e-01
-4.36e-01
2.14e-01
7.23e-01
9.90e-01
8.44e-01
2.48e-01
-3.67e-01
-8.24e-01
-9.99e-01
-7.07e-01
-5.19e-02
5.27e-01
9.14e-01
9.70e-01
5.40e-01
-1.10e-01
-6.49e-01
-9.69e-01
-9.02e-01
-3.46e-01
2.88e-01
7.72e-01
9.98e-01
7.94e-01
1.75e-01
-4.25e-01
-8.58e-01
-9.94e-01
-6.51e-01
6.58e-03
5.71e-01
9.34e-01
9.54e-01
4.88e-01
-1.57e-01
-6.81e-01
-9.79e-01
-8.78e-01
-3.02e-01
3.24e-01
7.94e-01
1.00e+00
7.66e-01
1.39e-01
-4.53e-01
-8.74e-01
-9.89e-01
-6.21e-01
3.75e-02
5.94e-01
9.45e-01
9.42e-01
4.53e-01
-1.89e-01
-7.04e-01
-9.86e-01
-8.57e-01
-2.62e-01
3.58e-01
8.17e-01
1.00e+00
7.31e-01
9.18e-02
-4.93e-01
-8.97e-01
-9.79e-01
-5.66e-01
9.49e-02
6.39e-01
9.64e-01
9.12e-01
3.78e-01
-2.57e-01
-7.53e-01
-9.96e-01
-8.03e-01
-1.74e-01
4.33e-01
8.64e-01
9.93e-01
6.46e-01
-8.18e-03
-5.74e-01
-9.39e-01
-9.45e-01
-4.47e-01
2.07e-01
7.21e-01
9.90e-01
8.42e-01
2.41e-01
-3.77e-01
-8.32e-01
-9.98e-01
-6.89e-01
-2.53e-02
5.53e-01
9.29e-01
9.56e-01
4.88e-01
-1.65e-01
-6.92e-01
-9.83e-01
-8.62e-01
-2.62e-01
3.65e-01
8.25e-01
9.99e-01
7.08e-01
5.71e-02
-5.25e-01
-9.16e-01
-9.66e-01
-5.10e-01
1.53e-01
6.85e-01
9.81e-01
8.73e-01
2.94e-01
-3.32e-01
-8.04e-01
-1.00e+00
-7.33e-01
-7.78e-02
5.12e-01
9.08e-01
9.73e-01
5.46e-01
-1.09e-01
-6.49e-01
-9.69e-01
-9.00e-01
-3.38e-01
3.00e-01
7.83e-01
9.99e-01
7.74e-01
1.44e-01
-4.52e-01
-8.75e-01
-9.89e-01
-6.15e-01
4.75e-02
6.05e-01
9.51e-01
9.33e-01
4.28e-01
-2.12e-01
-7.20e-01
-9.89e-01
-8.42e-01
-2.36e-01
3.81e-01
