3.32e+00
3.32e+00
3.32e+00
3.32e+00
3.32e+00
3.33e+00
3.33e+00
3.33e+00
3.34e+00
3.34e+00
3.35e+00
3.35e+00
3.36e+00
3.37e+00
3.38e+00
3.39e+00
3.40e+00
3.41e+00
3.43e+00
3.44e+00
3.46e+00
3.48e+00
3.50e+00
3.52e+00
3.55e+00
3.57e+00
3.60e+00
3.63e+00
3.66e+00
3.69e+00
3.73e+00
3.76e+00
3.80e+00
3.83e+00
3.87e+00
3.90e+00
3.94e+00
3.98e+00
4.01e+00
4.05e+00
4.08e+00
4.11e+00
4.15e+00
4.18e+00
4.21e+00
4.24e+00
4.26e+00
4.29e+00
4.32e+00
4.34e+00
4.36e+00
4.38e+00
4.40e+00
4.42e+00
4.44e+00
4.45e+00
4.46e+00
4.47e+00
4.48e+00
4.49e+00
4.50e+00
4.50e+00
4.50e+00
4.50e+00
4.50e+00
4.49e+00
4.48e+00
4.48e+00
4.47e+00
4.45e+00
4.44e+00
4.42e+00
4.41e+00
4.39e+00
4.37e+00
4.34e+00
4.32e+00
4.29e+00
4.26e+00
4.23e+00
4.20e+00
4.17e+00
4.14e+00
