-1.29e-01
-1.32e-01
-1.35e-01
-1.36e-01
-1.37e-01
-1.37e-01
-1.35e-01
-1.33e-01
-1.30e-01
-1.26e-01
-1.22e-01
-1.18e-01
-1.13e-01
-1.09e-01
-1.05e-01
-1.00e-01
-9.62e-02
-9.20e-02
-8.78e-02
-8.36e-02
-7.94e-02
-7.53e-02
-7.12e-02
-6.71e-02
-6.31e-02
-5.91e-02
-5.52e-02
-5.12e-02
-4.73e-02
-4.35e-02
-3.97e-02
-3.59e-02
-3.22e-02
-2.85e-02
-2.49e-02
-2.13e-02
-1.77e-02
-1.42e-02
-1.07e-02
-7.29e-03
-3.91e-03
-5.69e-04
2.72e-03
5.97e-03
9.17e-03
1.23e-02
1.54e-02
1.85e-02
2.15e-02
2.45e-02
2.74e-02
3.03e-02
3.31e-02
3.59e-02
3.86e-02
4.13e-02
4.39e-02
4.65e-02
4.91e-02
5.16e-02
5.40e-02
5.64e-02
5.88e-02
6.11e-02
6.34e-02
6.56e-02
6.78e-02
6.99e-02
7.20e-02
7.41e-02
7.61e-02
7.81e-02
8.00e-02
8.19e-02
8.38e-02
8.56e-02
8.74e-02
8.92e-02
9.09e-02
9.26e-02
9.43e-02
9.59e-02
9.76e-02
9.92e-02
1.01e-01
1.02e-01
1.04e-01
1.05e-01
1.07e-01
1.08e-01
1.10e-01
1.11e-01
1.13e-01
1.14e-01
1.16e-01
1.17e-01
1.19e-01
1.20e-01
1.22e-01
1.24e-01
1.25e-01
1.27e-01
1.28e-01
1.30e-01
1.32e-01
1.34e-01
1.35e-01
1.37e-01
1.39e-01
1.41e-01
1.43e-01
1.45e-01
1.47e-01
1.49e-01
1.52e-01
1.54e-01
1.56e-01
1.59e-01
1.61e-01
1.64e-01
1.66e-01
1.69e-01
1.72e-01
1.74e-01
1.77e-01
1.80e-01
1.83e-01
1.86e-01
1.89e-01
1.93e-01
1.96e-01
1.99e-01
2.03e-01
2.07e-01
2.10e-01
2.14e-01
2.18e-01
2.22e-01
2.26e-01
2.30e-01
2.34e-01
2.38e-01
2.43e-01
2.47e-01
2.52e-01
2.56e-01
2.61e-01
2.66e-01
2.71e-01
2.76e-01
2.81e-01
2.86e-01
2.91e-01
2.97e-01
3.02e-01
3.08e-01
3.14e-01
3.20e-01
3.26e-01
3.32e-01
3.38e-01
3.44e-01
3.51e-01
3.58e-01
3.64e-01
3.71e-01
3.78e-01
3.85e-01
3.92e-01
4.00e-01
4.07e-01
4.15e-01
4.23e-01
4.31e-01
4.39e-01
4.47e-01
4.56e-01
4.64e-01
4.73e-01
4.82e-01
4.91e-01
5.00e-01
5.10e-01
5.19e-01
5.29e-01
5.39e-01
5.50e-01
5.60e-01
5.71e-01
5.82e-01
5.94e-01
6.05e-01
6.17e-01
6.29e-01
6.42e-01
6.54e-01
6.67e-01
6.79e-01
6.91e-01
7.03e-01
7.15e-01
7.27e-01
7.38e-01
7.49e-01
7.60e-01
7.70e-01
7.80e-01
7.89e-01
7.98e-01
8.06e-01
8.14e-01
8.21e-01
8.27e-01
8.33e-01
