-1.29e-01
-1.32e-01
-1.35e-01
-1.38e-01
-1.41e-01
-1.44e-01
-1.46e-01
-1.48e-01
-1.49e-01
-1.48e-01
-1.46e-01
-1.44e-01
-1.41e-01
-1.37e-01
-1.34e-01
-1.31e-01
-1.28e-01
-1.25e-01
-1.22e-01
-1.19e-01
-1.16e-01
-1.13e-01
-1.10e-01
-1.07e-01
-1.04e-01
-1.01e-01
-9.86e-02
-9.58e-02
-9.29e-02
-9.02e-02
-8.74e-02
-8.47e-02
-8.20e-02
-7.93e-02
-7.67e-02
-7.41e-02
-7.16e-02
-6.91e-02
-6.66e-02
-6.42e-02
-6.18e-02
-5.94e-02
-5.71e-02
-5.48e-02
-5.26e-02
-5.05e-02
-4.83e-02
-4.63e-02
-4.43e-02
-4.23e-02
-4.04e-02
-3.85e-02
-3.67e-02
-3.50e-02
-3.33e-02
-3.17e-02
-3.02e-02
-2.87e-02
-2.73e-02
-2.60e-02
-2.47e-02
-2.36e-02
-2.25e-02
-2.15e-02
-2.06e-02
-1.99e-02
-1.92e-02
-1.86e-02
-1.82e-02
-1.80e-02
-1.79e-02
-1.80e-02
-1.83e-02
-1.90e-02
-2.00e-02
-2.15e-02
-2.37e-02
-2.71e-02
-3.25e-02
-4.19e-02
-5.50e-02
-7.19e-02
-9.25e-02
-1.17e-01
-1.44e-01
-1.75e-01
-2.09e-01
-2.45e-01
-2.84e-01
-3.24e-01
-3.66e-01
-4.10e-01
-4.53e-01
-4.97e-01
-5.40e-01
-5.83e-01
-6.24e-01
-6.64e-01
-7.01e-01
-7.37e-01
-7.70e-01
-8.01e-01
-8.29e-01
-8.55e-01
-8.78e-01
-8.99e-01
-9.17e-01
-9.33e-01
-9.47e-01
-9.59e-01
-9.69e-01
-9.77e-01
-9.83e-01
-9.89e-01
-9.93e-01
-9.95e-01
-9.98e-01
-9.99e-01
-1.00e+00
-1.00e+00
-1.00e+00
-1.00e+00
-1.00e+00
-9.99e-01
-9.99e-01
-9.99e-01
-9.99e-01
-9.99e-01
-9.99e-01
-9.99e-01
-1.00e+00
-1.00e+00
-1.00e+00
-1.00e+00
-9.99e-01
-9.98e-01
-9.96e-01
-9.94e-01
-9.90e-01
-9.85e-01
