-1.29e-01
-1.32e-01
-1.35e-01
-1.37e-01
-1.39e-01
-1.41e-01
-1.43e-01
-1.44e-01
-1.46e-01
-1.47e-01
-1.49e-01
-1.50e-01
-1.51e-01
-1.52e-01
-1.53e-01
-1.54e-01
-1.55e-01
-1.56e-01
-1.57e-01
-1.58e-01
-1.58e-01
-1.59e-01
-1.59e-01
-1.60e-01
-1.60e-01
-1.60e-01
-1.60e-01
-1.60e-01
-1.59e-01
-1.59e-01
-1.58e-01
-1.57e-01
-1.55e-01
-1.54e-01
-1.51e-01
-1.49e-01
-1.45e-01
-1.40e-01
-1.34e-01
-1.25e-01
-1.12e-01
-9.51e-02
-7.36e-02
-4.77e-02
-1.76e-02
1.68e-02
5.52e-02
9.74e-02
1.43e-01
1.92e-01
2.43e-01
2.96e-01
3.50e-01
4.05e-01
4.60e-01
5.15e-01
5.67e-01
6.18e-01
6.66e-01
7.10e-01
7.51e-01
7.88e-01
8.21e-01
8.51e-01
8.77e-01
8.99e-01
9.19e-01
9.35e-01
9.48e-01
9.60e-01
9.69e-01
9.76e-01
9.82e-01
9.87e-01
9.90e-01
9.93e-01
9.95e-01
9.96e-01
9.97e-01
9.98e-01
9.98e-01
9.99e-01
9.99e-01
9.99e-01
9.99e-01
9.98e-01
9.98e-01
9.97e-01
9.96e-01
9.94e-01
9.92e-01
9.89e-01
9.86e-01
9.81e-01
9.74e-01
9.66e-01
9.56e-01
9.44e-01
9.30e-01
9.12e-01
8.91e-01
8.67e-01
8.38e-01
8.05e-01
7.67e-01
7.23e-01
6.75e-01
6.21e-01
5.61e-01
4.96e-01
4.26e-01
3.52e-01
2.74e-01
1.94e-01
1.13e-01
3.30e-02
-4.55e-02
-1.21e-01
-1.92e-01
-2.58e-01
-3.19e-01
-3.74e-01
-4.24e-01
-4.69e-01
-5.08e-01
-5.43e-01
-5.73e-01
-5.99e-01
-6.22e-01
-6.42e-01
-6.58e-01
-6.71e-01
-6.82e-01
-6.90e-01
-6.97e-01
-7.02e-01
-7.06e-01
-7.10e-01
-7.13e-01
-7.16e-01
-7.19e-01
-7.21e-01
-7.24e-01
-7.26e-01
-7.28e-01
-7.30e-01
-7.33e-01
-7.35e-01
-7.36e-01
-7.38e-01
-7.40e-01
-7.42e-01
-7.43e-01
-7.44e-01
-7.46e-01
-7.47e-01
-7.48e-01
-7.48e-01
-7.49e-01
-7.49e-01
-7.50e-01
-7.50e-01
-7.50e-01
-7.49e-01
-7.49e-01
-7.48e-01
-7.47e-01
-7.46e-01
-7.44e-01
-7.41e-01
-7.38e-01
-7.33e-01
-7.28e-01
-7.20e-01
-7.10e-01
-6.97e-01
-6.80e-01
-6.60e-01
-6.36e-01
-6.07e-01
-5.73e-01
-5.35e-01
-4.91e-01
-4.40e-01
-3.83e-01
-3.20e-01
-2.49e-01
-1.71e-01
-8.72e-02
2.92e-03
9.77e-02
1.95e-01
2.94e-01
3.91e-01
4.85e-01
5.74e-01
6.55e-01
7.28e-01
7.93e-01
8.48e-01
8.94e-01
9.31e-01
9.60e-01
9.80e-01
9.93e-01
9.99e-01
9.99e-01
9.93e-01
9.83e-01
9.67e-01
9.48e-01
9.24e-01
8.98e-01
8.68e-01
8.35e-01
7.99e-01
7.59e-01
7.17e-01
6.71e-01
6.22e-01
5.70e-01
5.13e-01
4.53e-01
3.88e-01
3.19e-01
2.45e-01
1.67e-01
8.35e-02
-4.04e-03
-9.55e-02
-1.90e-01
-2.86e-01
-3.83e-01
-4.78e-01
-5.70e-01
-6.57e-01
-7.36e-01
-8.07e-01
-8.68e-01
-9.18e-01
-9.56e-01
-9.83e-01
-9.98e-01
-9.99e-01
-9.87e-01
-9.61e-01
-9.20e-01
-8.62e-01
-7.87e-01
-6.92e-01
-5.78e-01
-4.42e-01
-2.85e-01
-1.09e-01
8.05e-02
2.73e-01
4.57e-01
6.20e-01
7.56e-01
8.61e-01
9.35e-01
9.81e-01
9.99e-01
9.92e-01
9.62e-01
9.09e-01
8.35e-01
7.40e-01
6.27e-01
4.95e-01
3.45e-01
1.80e-01
3.56e-03
-1.78e-01
-3.56e-01
-5.20e-01
-6.65e-01
-7.85e-01
-8.79e-01
-9.46e-01
-9.86e-01
-1.00e+00
-9.88e-01
-9.49e-01
-8.82e-01
-7.87e-01
-6.60e-01
-5.02e-01
-3.11e-01
-9.25e-02
1.43e-01
3.78e-01
5.89e-01
7.59e-01
8.83e-01
9.61e-01
9.97e-01
9.93e-01
9.53e-01
8.78e-01
7.70e-01
6.31e-01
4.61e-01
2.63e-01
4.25e-02
-1.89e-01
-4.15e-01
-6.16e-01
-7.78e-01
-8.96e-01
-9.69e-01
-9.99e-01
-9.87e-01
-9.34e-01
-8.38e-01
-6.98e-01
-5.14e-01
-2.85e-01
-1.91e-02
2.63e-01
5.28e-01
7.43e-01
8.91e-01
9.75e-01
1.00e+00
9.71e-01
8.92e-01
7.66e-01
5.94e-01
3.78e-01
1.24e-01
-1.54e-01
-4.28e-01
-6.65e-01
-8.42e-01
-9.52e-01
-9.98e-01
-9.83e-01
-9.08e-01
-7.75e-01
-5.81e-01
-3.28e-01
-2.45e-02
3.02e-01
5.99e-01
8.21e-01
9.52e-01
9.99e-01
9.74e-01
8.81e-01
7.25e-01
5.09e-01
2.37e-01
-7.61e-02
-3.97e-01
-6.73e-01
-8.69e-01
-9.75e-01
-9.98e-01
-9.43e-01
-8.12e-01
-6.07e-01
-3.29e-01
9.48e-03
3.70e-01
6.83e-01
8.91e-01
9.88e-01
9.90e-01
9.07e-01
7.46e-01
5.12e-01
2.10e-01
-1.38e-01
-4.86e-01
-7.64e-01
-9.34e-01
-9.99e-01
-9.67e-01
-8.44e-01
-6.34e-01
-3.39e-01
2.53e-02
4.12e-01
7.34e-01
9.29e-01
9.99e-01
9.63e-01
8.34e-01
6.18e-01
3.22e-01
-3.95e-02
-4.19e-01
-7.34e-01
-9.28e-01
-9.99e-01
-9.59e-01
-8.17e-01
-5.77e-01
-2.45e-01
1.54e-01
5.51e-01
8.40e-01
9.80e-01
9.90e-01
8.89e-01
6.88e-01
3.94e-01
2.27e-02
-3.81e-01
-7.25e-01
-9.32e-01
-1.00e+00
-9.45e-01
-7.76e-01
-5.00e-01
-1.27e-01
3.04e-01
6.91e-01
9.26e-01
1.00e+00
9.40e-01
7.63e-01
4.80e-01
1.03e-01
-3.24e-01
-7.02e-01
-9.30e-01
-1.00e+00
-9.32e-01
-7.39e-01
-4.28e-01
-1.59e-02
4.38e-01
8.01e-01
9.77e-01
9.85e-01
8.52e-01
5.96e-01
2.29e-01
-2.15e-01
-6.39e-01
-9.11e-01
-1.00e+00
-9.32e-01
-7.26e-01
-3.90e-01
5.30e-02
5.25e-01
8.66e-01
9.96e-01
9.49e-01
7.55e-01
4.29e-01
-5.67e-03
-4.78e-01
-8.39e-01
-9.92e-01
-9.61e-01
-7.74e-01
-4.45e-01
6.93e-03
5.02e-01
8.66e-01
9.98e-01
9.36e-01
7.14e-01
3.51e-01
-1.20e-01
-6.00e-01
-9.13e-01
-1.00e+00
-8.99e-01
-6.37e-01
-2.28e-01
2.80e-01
7.42e-01
9.75e-01
9.75e-01
7.93e-01
4.55e-01
-1.21e-02
-5.21e-01
-8.84e-01
-1.00e+00
-9.11e-01
-6.48e-01
-2.31e-01
2.92e-01
7.62e-01
9.83e-01
9.62e-01
7.51e-01
3.77e-01
-1.21e-01
-6.28e-01
-9.39e-01
-9.93e-01
-8.43e-01
-5.18e-01
-4.30e-02
4.98e-01
8.90e-01
1.00e+00
8.83e-01
5.83e-01
1.29e-01
-4.08e-01
-8.39e-01
-9.98e-01
-9.22e-01
-6.55e-01
-2.20e-01
3.26e-01
8.01e-01
9.95e-01
9.32e-01
6.69e-01
2.39e-01
-3.02e-01
-7.81e-01
-9.90e-01
-9.44e-01
-6.93e-01
-2.66e-01
2.85e-01
7.82e-01
9.93e-01
9.33e-01
6.66e-01
2.25e-01
-3.27e-01
-8.05e-01
-9.96e-01
-9.24e-01
-6.45e-01
-1.85e-01
3.84e-01
8.50e-01
1.00e+00
8.86e-01
5.66e-01
7.66e-02
-4.91e-01
-9.01e-01
-9.97e-01
-8.42e-01
-4.82e-01
4.60e-02
6.18e-01
9.58e-01
9.73e-01
7.47e-01
3.25e-01
-2.36e-01
-7.63e-01
-9.92e-01
-9.26e-01
-6.32e-01
-1.46e-01
4.48e-01
8.97e-01
9.95e-01
8.22e-01
4.36e-01
-1.15e-01
-6.82e-01
-9.78e-01
-9.49e-01
-6.76e-01
-1.98e-01
4.05e-01
8.82e-01
9.96e-01
8.24e-01
4.31e-01
-1.32e-01
-7.04e-01
-9.86e-01
-9.34e-01
-6.32e-01
-1.25e-01
4.89e-01
9.26e-01
9.83e-01
7.61e-01
3.19e-01
-2.76e-01
-8.12e-01
-1.00e+00
-8.70e-01
-4.97e-01
6.79e-02
6.73e-01
9.84e-01
9.30e-01
6.15e-01
9.45e-02
-5.23e-01
-9.40e-01
-9.75e-01
-7.27e-01
-2.51e-01
3.72e-01
8.80e-01
9.94e-01
7.97e-01
3.65e-01
-2.35e-01
-7.96e-01
-1.00e+00
-8.66e-01
-4.79e-01
1.04e-01
7.12e-01
9.93e-01
9.04e-01
5.53e-01
-1.64e-03
-6.21e-01
-9.74e-01
-9.42e-01
-6.33e-01
-1.01e-01
5.37e-01
9.53e-01
9.62e-01
6.81e-01
1.77e-01
-4.53e-01
-9.19e-01
-9.82e-01
-7.42e-01
-2.63e-01
3.71e-01
8.87e-01
9.91e-01
7.76e-01
3.20e-01
-2.99e-01
-8.43e-01
-9.98e-01
-8.19e-01
-3.88e-01
2.29e-01
8.09e-01
1.00e+00
8.38e-01
4.21e-01
-1.82e-01
-7.72e-01
-9.99e-01
-8.65e-01
-4.65e-01
1.37e-01
7.50e-01
9.99e-01
8.69e-01
4.72e-01
-1.24e-01
-7.34e-01
-9.97e-01
-8.80e-01
-4.90e-01
1.10e-01
7.34e-01
9.98e-01
8.71e-01
4.72e-01
-1.30e-01
-7.43e-01
-9.98e-01
-8.69e-01
-4.64e-01
1.49e-01
7.67e-01
1.00e+00
8.45e-01
4.19e-01
-2.02e-01
-7.99e-01
-1.00e+00
-8.28e-01
-3.83e-01
2.56e-01
8.41e-01
9.96e-01
7.84e-01
3.08e-01
-3.40e-01
-8.83e-01
-9.88e-01
-7.46e-01
-2.42e-01
4.22e-01
9.26e-01
9.70e-01
6.80e-01
1.42e-01
-5.20e-01
-9.58e-01
-9.48e-01
-6.22e-01
-5.36e-02
6.13e-01
9.84e-01
9.09e-01
5.33e-01
-6.69e-02
-7.09e-01
-9.97e-01
-8.70e-01
-4.54e-01
1.77e-01
7.97e-01
9.99e-01
8.06e-01
3.38e-01
-3.15e-01
-8.75e-01
-9.89e-01
-7.44e-01
-2.33e-01
4.40e-01
9.36e-01
9.62e-01
6.52e-01
9.49e-02
-5.72e-01
-9.74e-01
-9.28e-01
-5.71e-01
2.27e-02
6.82e-01
9.96e-01
8.74e-01
4.59e-01
-1.67e-01
-7.85e-01
-1.00e+00
-8.22e-01
-3.64e-01
2.90e-01
8.67e-01
9.89e-01
7.44e-01
2.34e-01
-4.31e-01
-9.29e-01
-9.69e-01
-6.74e-01
-1.27e-01
5.47e-01
9.70e-01
9.31e-01
5.78e-01
-8.03e-03
-6.62e-01
-9.91e-01
-8.93e-01
-4.98e-01
1.20e-01
7.57e-01
1.00e+00
8.34e-01
3.86e-01
-2.56e-01
-8.42e-01
-9.95e-01
-7.78e-01
-2.89e-01
3.77e-01
9.10e-01
9.76e-01
6.95e-01
1.59e-01
-5.09e-01
-9.56e-01
-9.48e-01
-6.19e-01
-4.41e-02
6.25e-01
9.87e-01
9.01e-01
5.12e-01
-9.91e-02
-7.37e-01
-9.99e-01
-8.50e-01
-4.12e-01
2.33e-01
8.36e-01
9.95e-01
7.71e-01
2.75e-01
-3.90e-01
-9.14e-01
-9.75e-01
-6.88e-01
-1.42e-01
5.38e-01
9.70e-01
9.30e-01
5.71e-01
-2.38e-02
-6.81e-01
-9.95e-01
-8.75e-01
-4.56e-01
1.84e-01
8.08e-01
9.98e-01
7.87e-01
2.99e-01
-3.68e-01
-9.06e-01
-9.77e-01
-6.92e-01
-1.42e-01
5.42e-01
9.72e-01
9.25e-01
5.56e-01
-4.88e-02
-7.05e-01
-9.98e-01
-8.58e-01
-4.18e-01
2.35e-01
8.43e-01
9.93e-01
7.53e-01
2.39e-01
-4.37e-01
-9.37e-01
-9.60e-01
-6.39e-01
-6.15e-02
6.20e-01
9.89e-01
8.92e-01
4.85e-01
-1.44e-01
-7.78e-01
-1.00e+00
-8.10e-01
-3.31e-01
3.41e-01
9.00e-01
9.77e-01
6.90e-01
1.42e-01
-5.36e-01
-9.69e-01
-9.30e-01
-5.66e-01
4.16e-02
7.07e-01
9.99e-01
8.50e-01
4.06e-01
-2.43e-01
-8.42e-01
-9.94e-01
-7.61e-01
-2.49e-01
4.32e-01
9.38e-01
9.58e-01
6.36e-01
6.41e-02
-6.08e-01
-9.85e-01
-9.05e-01
-5.13e-01
1.11e-01
7.59e-01
1.00e+00
8.21e-01
3.56e-01
-3.01e-01
-8.73e-01
-9.88e-01
-7.32e-01
-2.05e-01
4.78e-01
9.53e-01
9.46e-01
6.07e-01
2.45e-02
-6.42e-01
-9.90e-01
-8.91e-01
-4.86e-01
1.46e-01
7.84e-01
9.99e-01
8.04e-01
3.26e-01
-3.37e-01
-8.92e-01
-9.82e-01
-7.10e-01
-1.70e-01
5.15e-01
9.65e-01
9.34e-01
5.76e-01
-2.11e-02
-6.83e-01
-9.96e-01
-8.70e-01
-4.42e-01
2.05e-01
8.24e-01
9.95e-01
7.69e-01
2.65e-01
-4.09e-01
-9.26e-01
-9.66e-01
-6.58e-01
-8.89e-02
5.95e-01
9.85e-01
9.01e-01
5.03e-01
-1.22e-01
-7.64e-01
-1.00e+00
-8.19e-01
-3.45e-01
3.26e-01
8.94e-01
9.78e-01
6.93e-01
1.42e-01
-5.40e-01
-9.71e-01
-9.26e-01
-5.55e-01
5.97e-02
7.25e-01
1.00e+00
8.33e-01
3.70e-01
-2.92e-01
-8.73e-01
-9.86e-01
-7.22e-01
-1.83e-01
5.07e-01
9.65e-01
9.31e-01
5.64e-01
-4.32e-02
-7.06e-01
-9.98e-01
-8.51e-01
-4.02e-01
2.59e-01
8.60e-01
9.88e-01
7.29e-01
1.96e-01
-4.87e-01
-9.56e-01
-9.43e-01
-5.95e-01
4.11e-03
6.80e-01
9.97e-01
8.59e-01
4.18e-01
-2.33e-01
-8.38e-01
-9.94e-01
-7.61e-01
-2.47e-01
4.37e-01
9.41e-01
9.54e-01
6.22e-01
3.97e-02
-6.33e-01
-9.90e-01
-8.92e-01
-4.85e-01
1.50e-01
7.88e-01
9.99e-01
7.96e-01
3.09e-01
-3.59e-01
-9.04e-01
-9.77e-01
-6.94e-01
-1.45e-01
5.40e-01
9.72e-01
9.25e-01
