3.41e+00
3.41e+00
3.41e+00
3.41e+00
3.42e+00
3.43e+00
3.44e+00
3.45e+00
3.47e+00
3.49e+00
3.51e+00
3.53e+00
3.56e+00
3.58e+00
3.61e+00
3.64e+00
3.67e+00
3.71e+00
3.74e+00
3.78e+00
3.81e+00
3.85e+00
3.88e+00
3.92e+00
3.95e+00
3.99e+00
4.02e+00
4.06e+00
4.09e+00
4.12e+00
4.16e+00
4.19e+00
4.22e+00
4.25e+00
4.27e+00
4.30e+00
4.32e+00
4.35e+00
4.37e+00
4.39e+00
4.41e+00
4.43e+00
4.44e+00
4.45e+00
4.47e+00
4.48e+00
4.48e+00
4.49e+00
4.50e+00
4.50e+00
4.50e+00
4.50e+00
4.49e+00
4.49e+00
4.48e+00
4.47e+00
4.46e+00
4.45e+00
4.43e+00
4.42e+00
4.40e+00
4.38e+00
4.36e+00
4.33e+00
4.31e+00
4.28e+00
4.25e+00
4.22e+00
4.19e+00
4.16e+00
4.13e+00
4.09e+00
4.06e+00
4.02e+00
