-1.29e-01
-1.32e-01
-1.35e-01
-1.36e-01
-1.37e-01
-1.37e-01
-1.37e-01
-1.35e-01
-1.33e-01
-1.31e-01
-1.27e-01
-1.23e-01
-1.18e-01
-1.13e-01
-1.07e-01
-1.00e-01
-9.28e-02
-8.52e-02
-7.70e-02
-6.85e-02
-5.96e-02
-5.04e-02
-4.09e-02
-3.12e-02
-2.12e-02
-1.12e-02
-1.02e-03
9.20e-03
1.94e-02
2.97e-02
3.99e-02
5.00e-02
5.99e-02
6.98e-02
7.94e-02
8.89e-02
9.81e-02
1.07e-01
1.16e-01
1.24e-01
1.32e-01
1.40e-01
1.48e-01
1.55e-01
1.62e-01
1.68e-01
1.74e-01
1.80e-01
1.85e-01
1.90e-01
1.95e-01
1.99e-01
2.03e-01
2.06e-01
2.09e-01
2.12e-01
2.14e-01
2.16e-01
2.18e-01
2.19e-01
2.20e-01
2.20e-01
2.20e-01
2.20e-01
2.19e-01
2.18e-01
2.17e-01
2.15e-01
2.13e-01
2.10e-01
2.08e-01
2.05e-01
2.01e-01
1.98e-01
1.94e-01
1.90e-01
1.86e-01
1.81e-01
1.76e-01
1.72e-01
1.66e-01
1.61e-01
1.56e-01
1.50e-01
1.45e-01
1.39e-01
1.34e-01
1.28e-01
1.23e-01
1.17e-01
1.12e-01
1.07e-01
1.02e-01
9.73e-02
9.29e-02
8.87e-02
8.49e-02
8.14e-02
7.84e-02
7.58e-02
7.37e-02
7.20e-02
7.09e-02
7.04e-02
7.05e-02
7.11e-02
7.24e-02
7.43e-02
7.69e-02
8.01e-02
8.39e-02
8.84e-02
9.35e-02
9.93e-02
1.06e-01
1.13e-01
1.20e-01
1.28e-01
1.37e-01
1.46e-01
1.55e-01
1.65e-01
1.76e-01
1.86e-01
1.97e-01
2.09e-01
2.20e-01
2.32e-01
2.44e-01
2.57e-01
2.69e-01
2.81e-01
2.94e-01
3.07e-01
3.19e-01
3.32e-01
3.45e-01
3.58e-01
3.70e-01
3.83e-01
3.96e-01
4.08e-01
4.21e-01
4.33e-01
4.45e-01
4.57e-01
4.69e-01
4.81e-01
4.93e-01
5.05e-01
5.16e-01
5.28e-01
5.39e-01
5.50e-01
5.61e-01
5.72e-01
5.82e-01
5.93e-01
6.03e-01
6.13e-01
6.23e-01
6.33e-01
6.42e-01
6.52e-01
6.61e-01
6.71e-01
6.80e-01
6.89e-01
6.98e-01
7.06e-01
7.15e-01
7.23e-01
7.31e-01
7.39e-01
7.47e-01
7.54e-01
7.61e-01
7.68e-01
7.75e-01
7.81e-01
7.86e-01
