9.93e-02
9.91e-02
9.90e-02
9.91e-02
9.94e-02
1.00e-01
1.01e-01
1.02e-01
1.03e-01
1.05e-01
1.06e-01
1.08e-01
1.10e-01
1.11e-01
1.13e-01
1.15e-01
1.17e-01
1.18e-01
1.20e-01
1.21e-01
1.23e-01
1.24e-01
1.25e-01
1.27e-01
1.28e-01
1.29e-01
1.30e-01
1.31e-01
1.31e-01
1.32e-01
1.33e-01
1.34e-01
1.35e-01
1.35e-01
1.36e-01
1.36e-01
1.37e-01
1.38e-01
1.38e-01
1.39e-01
1.39e-01
1.40e-01
1.41e-01
1.41e-01
1.42e-01
1.43e-01
1.43e-01
1.44e-01
1.45e-01
1.46e-01
1.47e-01
1.48e-01
1.49e-01
1.50e-01
1.51e-01
1.53e-01
1.54e-01
1.55e-01
1.57e-01
1.59e-01
1.60e-01
1.62e-01
1.64e-01
1.66e-01
1.68e-01
1.71e-01
1.73e-01
1.76e-01
1.79e-01
1.81e-01
1.84e-01
1.88e-01
1.91e-01
1.94e-01
1.98e-01
2.02e-01
2.06e-01
2.10e-01
2.14e-01
2.19e-01
2.23e-01
2.28e-01
2.34e-01
2.39e-01
2.44e-01
2.50e-01
2.56e-01
2.62e-01
2.69e-01
2.76e-01
2.83e-01
2.90e-01
2.97e-01
3.05e-01
3.13e-01
3.21e-01
3.30e-01
3.39e-01
3.48e-01
3.57e-01
3.67e-01
3.77e-01
3.87e-01
3.98e-01
4.09e-01
4.20e-01
4.32e-01
4.44e-01
4.56e-01
4.69e-01
4.82e-01
4.95e-01
5.09e-01
5.24e-01
5.38e-01
5.53e-01
5.69e-01
5.84e-01
6.01e-01
6.17e-01
6.35e-01
6.52e-01
6.70e-01
6.89e-01
7.08e-01
7.27e-01
7.47e-01
7.68e-01
7.89e-01
8.11e-01
8.33e-01
8.56e-01
8.79e-01
9.03e-01
9.27e-01
9.52e-01
9.78e-01
1.00e+00
1.03e+00
1.06e+00
1.09e+00
1.12e+00
1.15e+00
1.18e+00
1.21e+00
1.24e+00
1.27e+00
1.31e+00
1.34e+00
1.38e+00
1.42e+00
1.45e+00
1.49e+00
1.53e+00
1.57e+00
1.61e+00
1.66e+00
1.70e+00
1.74e+00
1.79e+00
1.83e+00
1.88e+00
1.93e+00
1.98e+00
2.03e+00
2.08e+00
2.13e+00
2.18e+00
2.23e+00
2.29e+00
2.34e+00
2.40e+00
2.46e+00
