2.81e+00
2.81e+00
2.81e+00
2.81e+00
2.80e+00
2.79e+00
2.78e+00
2.77e+00
2.75e+00
2.73e+00
2.71e+00
2.69e+00
2.67e+00
2.64e+00
2.62e+00
2.59e+00
2.56e+00
2.53e+00
2.50e+00
2.47e+00
2.44e+00
2.41e+00
2.38e+00
2.34e+00
2.31e+00
2.28e+00
2.25e+00
2.22e+00
2.19e+00
2.16e+00
2.13e+00
2.11e+00
2.08e+00
2.06e+00
2.03e+00
2.01e+00
1.99e+00
1.97e+00
1.95e+00
1.93e+00
1.92e+00
1.90e+00
1.89e+00
1.88e+00
1.87e+00
1.86e+00
1.86e+00
1.85e+00
1.85e+00
1.85e+00
1.85e+00
1.86e+00
1.86e+00
1.87e+00
1.88e+00
1.89e+00
1.90e+00
1.91e+00
1.92e+00
1.94e+00
1.96e+00
1.98e+00
2.00e+00
2.02e+00
2.05e+00
2.07e+00
2.10e+00
2.13e+00
2.16e+00
2.19e+00
2.22e+00
2.25e+00
2.28e+00
