2.86e+00
2.86e+00
2.86e+00
2.88e+00
2.89e+00
2.91e+00
2.93e+00
2.96e+00
3.00e+00
3.04e+00
3.08e+00
3.13e+00
3.18e+00
3.23e+00
3.29e+00
3.36e+00
3.42e+00
3.49e+00
3.56e+00
3.63e+00
3.70e+00
3.78e+00
3.85e+00
3.92e+00
3.99e+00
4.06e+00
4.13e+00
4.20e+00
4.26e+00
4.32e+00
4.38e+00
4.44e+00
4.50e+00
4.56e+00
4.61e+00
4.66e+00
4.71e+00
4.76e+00
4.80e+00
4.84e+00
4.88e+00
4.91e+00
4.95e+00
4.98e+00
5.01e+00
5.03e+00
5.05e+00
5.07e+00
5.08e+00
5.10e+00
5.10e+00
5.11e+00
5.11e+00
5.11e+00
5.11e+00
5.10e+00
5.10e+00
5.09e+00
5.08e+00
5.07e+00
5.06e+00
5.05e+00
5.04e+00
5.02e+00
5.00e+00
4.98e+00
4.96e+00
4.94e+00
4.92e+00
4.89e+00
4.86e+00
4.83e+00
4.80e+00
4.77e+00
4.73e+00
4.69e+00
4.65e+00
4.61e+00
4.56e+00
4.51e+00
4.46e+00
4.41e+00
4.35e+00
4.29e+00
4.22e+00
4.15e+00
4.07e+00
4.00e+00
3.91e+00
3.82e+00
3.72e+00
3.62e+00
3.51e+00
3.39e+00
3.27e+00
3.13e+00
3.00e+00
2.85e+00
2.71e+00
2.57e+00
2.43e+00
2.29e+00
2.16e+00
2.03e+00
1.91e+00
1.79e+00
1.67e+00
1.55e+00
1.44e+00
1.33e+00
1.23e+00
1.12e+00
1.02e+00
9.17e-01
8.18e-01
7.21e-01
6.26e-01
5.33e-01
4.42e-01
3.55e-01
2.70e-01
1.89e-01
1.12e-01
3.84e-02
-3.10e-02
-9.65e-02
-1.58e-01
-2.16e-01
-2.70e-01
-3.22e-01
-3.71e-01
-4.19e-01
-4.64e-01
-5.07e-01
-5.49e-01
-5.90e-01
-6.31e-01
-6.72e-01
-7.14e-01
-7.57e-01
-8.01e-01
-8.46e-01
-8.93e-01
-9.42e-01
-9.91e-01
-1.04e+00
-1.10e+00
-1.15e+00
-1.20e+00
-1.26e+00
-1.32e+00
-1.38e+00
-1.44e+00
-1.50e+00
-1.56e+00
-1.63e+00
-1.70e+00
-1.77e+00
-1.84e+00
-1.92e+00
-2.00e+00
-2.09e+00
-2.18e+00
-2.27e+00
-2.37e+00
-2.48e+00
-2.59e+00
-2.71e+00
-2.84e+00
-2.98e+00
-3.12e+00
-3.27e+00
-3.43e+00
-3.58e+00
-3.74e+00
-3.89e+00
-4.03e+00
-4.17e+00
-4.31e+00
-4.44e+00
-4.57e+00
-4.69e+00
-4.82e+00
-4.93e+00
-5.05e+00
-5.16e+00
-5.28e+00
-5.40e+00
-5.52e+00
-5.64e+00
-5.76e+00
-5.89e+00
-6.03e+00
-6.17e+00
-6.31e+00
-6.45e+00
-6.59e+00
-6.73e+00
-6.87e+00
-7.00e+00
-7.12e+00
-7.24e+00
-7.37e+00
-7.49e+00
-7.62e+00
-7.75e+00
-7.87e+00
-8.00e+00
-8.14e+00
-8.27e+00
-8.41e+00
-8.56e+00
-8.71e+00
-8.87e+00
