2.90e+00
2.90e+00
2.91e+00
2.92e+00
2.93e+00
2.95e+00
2.97e+00
3.00e+00
3.03e+00
3.07e+00
3.11e+00
3.16e+00
3.21e+00
3.26e+00
3.32e+00
3.38e+00
3.44e+00
3.51e+00
3.57e+00
3.64e+00
3.71e+00
3.78e+00
3.85e+00
3.92e+00
3.99e+00
4.05e+00
4.12e+00
4.18e+00
4.25e+00
4.31e+00
4.37e+00
4.42e+00
4.48e+00
4.53e+00
4.58e+00
4.63e+00
4.68e+00
4.72e+00
4.77e+00
4.80e+00
4.84e+00
4.88e+00
4.91e+00
4.94e+00
4.96e+00
4.99e+00
5.01e+00
5.02e+00
5.04e+00
5.05e+00
5.06e+00
5.07e+00
5.08e+00
5.08e+00
5.09e+00
5.09e+00
5.09e+00
5.09e+00
5.09e+00
5.09e+00
5.08e+00
5.08e+00
5.07e+00
5.06e+00
5.05e+00
5.04e+00
5.03e+00
5.01e+00
4.99e+00
4.97e+00
