3.16e+00
3.16e+00
3.16e+00
3.17e+00
3.18e+00
3.19e+00
3.21e+00
3.23e+00
3.26e+00
3.29e+00
3.32e+00
3.36e+00
3.40e+00
3.44e+00
3.49e+00
3.53e+00
3.58e+00
3.63e+00
3.68e+00
3.73e+00
3.79e+00
3.84e+00
3.89e+00
3.94e+00
4.00e+00
4.05e+00
4.10e+00
4.15e+00
4.20e+00
4.24e+00
4.29e+00
4.33e+00
4.37e+00
4.41e+00
4.45e+00
4.49e+00
4.53e+00
4.56e+00
4.59e+00
4.62e+00
4.64e+00
4.67e+00
4.69e+00
4.71e+00
4.73e+00
4.74e+00
4.76e+00
4.77e+00
4.77e+00
4.78e+00
4.78e+00
4.78e+00
4.78e+00
4.77e+00
4.77e+00
4.76e+00
4.75e+00
4.73e+00
4.71e+00
4.70e+00
4.68e+00
4.65e+00
4.63e+00
4.60e+00
4.57e+00
4.53e+00
4.49e+00
4.45e+00
4.41e+00
4.36e+00
4.31e+00
4.26e+00
4.20e+00
4.14e+00
4.07e+00
4.00e+00
3.93e+00
3.85e+00
3.76e+00
3.67e+00
3.57e+00
3.46e+00
3.35e+00
3.22e+00
3.10e+00
2.97e+00
2.83e+00
2.69e+00
2.56e+00
2.42e+00
2.29e+00
2.16e+00
2.04e+00
1.92e+00
1.81e+00
1.69e+00
1.58e+00
1.48e+00
1.37e+00
1.27e+00
1.17e+00
1.07e+00
9.75e-01
8.81e-01
7.89e-01
7.00e-01
6.12e-01
5.28e-01
4.47e-01
3.68e-01
2.94e-01
2.23e-01
1.55e-01
9.23e-02
3.33e-02
-2.17e-02
-7.26e-02
-1.20e-01
-1.63e-01
-2.07e-01
-2.55e-01
-3.07e-01
-3.57e-01
-4.04e-01
-4.49e-01
-4.92e-01
-5.32e-01
-5.72e-01
-6.13e-01
-6.56e-01
-7.01e-01
-7.48e-01
-7.98e-01
-8.51e-01
-9.06e-01
-9.63e-01
-1.02e+00
-1.08e+00
-1.14e+00
-1.21e+00
-1.27e+00
-1.34e+00
-1.40e+00
-1.47e+00
-1.54e+00
-1.61e+00
-1.68e+00
-1.76e+00
-1.84e+00
-1.92e+00
-2.01e+00
-2.10e+00
-2.19e+00
-2.29e+00
-2.40e+00
-2.51e+00
-2.63e+00
-2.76e+00
-2.90e+00
-3.04e+00
-3.20e+00
-3.35e+00
-3.51e+00
-3.67e+00
-3.83e+00
-3.98e+00
-4.13e+00
-4.27e+00
-4.41e+00
-4.54e+00
-4.67e+00
-4.79e+00
-4.91e+00
-5.03e+00
-5.15e+00
-5.27e+00
-5.39e+00
-5.51e+00
-5.64e+00
-5.77e+00
-5.90e+00
-6.04e+00
-6.18e+00
-6.31e+00
-6.45e+00
-6.59e+00
-6.72e+00
-6.84e+00
-6.97e+00
-7.10e+00
-7.23e+00
-7.36e+00
-7.49e+00
-7.62e+00
-7.75e+00
-7.88e+00
-8.02e+00
-8.15e+00
-8.30e+00
-8.44e+00
-8.59e+00
-8.75e+00
-8.92e+00
-9.10e+00
-9.28e+00
-9.48e+00
-9.68e+00
-9.88e+00
-1.01e+01
-1.02e+01
-1.04e+01
-1.06e+01
-1.07e+01
-1.08e+01
-1.10e+01
-1.11e+01
-1.12e+01
-1.14e+01
-1.15e+01
-1.16e+01
-1.17e+01
-1.19e+01
-1.20e+01
-1.21e+01
-1.23e+01
-1.24e+01
-1.26e+01
-1.27e+01
-1.29e+01
-1.31e+01
-1.32e+01
-1.34e+01
-1.36e+01
-1.37e+01
-1.39e+01
-1.40e+01
-1.42e+01
-1.44e+01
-1.45e+01
-1.47e+01
-1.49e+01
-1.50e+01
-1.52e+01
-1.54e+01
-1.56e+01
-1.58e+01
-1.60e+01
-1.62e+01
-1.64e+01
-1.66e+01
-1.67e+01
-1.69e+01
-1.70e+01
-1.72e+01
-1.73e+01
-1.74e+01
-1.76e+01
-1.77e+01
-1.78e+01
-1.79e+01
-1.81e+01
-1.82e+01
-1.83e+01
-1.85e+01
-1.86e+01
-1.88e+01
-1.89e+01
-1.91e+01
-1.93e+01
-1.94e+01
-1.96e+01
-1.98e+01
-1.99e+01
-2.01e+01
-2.02e+01
-2.04e+01
-2.06e+01
-2.07e+01
-2.09e+01
-2.11e+01
-2.12e+01
-2.14e+01
-2.16e+01
-2.18e+01
-2.20e+01
-2.22e+01
-2.24e+01
-2.26e+01
-2.28e+01
-2.30e+01
-2.31e+01
-2.33e+01
-2.34e+01
-2.35e+01
-2.37e+01
-2.38e+01
-2.39e+01
-2.41e+01
-2.42e+01
-2.43e+01
-2.44e+01
-2.46e+01
-2.47e+01
-2.49e+01
-2.50e+01
-2.52e+01
-2.53e+01
-2.55e+01
-2.57e+01
-2.58e+01
-2.60e+01
-2.62e+01
-2.63e+01
-2.65e+01
-2.66e+01
-2.68e+01
-2.70e+01
-2.71e+01
-2.73e+01
-2.75e+01
-2.76e+01
-2.78e+01
-2.80e+01
-2.82e+01
-2.84e+01
-2.86e+01
-2.88e+01
-2.90e+01
-2.92e+01
-2.94e+01
-2.95e+01
-2.96e+01
-2.98e+01
-2.99e+01
-3.00e+01
-3.02e+01
-3.03e+01
-3.04e+01
