3.02e+00
3.02e+00
3.03e+00
3.04e+00
3.05e+00
3.07e+00
3.09e+00
3.12e+00
3.15e+00
3.18e+00
3.22e+00
3.27e+00
3.31e+00
3.36e+00
3.42e+00
3.47e+00
3.53e+00
3.59e+00
3.65e+00
3.71e+00
3.77e+00
3.83e+00
3.89e+00
3.95e+00
4.01e+00
4.07e+00
4.13e+00
4.19e+00
4.24e+00
4.30e+00
4.35e+00
4.40e+00
4.45e+00
4.50e+00
4.54e+00
4.58e+00
4.62e+00
4.66e+00
4.70e+00
4.73e+00
4.76e+00
4.79e+00
4.82e+00
4.84e+00
4.86e+00
4.88e+00
4.90e+00
4.91e+00
4.92e+00
4.93e+00
4.93e+00
4.93e+00
4.93e+00
4.93e+00
4.92e+00
4.92e+00
4.91e+00
4.89e+00
4.88e+00
4.86e+00
4.85e+00
4.83e+00
4.81e+00
4.78e+00
4.76e+00
4.73e+00
4.70e+00
4.66e+00
4.63e+00
4.59e+00
4.55e+00
4.51e+00
4.46e+00
4.41e+00
4.36e+00
4.30e+00
4.24e+00
4.17e+00
4.11e+00
4.03e+00
3.95e+00
3.87e+00
3.78e+00
3.68e+00
3.58e+00
3.47e+00
3.35e+00
3.23e+00
3.10e+00
2.96e+00
2.82e+00
2.68e+00
2.54e+00
2.40e+00
2.27e+00
2.14e+00
2.02e+00
1.89e+00
1.78e+00
1.66e+00
1.55e+00
1.44e+00
1.33e+00
1.23e+00
1.13e+00
1.03e+00
9.27e-01
8.30e-01
7.35e-01
6.43e-01
5.53e-01
4.66e-01
3.81e-01
3.00e-01
2.22e-01
1.48e-01
7.83e-02
1.19e-02
-5.18e-02
-1.14e-01
-1.74e-01
-2.34e-01
-2.92e-01
-3.50e-01
-4.08e-01
-4.66e-01
-5.23e-01
-5.81e-01
-6.39e-01
-6.96e-01
-7.54e-01
-8.13e-01
-8.72e-01
-9.31e-01
-9.91e-01
-1.05e+00
-1.11e+00
-1.17e+00
-1.24e+00
-1.30e+00
-1.37e+00
-1.44e+00
-1.50e+00
-1.58e+00
-1.65e+00
-1.72e+00
-1.80e+00
-1.88e+00
-1.97e+00
-2.06e+00
-2.15e+00
-2.25e+00
-2.35e+00
-2.46e+00
-2.58e+00
-2.71e+00
-2.84e+00
-2.98e+00
-3.13e+00
-3.29e+00
-3.45e+00
-3.61e+00
-3.77e+00
-3.92e+00
-4.07e+00
-4.22e+00
-4.35e+00
-4.49e+00
-4.62e+00
-4.75e+00
-4.87e+00
-5.00e+00
-5.12e+00
-5.24e+00
-5.35e+00
-5.47e+00
-5.58e+00
-5.70e+00
-5.81e+00
-5.92e+00
-6.03e+00
-6.14e+00
-6.24e+00
-6.34e+00
-6.44e+00
-6.53e+00
-6.62e+00
-6.71e+00
-6.80e+00
-6.88e+00
-6.96e+00
-7.04e+00
-7.12e+00
-7.21e+00
-7.29e+00
-7.37e+00
-7.45e+00
-7.53e+00
-7.62e+00
-7.70e+00
-7.79e+00
-7.88e+00
-7.97e+00
-8.06e+00
-8.16e+00
-8.26e+00
-8.36e+00
-8.47e+00
-8.59e+00
-8.71e+00
-8.84e+00
-8.97e+00
