2.91e+00
2.91e+00
2.91e+00
2.90e+00
2.89e+00
2.88e+00
2.87e+00
2.85e+00
2.83e+00
2.81e+00
2.79e+00
2.76e+00
2.73e+00
2.70e+00
2.67e+00
2.64e+00
2.60e+00
2.57e+00
2.53e+00
2.50e+00
2.46e+00
2.42e+00
2.38e+00
2.34e+00
2.31e+00
2.27e+00
2.23e+00
2.20e+00
2.16e+00
2.13e+00
2.09e+00
2.06e+00
2.03e+00
2.00e+00
1.97e+00
1.94e+00
1.92e+00
1.89e+00
1.87e+00
1.85e+00
1.83e+00
1.82e+00
1.80e+00
1.79e+00
1.78e+00
1.77e+00
1.76e+00
1.75e+00
1.75e+00
1.75e+00
1.75e+00
1.75e+00
1.75e+00
1.76e+00
1.77e+00
1.78e+00
1.79e+00
1.81e+00
1.82e+00
1.84e+00
1.86e+00
1.88e+00
1.91e+00
1.93e+00
1.96e+00
1.99e+00
2.02e+00
2.05e+00
2.08e+00
