3.25e+00
3.25e+00
3.24e+00
3.23e+00
3.22e+00
3.20e+00
3.17e+00
3.15e+00
3.12e+00
3.08e+00
3.04e+00
3.00e+00
2.95e+00
2.90e+00
2.85e+00
2.80e+00
2.74e+00
2.68e+00
2.62e+00
2.56e+00
2.50e+00
2.44e+00
2.38e+00
2.32e+00
2.26e+00
2.20e+00
2.15e+00
2.09e+00
2.04e+00
1.98e+00
1.93e+00
1.88e+00
1.84e+00
1.79e+00
1.75e+00
1.70e+00
1.66e+00
1.63e+00
1.59e+00
1.56e+00
1.53e+00
1.50e+00
1.48e+00
1.45e+00
1.43e+00
1.42e+00
1.40e+00
1.39e+00
1.38e+00
1.38e+00
1.37e+00
1.37e+00
1.38e+00
1.38e+00
1.39e+00
1.40e+00
1.42e+00
1.43e+00
1.45e+00
1.48e+00
1.50e+00
1.53e+00
1.56e+00
1.59e+00
1.63e+00
