3.34e+00
3.34e+00
3.33e+00
3.32e+00
3.30e+00
3.28e+00
3.26e+00
3.23e+00
3.19e+00
3.15e+00
3.11e+00
3.06e+00
3.01e+00
2.96e+00
2.91e+00
2.86e+00
2.80e+00
2.75e+00
2.70e+00
2.65e+00
2.59e+00
2.54e+00
2.49e+00
2.44e+00
2.39e+00
2.35e+00
2.30e+00
2.25e+00
2.20e+00
2.16e+00
2.11e+00
2.07e+00
2.03e+00
1.99e+00
1.95e+00
1.91e+00
1.87e+00
1.84e+00
1.80e+00
1.77e+00
1.75e+00
1.72e+00
1.69e+00
1.67e+00
1.65e+00
1.63e+00
1.62e+00
1.60e+00
1.59e+00
1.58e+00
1.58e+00
1.57e+00
1.57e+00
1.57e+00
1.57e+00
1.58e+00
1.59e+00
1.60e+00
1.61e+00
1.63e+00
1.65e+00
1.67e+00
1.69e+00
1.71e+00
1.74e+00
1.77e+00
1.80e+00
1.83e+00
1.87e+00
1.90e+00
1.94e+00
1.98e+00
2.03e+00
2.07e+00
2.12e+00
2.16e+00
2.21e+00
