1.95e-01
1.96e-01
1.95e-01
1.92e-01
1.88e-01
1.82e-01
1.75e-01
1.66e-01
1.55e-01
1.43e-01
1.29e-01
1.13e-01
9.64e-02
7.81e-02
5.84e-02
3.74e-02
1.53e-02
-7.86e-03
-3.20e-02
-5.70e-02
-8.28e-02
-1.09e-01
-1.36e-01
-1.64e-01
-1.92e-01
-2.21e-01
-2.50e-01
-2.79e-01
-3.09e-01
-3.40e-01
-3.70e-01
-4.02e-01
-4.34e-01
-4.66e-01
-4.99e-01
-5.33e-01
-5.67e-01
-6.02e-01
-6.37e-01
-6.74e-01
-7.11e-01
-7.49e-01
-7.88e-01
-8.28e-01
-8.68e-01
-9.10e-01
-9.52e-01
-9.96e-01
-1.04e+00
-1.08e+00
-1.13e+00
-1.18e+00
-1.22e+00
-1.27e+00
-1.31e+00
-1.36e+00
-1.40e+00
-1.45e+00
-1.49e+00
-1.53e+00
-1.57e+00
-1.61e+00
-1.65e+00
-1.69e+00
-1.73e+00
-1.76e+00
-1.80e+00
-1.83e+00
-1.86e+00
-1.89e+00
-1.92e+00
-1.95e+00
-1.98e+00
-2.00e+00
-2.03e+00
-2.05e+00
-2.07e+00
-2.09e+00
-2.11e+00
-2.12e+00
-2.14e+00
-2.15e+00
-2.16e+00
-2.16e+00
-2.16e+00
-2.16e+00
-2.16e+00
-2.16e+00
-2.15e+00
-2.14e+00
-2.13e+00
-2.12e+00
-2.11e+00
-2.10e+00
-2.09e+00
-2.08e+00
-2.07e+00
-2.07e+00
-2.06e+00
-2.06e+00
-2.06e+00
-2.06e+00
-2.05e+00
-2.05e+00
-2.06e+00
-2.06e+00
-2.06e+00
-2.06e+00
-2.06e+00
-2.06e+00
-2.06e+00
-2.06e+00
-2.06e+00
-2.06e+00
-2.06e+00
-2.05e+00
-2.05e+00
-2.04e+00
-2.03e+00
-2.02e+00
-2.01e+00
-2.00e+00
-1.99e+00
-1.98e+00
-1.97e+00
-1.96e+00
-1.95e+00
-1.94e+00
-1.92e+00
-1.91e+00
-1.90e+00
-1.88e+00
-1.87e+00
-1.85e+00
-1.83e+00
-1.82e+00
-1.80e+00
-1.78e+00
-1.76e+00
-1.73e+00
-1.71e+00
-1.69e+00
-1.66e+00
-1.63e+00
-1.60e+00
-1.57e+00
-1.54e+00
-1.50e+00
-1.47e+00
-1.43e+00
-1.39e+00
-1.34e+00
-1.30e+00
-1.25e+00
-1.20e+00
-1.14e+00
-1.08e+00
-1.02e+00
-9.54e-01
-8.87e-01
-8.18e-01
-7.49e-01
-6.80e-01
-6.13e-01
-5.47e-01
-4.83e-01
-4.22e-01
-3.62e-01
-3.04e-01
-2.48e-01
-1.93e-01
-1.40e-01
-8.76e-02
-3.65e-02
1.36e-02
6.29e-02
1.12e-01
1.60e-01
2.08e-01
2.57e-01
3.05e-01
3.55e-01
4.05e-01
4.56e-01
5.09e-01
5.64e-01
6.20e-01
6.78e-01
7.37e-01
7.96e-01
8.57e-01
9.19e-01
9.82e-01
1.05e+00
1.11e+00
1.18e+00
1.24e+00
1.31e+00
1.38e+00
1.45e+00
1.52e+00
1.60e+00
1.67e+00
1.75e+00
1.83e+00
1.91e+00
2.00e+00
2.08e+00
2.17e+00
2.27e+00
2.36e+00
2.46e+00
