-2.67e-01
-2.65e-01
-2.66e-01
-2.68e-01
-2.71e-01
-2.76e-01
-2.83e-01
-2.91e-01
-3.01e-01
-3.12e-01
-3.24e-01
-3.39e-01
-3.54e-01
-3.71e-01
-3.89e-01
-4.08e-01
-4.29e-01
-4.50e-01
-4.73e-01
-4.96e-01
-5.20e-01
-5.45e-01
-5.71e-01
-5.97e-01
-6.24e-01
-6.52e-01
-6.80e-01
-7.09e-01
-7.38e-01
-7.68e-01
-7.99e-01
-8.30e-01
-8.61e-01
-8.94e-01
-9.27e-01
-9.60e-01
-9.95e-01
-1.03e+00
-1.07e+00
-1.10e+00
-1.14e+00
-1.18e+00
-1.22e+00
-1.26e+00
-1.30e+00
-1.34e+00
-1.38e+00
-1.43e+00
-1.47e+00
-1.51e+00
-1.56e+00
-1.60e+00
-1.65e+00
-1.69e+00
-1.73e+00
-1.77e+00
-1.81e+00
-1.85e+00
-1.89e+00
-1.92e+00
-1.96e+00
-1.99e+00
-2.02e+00
-2.05e+00
-2.08e+00
-2.11e+00
-2.14e+00
-2.17e+00
-2.19e+00
-2.22e+00
-2.24e+00
-2.26e+00
-2.28e+00
-2.30e+00
-2.31e+00
-2.33e+00
-2.34e+00
-2.35e+00
-2.35e+00
-2.36e+00
-2.36e+00
-2.36e+00
-2.36e+00
-2.35e+00
-2.34e+00
-2.33e+00
-2.32e+00
-2.31e+00
-2.30e+00
-2.28e+00
-2.27e+00
-2.26e+00
-2.26e+00
-2.25e+00
-2.24e+00
-2.24e+00
-2.23e+00
-2.23e+00
-2.23e+00
-2.22e+00
-2.22e+00
-2.22e+00
-2.22e+00
-2.22e+00
-2.22e+00
-2.22e+00
-2.22e+00
-2.21e+00
-2.21e+00
-2.21e+00
-2.20e+00
-2.20e+00
-2.19e+00
-2.18e+00
-2.17e+00
-2.16e+00
-2.14e+00
-2.13e+00
-2.11e+00
-2.10e+00
-2.08e+00
-2.07e+00
-2.05e+00
-2.04e+00
-2.02e+00
-2.00e+00
-1.98e+00
-1.96e+00
-1.94e+00
-1.92e+00
-1.89e+00
-1.87e+00
-1.85e+00
-1.84e+00
-1.82e+00
-1.80e+00
-1.78e+00
-1.76e+00
-1.74e+00
-1.72e+00
-1.70e+00
-1.68e+00
-1.65e+00
-1.62e+00
-1.60e+00
-1.57e+00
-1.54e+00
-1.50e+00
-1.47e+00
-1.43e+00
-1.39e+00
-1.35e+00
-1.31e+00
-1.26e+00
-1.21e+00
-1.16e+00
-1.11e+00
-1.05e+00
-9.86e-01
-9.22e-01
-8.55e-01
-7.86e-01
-7.15e-01
-6.45e-01
-5.75e-01
-5.08e-01
-4.41e-01
-3.77e-01
-3.15e-01
-2.55e-01
-1.98e-01
-1.45e-01
-9.44e-02
-4.75e-02
-3.76e-03
3.69e-02
7.46e-02
1.09e-01
1.41e-01
1.69e-01
1.95e-01
2.18e-01
2.41e-01
2.62e-01
2.84e-01
3.07e-01
3.33e-01
3.60e-01
3.88e-01
4.15e-01
4.43e-01
4.72e-01
5.02e-01
5.33e-01
5.65e-01
5.98e-01
6.34e-01
6.70e-01
7.09e-01
7.51e-01
7.97e-01
8.48e-01
9.01e-01
9.58e-01
1.02e+00
1.08e+00
1.15e+00
1.22e+00
1.28e+00
1.34e+00
1.39e+00
1.43e+00
1.48e+00
1.51e+00
1.55e+00
1.58e+00
1.60e+00
1.63e+00
1.65e+00
1.66e+00
1.67e+00
1.68e+00
1.69e+00
1.70e+00
1.70e+00
1.69e+00
1.69e+00
1.68e+00
1.67e+00
1.66e+00
1.65e+00
1.64e+00
1.64e+00
1.63e+00
1.63e+00
1.63e+00
1.63e+00
1.64e+00
1.64e+00
1.66e+00
1.67e+00
1.69e+00
1.71e+00
1.73e+00
1.76e+00
1.79e+00
1.82e+00
1.84e+00
1.86e+00
1.88e+00
1.89e+00
1.89e+00
1.89e+00
1.89e+00
1.88e+00
1.87e+00
1.85e+00
1.83e+00
1.81e+00
1.79e+00
1.76e+00
1.73e+00
1.70e+00
1.66e+00
1.62e+00
1.57e+00
1.53e+00
1.48e+00
1.43e+00
1.38e+00
1.33e+00
1.28e+00
1.24e+00
1.20e+00
1.16e+00
1.12e+00
1.08e+00
1.05e+00
1.02e+00
9.98e-01
9.75e-01
9.56e-01
9.41e-01
9.28e-01
9.17e-01
9.07e-01
8.95e-01
8.79e-01
8.58e-01
8.32e-01
8.00e-01
7.64e-01
7.24e-01
6.80e-01
6.32e-01
5.80e-01
5.25e-01
4.66e-01
4.05e-01
3.40e-01
2.72e-01
2.01e-01
1.26e-01
4.86e-02
-3.21e-02
-1.15e-01
-2.01e-01
-2.87e-01
-3.74e-01
-4.61e-01
-5.46e-01
-6.29e-01
-7.09e-01
-7.88e-01
-8.63e-01
-9.36e-01
-1.01e+00
-1.07e+00
-1.14e+00
-1.20e+00
-1.26e+00
-1.31e+00
-1.36e+00
-1.41e+00
-1.46e+00
-1.50e+00
-1.55e+00
-1.61e+00
-1.67e+00
-1.74e+00
-1.81e+00
-1.89e+00
-1.97e+00
-2.05e+00
-2.14e+00
-2.23e+00
-2.32e+00
-2.42e+00
