3.18e-01
3.20e-01
3.23e-01
3.27e-01
3.34e-01
3.41e-01
3.51e-01
3.62e-01
3.74e-01
3.88e-01
4.03e-01
4.20e-01
4.37e-01
4.57e-01
4.77e-01
4.99e-01
5.22e-01
5.46e-01
5.70e-01
5.96e-01
6.23e-01
6.50e-01
6.78e-01
7.07e-01
7.37e-01
7.67e-01
7.97e-01
8.29e-01
8.61e-01
8.93e-01
9.27e-01
9.60e-01
9.95e-01
1.03e+00
1.07e+00
1.10e+00
1.14e+00
1.18e+00
1.22e+00
1.26e+00
1.30e+00
1.34e+00
1.38e+00
1.42e+00
1.46e+00
1.51e+00
1.55e+00
1.60e+00
1.65e+00
1.70e+00
1.75e+00
1.80e+00
1.85e+00
1.90e+00
1.95e+00
2.01e+00
2.06e+00
2.12e+00
2.17e+00
2.23e+00
2.29e+00
2.35e+00
2.41e+00
