-4.46e-01
-4.45e-01
-4.45e-01
-4.47e-01
-4.51e-01
-4.57e-01
-4.64e-01
-4.73e-01
-4.84e-01
-4.96e-01
-5.10e-01
-5.26e-01
-5.43e-01
-5.62e-01
-5.82e-01
-6.04e-01
-6.27e-01
-6.51e-01
-6.76e-01
-7.02e-01
-7.29e-01
-7.56e-01
-7.84e-01
-8.13e-01
-8.42e-01
-8.71e-01
-9.01e-01
-9.31e-01
-9.61e-01
-9.92e-01
-1.02e+00
-1.05e+00
-1.09e+00
-1.12e+00
-1.15e+00
-1.18e+00
-1.22e+00
-1.25e+00
-1.29e+00
-1.32e+00
-1.36e+00
-1.40e+00
-1.44e+00
-1.48e+00
-1.52e+00
-1.56e+00
-1.60e+00
-1.64e+00
-1.68e+00
-1.73e+00
-1.77e+00
-1.81e+00
-1.85e+00
-1.89e+00
-1.93e+00
-1.97e+00
-2.01e+00
-2.04e+00
-2.08e+00
-2.11e+00
-2.14e+00
-2.18e+00
-2.21e+00
-2.24e+00
-2.27e+00
-2.30e+00
-2.32e+00
-2.35e+00
-2.38e+00
-2.41e+00
