1.83e-01
1.80e-01
1.76e-01
1.70e-01
1.62e-01
1.53e-01
1.42e-01
1.29e-01
1.14e-01
9.81e-02
8.03e-02
6.09e-02
3.99e-02
1.74e-02
-6.44e-03
-3.16e-02
-5.80e-02
-8.54e-02
-1.14e-01
-1.43e-01
-1.73e-01
-2.03e-01
-2.34e-01
-2.66e-01
-2.97e-01
-3.30e-01
-3.62e-01
-3.95e-01
-4.28e-01
-4.61e-01
-4.95e-01
-5.30e-01
-5.64e-01
-5.99e-01
-6.35e-01
-6.71e-01
-7.08e-01
-7.46e-01
-7.84e-01
-8.23e-01
-8.62e-01
-9.03e-01
-9.44e-01
-9.87e-01
-1.03e+00
-1.07e+00
-1.12e+00
-1.16e+00
-1.21e+00
-1.25e+00
-1.29e+00
-1.34e+00
-1.38e+00
-1.42e+00
-1.47e+00
-1.51e+00
-1.55e+00
-1.59e+00
-1.63e+00
-1.67e+00
-1.71e+00
-1.75e+00
-1.79e+00
-1.83e+00
-1.86e+00
-1.90e+00
-1.94e+00
-1.97e+00
-2.01e+00
-2.04e+00
-2.07e+00
-2.10e+00
-2.13e+00
-2.16e+00
-2.19e+00
-2.22e+00
-2.24e+00
-2.27e+00
-2.29e+00
-2.31e+00
-2.33e+00
-2.35e+00
-2.37e+00
-2.38e+00
-2.40e+00
-2.41e+00
