-1.13e-01
-1.13e-01
-1.12e-01
-1.09e-01
-1.04e-01
-9.78e-02
-8.97e-02
-7.99e-02
-6.85e-02
-5.54e-02
-4.07e-02
-2.45e-02
-7.24e-03
1.09e-02
2.95e-02
4.87e-02
6.81e-02
8.78e-02
1.08e-01
1.28e-01
1.48e-01
1.69e-01
1.90e-01
2.11e-01
2.33e-01
2.55e-01
2.78e-01
3.01e-01
3.25e-01
3.50e-01
3.75e-01
4.01e-01
4.28e-01
4.55e-01
4.83e-01
5.12e-01
5.41e-01
5.71e-01
6.02e-01
6.33e-01
6.66e-01
6.99e-01
7.32e-01
7.67e-01
8.03e-01
8.39e-01
8.76e-01
9.14e-01
9.53e-01
9.93e-01
1.03e+00
1.08e+00
1.12e+00
1.16e+00
1.21e+00
1.25e+00
1.30e+00
1.35e+00
1.40e+00
1.45e+00
1.50e+00
1.55e+00
1.60e+00
1.65e+00
1.71e+00
1.76e+00
1.82e+00
1.87e+00
1.93e+00
1.99e+00
2.04e+00
2.10e+00
2.16e+00
2.22e+00
2.28e+00
2.34e+00
2.41e+00
