-2.33e-01
-2.33e-01
-2.32e-01
-2.29e-01
-2.25e-01
-2.19e-01
-2.11e-01
-2.02e-01
-1.91e-01
-1.78e-01
-1.63e-01
-1.47e-01
-1.29e-01
-1.09e-01
-8.76e-02
-6.45e-02
-3.99e-02
-1.38e-02
1.35e-02
4.20e-02
7.14e-02
1.02e-01
1.32e-01
1.64e-01
1.96e-01
2.28e-01
2.60e-01
2.92e-01
3.25e-01
3.58e-01
3.91e-01
4.24e-01
4.57e-01
4.91e-01
5.25e-01
5.60e-01
5.94e-01
6.30e-01
6.66e-01
7.02e-01
7.39e-01
7.77e-01
8.15e-01
8.55e-01
8.95e-01
9.36e-01
9.78e-01
1.02e+00
1.07e+00
1.11e+00
1.16e+00
1.21e+00
1.25e+00
1.30e+00
1.36e+00
1.41e+00
1.46e+00
1.52e+00
1.57e+00
1.63e+00
1.69e+00
1.75e+00
1.81e+00
1.87e+00
1.93e+00
1.99e+00
2.06e+00
2.12e+00
2.19e+00
2.26e+00
2.32e+00
2.39e+00
2.46e+00
