1.86e-01
1.88e-01
1.91e-01
1.96e-01
2.02e-01
2.10e-01
2.20e-01
2.31e-01
2.44e-01
2.58e-01
2.74e-01
2.92e-01
3.11e-01
3.31e-01
3.53e-01
3.75e-01
4.00e-01
4.25e-01
4.51e-01
4.78e-01
5.05e-01
5.34e-01
5.63e-01
5.92e-01
6.22e-01
6.53e-01
6.84e-01
7.15e-01
7.47e-01
7.79e-01
8.12e-01
8.45e-01
8.79e-01
9.14e-01
9.49e-01
9.84e-01
1.02e+00
1.06e+00
1.10e+00
1.13e+00
1.17e+00
1.21e+00
1.25e+00
1.30e+00
1.34e+00
1.38e+00
1.43e+00
1.47e+00
1.52e+00
1.57e+00
1.62e+00
1.67e+00
1.72e+00
1.77e+00
1.82e+00
1.87e+00
1.93e+00
1.99e+00
2.04e+00
2.10e+00
2.16e+00
2.22e+00
2.28e+00
2.34e+00
2.40e+00
