2.87e+00
2.87e+00
2.88e+00
2.88e+00
2.89e+00
2.90e+00
2.92e+00
2.94e+00
2.96e+00
2.98e+00
3.01e+00
3.05e+00
3.08e+00
3.13e+00
3.17e+00
3.23e+00
3.28e+00
3.34e+00
3.40e+00
3.46e+00
3.53e+00
3.60e+00
3.66e+00
3.73e+00
3.80e+00
3.87e+00
3.94e+00
4.01e+00
4.07e+00
4.14e+00
4.20e+00
4.26e+00
4.32e+00
4.38e+00
4.44e+00
4.49e+00
4.55e+00
4.60e+00
4.64e+00
4.69e+00
4.73e+00
4.78e+00
4.81e+00
4.85e+00
4.88e+00
4.91e+00
4.94e+00
4.97e+00
4.99e+00
5.01e+00
5.02e+00
5.04e+00
5.05e+00
5.05e+00
5.06e+00
5.06e+00
5.05e+00
5.05e+00
5.04e+00
5.02e+00
5.01e+00
4.99e+00
4.97e+00
4.94e+00
4.91e+00
4.88e+00
