-3.96e-01
-3.96e-01
-3.98e-01
-4.01e-01
-4.04e-01
-4.08e-01
-4.14e-01
-4.20e-01
-4.28e-01
-4.37e-01
-4.48e-01
-4.60e-01
-4.73e-01
-4.89e-01
-5.06e-01
-5.25e-01
-5.45e-01
-5.67e-01
-5.90e-01
-6.14e-01
-6.39e-01
-6.66e-01
-6.93e-01
-7.21e-01
-7.49e-01
-7.79e-01
-8.08e-01
-8.38e-01
-8.69e-01
-8.99e-01
-9.30e-01
-9.62e-01
-9.94e-01
-1.03e+00
-1.06e+00
-1.09e+00
-1.12e+00
-1.16e+00
-1.19e+00
-1.23e+00
-1.26e+00
-1.30e+00
-1.34e+00
-1.37e+00
-1.41e+00
-1.45e+00
-1.49e+00
-1.53e+00
-1.58e+00
-1.62e+00
-1.66e+00
-1.71e+00
-1.75e+00
-1.80e+00
-1.85e+00
-1.90e+00
-1.95e+00
-2.00e+00
-2.06e+00
-2.11e+00
-2.17e+00
-2.22e+00
-2.28e+00
-2.34e+00
-2.40e+00
-2.46e+00
