1.81e-01
1.80e-01
1.78e-01
1.75e-01
1.70e-01
1.63e-01
1.55e-01
1.45e-01
1.34e-01
1.21e-01
1.07e-01
9.13e-02
7.44e-02
5.62e-02
3.67e-02
1.60e-02
-5.71e-03
-2.85e-02
-5.23e-02
-7.70e-02
-1.02e-01
-1.29e-01
-1.56e-01
-1.84e-01
-2.12e-01
-2.41e-01
-2.71e-01
-3.01e-01
-3.32e-01
-3.63e-01
-3.95e-01
-4.28e-01
-4.61e-01
-4.95e-01
-5.30e-01
-5.65e-01
-6.01e-01
-6.38e-01
-6.75e-01
-7.13e-01
-7.52e-01
-7.92e-01
-8.33e-01
-8.74e-01
-9.17e-01
-9.60e-01
-1.00e+00
-1.05e+00
-1.10e+00
-1.14e+00
-1.19e+00
-1.24e+00
-1.29e+00
-1.34e+00
-1.39e+00
-1.45e+00
-1.50e+00
-1.55e+00
-1.61e+00
-1.67e+00
-1.72e+00
-1.78e+00
-1.84e+00
-1.90e+00
-1.96e+00
-2.02e+00
-2.09e+00
-2.15e+00
-2.21e+00
-2.28e+00
-2.34e+00
-2.41e+00
