3.43e-02
3.51e-02
3.46e-02
3.26e-02
2.92e-02
2.45e-02
1.83e-02
1.08e-02
2.00e-03
-8.13e-03
-1.95e-02
-3.22e-02
-4.60e-02
-6.10e-02
-7.71e-02
-9.44e-02
-1.13e-01
-1.32e-01
-1.52e-01
-1.73e-01
-1.95e-01
-2.18e-01
-2.42e-01
-2.66e-01
-2.91e-01
-3.17e-01
-3.44e-01
-3.72e-01
-4.00e-01
-4.29e-01
-4.59e-01
-4.89e-01
-5.21e-01
-5.53e-01
-5.85e-01
-6.19e-01
-6.53e-01
-6.89e-01
-7.25e-01
-7.61e-01
-7.99e-01
-8.37e-01
-8.77e-01
-9.17e-01
-9.58e-01
-1.00e+00
-1.04e+00
-1.09e+00
-1.13e+00
-1.18e+00
-1.22e+00
-1.27e+00
-1.32e+00
-1.37e+00
-1.42e+00
-1.47e+00
-1.52e+00
-1.57e+00
-1.63e+00
-1.68e+00
-1.74e+00
-1.79e+00
-1.85e+00
-1.91e+00
-1.97e+00
-2.02e+00
-2.08e+00
-2.14e+00
-2.21e+00
-2.27e+00
-2.33e+00
-2.39e+00
-2.46e+00
