3.38e+00
3.38e+00
3.39e+00
3.40e+00
3.41e+00
3.42e+00
3.44e+00
3.46e+00
3.48e+00
3.50e+00
3.53e+00
3.56e+00
3.58e+00
3.62e+00
3.65e+00
3.68e+00
3.72e+00
3.76e+00
3.79e+00
3.83e+00
3.87e+00
3.91e+00
3.94e+00
3.98e+00
4.02e+00
4.05e+00
4.09e+00
4.12e+00
4.16e+00
4.19e+00
4.22e+00
4.25e+00
4.28e+00
4.31e+00
4.34e+00
4.36e+00
4.39e+00
4.41e+00
4.43e+00
4.45e+00
4.47e+00
4.48e+00
4.49e+00
4.50e+00
4.51e+00
4.52e+00
4.53e+00
4.53e+00
4.53e+00
4.53e+00
4.53e+00
4.52e+00
4.52e+00
4.51e+00
4.50e+00
4.49e+00
4.47e+00
4.46e+00
4.44e+00
4.42e+00
4.39e+00
4.37e+00
4.35e+00
4.32e+00
4.29e+00
4.26e+00
4.23e+00
4.19e+00
4.16e+00
4.12e+00
4.09e+00
4.05e+00
4.01e+00
