2.99e+00
2.99e+00
3.00e+00
3.01e+00
3.02e+00
3.04e+00
3.06e+00
3.09e+00
3.12e+00
3.16e+00
3.20e+00
3.24e+00
3.29e+00
3.34e+00
3.39e+00
3.45e+00
3.50e+00
3.56e+00
3.63e+00
3.69e+00
3.75e+00
3.81e+00
3.88e+00
3.94e+00
4.00e+00
4.06e+00
4.12e+00
4.18e+00
4.24e+00
4.29e+00
4.35e+00
4.40e+00
4.45e+00
4.50e+00
4.55e+00
4.59e+00
4.63e+00
4.67e+00
4.71e+00
4.74e+00
4.78e+00
4.81e+00
4.83e+00
4.86e+00
4.88e+00
4.90e+00
4.92e+00
4.93e+00
4.94e+00
4.95e+00
4.95e+00
4.96e+00
4.95e+00
4.95e+00
4.94e+00
4.93e+00
4.92e+00
4.90e+00
4.88e+00
4.86e+00
4.84e+00
4.81e+00
4.78e+00
4.75e+00
4.71e+00
4.67e+00
4.63e+00
4.59e+00
4.54e+00
4.50e+00
4.45e+00
4.40e+00
4.34e+00
4.29e+00
4.23e+00
4.17e+00
