4.72e-02
4.16e-02
3.47e-02
2.67e-02
1.80e-02
8.60e-03
-1.26e-03
-1.15e-02
-2.21e-02
-3.30e-02
-4.41e-02
-5.54e-02
-6.69e-02
-7.87e-02
-9.06e-02
-1.03e-01
-1.15e-01
-1.27e-01
-1.40e-01
-1.53e-01
-1.66e-01
-1.79e-01
-1.92e-01
-2.06e-01
-2.19e-01
-2.33e-01
-2.47e-01
-2.61e-01
-2.76e-01
-2.90e-01
-3.05e-01
-3.19e-01
-3.34e-01
-3.49e-01
-3.65e-01
-3.80e-01
-3.95e-01
-4.11e-01
-4.26e-01
-4.42e-01
-4.58e-01
-4.74e-01
-4.90e-01
-5.06e-01
-5.22e-01
-5.38e-01
-5.54e-01
-5.70e-01
-5.86e-01
-6.02e-01
-6.18e-01
-6.34e-01
-6.51e-01
-6.66e-01
-6.82e-01
-6.98e-01
-7.14e-01
-7.29e-01
-7.45e-01
-7.60e-01
-7.75e-01
-7.90e-01
-8.05e-01
-8.20e-01
-8.34e-01
-8.48e-01
-8.62e-01
-8.75e-01
-8.88e-01
-9.01e-01
-9.14e-01
-9.26e-01
-9.37e-01
-9.49e-01
-9.60e-01
-9.70e-01
-9.80e-01
-9.89e-01
-9.98e-01
-1.01e+00
-1.01e+00
-1.02e+00
-1.03e+00
-1.03e+00
-1.04e+00
-1.05e+00
-1.05e+00
-1.05e+00
-1.06e+00
-1.06e+00
-1.06e+00
-1.06e+00
-1.07e+00
-1.07e+00
-1.07e+00
-1.07e+00
-1.06e+00
-1.06e+00
-1.06e+00
-1.06e+00
-1.05e+00
-1.05e+00
-1.05e+00
-1.04e+00
-1.04e+00
-1.03e+00
-1.02e+00
-1.02e+00
-1.01e+00
-9.99e-01
-9.89e-01
-9.79e-01
-9.69e-01
-9.58e-01
-9.47e-01
-9.35e-01
-9.23e-01
-9.10e-01
-8.97e-01
-8.84e-01
-8.71e-01
-8.57e-01
-8.44e-01
-8.30e-01
-8.16e-01
-8.02e-01
-7.88e-01
-7.74e-01
-7.60e-01
-7.46e-01
-7.33e-01
-7.19e-01
-7.05e-01
-6.92e-01
-6.79e-01
-6.66e-01
-6.53e-01
-6.41e-01
-6.29e-01
-6.17e-01
-6.06e-01
-5.95e-01
-5.84e-01
-5.75e-01
-5.65e-01
-5.56e-01
-5.48e-01
-5.41e-01
-5.34e-01
-5.29e-01
-5.24e-01
-5.20e-01
-5.17e-01
-5.15e-01
-5.14e-01
-5.15e-01
-5.16e-01
-5.19e-01
-5.23e-01
-5.28e-01
-5.34e-01
-5.41e-01
-5.49e-01
-5.57e-01
-5.65e-01
-5.74e-01
-5.82e-01
-5.91e-01
-5.99e-01
-6.07e-01
-6.15e-01
-6.22e-01
-6.28e-01
-6.35e-01
-6.40e-01
-6.46e-01
-6.52e-01
-6.57e-01
-6.63e-01
-6.68e-01
-6.74e-01
-6.80e-01
-6.87e-01
-6.94e-01
-7.02e-01
-7.10e-01
-7.19e-01
-7.28e-01
-7.37e-01
-7.46e-01
-7.55e-01
-7.63e-01
-7.72e-01
-7.80e-01
-7.87e-01
-7.94e-01
-8.00e-01
-8.05e-01
-8.10e-01
-8.14e-01
-8.17e-01
-8.20e-01
-8.21e-01
-8.22e-01
-8.22e-01
-8.21e-01
-8.19e-01
-8.17e-01
-8.13e-01
-8.09e-01
-8.05e-01
-7.99e-01
-7.94e-01
-7.87e-01
-7.81e-01
-7.74e-01
-7.67e-01
-7.59e-01
-7.52e-01
-7.45e-01
-7.37e-01
-7.31e-01
-7.24e-01
-7.18e-01
-7.13e-01
-7.08e-01
-7.04e-01
-7.01e-01
-6.99e-01
-6.98e-01
-6.98e-01
-7.00e-01
-7.02e-01
-7.07e-01
-7.12e-01
-7.19e-01
-7.26e-01
-7.33e-01
-7.40e-01
-7.47e-01
-7.53e-01
-7.59e-01
-7.63e-01
-7.66e-01
-7.67e-01
-7.67e-01
-7.66e-01
-7.64e-01
-7.61e-01
-7.57e-01
-7.52e-01
-7.47e-01
-7.41e-01
-7.34e-01
-7.28e-01
-7.21e-01
-7.15e-01
-7.09e-01
-7.03e-01
-6.98e-01
-6.94e-01
-6.91e-01
-6.89e-01
-6.88e-01
-6.87e-01
-6.86e-01
-6.85e-01
-6.83e-01
-6.81e-01
-6.79e-01
-6.76e-01
-6.72e-01
-6.68e-01
-6.64e-01
-6.59e-01
-6.54e-01
-6.49e-01
-6.44e-01
-6.38e-01
-6.33e-01
-6.28e-01
-6.24e-01
-6.20e-01
-6.17e-01
-6.14e-01
-6.13e-01
-6.12e-01
-6.13e-01
-6.14e-01
-6.17e-01
-6.21e-01
-6.27e-01
-6.33e-01
-6.40e-01
-6.48e-01
-6.57e-01
-6.66e-01
-6.74e-01
-6.82e-01
-6.89e-01
-6.95e-01
-7.00e-01
-7.03e-01
-7.05e-01
-7.06e-01
-7.06e-01
-7.04e-01
-7.01e-01
-6.98e-01
-6.93e-01
-6.88e-01
-6.83e-01
-6.77e-01
-6.71e-01
-6.65e-01
-6.59e-01
-6.54e-01
-6.49e-01
-6.45e-01
-6.41e-01
-6.39e-01
-6.38e-01
-6.37e-01
-6.36e-01
-6.36e-01
-6.35e-01
-6.34e-01
-6.32e-01
-6.30e-01
-6.27e-01
-6.23e-01
-6.20e-01
-6.16e-01
-6.11e-01
-6.07e-01
-6.02e-01
-5.97e-01
-5.93e-01
-5.88e-01
-5.84e-01
-5.81e-01
-5.78e-01
-5.76e-01
-5.75e-01
-5.75e-01
-5.76e-01
-5.78e-01
-5.81e-01
-5.86e-01
-5.92e-01
-5.99e-01
-6.06e-01
-6.15e-01
-6.24e-01
-6.33e-01
-6.42e-01
-6.50e-01
-6.58e-01
-6.65e-01
-6.70e-01
-6.75e-01
-6.77e-01
-6.79e-01
-6.79e-01
-6.78e-01
-6.76e-01
-6.73e-01
-6.69e-01
-6.65e-01
-6.60e-01
-6.55e-01
-6.49e-01
-6.44e-01
-6.39e-01
-6.33e-01
-6.29e-01
-6.25e-01
-6.22e-01
-6.20e-01
-6.19e-01
-6.18e-01
-6.18e-01
-6.18e-01
-6.17e-01
-6.16e-01
-6.15e-01
-6.13e-01
-6.10e-01
-6.08e-01
-6.04e-01
-6.00e-01
-5.96e-01
-5.92e-01
-5.87e-01
-5.83e-01
-5.78e-01
-5.74e-01
-5.70e-01
-5.67e-01
-5.64e-01
-5.62e-01
-5.61e-01
-5.61e-01
-5.62e-01
-5.64e-01
-5.68e-01
-5.72e-01
-5.78e-01
-5.85e-01
-5.93e-01
-6.01e-01
-6.10e-01
-6.20e-01
-6.29e-01
-6.37e-01
-6.45e-01
-6.53e-01
-6.59e-01
-6.63e-01
-6.67e-01
-6.69e-01
-6.69e-01
-6.69e-01
-6.67e-01
-6.65e-01
-6.61e-01
-6.57e-01
-6.53e-01
-6.48e-01
-6.42e-01
-6.37e-01
-6.32e-01
-6.27e-01
-6.22e-01
-6.18e-01
-6.15e-01
-6.13e-01
-6.12e-01
-6.11e-01
-6.11e-01
-6.11e-01
-6.11e-01
-6.10e-01
-6.09e-01
-6.07e-01
-6.05e-01
-6.02e-01
-5.99e-01
-5.95e-01
-5.91e-01
-5.87e-01
-5.83e-01
-5.78e-01
-5.74e-01
-5.70e-01
-5.66e-01
-5.63e-01
-5.60e-01
-5.58e-01
-5.57e-01
-5.56e-01
-5.57e-01
-5.59e-01
-5.62e-01
-5.67e-01
-5.73e-01
-5.79e-01
-5.87e-01
-5.96e-01
-6.05e-01
-6.14e-01
-6.23e-01
-6.32e-01
-6.40e-01
-6.48e-01
-6.54e-01
-6.59e-01
-6.63e-01
-6.65e-01
-6.66e-01
-6.66e-01
-6.65e-01
-6.62e-01
-6.59e-01
-6.55e-01
-6.51e-01
-6.46e-01
-6.41e-01
-6.36e-01
-6.31e-01
-6.25e-01
-6.21e-01
-6.17e-01
-6.14e-01
-6.11e-01
-6.10e-01
-6.10e-01
-6.09e-01
-6.09e-01
-6.09e-01
-6.09e-01
-6.08e-01
-6.06e-01
-6.04e-01
-6.01e-01
-5.98e-01
-5.95e-01
-5.91e-01
-5.87e-01
-5.82e-01
-5.78e-01
-5.74e-01
-5.69e-01
-5.66e-01
-5.62e-01
-5.59e-01
-5.57e-01
-5.56e-01
-5.55e-01
-5.56e-01
-5.58e-01
-5.61e-01
-5.65e-01
-5.71e-01
-5.77e-01
-5.85e-01
-5.93e-01
-6.02e-01
-6.12e-01
-6.21e-01
-6.30e-01
-6.38e-01
-6.46e-01
-6.53e-01
-6.58e-01
-6.62e-01
-6.64e-01
-6.65e-01
-6.65e-01
-6.64e-01
-6.62e-01
-6.59e-01
-6.56e-01
-6.51e-01
-6.46e-01
-6.41e-01
-6.36e-01
-6.31e-01
-6.26e-01
-6.21e-01
-6.17e-01
-6.14e-01
-6.11e-01
-6.10e-01
-6.09e-01
-6.09e-01
-6.09e-01
-6.09e-01
-6.08e-01
-6.07e-01
-6.06e-01
-6.04e-01
-6.01e-01
-5.98e-01
-5.95e-01
-5.91e-01
-5.87e-01
-5.83e-01
-5.78e-01
-5.74e-01
-5.70e-01
-5.66e-01
-5.62e-01
-5.59e-01
-5.57e-01
-5.56e-01
-5.55e-01
-5.55e-01
-5.57e-01
-5.60e-01
-5.63e-01
-5.69e-01
-5.75e-01
-5.82e-01
-5.91e-01
-6.00e-01
-6.09e-01
-6.18e-01
-6.27e-01
-6.36e-01
-6.44e-01
-6.50e-01
-6.56e-01
-6.60e-01
-6.63e-01
-6.65e-01
-6.65e-01
-6.64e-01
-6.62e-01
-6.59e-01
-6.56e-01
-6.51e-01
-6.47e-01
-6.42e-01
-6.37e-01
-6.31e-01
-6.26e-01
-6.21e-01
-6.17e-01
-6.13e-01
-6.11e-01
-6.09e-01
-6.08e-01
-6.08e-01
-6.08e-01
-6.08e-01
-6.07e-01
-6.07e-01
-6.05e-01
-6.04e-01
-6.01e-01
-5.98e-01
-5.95e-01
-5.91e-01
-5.87e-01
-5.83e-01
-5.79e-01
-5.74e-01
-5.70e-01
-5.66e-01
-5.62e-01
-5.59e-01
-5.57e-01
-5.55e-01
-5.54e-01
-5.54e-01
-5.55e-01
-5.58e-01
-5.62e-01
-5.66e-01
-5.72e-01
-5.80e-01
-5.88e-01
-5.97e-01
-6.06e-01
-6.15e-01
-6.24e-01
-6.33e-01
-6.41e-01
-6.48e-01
-6.54e-01
-6.58e-01
-6.62e-01
-6.63e-01
-6.64e-01
-6.63e-01
-6.62e-01
-6.59e-01
-6.56e-01
-6.52e-01
-6.47e-01
-6.42e-01
-6.37e-01
-6.32e-01
-6.27e-01
-6.22e-01
-6.17e-01
-6.14e-01
-6.11e-01
-6.09e-01
-6.08e-01
-6.07e-01
-6.07e-01
-6.07e-01
-6.07e-01
-6.06e-01
-6.05e-01
-6.03e-01
-6.01e-01
-5.98e-01
-5.95e-01
-5.92e-01
-5.88e-01
-5.84e-01
-5.79e-01
-5.75e-01
-5.70e-01
-5.66e-01
-5.63e-01
-5.59e-01
-5.57e-01
-5.55e-01
-5.54e-01
-5.54e-01
-5.55e-01
-5.57e-01
-5.60e-01
-5.65e-01
-5.71e-01
-5.77e-01
-5.85e-01
-5.94e-01
-6.03e-01
-6.13e-01
-6.22e-01
-6.31e-01
-6.39e-01
-6.46e-01
-6.52e-01
-6.57e-01
-6.61e-01
-6.63e-01
-6.64e-01
-6.64e-01
-6.62e-01
-6.60e-01
-6.57e-01
-6.53e-01
-6.48e-01
-6.44e-01
-6.38e-01
-6.33e-01
-6.28e-01
-6.23e-01
-6.19e-01
-6.15e-01
-6.11e-01
-6.09e-01
-6.08e-01
-6.08e-01
-6.08e-01
-6.08e-01
-6.07e-01
-6.07e-01
-6.06e-01
-6.04e-01
-6.02e-01
-5.99e-01
-5.96e-01
-5.93e-01
-5.89e-01
-5.85e-01
-5.80e-01
-5.76e-01
-5.72e-01
-5.68e-01
-5.64e-01
-5.60e-01
-5.58e-01
-5.56e-01
-5.54e-01
-5.54e-01
-5.55e-01
-5.57e-01
-5.60e-01
-5.65e-01
-5.70e-01
-5.77e-01
-5.85e-01
-5.93e-01
-6.02e-01
-6.12e-01
-6.21e-01
-6.30e-01
-6.38e-01
-6.46e-01
-6.52e-01
-6.57e-01
-6.61e-01
-6.64e-01
-6.65e-01
-6.65e-01
-6.63e-01
-6.61e-01
-6.58e-01
-6.54e-01
-6.50e-01
-6.45e-01
-6.40e-01
-6.35e-01
-6.30e-01
-6.25e-01
-6.20e-01
-6.16e-01
-6.13e-01
-6.10e-01
-6.09e-01
-6.09e-01
-6.08e-01
-6.08e-01
-6.08e-01
-6.08e-01
-6.07e-01
-6.05e-01
-6.03e-01
-6.01e-01
-5.98e-01
-5.94e-01
-5.90e-01
-5.86e-01
-5.82e-01
-5.78e-01
-5.73e-01
-5.69e-01
-5.65e-01
-5.62e-01
-5.59e-01
-5.57e-01
-5.55e-01
-5.55e-01
-5.55e-01
-5.57e-01
-5.60e-01
-5.64e-01
-5.69e-01
-5.76e-01
-5.83e-01
-5.92e-01
-6.01e-01
-6.10e-01
-6.20e-01
-6.29e-01
-6.37e-01
-6.45e-01
-6.51e-01
-6.57e-01
-6.61e-01
-6.63e-01
-6.65e-01
-6.65e-01
-6.64e-01
-6.62e-01
-6.59e-01
-6.55e-01
-6.51e-01
-6.46e-01
-6.41e-01
-6.36e-01
-6.31e-01
-6.26e-01
-6.21e-01
-6.17e-01
-6.13e-01
-6.11e-01
-6.09e-01
-6.08e-01
-6.08e-01
-6.08e-01
-6.08e-01
-6.08e-01
-6.07e-01
-6.05e-01
-6.04e-01
-6.01e-01
-5.98e-01
-5.95e-01
-5.91e-01
-5.87e-01
-5.83e-01
-5.78e-01
-5.74e-01
-5.70e-01
-5.66e-01
-5.62e-01
-5.59e-01
-5.57e-01
-5.55e-01
-5.54e-01
-5.55e-01
-5.56e-01
-5.59e-01
-5.62e-01
-5.68e-01
-5.74e-01
-5.81e-01
-5.89e-01
-5.98e-01
-6.08e-01
-6.17e-01
-6.26e-01
-6.34e-01
-6.42e-01
-6.49e-01
-6.55e-01
-6.59e-01
-6.62e-01
-6.64e-01
-6.64e-01
-6.64e-01
-6.62e-01
-6.59e-01
-6.56e-01
-6.51e-01
-6.47e-01
-6.42e-01
-6.37e-01
-6.31e-01
-6.26e-01
-6.21e-01
-6.17e-01
-6.13e-01
-6.10e-01
-6.09e-01
-6.08e-01
-6.08e-01
-6.08e-01
-6.07e-01
-6.07e-01
-6.06e-01
-6.05e-01
-6.03e-01
-6.01e-01
-5.98e-01
-5.95e-01
-5.91e-01
-5.87e-01
-5.83e-01
-5.79e-01
-5.74e-01
-5.70e-01
-5.66e-01
-5.62e-01
-5.59e-01
-5.57e-01
-5.55e-01
-5.54e-01
-5.54e-01
-5.55e-01
-5.57e-01
-5.61e-01
-5.66e-01
-5.71e-01
-5.79e-01
-5.87e-01
-5.95e-01
-6.05e-01
-6.14e-01
-6.23e-01
-6.32e-01
-6.40e-01
-6.47e-01
-6.53e-01
-6.58e-01
-6.61e-01
-6.63e-01
-6.64e-01
-6.63e-01
-6.62e-01
-6.59e-01
-6.56e-01
-6.52e-01
-6.48e-01
-6.43e-01
-6.37e-01
-6.32e-01
-6.27e-01
-6.22e-01
-6.18e-01
-6.14e-01
-6.11e-01
-6.09e-01
-6.08e-01
-6.07e-01
-6.07e-01
-6.07e-01
-6.07e-01
-6.06e-01
-6.05e-01
-6.04e-01
-6.01e-01
-5.99e-01
-5.96e-01
-5.92e-01
-5.88e-01
-5.84e-01
-5.80e-01
-5.75e-01
-5.71e-01
-5.67e-01
-5.63e-01
-5.60e-01
-5.57e-01
-5.55e-01
-5.54e-01
-5.54e-01
-5.55e-01
-5.57e-01
-5.60e-01
-5.64e-01
-5.70e-01
-5.77e-01
-5.85e-01
-5.94e-01
-6.03e-01
-6.12e-01
-6.21e-01
-6.30e-01
-6.38e-01
-6.46e-01
-6.52e-01
-6.57e-01
