-2.92e-01
-2.92e-01
-2.94e-01
-2.96e-01
-3.00e-01
-3.04e-01
-3.08e-01
-3.13e-01
-3.19e-01
-3.25e-01
-3.31e-01
-3.37e-01
-3.44e-01
-3.51e-01
-3.58e-01
-3.65e-01
-3.72e-01
-3.79e-01
-3.87e-01
-3.94e-01
-4.02e-01
-4.09e-01
-4.17e-01
-4.24e-01
-4.32e-01
-4.39e-01
-4.47e-01
-4.55e-01
-4.62e-01
-4.70e-01
-4.78e-01
-4.85e-01
-4.93e-01
-5.00e-01
-5.08e-01
-5.15e-01
-5.23e-01
-5.30e-01
-5.37e-01
-5.44e-01
-5.52e-01
-5.59e-01
-5.66e-01
-5.72e-01
-5.79e-01
-5.86e-01
-5.92e-01
-5.99e-01
-6.05e-01
-6.11e-01
-6.17e-01
-6.23e-01
-6.29e-01
-6.34e-01
-6.40e-01
-6.45e-01
-6.50e-01
-6.55e-01
-6.60e-01
-6.64e-01
-6.69e-01
-6.73e-01
-6.77e-01
-6.81e-01
-6.85e-01
-6.88e-01
-6.91e-01
-6.95e-01
-6.98e-01
-7.01e-01
-7.03e-01
-7.06e-01
-7.08e-01
-7.11e-01
-7.13e-01
-7.14e-01
-7.16e-01
-7.18e-01
-7.19e-01
-7.20e-01
-7.21e-01
-7.22e-01
-7.23e-01
-7.24e-01
-7.24e-01
-7.24e-01
-7.25e-01
-7.25e-01
-7.24e-01
-7.24e-01
-7.24e-01
-7.23e-01
-7.22e-01
-7.22e-01
-7.21e-01
-7.20e-01
-7.19e-01
-7.17e-01
-7.16e-01
-7.15e-01
-7.13e-01
-7.12e-01
-7.10e-01
-7.09e-01
-7.07e-01
-7.06e-01
-7.04e-01
-7.03e-01
-7.01e-01
-7.00e-01
-6.99e-01
-6.98e-01
-6.96e-01
-6.95e-01
-6.94e-01
-6.94e-01
-6.93e-01
-6.93e-01
-6.92e-01
-6.92e-01
-6.92e-01
-6.93e-01
-6.93e-01
-6.94e-01
-6.95e-01
-6.96e-01
-6.97e-01
-6.99e-01
-7.00e-01
-7.02e-01
-7.04e-01
-7.06e-01
-7.09e-01
-7.11e-01
-7.14e-01
-7.17e-01
-7.20e-01
-7.23e-01
-7.26e-01
-7.29e-01
-7.33e-01
-7.36e-01
-7.40e-01
-7.44e-01
-7.48e-01
-7.53e-01
-7.57e-01
-7.62e-01
-7.66e-01
-7.71e-01
-7.77e-01
-7.82e-01
-7.87e-01
-7.93e-01
-7.99e-01
-8.05e-01
-8.12e-01
-8.18e-01
-8.25e-01
-8.32e-01
-8.39e-01
-8.46e-01
-8.53e-01
-8.61e-01
-8.68e-01
-8.76e-01
-8.84e-01
-8.92e-01
-8.99e-01
-9.07e-01
-9.15e-01
-9.23e-01
-9.31e-01
-9.39e-01
-9.47e-01
-9.55e-01
-9.63e-01
-9.71e-01
-9.78e-01
-9.85e-01
-9.92e-01
-9.99e-01
-1.01e+00
-1.01e+00
-1.02e+00
-1.02e+00
-1.03e+00
-1.03e+00
-1.04e+00
-1.04e+00
-1.05e+00
-1.05e+00
-1.05e+00
-1.06e+00
-1.06e+00
-1.06e+00
-1.06e+00
-1.06e+00
-1.06e+00
-1.06e+00
-1.06e+00
-1.06e+00
-1.06e+00
-1.06e+00
-1.06e+00
-1.06e+00
-1.06e+00
-1.06e+00
-1.06e+00
-1.06e+00
-1.06e+00
-1.06e+00
-1.06e+00
-1.06e+00
-1.06e+00
-1.06e+00
-1.05e+00
-1.05e+00
-1.05e+00
-1.05e+00
-1.04e+00
-1.04e+00
-1.04e+00
-1.03e+00
-1.03e+00
-1.02e+00
-1.02e+00
-1.01e+00
-1.01e+00
-9.99e-01
-9.92e-01
-9.86e-01
-9.78e-01
-9.71e-01
-9.64e-01
-9.56e-01
-9.48e-01
-9.40e-01
-9.31e-01
-9.23e-01
-9.14e-01
-9.06e-01
-8.97e-01
-8.88e-01
-8.79e-01
-8.71e-01
-8.62e-01
-8.53e-01
-8.45e-01
-8.36e-01
-8.28e-01
-8.20e-01
-8.12e-01
-8.04e-01
-7.96e-01
-7.89e-01
-7.82e-01
-7.76e-01
-7.69e-01
-7.64e-01
-7.58e-01
-7.54e-01
-7.49e-01
-7.46e-01
-7.42e-01
-7.40e-01
-7.38e-01
-7.37e-01
-7.36e-01
-7.36e-01
-7.36e-01
-7.37e-01
-7.39e-01
-7.41e-01
-7.43e-01
-7.45e-01
-7.47e-01
-7.50e-01
-7.52e-01
-7.54e-01
-7.55e-01
-7.57e-01
-7.58e-01
-7.59e-01
-7.61e-01
-7.62e-01
-7.63e-01
-7.64e-01
-7.65e-01
-7.67e-01
-7.68e-01
-7.70e-01
-7.73e-01
-7.75e-01
-7.78e-01
-7.81e-01
-7.85e-01
-7.89e-01
-7.94e-01
-7.99e-01
-8.04e-01
-8.10e-01
-8.16e-01
-8.23e-01
-8.30e-01
-8.37e-01
-8.45e-01
-8.54e-01
-8.62e-01
-8.71e-01
-8.80e-01
-8.89e-01
-8.98e-01
-9.08e-01
-9.17e-01
-9.27e-01
-9.37e-01
-9.47e-01
-9.57e-01
-9.67e-01
-9.77e-01
-9.87e-01
-9.96e-01
-1.01e+00
-1.02e+00
-1.03e+00
-1.04e+00
-1.05e+00
-1.06e+00
-1.06e+00
-1.07e+00
-1.08e+00
-1.09e+00
-1.10e+00
-1.11e+00
-1.12e+00
-1.13e+00
-1.14e+00
-1.15e+00
-1.15e+00
-1.16e+00
-1.17e+00
-1.18e+00
-1.19e+00
-1.19e+00
-1.20e+00
-1.21e+00
-1.21e+00
-1.22e+00
-1.23e+00
-1.23e+00
-1.23e+00
-1.24e+00
-1.24e+00
-1.24e+00
-1.25e+00
-1.25e+00
-1.25e+00
-1.25e+00
-1.25e+00
-1.24e+00
-1.24e+00
-1.24e+00
-1.24e+00
-1.23e+00
-1.23e+00
-1.23e+00
-1.22e+00
-1.22e+00
-1.22e+00
-1.22e+00
-1.22e+00
-1.22e+00
-1.22e+00
-1.22e+00
-1.22e+00
-1.22e+00
-1.22e+00
-1.22e+00
-1.22e+00
-1.22e+00
-1.22e+00
-1.22e+00
-1.22e+00
-1.21e+00
-1.21e+00
-1.21e+00
-1.21e+00
-1.21e+00
-1.20e+00
-1.20e+00
-1.19e+00
-1.19e+00
-1.18e+00
-1.18e+00
-1.17e+00
-1.16e+00
-1.16e+00
-1.15e+00
-1.14e+00
-1.13e+00
-1.12e+00
-1.12e+00
-1.11e+00
-1.10e+00
-1.09e+00
-1.08e+00
-1.07e+00
-1.06e+00
-1.06e+00
-1.05e+00
-1.04e+00
-1.03e+00
-1.02e+00
-1.01e+00
-1.01e+00
-9.99e-01
-9.91e-01
-9.84e-01
-9.76e-01
-9.69e-01
-9.61e-01
-9.54e-01
-9.47e-01
-9.39e-01
-9.32e-01
-9.25e-01
-9.18e-01
-9.11e-01
-9.04e-01
-8.98e-01
-8.91e-01
-8.84e-01
-8.77e-01
-8.70e-01
-8.63e-01
-8.56e-01
-8.49e-01
-8.43e-01
-8.36e-01
-8.29e-01
-8.22e-01
-8.15e-01
-8.09e-01
-8.02e-01
-7.95e-01
-7.89e-01
-7.82e-01
-7.76e-01
-7.70e-01
-7.64e-01
-7.58e-01
-7.53e-01
-7.48e-01
-7.43e-01
-7.39e-01
-7.35e-01
-7.31e-01
-7.28e-01
-7.26e-01
-7.24e-01
-7.22e-01
-7.22e-01
-7.22e-01
-7.23e-01
-7.24e-01
-7.26e-01
-7.29e-01
-7.33e-01
-7.36e-01
-7.41e-01
-7.45e-01
-7.49e-01
-7.52e-01
-7.56e-01
-7.59e-01
-7.61e-01
-7.63e-01
-7.64e-01
-7.65e-01
-7.65e-01
-7.66e-01
-7.66e-01
-7.66e-01
-7.66e-01
-7.65e-01
-7.65e-01
-7.65e-01
-7.65e-01
-7.65e-01
-7.65e-01
-7.66e-01
-7.67e-01
-7.68e-01
-7.70e-01
-7.73e-01
-7.76e-01
-7.80e-01
-7.85e-01
-7.90e-01
-7.96e-01
-8.02e-01
-8.08e-01
-8.15e-01
-8.23e-01
-8.30e-01
-8.38e-01
-8.46e-01
-8.54e-01
-8.62e-01
-8.71e-01
-8.79e-01
-8.87e-01
-8.96e-01
-9.04e-01
-9.12e-01
-9.20e-01
-9.28e-01
-9.36e-01
-9.44e-01
-9.51e-01
-9.59e-01
-9.66e-01
-9.73e-01
-9.80e-01
-9.87e-01
-9.94e-01
-1.00e+00
-1.01e+00
-1.01e+00
-1.02e+00
-1.03e+00
-1.03e+00
-1.04e+00
-1.04e+00
-1.05e+00
-1.06e+00
-1.06e+00
-1.07e+00
-1.07e+00
-1.08e+00
-1.08e+00
-1.09e+00
-1.09e+00
-1.10e+00
-1.10e+00
-1.11e+00
-1.12e+00
-1.12e+00
-1.13e+00
-1.13e+00
-1.14e+00
-1.14e+00
-1.15e+00
-1.15e+00
-1.16e+00
-1.17e+00
-1.17e+00
-1.18e+00
-1.18e+00
-1.19e+00
-1.20e+00
-1.20e+00
-1.21e+00
-1.21e+00
-1.22e+00
-1.23e+00
-1.23e+00
-1.24e+00
-1.24e+00
-1.25e+00
-1.25e+00
-1.26e+00
-1.26e+00
-1.26e+00
-1.27e+00
-1.27e+00
-1.27e+00
-1.28e+00
-1.28e+00
-1.28e+00
-1.28e+00
-1.28e+00
-1.28e+00
-1.27e+00
-1.27e+00
-1.27e+00
-1.27e+00
-1.26e+00
-1.26e+00
-1.25e+00
-1.25e+00
-1.24e+00
-1.24e+00
-1.24e+00
-1.24e+00
-1.23e+00
-1.23e+00
-1.23e+00
-1.23e+00
-1.23e+00
-1.23e+00
-1.23e+00
-1.23e+00
-1.23e+00
-1.23e+00
-1.23e+00
-1.23e+00
-1.23e+00
-1.23e+00
-1.23e+00
-1.23e+00
-1.23e+00
-1.23e+00
-1.23e+00
-1.22e+00
-1.22e+00
-1.21e+00
-1.21e+00
-1.20e+00
-1.20e+00
-1.19e+00
-1.18e+00
-1.18e+00
-1.17e+00
-1.16e+00
-1.15e+00
-1.15e+00
-1.14e+00
-1.13e+00
-1.12e+00
-1.11e+00
-1.11e+00
-1.10e+00
-1.09e+00
-1.08e+00
-1.07e+00
-1.07e+00
-1.06e+00
-1.05e+00
-1.04e+00
-1.04e+00
-1.03e+00
-1.02e+00
-1.02e+00
-1.01e+00
-1.00e+00
-9.98e-01
-9.92e-01
-9.86e-01
-9.81e-01
-9.75e-01
-9.70e-01
-9.64e-01
-9.59e-01
-9.54e-01
-9.49e-01
-9.44e-01
-9.39e-01
-9.34e-01
-9.30e-01
-9.25e-01
-9.20e-01
-9.16e-01
-9.11e-01
-9.07e-01
-9.02e-01
-8.98e-01
-8.93e-01
-8.88e-01
-8.84e-01
-8.79e-01
-8.75e-01
-8.70e-01
-8.65e-01
-8.60e-01
-8.55e-01
-8.51e-01
-8.46e-01
-8.41e-01
-8.35e-01
-8.30e-01
-8.25e-01
-8.20e-01
-8.14e-01
-8.09e-01
-8.03e-01
-7.98e-01
-7.92e-01
-7.87e-01
-7.81e-01
-7.76e-01
-7.70e-01
-7.65e-01
-7.60e-01
-7.55e-01
-7.50e-01
-7.45e-01
-7.41e-01
-7.36e-01
-7.33e-01
-7.29e-01
-7.26e-01
-7.24e-01
-7.22e-01
-7.20e-01
-7.20e-01
-7.19e-01
-7.20e-01
-7.21e-01
-7.23e-01
-7.26e-01
-7.29e-01
-7.33e-01
-7.37e-01
-7.42e-01
-7.46e-01
-7.51e-01
-7.55e-01
-7.58e-01
-7.61e-01
-7.64e-01
-7.66e-01
-7.67e-01
-7.68e-01
-7.68e-01
-7.69e-01
-7.69e-01
-7.69e-01
-7.68e-01
-7.68e-01
-7.67e-01
-7.67e-01
-7.67e-01
-7.66e-01
-7.66e-01
-7.67e-01
-7.67e-01
-7.69e-01
-7.70e-01
-7.73e-01
-7.76e-01
-7.80e-01
-7.84e-01
-7.89e-01
-7.94e-01
-8.00e-01
-8.06e-01
-8.13e-01
-8.20e-01
-8.28e-01
-8.35e-01
-8.43e-01
-8.51e-01
-8.59e-01
-8.67e-01
-8.75e-01
-8.84e-01
-8.92e-01
-9.00e-01
-9.08e-01
-9.15e-01
-9.23e-01
-9.31e-01
-9.38e-01
-9.45e-01
-9.52e-01
-9.59e-01
-9.66e-01
-9.73e-01
-9.79e-01
-9.85e-01
-9.91e-01
-9.97e-01
-1.00e+00
-1.01e+00
-1.01e+00
-1.02e+00
-1.02e+00
-1.03e+00
-1.03e+00
-1.04e+00
-1.04e+00
-1.05e+00
-1.05e+00
-1.06e+00
-1.06e+00
-1.07e+00
-1.07e+00
-1.08e+00
-1.08e+00
-1.08e+00
-1.09e+00
-1.09e+00
-1.10e+00
-1.10e+00
-1.10e+00
-1.11e+00
-1.11e+00
-1.12e+00
-1.12e+00
-1.12e+00
-1.13e+00
-1.13e+00
-1.14e+00
-1.14e+00
-1.15e+00
-1.15e+00
-1.15e+00
-1.16e+00
-1.16e+00
-1.17e+00
-1.17e+00
-1.18e+00
-1.18e+00
-1.19e+00
-1.19e+00
-1.20e+00
-1.20e+00
-1.21e+00
-1.22e+00
-1.22e+00
-1.23e+00
-1.23e+00
-1.24e+00
-1.24e+00
-1.25e+00
-1.25e+00
-1.26e+00
-1.26e+00
-1.26e+00
-1.27e+00
-1.27e+00
-1.27e+00
-1.28e+00
-1.28e+00
-1.28e+00
-1.28e+00
-1.28e+00
-1.28e+00
-1.28e+00
-1.28e+00
-1.27e+00
-1.27e+00
-1.27e+00
-1.26e+00
-1.26e+00
-1.25e+00
-1.25e+00
-1.24e+00
-1.24e+00
-1.24e+00
-1.24e+00
-1.23e+00
-1.23e+00
-1.23e+00
-1.23e+00
-1.23e+00
-1.23e+00
-1.23e+00
-1.23e+00
-1.23e+00
-1.23e+00
-1.23e+00
-1.23e+00
-1.23e+00
-1.23e+00
-1.23e+00
-1.23e+00
-1.23e+00
-1.23e+00
-1.23e+00
-1.22e+00
-1.22e+00
-1.22e+00
-1.21e+00
-1.21e+00
-1.20e+00
-1.19e+00
-1.19e+00
-1.18e+00
-1.17e+00
-1.16e+00
-1.16e+00
-1.15e+00
-1.14e+00
-1.13e+00
-1.13e+00
-1.12e+00
-1.11e+00
-1.10e+00
-1.09e+00
-1.09e+00
-1.08e+00
-1.07e+00
-1.06e+00
-1.06e+00
-1.05e+00
-1.04e+00
-1.04e+00
-1.03e+00
-1.02e+00
-1.02e+00
-1.01e+00
-1.00e+00
-9.99e-01
-9.93e-01
-9.88e-01
-9.82e-01
-9.77e-01
-9.72e-01
-9.68e-01
-9.63e-01
-9.58e-01
-9.54e-01
-9.49e-01
-9.45e-01
-9.41e-01
-9.37e-01
-9.33e-01
-9.29e-01
-9.25e-01
-9.21e-01
-9.17e-01
-9.13e-01
-9.10e-01
-9.06e-01
-9.02e-01
-8.99e-01
-8.95e-01
-8.91e-01
-8.88e-01
-8.84e-01
-8.80e-01
-8.76e-01
-8.73e-01
-8.69e-01
-8.65e-01
-8.61e-01
-8.57e-01
-8.52e-01
-8.48e-01
-8.44e-01
-8.40e-01
-8.35e-01
-8.30e-01
-8.26e-01
-8.21e-01
-8.16e-01
-8.11e-01
-8.06e-01
-8.01e-01
-7.96e-01
-7.91e-01
-7.85e-01
-7.80e-01
-7.75e-01
-7.70e-01
-7.65e-01
-7.60e-01
-7.55e-01
-7.50e-01
-7.45e-01
-7.41e-01
-7.37e-01
-7.33e-01
-7.30e-01
-7.27e-01
-7.24e-01
-7.22e-01
-7.21e-01
-7.20e-01
-7.19e-01
-7.20e-01
-7.21e-01
-7.23e-01
-7.25e-01
-7.28e-01
-7.32e-01
-7.36e-01
-7.41e-01
-7.45e-01
-7.50e-01
-7.54e-01
-7.58e-01
-7.62e-01
-7.64e-01
-7.67e-01
-7.68e-01
-7.69e-01
-7.70e-01
-7.70e-01
-7.70e-01
-7.70e-01
-7.70e-01
-7.69e-01
-7.69e-01
-7.68e-01
-7.68e-01
-7.68e-01
-7.67e-01
