5.73e-01
5.71e-01
5.68e-01
5.63e-01
5.56e-01
5.48e-01
5.38e-01
5.26e-01
5.13e-01
4.98e-01
4.82e-01
4.64e-01
4.44e-01
4.23e-01
4.01e-01
3.77e-01
3.53e-01
3.27e-01
3.00e-01
2.72e-01
2.44e-01
2.14e-01
1.84e-01
1.54e-01
1.23e-01
9.19e-02
6.02e-02
2.80e-02
-4.58e-03
-3.76e-02
-7.11e-02
-1.05e-01
-1.39e-01
-1.74e-01
-2.10e-01
-2.46e-01
-2.82e-01
-3.20e-01
-3.58e-01
-3.97e-01
-4.36e-01
-4.77e-01
-5.18e-01
-5.60e-01
-6.03e-01
-6.47e-01
-6.92e-01
-7.38e-01
-7.85e-01
-8.33e-01
-8.82e-01
-9.32e-01
-9.83e-01
-1.03e+00
-1.09e+00
-1.14e+00
-1.20e+00
-1.25e+00
-1.31e+00
-1.37e+00
-1.43e+00
-1.49e+00
-1.55e+00
-1.61e+00
-1.67e+00
-1.74e+00
-1.80e+00
-1.87e+00
-1.93e+00
-2.00e+00
-2.07e+00
-2.13e+00
-2.20e+00
-2.27e+00
-2.34e+00
-2.40e+00
