3.19e+00
3.19e+00
3.19e+00
3.20e+00
3.21e+00
3.22e+00
3.24e+00
3.26e+00
3.29e+00
3.32e+00
3.35e+00
3.39e+00
3.43e+00
3.47e+00
3.51e+00
3.55e+00
3.60e+00
3.65e+00
3.70e+00
3.75e+00
3.80e+00
3.85e+00
3.90e+00
3.95e+00
4.00e+00
4.05e+00
4.10e+00
4.14e+00
4.19e+00
4.23e+00
4.28e+00
4.32e+00
4.36e+00
4.40e+00
4.44e+00
4.47e+00
4.50e+00
4.54e+00
4.57e+00
4.59e+00
4.62e+00
4.64e+00
4.66e+00
4.68e+00
4.70e+00
4.71e+00
4.72e+00
4.73e+00
4.74e+00
4.74e+00
4.74e+00
4.74e+00
4.74e+00
4.73e+00
4.72e+00
4.71e+00
4.70e+00
4.68e+00
4.66e+00
4.64e+00
4.62e+00
4.59e+00
4.57e+00
4.54e+00
4.50e+00
4.47e+00
4.43e+00
4.39e+00
4.35e+00
4.31e+00
4.27e+00
4.22e+00
