8.65e-02
8.56e-02
8.43e-02
8.26e-02
8.05e-02
7.81e-02
7.54e-02
7.25e-02
6.93e-02
6.59e-02
6.23e-02
5.85e-02
5.46e-02
5.05e-02
4.63e-02
4.20e-02
3.76e-02
3.31e-02
2.86e-02
2.40e-02
1.93e-02
1.47e-02
9.98e-03
5.28e-03
5.71e-04
-4.14e-03
-8.84e-03
-1.35e-02
-1.82e-02
-2.28e-02
-2.75e-02
-3.21e-02
-3.66e-02
-4.12e-02
-4.57e-02
-5.02e-02
-5.46e-02
-5.90e-02
-6.34e-02
-6.77e-02
-7.20e-02
-7.63e-02
-8.05e-02
-8.47e-02
-8.89e-02
-9.30e-02
-9.71e-02
-1.01e-01
-1.05e-01
-1.09e-01
-1.13e-01
-1.17e-01
-1.21e-01
-1.25e-01
-1.28e-01
-1.32e-01
-1.36e-01
-1.40e-01
-1.43e-01
-1.47e-01
-1.50e-01
-1.54e-01
-1.57e-01
-1.61e-01
-1.64e-01
-1.67e-01
-1.71e-01
-1.74e-01
-1.77e-01
-1.81e-01
-1.84e-01
-1.87e-01
-1.90e-01
-1.93e-01
-1.96e-01
-1.99e-01
-2.02e-01
-2.05e-01
-2.08e-01
-2.12e-01
-2.15e-01
-2.18e-01
-2.21e-01
-2.24e-01
-2.27e-01
-2.30e-01
-2.33e-01
-2.36e-01
-2.39e-01
-2.42e-01
-2.45e-01
-2.48e-01
-2.51e-01
-2.54e-01
-2.57e-01
-2.60e-01
-2.64e-01
-2.67e-01
-2.70e-01
-2.73e-01
-2.76e-01
-2.79e-01
-2.82e-01
-2.85e-01
-2.89e-01
-2.92e-01
-2.95e-01
-2.98e-01
-3.01e-01
-3.04e-01
-3.07e-01
-3.10e-01
-3.13e-01
-3.16e-01
-3.19e-01
-3.22e-01
-3.25e-01
-3.28e-01
-3.31e-01
-3.33e-01
-3.36e-01
-3.39e-01
-3.42e-01
-3.45e-01
-3.47e-01
-3.50e-01
-3.53e-01
-3.55e-01
-3.58e-01
-3.60e-01
-3.63e-01
-3.65e-01
-3.68e-01
-3.70e-01
-3.72e-01
-3.75e-01
-3.77e-01
-3.79e-01
-3.81e-01
-3.83e-01
-3.85e-01
-3.87e-01
-3.89e-01
-3.91e-01
-3.93e-01
-3.94e-01
-3.96e-01
-3.97e-01
-3.99e-01
-4.00e-01
-4.02e-01
-4.03e-01
-4.04e-01
-4.06e-01
-4.07e-01
-4.08e-01
-4.09e-01
-4.10e-01
-4.11e-01
-4.12e-01
-4.13e-01
-4.14e-01
-4.15e-01
-4.15e-01
-4.16e-01
-4.17e-01
-4.18e-01
-4.18e-01
-4.19e-01
-4.20e-01
-4.20e-01
-4.21e-01
-4.22e-01
-4.22e-01
-4.23e-01
-4.23e-01
-4.24e-01
-4.25e-01
-4.25e-01
-4.26e-01
-4.26e-01
-4.27e-01
-4.27e-01
-4.27e-01
-4.28e-01
-4.28e-01
-4.29e-01
-4.29e-01
-4.30e-01
-4.30e-01
-4.30e-01
-4.31e-01
-4.31e-01
-4.32e-01
-4.32e-01
-4.32e-01
-4.33e-01
-4.33e-01
-4.34e-01
-4.34e-01
-4.34e-01
-4.35e-01
-4.35e-01
-4.36e-01
-4.36e-01
-4.37e-01
-4.37e-01
-4.38e-01
-4.38e-01
-4.39e-01
-4.39e-01
-4.40e-01
-4.40e-01
-4.41e-01
-4.42e-01
-4.43e-01
-4.43e-01
-4.44e-01
-4.45e-01
-4.46e-01
-4.46e-01
-4.47e-01
-4.48e-01
-4.49e-01
-4.50e-01
-4.51e-01
-4.52e-01
-4.53e-01
-4.54e-01
-4.55e-01
-4.56e-01
-4.57e-01
-4.58e-01
-4.59e-01
-4.60e-01
-4.61e-01
-4.62e-01
-4.63e-01
-4.64e-01
-4.66e-01
-4.67e-01
-4.68e-01
-4.69e-01
-4.70e-01
-4.71e-01
-4.72e-01
-4.73e-01
-4.74e-01
-4.75e-01
-4.76e-01
-4.77e-01
-4.78e-01
-4.79e-01
-4.80e-01
-4.81e-01
-4.82e-01
-4.83e-01
-4.83e-01
-4.84e-01
-4.85e-01
-4.86e-01
-4.87e-01
-4.87e-01
-4.88e-01
-4.89e-01
-4.89e-01
-4.90e-01
-4.90e-01
-4.91e-01
-4.91e-01
-4.92e-01
-4.92e-01
-4.92e-01
-4.93e-01
-4.93e-01
-4.93e-01
-4.93e-01
-4.93e-01
-4.94e-01
-4.94e-01
-4.94e-01
-4.94e-01
-4.94e-01
-4.94e-01
-4.94e-01
-4.94e-01
-4.94e-01
-4.94e-01
-4.93e-01
-4.93e-01
-4.93e-01
-4.93e-01
-4.93e-01
-4.93e-01
-4.93e-01
-4.92e-01
-4.92e-01
-4.92e-01
-4.92e-01
-4.92e-01
-4.91e-01
-4.91e-01
-4.91e-01
-4.91e-01
-4.90e-01
-4.90e-01
-4.90e-01
-4.90e-01
-4.89e-01
-4.89e-01
-4.89e-01
-4.89e-01
-4.88e-01
-4.88e-01
-4.88e-01
-4.88e-01
-4.87e-01
-4.87e-01
-4.87e-01
-4.87e-01
-4.87e-01
-4.86e-01
-4.86e-01
-4.86e-01
-4.86e-01
-4.86e-01
-4.85e-01
-4.85e-01
-4.85e-01
-4.85e-01
-4.85e-01
-4.85e-01
-4.85e-01
-4.85e-01
-4.85e-01
-4.85e-01
-4.85e-01
-4.85e-01
-4.86e-01
-4.86e-01
-4.86e-01
-4.86e-01
-4.86e-01
-4.87e-01
-4.87e-01
-4.87e-01
-4.88e-01
-4.88e-01
-4.88e-01
-4.89e-01
-4.89e-01
-4.90e-01
-4.90e-01
-4.91e-01
-4.91e-01
-4.92e-01
-4.92e-01
-4.93e-01
-4.93e-01
-4.94e-01
-4.94e-01
-4.95e-01
-4.96e-01
-4.96e-01
-4.97e-01
-4.97e-01
-4.98e-01
-4.99e-01
-4.99e-01
-5.00e-01
-5.00e-01
-5.01e-01
-5.02e-01
-5.02e-01
-5.03e-01
-5.03e-01
-5.04e-01
-5.04e-01
-5.05e-01
-5.05e-01
-5.06e-01
-5.06e-01
-5.07e-01
-5.07e-01
-5.08e-01
-5.08e-01
-5.08e-01
-5.09e-01
-5.09e-01
-5.09e-01
-5.10e-01
-5.10e-01
-5.10e-01
-5.10e-01
-5.10e-01
-5.10e-01
-5.11e-01
-5.11e-01
-5.11e-01
-5.11e-01
-5.11e-01
-5.11e-01
-5.11e-01
-5.10e-01
-5.10e-01
-5.10e-01
-5.10e-01
-5.10e-01
-5.10e-01
-5.09e-01
-5.09e-01
-5.09e-01
-5.09e-01
-5.08e-01
-5.08e-01
-5.08e-01
-5.07e-01
-5.07e-01
-5.07e-01
-5.07e-01
-5.06e-01
-5.06e-01
-5.05e-01
-5.05e-01
-5.05e-01
-5.04e-01
-5.04e-01
-5.04e-01
-5.03e-01
-5.03e-01
-5.03e-01
-5.02e-01
-5.02e-01
-5.02e-01
-5.01e-01
-5.01e-01
-5.00e-01
-5.00e-01
-5.00e-01
-4.99e-01
-4.99e-01
-4.99e-01
-4.98e-01
-4.98e-01
-4.98e-01
-4.97e-01
-4.97e-01
-4.97e-01
-4.97e-01
-4.96e-01
-4.96e-01
-4.96e-01
-4.96e-01
-4.96e-01
-4.95e-01
-4.95e-01
-4.95e-01
-4.95e-01
-4.95e-01
-4.95e-01
-4.95e-01
-4.95e-01
-4.95e-01
-4.95e-01
-4.95e-01
-4.95e-01
-4.95e-01
-4.95e-01
-4.95e-01
-4.96e-01
-4.96e-01
-4.96e-01
-4.96e-01
-4.97e-01
-4.97e-01
-4.97e-01
-4.98e-01
-4.98e-01
-4.98e-01
-4.99e-01
-4.99e-01
-4.99e-01
-5.00e-01
-5.00e-01
-5.01e-01
-5.01e-01
-5.01e-01
-5.02e-01
-5.02e-01
-5.03e-01
-5.03e-01
-5.04e-01
-5.04e-01
-5.05e-01
-5.05e-01
-5.05e-01
-5.06e-01
-5.06e-01
-5.07e-01
-5.07e-01
-5.08e-01
-5.08e-01
-5.08e-01
-5.09e-01
-5.09e-01
-5.09e-01
-5.10e-01
-5.10e-01
-5.10e-01
-5.11e-01
-5.11e-01
-5.11e-01
-5.11e-01
-5.12e-01
-5.12e-01
-5.12e-01
-5.12e-01
-5.12e-01
-5.12e-01
-5.12e-01
-5.12e-01
-5.12e-01
-5.12e-01
-5.12e-01
-5.12e-01
-5.12e-01
-5.12e-01
-5.12e-01
-5.12e-01
-5.12e-01
-5.12e-01
-5.11e-01
-5.11e-01
-5.11e-01
-5.11e-01
-5.10e-01
-5.10e-01
-5.10e-01
-5.10e-01
-5.09e-01
-5.09e-01
-5.09e-01
-5.08e-01
-5.08e-01
-5.08e-01
-5.07e-01
-5.07e-01
-5.07e-01
-5.06e-01
-5.06e-01
-5.06e-01
-5.05e-01
-5.05e-01
-5.05e-01
-5.04e-01
-5.04e-01
-5.04e-01
-5.03e-01
-5.03e-01
-5.03e-01
-5.02e-01
-5.02e-01
-5.01e-01
-5.01e-01
-5.01e-01
-5.01e-01
-5.00e-01
-5.00e-01
-5.00e-01
-4.99e-01
-4.99e-01
-4.99e-01
-4.99e-01
-4.98e-01
-4.98e-01
-4.98e-01
-4.98e-01
-4.98e-01
-4.97e-01
-4.97e-01
-4.97e-01
-4.97e-01
-4.97e-01
-4.97e-01
-4.97e-01
-4.97e-01
-4.97e-01
-4.97e-01
-4.97e-01
-4.97e-01
-4.97e-01
-4.97e-01
-4.97e-01
-4.97e-01
-4.97e-01
-4.98e-01
-4.98e-01
-4.98e-01
-4.98e-01
-4.98e-01
-4.99e-01
-4.99e-01
-4.99e-01
-4.99e-01
-5.00e-01
-5.00e-01
-5.00e-01
-5.01e-01
-5.01e-01
-5.01e-01
-5.02e-01
-5.02e-01
-5.03e-01
-5.03e-01
-5.03e-01
-5.04e-01
-5.04e-01
-5.04e-01
-5.05e-01
-5.05e-01
-5.06e-01
-5.06e-01
-5.06e-01
-5.07e-01
-5.07e-01
-5.07e-01
-5.08e-01
-5.08e-01
-5.08e-01
-5.08e-01
-5.09e-01
-5.09e-01
-5.09e-01
-5.09e-01
-5.10e-01
-5.10e-01
-5.10e-01
-5.10e-01
-5.10e-01
-5.10e-01
-5.11e-01
-5.11e-01
-5.11e-01
-5.11e-01
-5.11e-01
-5.11e-01
-5.11e-01
-5.11e-01
-5.11e-01
-5.11e-01
-5.11e-01
-5.10e-01
-5.10e-01
-5.10e-01
-5.10e-01
-5.10e-01
-5.10e-01
-5.10e-01
-5.09e-01
-5.09e-01
-5.09e-01
-5.09e-01
-5.08e-01
-5.08e-01
-5.08e-01
-5.08e-01
-5.07e-01
-5.07e-01
-5.07e-01
-5.06e-01
-5.06e-01
-5.06e-01
-5.06e-01
-5.05e-01
-5.05e-01
-5.05e-01
-5.04e-01
-5.04e-01
-5.04e-01
-5.03e-01
-5.03e-01
-5.03e-01
-5.02e-01
-5.02e-01
-5.02e-01
-5.02e-01
-5.01e-01
-5.01e-01
-5.01e-01
-5.00e-01
-5.00e-01
-5.00e-01
-5.00e-01
-4.99e-01
-4.99e-01
-4.99e-01
-4.99e-01
-4.98e-01
-4.98e-01
-4.98e-01
-4.98e-01
-4.98e-01
-4.98e-01
-4.97e-01
-4.97e-01
-4.97e-01
-4.97e-01
-4.97e-01
-4.97e-01
-4.97e-01
-4.97e-01
-4.97e-01
-4.97e-01
-4.97e-01
-4.97e-01
-4.97e-01
-4.97e-01
-4.97e-01
-4.98e-01
-4.98e-01
-4.98e-01
-4.98e-01
-4.98e-01
-4.98e-01
-4.99e-01
-4.99e-01
-4.99e-01
-4.99e-01
-5.00e-01
-5.00e-01
-5.00e-01
-5.00e-01
-5.01e-01
-5.01e-01
-5.01e-01
-5.02e-01
-5.02e-01
-5.02e-01
-5.03e-01
-5.03e-01
-5.03e-01
-5.03e-01
-5.04e-01
-5.04e-01
-5.04e-01
-5.05e-01
-5.05e-01
-5.05e-01
-5.06e-01
-5.06e-01
-5.06e-01
-5.06e-01
-5.07e-01
-5.07e-01
-5.07e-01
-5.07e-01
-5.08e-01
-5.08e-01
-5.08e-01
-5.08e-01
-5.08e-01
-5.08e-01
-5.09e-01
-5.09e-01
-5.09e-01
-5.09e-01
-5.09e-01
-5.09e-01
-5.09e-01
-5.09e-01
-5.09e-01
-5.09e-01
-5.09e-01
-5.09e-01
-5.09e-01
-5.09e-01
-5.09e-01
-5.08e-01
-5.08e-01
-5.08e-01
-5.08e-01
-5.08e-01
-5.08e-01
-5.08e-01
-5.07e-01
-5.07e-01
-5.07e-01
-5.07e-01
-5.07e-01
-5.06e-01
-5.06e-01
-5.06e-01
-5.06e-01
-5.05e-01
-5.05e-01
-5.05e-01
-5.05e-01
-5.04e-01
-5.04e-01
-5.04e-01
-5.03e-01
-5.03e-01
-5.03e-01
-5.03e-01
-5.02e-01
-5.02e-01
-5.02e-01
-5.01e-01
-5.01e-01
-5.01e-01
-5.01e-01
-5.00e-01
-5.00e-01
-5.00e-01
-5.00e-01
-5.00e-01
-4.99e-01
-4.99e-01
-4.99e-01
-4.99e-01
-4.98e-01
-4.98e-01
-4.98e-01
-4.98e-01
-4.98e-01
-4.98e-01
-4.98e-01
-4.97e-01
-4.97e-01
-4.97e-01
-4.97e-01
-4.97e-01
-4.97e-01
-4.97e-01
-4.97e-01
-4.97e-01
-4.97e-01
-4.97e-01
-4.97e-01
-4.97e-01
-4.97e-01
-4.97e-01
-4.98e-01
-4.98e-01
-4.98e-01
-4.98e-01
-4.98e-01
-4.98e-01
-4.98e-01
-4.99e-01
-4.99e-01
-4.99e-01
-4.99e-01
-5.00e-01
-5.00e-01
-5.00e-01
-5.00e-01
-5.00e-01
-5.01e-01
-5.01e-01
-5.01e-01
-5.02e-01
-5.02e-01
-5.02e-01
-5.02e-01
-5.03e-01
-5.03e-01
-5.03e-01
-5.03e-01
-5.04e-01
-5.04e-01
-5.04e-01
-5.04e-01
-5.05e-01
-5.05e-01
-5.05e-01
-5.05e-01
-5.06e-01
-5.06e-01
-5.06e-01
-5.06e-01
-5.06e-01
-5.06e-01
-5.07e-01
-5.07e-01
-5.07e-01
-5.07e-01
-5.07e-01
-5.07e-01
-5.07e-01
-5.07e-01
-5.07e-01
-5.07e-01
-5.07e-01
-5.07e-01
-5.07e-01
-5.07e-01
-5.07e-01
-5.07e-01
-5.07e-01
-5.07e-01
-5.07e-01
-5.07e-01
-5.07e-01
-5.07e-01
-5.06e-01
-5.06e-01
-5.06e-01
-5.06e-01
-5.06e-01
-5.06e-01
-5.05e-01
-5.05e-01
-5.05e-01
-5.05e-01
-5.05e-01
-5.04e-01
-5.04e-01
-5.04e-01
-5.04e-01
-5.04e-01
-5.03e-01
-5.03e-01
-5.03e-01
-5.03e-01
-5.02e-01
-5.02e-01
-5.02e-01
-5.02e-01
-5.01e-01
-5.01e-01
-5.01e-01
-5.01e-01
-5.01e-01
-5.00e-01
-5.00e-01
-5.00e-01
-5.00e-01
-4.99e-01
-4.99e-01
-4.99e-01
-4.99e-01
-4.99e-01
-4.99e-01
-4.98e-01
-4.98e-01
-4.98e-01
-4.98e-01
-4.98e-01
-4.98e-01
-4.98e-01
-4.98e-01
-4.97e-01
-4.97e-01
-4.97e-01
-4.97e-01
-4.97e-01
-4.97e-01
-4.97e-01
-4.97e-01
-4.97e-01
-4.97e-01
-4.97e-01
-4.97e-01
-4.97e-01
-4.98e-01
-4.98e-01
-4.98e-01
-4.98e-01
-4.98e-01
-4.98e-01
-4.98e-01
-4.98e-01
-4.99e-01
-4.99e-01
-4.99e-01
-4.99e-01
-4.99e-01
-4.99e-01
-5.00e-01
-5.00e-01
-5.00e-01
-5.00e-01
-5.01e-01
-5.01e-01
-5.01e-01
-5.01e-01
-5.01e-01
-5.02e-01
-5.02e-01
-5.02e-01
-5.02e-01
-5.03e-01
-5.03e-01
-5.03e-01
-5.03e-01
-5.04e-01
-5.04e-01
-5.04e-01
-5.04e-01
-5.04e-01
