1.63e-01
1.65e-01
1.67e-01
1.66e-01
1.64e-01
1.61e-01
1.56e-01
1.49e-01
1.41e-01
1.31e-01
1.20e-01
1.08e-01
9.40e-02
7.88e-02
6.25e-02
4.49e-02
2.63e-02
6.62e-03
-1.40e-02
-3.55e-02
-5.78e-02
-8.09e-02
-1.05e-01
-1.29e-01
-1.54e-01
-1.80e-01
-2.06e-01
-2.33e-01
-2.59e-01
-2.86e-01
-3.14e-01
-3.41e-01
-3.68e-01
-3.95e-01
-4.22e-01
-4.49e-01
-4.76e-01
-5.03e-01
-5.30e-01
-5.56e-01
-5.82e-01
-6.08e-01
-6.34e-01
-6.59e-01
-6.84e-01
-7.09e-01
-7.34e-01
-7.58e-01
-7.82e-01
-8.06e-01
-8.30e-01
-8.53e-01
-8.76e-01
-8.99e-01
-9.22e-01
-9.44e-01
-9.66e-01
-9.88e-01
-1.01e+00
-1.03e+00
-1.05e+00
-1.07e+00
-1.09e+00
-1.12e+00
-1.14e+00
-1.16e+00
-1.18e+00
-1.20e+00
-1.21e+00
-1.23e+00
-1.25e+00
-1.27e+00
-1.29e+00
-1.30e+00
-1.32e+00
-1.34e+00
-1.35e+00
-1.37e+00
-1.38e+00
-1.39e+00
-1.40e+00
-1.41e+00
-1.42e+00
-1.43e+00
-1.44e+00
-1.45e+00
-1.45e+00
-1.46e+00
-1.46e+00
-1.46e+00
-1.47e+00
-1.47e+00
-1.48e+00
-1.48e+00
-1.49e+00
-1.49e+00
-1.50e+00
-1.51e+00
-1.51e+00
-1.52e+00
-1.52e+00
-1.53e+00
-1.53e+00
-1.54e+00
-1.54e+00
-1.55e+00
-1.55e+00
-1.55e+00
-1.55e+00
-1.56e+00
-1.55e+00
-1.55e+00
-1.55e+00
-1.55e+00
-1.54e+00
-1.53e+00
-1.53e+00
-1.52e+00
-1.51e+00
-1.49e+00
-1.48e+00
-1.46e+00
-1.45e+00
-1.43e+00
-1.41e+00
-1.39e+00
-1.36e+00
-1.34e+00
-1.32e+00
-1.29e+00
-1.27e+00
-1.25e+00
-1.22e+00
-1.20e+00
-1.17e+00
-1.15e+00
-1.13e+00
-1.10e+00
-1.08e+00
-1.05e+00
-1.03e+00
-1.01e+00
-9.86e-01
-9.64e-01
-9.43e-01
-9.22e-01
-9.02e-01
-8.83e-01
-8.64e-01
-8.47e-01
-8.30e-01
-8.15e-01
-8.01e-01
-7.88e-01
-7.77e-01
-7.67e-01
-7.59e-01
-7.54e-01
-7.50e-01
-7.49e-01
-7.50e-01
-7.53e-01
-7.58e-01
-7.66e-01
-7.74e-01
-7.84e-01
-7.94e-01
-8.04e-01
-8.13e-01
-8.20e-01
-8.26e-01
-8.30e-01
-8.33e-01
-8.35e-01
-8.36e-01
-8.36e-01
-8.34e-01
-8.32e-01
-8.30e-01
-8.26e-01
-8.23e-01
-8.19e-01
-8.15e-01
-8.12e-01
-8.08e-01
-8.05e-01
-8.03e-01
-8.02e-01
-8.00e-01
-7.98e-01
-7.95e-01
-7.91e-01
-7.86e-01
-7.79e-01
-7.72e-01
-7.63e-01
-7.53e-01
-7.43e-01
-7.33e-01
-7.23e-01
-7.13e-01
-7.03e-01
-6.94e-01
-6.86e-01
-6.78e-01
-6.72e-01
-6.66e-01
-6.62e-01
-6.60e-01
-6.58e-01
-6.59e-01
-6.61e-01
-6.65e-01
-6.71e-01
-6.78e-01
-6.86e-01
-6.96e-01
-7.07e-01
-7.18e-01
-7.30e-01
-7.41e-01
-7.50e-01
-7.58e-01
-7.63e-01
-7.66e-01
-7.67e-01
-7.65e-01
-7.63e-01
-7.58e-01
-7.52e-01
-7.45e-01
-7.37e-01
-7.27e-01
-7.17e-01
-7.06e-01
-6.95e-01
-6.84e-01
-6.74e-01
-6.64e-01
-6.55e-01
-6.47e-01
-6.39e-01
-6.32e-01
-6.24e-01
-6.15e-01
-6.06e-01
-5.97e-01
-5.88e-01
-5.79e-01
-5.71e-01
-5.64e-01
-5.58e-01
-5.52e-01
-5.48e-01
-5.45e-01
-5.44e-01
-5.44e-01
-5.46e-01
-5.50e-01
-5.56e-01
-5.64e-01
-5.73e-01
-5.84e-01
-5.95e-01
-6.08e-01
-6.21e-01
-6.34e-01
-6.47e-01
-6.58e-01
-6.68e-01
-6.75e-01
-6.80e-01
-6.83e-01
-6.84e-01
-6.83e-01
-6.80e-01
-6.76e-01
-6.70e-01
-6.63e-01
-6.56e-01
-6.47e-01
-6.37e-01
-6.28e-01
-6.18e-01
-6.08e-01
-5.99e-01
-5.90e-01
-5.83e-01
-5.77e-01
-5.70e-01
-5.63e-01
-5.55e-01
-5.47e-01
-5.39e-01
-5.31e-01
-5.23e-01
-5.15e-01
-5.09e-01
-5.03e-01
-4.99e-01
-4.95e-01
-4.93e-01
-4.93e-01
-4.94e-01
-4.97e-01
-5.02e-01
-5.09e-01
-5.17e-01
-5.28e-01
-5.39e-01
-5.52e-01
-5.66e-01
-5.79e-01
-5.93e-01
-6.07e-01
-6.19e-01
-6.29e-01
-6.37e-01
-6.43e-01
-6.47e-01
-6.49e-01
-6.49e-01
-6.47e-01
-6.44e-01
-6.39e-01
-6.33e-01
-6.26e-01
-6.19e-01
-6.10e-01
-6.01e-01
-5.92e-01
-5.83e-01
-5.74e-01
-5.67e-01
-5.60e-01
-5.54e-01
-5.48e-01
-5.42e-01
-5.34e-01
-5.27e-01
-5.19e-01
-5.11e-01
-5.03e-01
-4.96e-01
-4.90e-01
-4.85e-01
-4.81e-01
-4.78e-01
-4.76e-01
-4.76e-01
-4.78e-01
-4.81e-01
-4.86e-01
-4.93e-01
-5.02e-01
-5.13e-01
-5.25e-01
-5.39e-01
-5.52e-01
-5.66e-01
-5.81e-01
-5.94e-01
-6.07e-01
-6.18e-01
-6.26e-01
-6.33e-01
-6.37e-01
-6.39e-01
-6.40e-01
-6.39e-01
-6.36e-01
-6.32e-01
-6.26e-01
-6.20e-01
-6.12e-01
-6.04e-01
-5.96e-01
-5.87e-01
-5.78e-01
-5.70e-01
-5.63e-01
-5.57e-01
-5.51e-01
-5.45e-01
-5.39e-01
-5.31e-01
-5.24e-01
-5.16e-01
-5.08e-01
-5.01e-01
-4.94e-01
-4.88e-01
-4.83e-01
-4.79e-01
-4.76e-01
-4.74e-01
-4.74e-01
-4.76e-01
-4.79e-01
-4.84e-01
-4.91e-01
-5.00e-01
-5.11e-01
-5.24e-01
-5.37e-01
-5.51e-01
-5.65e-01
-5.80e-01
-5.94e-01
-6.06e-01
-6.17e-01
-6.26e-01
-6.33e-01
-6.37e-01
-6.40e-01
-6.41e-01
-6.39e-01
-6.37e-01
-6.33e-01
-6.28e-01
-6.21e-01
-6.14e-01
-6.06e-01
-5.98e-01
-5.89e-01
-5.81e-01
-5.73e-01
-5.65e-01
-5.59e-01
-5.53e-01
-5.47e-01
-5.41e-01
-5.34e-01
-5.27e-01
-5.19e-01
-5.11e-01
-5.04e-01
-4.97e-01
-4.90e-01
-4.85e-01
-4.81e-01
-4.78e-01
-4.76e-01
-4.76e-01
-4.77e-01
-4.81e-01
-4.85e-01
-4.92e-01
-5.01e-01
-5.12e-01
-5.24e-01
-5.38e-01
-5.52e-01
-5.66e-01
-5.80e-01
-5.94e-01
-6.07e-01
-6.18e-01
-6.27e-01
-6.34e-01
-6.39e-01
-6.41e-01
-6.42e-01
-6.41e-01
-6.39e-01
-6.35e-01
-6.30e-01
-6.23e-01
-6.16e-01
-6.08e-01
-6.00e-01
-5.92e-01
-5.83e-01
-5.75e-01
-5.67e-01
-5.61e-01
-5.55e-01
-5.49e-01
-5.43e-01
-5.36e-01
-5.29e-01
-5.21e-01
-5.13e-01
-5.06e-01
-4.98e-01
-4.92e-01
-4.87e-01
-4.82e-01
-4.79e-01
-4.77e-01
-4.77e-01
-4.78e-01
-4.81e-01
-4.85e-01
-4.92e-01
-5.00e-01
-5.11e-01
-5.23e-01
-5.36e-01
-5.50e-01
-5.64e-01
-5.78e-01
-5.92e-01
-6.05e-01
-6.16e-01
-6.26e-01
-6.33e-01
-6.38e-01
-6.41e-01
-6.42e-01
-6.41e-01
-6.39e-01
-6.35e-01
-6.30e-01
-6.24e-01
-6.17e-01
-6.09e-01
-6.01e-01
-5.92e-01
-5.84e-01
-5.75e-01
-5.68e-01
-5.61e-01
-5.55e-01
-5.49e-01
-5.43e-01
-5.36e-01
-5.29e-01
-5.21e-01
-5.13e-01
-5.06e-01
-4.99e-01
-4.92e-01
-4.86e-01
-4.82e-01
-4.78e-01
-4.76e-01
-4.75e-01
-4.76e-01
-4.79e-01
-4.83e-01
-4.89e-01
-4.98e-01
-5.08e-01
-5.19e-01
-5.32e-01
-5.46e-01
-5.60e-01
-5.74e-01
-5.88e-01
-6.02e-01
-6.13e-01
-6.23e-01
-6.30e-01
-6.36e-01
-6.39e-01
-6.40e-01
-6.40e-01
-6.38e-01
-6.34e-01
-6.29e-01
-6.24e-01
-6.17e-01
-6.09e-01
-6.01e-01
-5.92e-01
-5.83e-01
-5.75e-01
-5.67e-01
-5.61e-01
-5.55e-01
-5.49e-01
-5.43e-01
-5.36e-01
-5.29e-01
-5.21e-01
-5.13e-01
-5.06e-01
-4.98e-01
-4.92e-01
-4.86e-01
-4.81e-01
-4.77e-01
-4.75e-01
-4.74e-01
-4.75e-01
-4.77e-01
-4.81e-01
-4.87e-01
-4.95e-01
-5.04e-01
-5.16e-01
-5.29e-01
-5.42e-01
-5.56e-01
-5.70e-01
-5.85e-01
-5.98e-01
-6.10e-01
-6.20e-01
-6.28e-01
-6.34e-01
-6.37e-01
-6.39e-01
-6.39e-01
-6.37e-01
-6.34e-01
-6.30e-01
-6.24e-01
-6.17e-01
-6.10e-01
-6.01e-01
-5.93e-01
-5.84e-01
-5.76e-01
-5.68e-01
-5.61e-01
-5.55e-01
-5.49e-01
-5.43e-01
-5.37e-01
-5.30e-01
-5.22e-01
-5.14e-01
-5.06e-01
-4.99e-01
-4.92e-01
-4.87e-01
-4.82e-01
-4.78e-01
-4.75e-01
-4.74e-01
-4.74e-01
-4.76e-01
-4.80e-01
-4.86e-01
-4.93e-01
-5.03e-01
-5.14e-01
-5.27e-01
-5.40e-01
-5.54e-01
-5.68e-01
-5.82e-01
-5.96e-01
-6.09e-01
-6.19e-01
-6.27e-01
-6.33e-01
-6.38e-01
-6.40e-01
-6.40e-01
-6.38e-01
-6.35e-01
-6.31e-01
-6.26e-01
-6.19e-01
-6.12e-01
-6.04e-01
-5.95e-01
-5.87e-01
-5.78e-01
-5.70e-01
-5.63e-01
-5.57e-01
-5.51e-01
-5.45e-01
-5.39e-01
-5.32e-01
-5.24e-01
-5.16e-01
-5.09e-01
-5.01e-01
-4.95e-01
-4.89e-01
-4.84e-01
-4.80e-01
-4.77e-01
-4.75e-01
-4.76e-01
-4.77e-01
-4.81e-01
-4.86e-01
-4.94e-01
-5.03e-01
-5.14e-01
-5.27e-01
-5.40e-01
-5.54e-01
-5.68e-01
-5.82e-01
-5.96e-01
-6.09e-01
-6.20e-01
-6.28e-01
-6.35e-01
-6.39e-01
-6.42e-01
-6.42e-01
-6.41e-01
-6.38e-01
-6.34e-01
-6.29e-01
-6.22e-01
-6.15e-01
-6.07e-01
-5.99e-01
-5.90e-01
-5.81e-01
-5.73e-01
-5.66e-01
-5.60e-01
-5.55e-01
-5.49e-01
-5.42e-01
-5.35e-01
-5.28e-01
-5.20e-01
-5.12e-01
-5.05e-01
-4.98e-01
-4.92e-01
-4.87e-01
-4.83e-01
-4.80e-01
-4.78e-01
-4.78e-01
-4.80e-01
-4.83e-01
-4.88e-01
-4.96e-01
-5.05e-01
-5.16e-01
-5.28e-01
-5.42e-01
-5.56e-01
-5.70e-01
-5.84e-01
-5.98e-01
-6.11e-01
-6.22e-01
-6.30e-01
-6.37e-01
-6.42e-01
-6.44e-01
-6.45e-01
-6.44e-01
-6.41e-01
-6.37e-01
-6.32e-01
-6.25e-01
-6.18e-01
-6.10e-01
-6.02e-01
-5.93e-01
-5.85e-01
-5.77e-01
-5.69e-01
-5.63e-01
-5.57e-01
-5.52e-01
-5.45e-01
-5.38e-01
-5.31e-01
-5.23e-01
-5.15e-01
-5.08e-01
-5.01e-01
-4.94e-01
-4.89e-01
-4.85e-01
-4.82e-01
-4.80e-01
-4.80e-01
-4.81e-01
-4.84e-01
-4.89e-01
-4.96e-01
-5.05e-01
-5.16e-01
-5.28e-01
-5.41e-01
-5.55e-01
-5.69e-01
-5.83e-01
-5.97e-01
-6.10e-01
-6.21e-01
-6.30e-01
-6.37e-01
-6.42e-01
-6.44e-01
-6.45e-01
-6.44e-01
-6.42e-01
-6.38e-01
-6.33e-01
-6.27e-01
-6.19e-01
-6.12e-01
-6.03e-01
-5.95e-01
-5.86e-01
-5.78e-01
-5.70e-01
-5.64e-01
-5.58e-01
-5.52e-01
-5.46e-01
-5.39e-01
-5.32e-01
-5.24e-01
-5.16e-01
-5.08e-01
-5.01e-01
-4.95e-01
-4.89e-01
-4.85e-01
-4.81e-01
-4.79e-01
-4.79e-01
-4.80e-01
-4.83e-01
-4.87e-01
-4.94e-01
-5.02e-01
-5.13e-01
-5.25e-01
-5.38e-01
-5.52e-01
-5.66e-01
-5.80e-01
-5.94e-01
-6.07e-01
-6.18e-01
-6.28e-01
-6.35e-01
-6.40e-01
-6.43e-01
-6.44e-01
-6.43e-01
-6.41e-01
-6.37e-01
-6.32e-01
-6.26e-01
-6.19e-01
-6.11e-01
-6.02e-01
-5.94e-01
-5.85e-01
-5.77e-01
-5.69e-01
-5.63e-01
-5.57e-01
-5.51e-01
-5.45e-01
-5.38e-01
-5.30e-01
-5.23e-01
-5.15e-01
-5.07e-01
-5.00e-01
-4.93e-01
-4.88e-01
-4.83e-01
-4.80e-01
-4.77e-01
-4.77e-01
-4.77e-01
-4.80e-01
-4.84e-01
-4.90e-01
-4.99e-01
-5.09e-01
-5.20e-01
-5.33e-01
-5.47e-01
-5.61e-01
-5.75e-01
-5.89e-01
-6.02e-01
-6.14e-01
-6.24e-01
-6.31e-01
-6.37e-01
-6.40e-01
-6.41e-01
-6.41e-01
-6.39e-01
-6.35e-01
-6.30e-01
-6.24e-01
-6.17e-01
-6.10e-01
-6.01e-01
-5.93e-01
-5.84e-01
-5.76e-01
-5.68e-01
-5.61e-01
-5.55e-01
-5.50e-01
-5.44e-01
-5.37e-01
-5.30e-01
-5.22e-01
-5.14e-01
-5.06e-01
-4.99e-01
-4.92e-01
-4.87e-01
-4.82e-01
-4.78e-01
-4.76e-01
-4.75e-01
-4.75e-01
-4.77e-01
-4.81e-01
-4.87e-01
-4.95e-01
-5.05e-01
-5.16e-01
-5.29e-01
-5.43e-01
-5.57e-01
-5.71e-01
-5.85e-01
-5.98e-01
-6.10e-01
-6.21e-01
-6.28e-01
-6.34e-01
-6.38e-01
-6.40e-01
-6.39e-01
-6.38e-01
-6.34e-01
-6.30e-01
-6.24e-01
-6.17e-01
-6.10e-01
-6.02e-01
-5.93e-01
-5.85e-01
-5.76e-01
-5.68e-01
-5.61e-01
-5.55e-01
-5.50e-01
-5.44e-01
-5.37e-01
-5.30e-01
-5.22e-01
-5.14e-01
-5.07e-01
-4.99e-01
-4.93e-01
-4.87e-01
-4.82e-01
-4.78e-01
-4.75e-01
-4.74e-01
-4.74e-01
-4.76e-01
-4.80e-01
-4.86e-01
-4.93e-01
-5.03e-01
-5.14e-01
-5.27e-01
-5.40e-01
-5.54e-01
-5.68e-01
-5.83e-01
-5.96e-01
-6.09e-01
-6.19e-01
-6.27e-01
-6.34e-01
-6.38e-01
-6.40e-01
-6.40e-01
-6.38e-01
-6.36e-01
-6.31e-01
-6.26e-01
-6.19e-01
-6.12e-01
-6.04e-01
-5.95e-01
-5.87e-01
-5.78e-01
-5.70e-01
-5.63e-01
-5.57e-01
-5.51e-01
-5.46e-01
-5.39e-01
-5.32e-01
-5.24e-01
-5.17e-01
