-9.57e-02
-9.71e-02
-9.88e-02
-1.01e-01
-1.03e-01
-1.06e-01
-1.10e-01
-1.15e-01
-1.21e-01
-1.29e-01
-1.38e-01
-1.49e-01
-1.61e-01
-1.75e-01
-1.90e-01
-2.06e-01
-2.24e-01
-2.42e-01
-2.62e-01
-2.83e-01
-3.05e-01
-3.28e-01
-3.52e-01
-3.77e-01
-4.03e-01
-4.29e-01
-4.56e-01
-4.84e-01
-5.12e-01
-5.41e-01
-5.71e-01
-6.01e-01
-6.32e-01
-6.64e-01
-6.96e-01
-7.29e-01
-7.63e-01
-7.97e-01
-8.32e-01
-8.68e-01
-9.04e-01
-9.41e-01
-9.79e-01
-1.02e+00
-1.06e+00
-1.10e+00
-1.14e+00
-1.18e+00
-1.22e+00
-1.26e+00
-1.31e+00
-1.35e+00
-1.39e+00
-1.42e+00
-1.46e+00
-1.50e+00
-1.53e+00
-1.57e+00
-1.60e+00
-1.63e+00
-1.66e+00
-1.69e+00
-1.72e+00
-1.75e+00
-1.78e+00
-1.80e+00
-1.83e+00
-1.85e+00
-1.87e+00
-1.89e+00
-1.91e+00
-1.92e+00
-1.94e+00
-1.95e+00
-1.96e+00
-1.97e+00
-1.98e+00
-1.99e+00
-1.99e+00
-1.99e+00
-1.99e+00
-1.98e+00
-1.98e+00
-1.97e+00
-1.96e+00
-1.94e+00
-1.93e+00
-1.91e+00
-1.90e+00
-1.88e+00
-1.87e+00
-1.85e+00
-1.84e+00
-1.83e+00
-1.82e+00
-1.81e+00
-1.81e+00
-1.80e+00
-1.79e+00
-1.79e+00
-1.78e+00
-1.78e+00
-1.77e+00
-1.77e+00
-1.76e+00
-1.76e+00
-1.75e+00
-1.75e+00
-1.74e+00
-1.73e+00
-1.72e+00
-1.71e+00
-1.70e+00
-1.69e+00
-1.67e+00
-1.66e+00
-1.64e+00
-1.62e+00
-1.60e+00
-1.58e+00
-1.55e+00
-1.53e+00
-1.50e+00
-1.47e+00
-1.44e+00
-1.41e+00
-1.38e+00
-1.34e+00
-1.31e+00
-1.27e+00
-1.24e+00
-1.20e+00
-1.16e+00
-1.13e+00
-1.09e+00
-1.05e+00
-1.01e+00
-9.73e-01
-9.34e-01
-8.94e-01
-8.55e-01
-8.15e-01
-7.75e-01
-7.35e-01
-6.94e-01
-6.53e-01
-6.12e-01
-5.70e-01
-5.28e-01
-4.85e-01
-4.43e-01
-3.99e-01
-3.56e-01
-3.12e-01
-2.67e-01
-2.22e-01
-1.77e-01
-1.31e-01
-8.47e-02
-3.77e-02
9.78e-03
5.79e-02
1.07e-01
1.56e-01
2.06e-01
2.56e-01
3.08e-01
3.60e-01
4.13e-01
4.66e-01
5.21e-01
5.76e-01
6.32e-01
6.89e-01
7.47e-01
8.06e-01
8.66e-01
9.27e-01
9.88e-01
1.05e+00
1.11e+00
1.18e+00
1.25e+00
1.31e+00
1.38e+00
1.45e+00
1.52e+00
1.59e+00
1.66e+00
1.73e+00
1.81e+00
1.88e+00
1.96e+00
2.04e+00
2.12e+00
2.20e+00
2.28e+00
2.37e+00
2.45e+00
