2.91e+00
2.91e+00
2.91e+00
2.91e+00
2.91e+00
2.91e+00
2.90e+00
2.90e+00
2.90e+00
2.89e+00
2.89e+00
2.88e+00
2.88e+00
2.87e+00
2.87e+00
2.87e+00
2.86e+00
2.86e+00
2.85e+00
2.85e+00
2.84e+00
2.84e+00
2.83e+00
2.83e+00
2.82e+00
2.81e+00
2.81e+00
2.80e+00
2.80e+00
2.79e+00
2.78e+00
2.78e+00
2.77e+00
2.76e+00
2.76e+00
2.75e+00
2.74e+00
2.73e+00
2.73e+00
2.72e+00
2.71e+00
2.70e+00
2.69e+00
2.68e+00
2.67e+00
2.66e+00
2.65e+00
2.64e+00
2.63e+00
2.62e+00
2.61e+00
2.60e+00
2.59e+00
2.58e+00
2.56e+00
2.55e+00
2.54e+00
2.53e+00
2.51e+00
2.50e+00
2.48e+00
2.47e+00
2.45e+00
2.44e+00
2.42e+00
2.41e+00
2.39e+00
2.37e+00
2.36e+00
2.34e+00
2.33e+00
2.31e+00
2.29e+00
2.28e+00
2.26e+00
2.25e+00
2.23e+00
2.22e+00
2.21e+00
2.19e+00
2.18e+00
2.17e+00
2.16e+00
2.15e+00
2.14e+00
2.14e+00
2.13e+00
2.12e+00
2.12e+00
2.11e+00
