3.04e+00
3.04e+00
3.04e+00
3.04e+00
3.04e+00
3.05e+00
3.06e+00
3.08e+00
3.10e+00
3.12e+00
3.15e+00
3.18e+00
3.22e+00
3.26e+00
3.30e+00
3.35e+00
3.40e+00
3.45e+00
3.51e+00
3.57e+00
3.62e+00
3.68e+00
3.74e+00
3.80e+00
3.87e+00
3.93e+00
3.98e+00
4.04e+00
4.10e+00
4.16e+00
4.21e+00
4.27e+00
4.32e+00
4.37e+00
4.42e+00
4.46e+00
4.51e+00
4.55e+00
4.59e+00
4.63e+00
4.67e+00
4.70e+00
4.73e+00
4.76e+00
4.79e+00
4.81e+00
4.83e+00
4.85e+00
4.87e+00
4.88e+00
4.89e+00
4.90e+00
4.91e+00
4.91e+00
4.91e+00
4.91e+00
4.91e+00
4.90e+00
4.90e+00
4.89e+00
4.88e+00
4.87e+00
4.85e+00
4.84e+00
4.82e+00
4.80e+00
4.78e+00
4.75e+00
4.73e+00
4.70e+00
4.67e+00
4.63e+00
4.60e+00
4.56e+00
4.51e+00
4.47e+00
4.42e+00
4.37e+00
4.31e+00
4.26e+00
4.19e+00
4.13e+00
4.05e+00
3.98e+00
3.90e+00
3.81e+00
3.72e+00
3.62e+00
3.51e+00
3.40e+00
3.27e+00
3.15e+00
3.01e+00
2.88e+00
2.74e+00
2.60e+00
2.46e+00
2.32e+00
2.19e+00
2.07e+00
1.95e+00
1.83e+00
1.71e+00
1.60e+00
1.49e+00
1.38e+00
1.28e+00
1.17e+00
1.07e+00
9.74e-01
8.78e-01
7.83e-01
6.90e-01
6.00e-01
5.12e-01
4.28e-01
3.46e-01
2.67e-01
1.92e-01
1.22e-01
5.45e-02
-8.39e-03
-6.73e-02
-1.22e-01
-1.74e-01
-2.21e-01
-2.66e-01
-3.07e-01
-3.45e-01
-3.81e-01
-4.14e-01
-4.45e-01
-4.74e-01
-5.01e-01
-5.27e-01
-5.51e-01
-5.74e-01
-5.96e-01
-6.16e-01
-6.36e-01
-6.55e-01
-6.73e-01
-6.91e-01
-7.08e-01
-7.24e-01
-7.41e-01
-7.57e-01
-7.73e-01
-7.88e-01
-8.04e-01
-8.20e-01
-8.36e-01
-8.51e-01
-8.68e-01
-8.84e-01
-9.01e-01
-9.18e-01
-9.36e-01
-9.54e-01
-9.73e-01
-9.92e-01
-1.01e+00
-1.03e+00
-1.06e+00
-1.08e+00
-1.10e+00
-1.13e+00
-1.15e+00
-1.18e+00
-1.21e+00
-1.24e+00
-1.27e+00
-1.30e+00
-1.34e+00
-1.37e+00
-1.41e+00
-1.45e+00
-1.49e+00
-1.53e+00
-1.58e+00
-1.63e+00
-1.68e+00
-1.73e+00
-1.79e+00
-1.85e+00
-1.91e+00
-1.98e+00
-2.05e+00
-2.12e+00
-2.20e+00
-2.28e+00
-2.37e+00
-2.46e+00
-2.56e+00
