3.20e+00
3.20e+00
3.20e+00
3.19e+00
3.18e+00
3.18e+00
3.17e+00
3.15e+00
3.13e+00
3.11e+00
3.09e+00
3.06e+00
3.03e+00
2.99e+00
2.95e+00
2.91e+00
2.86e+00
2.82e+00
2.77e+00
2.71e+00
2.66e+00
2.61e+00
2.55e+00
2.49e+00
2.44e+00
2.38e+00
2.33e+00
2.27e+00
2.22e+00
2.16e+00
2.11e+00
2.06e+00
2.01e+00
1.97e+00
1.92e+00
1.87e+00
1.83e+00
1.79e+00
1.75e+00
1.72e+00
1.68e+00
1.65e+00
1.62e+00
1.59e+00
1.57e+00
1.55e+00
1.53e+00
1.51e+00
1.49e+00
1.48e+00
1.47e+00
1.46e+00
1.46e+00
1.45e+00
1.45e+00
1.45e+00
1.45e+00
1.46e+00
1.47e+00
1.47e+00
1.49e+00
1.50e+00
1.51e+00
1.53e+00
1.55e+00
1.58e+00
1.60e+00
1.63e+00
1.66e+00
1.69e+00
1.73e+00
1.76e+00
1.80e+00
1.85e+00
1.90e+00
1.95e+00
2.00e+00
2.06e+00
2.12e+00
2.19e+00
2.26e+00
2.33e+00
2.42e+00
2.50e+00
2.60e+00
2.70e+00
2.80e+00
2.92e+00
3.04e+00
3.16e+00
3.30e+00
3.43e+00
3.57e+00
3.71e+00
3.84e+00
3.97e+00
4.10e+00
4.22e+00
4.34e+00
4.46e+00
4.57e+00
4.69e+00
4.79e+00
4.90e+00
5.00e+00
5.10e+00
5.20e+00
5.30e+00
5.39e+00
5.48e+00
5.57e+00
5.66e+00
5.75e+00
5.83e+00
5.91e+00
5.98e+00
6.06e+00
6.13e+00
6.19e+00
6.25e+00
6.31e+00
6.36e+00
6.41e+00
6.45e+00
6.49e+00
6.53e+00
6.57e+00
6.60e+00
6.63e+00
6.66e+00
6.68e+00
6.71e+00
6.73e+00
6.75e+00
6.77e+00
6.78e+00
6.80e+00
6.81e+00
6.82e+00
6.83e+00
6.84e+00
6.85e+00
6.86e+00
6.87e+00
6.87e+00
6.88e+00
6.88e+00
6.89e+00
6.89e+00
6.89e+00
6.89e+00
6.90e+00
6.90e+00
6.90e+00
6.90e+00
6.90e+00
6.91e+00
6.91e+00
6.91e+00
6.92e+00
6.92e+00
6.92e+00
6.93e+00
6.94e+00
6.94e+00
6.95e+00
6.96e+00
6.97e+00
6.98e+00
6.99e+00
7.00e+00
