3.22e+00
3.23e+00
3.23e+00
3.24e+00
3.24e+00
3.25e+00
3.27e+00
3.28e+00
3.30e+00
3.32e+00
3.35e+00
3.37e+00
3.41e+00
3.44e+00
3.48e+00
3.51e+00
3.55e+00
3.60e+00
3.64e+00
3.69e+00
3.73e+00
3.78e+00
3.83e+00
3.87e+00
3.92e+00
3.97e+00
4.01e+00
4.06e+00
4.10e+00
4.15e+00
4.19e+00
4.23e+00
4.27e+00
4.31e+00
4.35e+00
4.38e+00
4.42e+00
4.45e+00
4.48e+00
4.51e+00
4.54e+00
4.56e+00
4.58e+00
4.60e+00
4.62e+00
4.64e+00
4.65e+00
4.66e+00
4.67e+00
4.68e+00
4.68e+00
4.68e+00
4.68e+00
4.68e+00
4.67e+00
4.66e+00
4.65e+00
4.64e+00
4.62e+00
4.60e+00
4.58e+00
4.55e+00
4.53e+00
4.50e+00
4.46e+00
4.43e+00
4.39e+00
4.34e+00
4.30e+00
4.25e+00
4.19e+00
4.13e+00
4.07e+00
4.00e+00
3.93e+00
3.85e+00
3.77e+00
3.68e+00
3.59e+00
3.48e+00
3.37e+00
3.26e+00
3.13e+00
3.01e+00
2.87e+00
2.74e+00
2.61e+00
2.47e+00
2.34e+00
2.22e+00
2.10e+00
1.98e+00
1.86e+00
1.75e+00
1.64e+00
1.54e+00
1.43e+00
1.33e+00
1.23e+00
1.14e+00
1.04e+00
9.49e-01
8.59e-01
7.71e-01
6.86e-01
6.03e-01
5.23e-01
4.46e-01
3.72e-01
3.02e-01
2.36e-01
1.74e-01
1.16e-01
6.22e-02
1.25e-02
-3.33e-02
-7.50e-02
-1.13e-01
-1.47e-01
-1.78e-01
-2.06e-01
-2.30e-01
-2.51e-01
-2.70e-01
-2.86e-01
-2.99e-01
-3.10e-01
-3.18e-01
-3.26e-01
-3.34e-01
-3.42e-01
-3.50e-01
-3.59e-01
-3.67e-01
-3.77e-01
-3.86e-01
-3.96e-01
-4.06e-01
-4.17e-01
-4.27e-01
-4.39e-01
-4.50e-01
-4.62e-01
-4.74e-01
-4.87e-01
-5.00e-01
-5.13e-01
-5.27e-01
-5.41e-01
-5.55e-01
-5.70e-01
-5.85e-01
-6.01e-01
-6.16e-01
-6.33e-01
-6.49e-01
-6.66e-01
-6.83e-01
-7.01e-01
-7.19e-01
-7.38e-01
-7.57e-01
-7.76e-01
-7.96e-01
-8.16e-01
-8.37e-01
-8.58e-01
-8.79e-01
-9.01e-01
-9.24e-01
-9.46e-01
-9.70e-01
-9.94e-01
-1.02e+00
-1.04e+00
-1.07e+00
-1.10e+00
-1.13e+00
-1.16e+00
-1.19e+00
-1.22e+00
-1.25e+00
-1.29e+00
-1.32e+00
-1.36e+00
-1.40e+00
-1.44e+00
-1.48e+00
-1.53e+00
-1.58e+00
-1.63e+00
-1.68e+00
-1.73e+00
