3.59e-01
3.57e-01
3.56e-01
3.55e-01
3.53e-01
3.52e-01
3.51e-01
3.49e-01
3.48e-01
3.46e-01
3.44e-01
3.43e-01
3.41e-01
3.39e-01
3.37e-01
3.34e-01
3.32e-01
3.30e-01
3.27e-01
3.24e-01
3.22e-01
3.19e-01
3.16e-01
3.13e-01
3.10e-01
3.07e-01
3.04e-01
3.01e-01
2.97e-01
2.94e-01
2.91e-01
2.87e-01
2.84e-01
2.80e-01
2.77e-01
2.73e-01
2.70e-01
2.66e-01
2.62e-01
2.58e-01
2.55e-01
2.51e-01
2.47e-01
2.43e-01
2.39e-01
2.36e-01
2.32e-01
2.28e-01
2.24e-01
2.20e-01
2.16e-01
2.12e-01
2.08e-01
2.04e-01
2.00e-01
1.97e-01
1.93e-01
1.89e-01
1.85e-01
1.81e-01
1.77e-01
1.74e-01
1.70e-01
1.66e-01
1.62e-01
1.59e-01
1.55e-01
1.51e-01
1.48e-01
1.44e-01
1.41e-01
1.37e-01
1.34e-01
1.30e-01
1.27e-01
1.24e-01
1.20e-01
1.17e-01
1.14e-01
1.11e-01
1.08e-01
1.05e-01
1.02e-01
9.92e-02
9.63e-02
9.36e-02
9.09e-02
8.82e-02
8.57e-02
8.32e-02
8.07e-02
7.84e-02
7.61e-02
7.39e-02
7.17e-02
6.96e-02
6.76e-02
6.57e-02
6.38e-02
6.20e-02
6.03e-02
5.87e-02
5.72e-02
5.57e-02
5.44e-02
5.31e-02
5.19e-02
5.07e-02
4.97e-02
4.88e-02
4.79e-02
4.71e-02
4.65e-02
4.59e-02
4.54e-02
4.50e-02
4.47e-02
4.44e-02
4.43e-02
4.43e-02
4.44e-02
4.46e-02
4.48e-02
4.52e-02
4.57e-02
4.63e-02
4.69e-02
4.77e-02
4.86e-02
4.96e-02
5.07e-02
5.19e-02
5.32e-02
5.46e-02
5.62e-02
5.78e-02
5.96e-02
6.15e-02
6.34e-02
6.55e-02
6.78e-02
7.01e-02
7.26e-02
7.51e-02
7.78e-02
8.06e-02
8.36e-02
8.67e-02
8.98e-02
9.32e-02
9.66e-02
1.00e-01
1.04e-01
1.08e-01
1.12e-01
1.16e-01
1.20e-01
1.24e-01
1.29e-01
1.34e-01
1.39e-01
1.43e-01
1.49e-01
1.54e-01
1.59e-01
1.65e-01
1.71e-01
1.76e-01
1.82e-01
1.89e-01
1.95e-01
2.02e-01
2.08e-01
2.15e-01
2.22e-01
2.29e-01
2.37e-01
2.44e-01
2.52e-01
2.60e-01
2.68e-01
2.77e-01
2.85e-01
2.94e-01
3.03e-01
3.12e-01
3.22e-01
3.31e-01
3.41e-01
3.51e-01
3.61e-01
3.72e-01
3.83e-01
3.94e-01
4.05e-01
4.16e-01
4.28e-01
4.40e-01
4.52e-01
4.65e-01
4.78e-01
4.91e-01
5.04e-01
5.18e-01
5.32e-01
5.46e-01
5.61e-01
5.76e-01
5.91e-01
6.07e-01
6.22e-01
6.39e-01
6.55e-01
6.72e-01
6.90e-01
7.08e-01
7.26e-01
7.44e-01
7.63e-01
7.83e-01
8.02e-01
8.23e-01
8.43e-01
8.64e-01
8.86e-01
9.08e-01
9.31e-01
9.54e-01
9.77e-01
1.00e+00
1.03e+00
1.05e+00
1.08e+00
1.10e+00
1.13e+00
1.16e+00
1.19e+00
1.21e+00
1.24e+00
1.27e+00
1.31e+00
1.34e+00
1.37e+00
1.40e+00
1.44e+00
1.47e+00
1.51e+00
1.54e+00
1.58e+00
1.62e+00
1.66e+00
1.70e+00
1.74e+00
1.78e+00
1.82e+00
1.87e+00
1.91e+00
1.96e+00
2.00e+00
2.05e+00
2.10e+00
2.15e+00
2.20e+00
2.25e+00
2.30e+00
2.35e+00
2.41e+00
