-2.23e-01
-2.23e-01
-2.22e-01
-2.21e-01
-2.19e-01
-2.17e-01
-2.14e-01
-2.09e-01
-2.04e-01
-1.97e-01
-1.88e-01
-1.77e-01
-1.66e-01
-1.52e-01
-1.37e-01
-1.21e-01
-1.03e-01
-8.44e-02
-6.43e-02
-4.30e-02
-2.07e-02
2.55e-03
2.67e-02
5.16e-02
7.73e-02
1.04e-01
1.31e-01
1.58e-01
1.86e-01
2.15e-01
2.44e-01
2.74e-01
3.04e-01
3.35e-01
3.66e-01
3.98e-01
4.31e-01
4.64e-01
4.97e-01
5.32e-01
5.66e-01
6.01e-01
6.36e-01
6.71e-01
7.06e-01
7.41e-01
7.76e-01
8.10e-01
8.43e-01
8.76e-01
9.07e-01
9.38e-01
9.68e-01
9.97e-01
1.02e+00
1.05e+00
1.08e+00
1.10e+00
1.13e+00
1.15e+00
1.17e+00
1.19e+00
1.21e+00
1.23e+00
1.25e+00
1.26e+00
1.28e+00
1.29e+00
1.31e+00
1.32e+00
1.33e+00
1.34e+00
1.35e+00
1.36e+00
1.36e+00
1.37e+00
1.37e+00
1.37e+00
1.37e+00
1.37e+00
1.36e+00
1.36e+00
1.35e+00
1.34e+00
1.32e+00
1.31e+00
1.29e+00
1.27e+00
1.24e+00
1.22e+00
1.19e+00
1.16e+00
1.13e+00
1.10e+00
1.07e+00
1.04e+00
1.01e+00
9.83e-01
9.58e-01
9.33e-01
9.10e-01
8.88e-01
8.67e-01
8.46e-01
8.26e-01
8.07e-01
7.87e-01
7.69e-01
7.50e-01
7.31e-01
7.12e-01
6.93e-01
6.73e-01
6.53e-01
6.31e-01
6.09e-01
5.85e-01
5.60e-01
5.34e-01
5.07e-01
4.77e-01
4.47e-01
4.14e-01
3.80e-01
3.45e-01
3.08e-01
2.70e-01
2.30e-01
1.89e-01
1.46e-01
1.03e-01
5.76e-02
1.12e-02
-3.63e-02
-8.51e-02
-1.35e-01
-1.86e-01
-2.38e-01
-2.92e-01
-3.46e-01
-4.02e-01
-4.58e-01
-5.16e-01
-5.75e-01
-6.35e-01
-6.96e-01
-7.57e-01
-8.20e-01
-8.84e-01
-9.49e-01
-1.02e+00
-1.08e+00
-1.15e+00
-1.22e+00
-1.29e+00
-1.35e+00
-1.42e+00
-1.49e+00
-1.57e+00
-1.64e+00
-1.71e+00
-1.78e+00
-1.85e+00
-1.93e+00
-2.00e+00
-2.07e+00
-2.15e+00
-2.22e+00
-2.30e+00
-2.37e+00
-2.45e+00
