-1.12e-01
-1.10e-01
-1.07e-01
-1.05e-01
-1.02e-01
-1.00e-01
-9.77e-02
-9.56e-02
-9.35e-02
-9.15e-02
-8.97e-02
-8.79e-02
-8.62e-02
-8.47e-02
-8.32e-02
-8.18e-02
-8.06e-02
-7.95e-02
-7.84e-02
-7.75e-02
-7.67e-02
-7.60e-02
-7.54e-02
-7.49e-02
-7.45e-02
-7.43e-02
-7.41e-02
-7.41e-02
-7.41e-02
-7.43e-02
-7.46e-02
-7.50e-02
-7.55e-02
-7.61e-02
-7.69e-02
-7.77e-02
-7.87e-02
-7.98e-02
-8.09e-02
-8.22e-02
-8.36e-02
-8.51e-02
-8.68e-02
-8.85e-02
-9.04e-02
-9.23e-02
-9.44e-02
-9.66e-02
-9.89e-02
-1.01e-01
-1.04e-01
-1.06e-01
-1.09e-01
-1.12e-01
-1.15e-01
-1.18e-01
-1.21e-01
-1.25e-01
-1.28e-01
-1.32e-01
-1.35e-01
-1.39e-01
-1.43e-01
-1.47e-01
-1.51e-01
-1.55e-01
-1.60e-01
-1.64e-01
-1.69e-01
-1.73e-01
-1.78e-01
-1.83e-01
-1.88e-01
-1.93e-01
-1.99e-01
-2.04e-01
-2.10e-01
-2.15e-01
-2.21e-01
-2.27e-01
-2.33e-01
-2.39e-01
-2.46e-01
-2.52e-01
-2.59e-01
-2.66e-01
-2.72e-01
-2.79e-01
-2.86e-01
-2.94e-01
-3.01e-01
-3.09e-01
-3.16e-01
-3.24e-01
-3.32e-01
-3.40e-01
-3.49e-01
-3.57e-01
-3.66e-01
-3.74e-01
-3.83e-01
-3.92e-01
-4.01e-01
-4.11e-01
-4.20e-01
-4.30e-01
-4.40e-01
-4.50e-01
-4.60e-01
-4.71e-01
-4.81e-01
-4.92e-01
-5.03e-01
-5.14e-01
-5.25e-01
-5.37e-01
-5.49e-01
-5.61e-01
-5.73e-01
-5.85e-01
-5.98e-01
-6.10e-01
-6.23e-01
-6.37e-01
-6.50e-01
-6.64e-01
-6.78e-01
-6.92e-01
-7.06e-01
-7.21e-01
-7.36e-01
-7.51e-01
-7.66e-01
-7.82e-01
-7.98e-01
-8.14e-01
-8.30e-01
-8.47e-01
-8.64e-01
-8.82e-01
-8.99e-01
-9.17e-01
-9.35e-01
-9.54e-01
-9.73e-01
-9.92e-01
-1.01e+00
-1.03e+00
-1.05e+00
-1.07e+00
-1.09e+00
-1.11e+00
-1.14e+00
-1.16e+00
-1.18e+00
-1.20e+00
-1.23e+00
-1.25e+00
-1.27e+00
-1.30e+00
-1.32e+00
-1.35e+00
-1.38e+00
-1.40e+00
-1.43e+00
-1.46e+00
-1.48e+00
-1.51e+00
-1.54e+00
-1.57e+00
-1.60e+00
-1.63e+00
-1.66e+00
-1.69e+00
-1.72e+00
-1.76e+00
-1.79e+00
-1.82e+00
-1.86e+00
-1.89e+00
-1.93e+00
-1.96e+00
-2.00e+00
-2.04e+00
-2.08e+00
-2.12e+00
-2.16e+00
-2.20e+00
-2.24e+00
-2.28e+00
-2.32e+00
-2.36e+00
-2.41e+00
