3.35e+00
3.35e+00
3.34e+00
3.34e+00
3.35e+00
3.35e+00
3.35e+00
3.35e+00
3.36e+00
3.36e+00
3.36e+00
3.36e+00
3.37e+00
3.37e+00
3.37e+00
3.38e+00
3.38e+00
3.38e+00
3.38e+00
3.39e+00
3.39e+00
3.39e+00
3.40e+00
3.40e+00
3.40e+00
3.40e+00
3.41e+00
3.41e+00
3.41e+00
3.42e+00
3.42e+00
3.42e+00
3.43e+00
3.43e+00
3.43e+00
3.44e+00
3.44e+00
3.45e+00
3.45e+00
3.45e+00
3.46e+00
3.46e+00
3.47e+00
3.47e+00
3.47e+00
3.48e+00
3.48e+00
3.49e+00
3.49e+00
3.50e+00
3.50e+00
3.51e+00
3.51e+00
3.52e+00
3.52e+00
3.53e+00
3.53e+00
3.54e+00
3.54e+00
3.55e+00
3.56e+00
3.56e+00
3.57e+00
3.58e+00
3.58e+00
3.59e+00
3.60e+00
3.60e+00
3.61e+00
3.62e+00
3.63e+00
3.64e+00
3.64e+00
3.65e+00
3.66e+00
3.67e+00
3.68e+00
3.69e+00
3.70e+00
3.71e+00
3.72e+00
3.73e+00
3.74e+00
3.75e+00
3.76e+00
3.77e+00
3.78e+00
3.79e+00
3.80e+00
3.81e+00
3.83e+00
3.84e+00
3.85e+00
3.86e+00
3.88e+00
3.89e+00
3.90e+00
3.92e+00
3.93e+00
3.94e+00
3.96e+00
3.97e+00
3.98e+00
3.99e+00
4.01e+00
4.02e+00
4.03e+00
4.04e+00
4.05e+00
4.06e+00
4.07e+00
4.08e+00
