3.21e+00
3.21e+00
3.22e+00
3.22e+00
3.23e+00
3.23e+00
3.24e+00
3.25e+00
3.27e+00
3.29e+00
3.31e+00
3.33e+00
3.36e+00
3.39e+00
3.42e+00
3.46e+00
3.50e+00
3.54e+00
3.58e+00
3.63e+00
3.67e+00
3.72e+00
3.76e+00
3.81e+00
3.86e+00
3.91e+00
3.95e+00
4.00e+00
4.05e+00
4.09e+00
4.14e+00
4.18e+00
4.22e+00
4.26e+00
4.30e+00
4.34e+00
4.38e+00
4.41e+00
4.44e+00
4.48e+00
4.51e+00
4.53e+00
4.56e+00
4.58e+00
4.60e+00
4.62e+00
4.64e+00
4.65e+00
4.67e+00
4.67e+00
4.68e+00
4.69e+00
4.69e+00
4.69e+00
4.68e+00
4.68e+00
4.67e+00
4.66e+00
4.65e+00
4.63e+00
4.61e+00
4.59e+00
4.57e+00
4.54e+00
4.51e+00
4.48e+00
4.45e+00
4.41e+00
4.36e+00
4.32e+00
4.27e+00
4.22e+00
4.16e+00
4.10e+00
4.04e+00
3.97e+00
3.89e+00
3.81e+00
3.72e+00
3.63e+00
3.53e+00
3.42e+00
3.31e+00
3.19e+00
3.06e+00
2.93e+00
2.80e+00
2.67e+00
2.53e+00
2.40e+00
2.27e+00
2.15e+00
2.03e+00
1.91e+00
1.80e+00
1.69e+00
1.58e+00
1.48e+00
1.37e+00
1.27e+00
1.18e+00
1.08e+00
9.86e-01
8.95e-01
8.05e-01
7.19e-01
6.34e-01
5.53e-01
4.74e-01
3.99e-01
3.27e-01
2.59e-01
1.95e-01
1.35e-01
7.91e-02
2.73e-02
-2.04e-02
-6.41e-02
-1.04e-01
-1.40e-01
-1.73e-01
-2.02e-01
-2.28e-01
-2.51e-01
-2.71e-01
-2.88e-01
-3.03e-01
-3.15e-01
-3.25e-01
-3.34e-01
-3.42e-01
-3.50e-01
-3.57e-01
-3.65e-01
-3.73e-01
-3.81e-01
-3.90e-01
-3.98e-01
-4.08e-01
-4.17e-01
-4.27e-01
-4.37e-01
-4.47e-01
-4.58e-01
-4.69e-01
-4.81e-01
-4.93e-01
-5.05e-01
-5.18e-01
-5.31e-01
-5.45e-01
-5.58e-01
-5.73e-01
-5.87e-01
-6.02e-01
-6.18e-01
-6.34e-01
-6.50e-01
-6.67e-01
-6.84e-01
-7.01e-01
-7.19e-01
-7.37e-01
-7.56e-01
-7.76e-01
-7.95e-01
-8.16e-01
-8.36e-01
-8.58e-01
-8.79e-01
-9.02e-01
-9.24e-01
-9.48e-01
-9.72e-01
-9.96e-01
-1.02e+00
-1.05e+00
-1.07e+00
-1.10e+00
-1.13e+00
-1.16e+00
-1.19e+00
-1.22e+00
-1.26e+00
-1.29e+00
-1.33e+00
-1.37e+00
-1.41e+00
-1.45e+00
-1.49e+00
-1.54e+00
-1.59e+00
-1.64e+00
-1.69e+00
-1.75e+00
-1.80e+00
-1.87e+00
-1.93e+00
-2.00e+00
