2.25e-01
2.26e-01
2.29e-01
2.32e-01
2.37e-01
2.42e-01
2.47e-01
2.53e-01
2.59e-01
2.65e-01
2.71e-01
2.78e-01
2.85e-01
2.92e-01
3.00e-01
3.07e-01
3.16e-01
3.24e-01
3.33e-01
3.42e-01
3.52e-01
3.62e-01
3.72e-01
3.82e-01
3.93e-01
4.05e-01
4.16e-01
4.28e-01
4.41e-01
4.54e-01
4.67e-01
4.81e-01
4.95e-01
5.10e-01
5.25e-01
5.41e-01
5.57e-01
5.73e-01
5.91e-01
6.08e-01
6.26e-01
6.45e-01
6.64e-01
6.84e-01
7.05e-01
7.26e-01
7.47e-01
7.69e-01
7.92e-01
8.16e-01
8.40e-01
8.65e-01
8.91e-01
9.17e-01
9.44e-01
9.72e-01
1.00e+00
1.03e+00
1.06e+00
1.09e+00
1.12e+00
1.16e+00
1.19e+00
1.23e+00
1.26e+00
1.30e+00
1.34e+00
1.38e+00
1.42e+00
1.46e+00
1.50e+00
1.54e+00
1.58e+00
1.63e+00
1.67e+00
1.72e+00
1.77e+00
1.82e+00
1.86e+00
1.91e+00
1.96e+00
2.02e+00
2.07e+00
2.12e+00
2.17e+00
2.23e+00
2.29e+00
2.34e+00
2.40e+00
2.46e+00
