-2.70e-01
-2.69e-01
-2.69e-01
-2.68e-01
-2.69e-01
-2.70e-01
-2.72e-01
-2.76e-01
-2.81e-01
-2.88e-01
-2.97e-01
-3.06e-01
-3.18e-01
-3.30e-01
-3.44e-01
-3.59e-01
-3.75e-01
-3.92e-01
-4.11e-01
-4.30e-01
-4.51e-01
-4.72e-01
-4.94e-01
-5.17e-01
-5.41e-01
-5.66e-01
-5.91e-01
-6.16e-01
-6.43e-01
-6.70e-01
-6.98e-01
-7.26e-01
-7.55e-01
-7.85e-01
-8.15e-01
-8.46e-01
-8.78e-01
-9.11e-01
-9.44e-01
-9.78e-01
-1.01e+00
-1.05e+00
-1.08e+00
-1.12e+00
-1.16e+00
-1.20e+00
-1.24e+00
-1.28e+00
-1.32e+00
-1.35e+00
-1.39e+00
-1.43e+00
-1.46e+00
-1.50e+00
-1.53e+00
-1.56e+00
-1.59e+00
-1.62e+00
-1.65e+00
-1.68e+00
-1.71e+00
-1.73e+00
-1.76e+00
-1.78e+00
-1.80e+00
-1.82e+00
-1.84e+00
-1.86e+00
-1.88e+00
-1.89e+00
-1.90e+00
-1.91e+00
-1.92e+00
-1.93e+00
-1.94e+00
-1.94e+00
-1.94e+00
-1.94e+00
-1.94e+00
-1.93e+00
-1.93e+00
-1.91e+00
-1.90e+00
-1.89e+00
-1.87e+00
-1.85e+00
-1.83e+00
-1.81e+00
-1.80e+00
-1.78e+00
-1.77e+00
-1.75e+00
-1.74e+00
-1.73e+00
-1.72e+00
-1.71e+00
-1.70e+00
-1.69e+00
-1.68e+00
-1.67e+00
-1.66e+00
-1.66e+00
-1.65e+00
-1.64e+00
-1.63e+00
-1.62e+00
-1.61e+00
-1.60e+00
-1.59e+00
-1.58e+00
-1.57e+00
-1.55e+00
-1.54e+00
-1.52e+00
-1.50e+00
-1.48e+00
-1.45e+00
-1.43e+00
-1.40e+00
-1.38e+00
-1.35e+00
-1.32e+00
-1.29e+00
-1.25e+00
-1.22e+00
-1.18e+00
-1.15e+00
-1.11e+00
-1.07e+00
-1.03e+00
-9.91e-01
-9.51e-01
-9.11e-01
-8.71e-01
-8.31e-01
-7.90e-01
-7.49e-01
-7.08e-01
-6.67e-01
-6.25e-01
-5.83e-01
-5.41e-01
-4.99e-01
-4.56e-01
-4.13e-01
-3.69e-01
-3.25e-01
-2.81e-01
-2.36e-01
-1.91e-01
-1.46e-01
-1.00e-01
-5.36e-02
-6.80e-03
4.05e-02
8.84e-02
1.37e-01
1.86e-01
2.35e-01
2.85e-01
3.36e-01
3.87e-01
4.39e-01
4.92e-01
5.46e-01
6.00e-01
6.55e-01
7.11e-01
7.67e-01
8.25e-01
8.83e-01
9.43e-01
1.00e+00
1.06e+00
1.13e+00
1.19e+00
1.25e+00
1.32e+00
1.39e+00
1.45e+00
1.52e+00
1.59e+00
1.66e+00
1.73e+00
1.80e+00
1.88e+00
1.95e+00
2.03e+00
2.10e+00
2.18e+00
2.26e+00
2.34e+00
2.42e+00
