3.27e+00
3.27e+00
3.27e+00
3.27e+00
3.27e+00
3.26e+00
3.26e+00
3.26e+00
3.25e+00
3.25e+00
3.24e+00
3.24e+00
3.24e+00
3.23e+00
3.23e+00
3.23e+00
3.22e+00
3.22e+00
3.22e+00
3.21e+00
3.21e+00
3.21e+00
3.20e+00
3.20e+00
3.20e+00
3.19e+00
3.19e+00
3.19e+00
3.18e+00
3.18e+00
3.18e+00
3.18e+00
3.17e+00
3.17e+00
3.17e+00
3.16e+00
3.16e+00
3.16e+00
3.15e+00
3.15e+00
3.15e+00
3.15e+00
3.14e+00
3.14e+00
3.14e+00
3.14e+00
3.13e+00
3.13e+00
3.13e+00
3.13e+00
3.12e+00
3.12e+00
3.12e+00
3.12e+00
3.12e+00
3.11e+00
3.11e+00
3.11e+00
3.11e+00
3.10e+00
3.10e+00
3.10e+00
3.10e+00
3.10e+00
3.10e+00
3.09e+00
3.09e+00
3.09e+00
3.09e+00
3.09e+00
3.09e+00
3.08e+00
3.08e+00
3.08e+00
3.08e+00
3.08e+00
3.08e+00
3.08e+00
3.07e+00
3.07e+00
3.07e+00
3.07e+00
3.07e+00
3.07e+00
3.07e+00
3.07e+00
3.06e+00
3.06e+00
3.06e+00
3.06e+00
3.06e+00
3.06e+00
3.06e+00
3.06e+00
3.06e+00
3.06e+00
3.06e+00
3.05e+00
3.05e+00
3.05e+00
3.05e+00
3.05e+00
3.05e+00
3.05e+00
3.05e+00
3.05e+00
3.05e+00
3.05e+00
3.05e+00
3.05e+00
3.05e+00
3.05e+00
3.04e+00
3.04e+00
3.04e+00
3.04e+00
3.04e+00
3.04e+00
3.04e+00
3.04e+00
3.04e+00
3.04e+00
3.04e+00
3.04e+00
3.04e+00
3.04e+00
3.04e+00
3.04e+00
3.04e+00
3.04e+00
3.04e+00
3.03e+00
3.03e+00
3.03e+00
3.03e+00
3.03e+00
3.03e+00
3.03e+00
3.03e+00
3.03e+00
3.03e+00
3.03e+00
3.03e+00
3.03e+00
3.03e+00
3.03e+00
3.02e+00
3.02e+00
3.02e+00
3.02e+00
3.02e+00
3.02e+00
3.02e+00
3.02e+00
3.02e+00
3.02e+00
3.02e+00
3.01e+00
3.01e+00
3.01e+00
3.01e+00
3.01e+00
3.01e+00
3.01e+00
3.00e+00
3.00e+00
3.00e+00
3.00e+00
3.00e+00
3.00e+00
3.00e+00
2.99e+00
2.99e+00
2.99e+00
2.99e+00
2.99e+00
2.98e+00
2.98e+00
2.98e+00
2.98e+00
2.97e+00
2.97e+00
2.97e+00
2.97e+00
2.96e+00
2.96e+00
2.96e+00
2.95e+00
2.95e+00
2.95e+00
2.94e+00
2.94e+00
2.94e+00
2.93e+00
2.93e+00
2.93e+00
2.92e+00
2.92e+00
2.91e+00
2.91e+00
2.91e+00
2.90e+00
2.90e+00
2.89e+00
2.89e+00
2.88e+00
2.88e+00
2.87e+00
2.87e+00
2.86e+00
2.85e+00
2.85e+00
2.84e+00
2.84e+00
2.83e+00
2.82e+00
2.82e+00
2.81e+00
2.80e+00
2.79e+00
2.79e+00
2.78e+00
2.77e+00
2.76e+00
2.75e+00
2.75e+00
2.74e+00
2.73e+00
2.72e+00
2.71e+00
2.70e+00
2.69e+00
2.68e+00
2.67e+00
2.66e+00
2.65e+00
2.64e+00
2.63e+00
2.62e+00
2.60e+00
2.59e+00
2.58e+00
2.57e+00
2.55e+00
2.54e+00
2.53e+00
2.51e+00
2.50e+00
2.48e+00
2.47e+00
2.45e+00
2.44e+00
2.42e+00
2.41e+00
2.39e+00
2.38e+00
2.36e+00
2.34e+00
2.33e+00
2.31e+00
2.30e+00
2.28e+00
2.27e+00
2.25e+00
2.24e+00
2.22e+00
2.21e+00
