-2.35e-01
-2.30e-01
-2.28e-01
-2.26e-01
-2.26e-01
-2.26e-01
-2.26e-01
-2.26e-01
-2.26e-01
-2.27e-01
-2.28e-01
-2.29e-01
-2.31e-01
-2.32e-01
-2.34e-01
-2.36e-01
-2.39e-01
-2.41e-01
-2.44e-01
-2.47e-01
-2.50e-01
-2.54e-01
-2.58e-01
-2.62e-01
-2.66e-01
-2.71e-01
-2.76e-01
-2.81e-01
-2.87e-01
-2.93e-01
-2.99e-01
-3.05e-01
-3.12e-01
-3.19e-01
-3.26e-01
-3.34e-01
-3.42e-01
-3.50e-01
-3.59e-01
-3.68e-01
-3.77e-01
-3.86e-01
-3.97e-01
-4.07e-01
-4.18e-01
-4.29e-01
-4.40e-01
-4.52e-01
-4.64e-01
-4.77e-01
-4.90e-01
-5.04e-01
-5.18e-01
-5.32e-01
-5.47e-01
-5.62e-01
-5.78e-01
-5.94e-01
-6.10e-01
-6.27e-01
-6.45e-01
-6.63e-01
-6.81e-01
-7.00e-01
-7.20e-01
-7.40e-01
-7.61e-01
-7.82e-01
-8.04e-01
-8.26e-01
-8.49e-01
-8.72e-01
-8.96e-01
-9.21e-01
-9.46e-01
-9.72e-01
-9.99e-01
-1.03e+00
-1.05e+00
-1.08e+00
-1.11e+00
-1.14e+00
-1.17e+00
-1.20e+00
-1.24e+00
-1.27e+00
-1.30e+00
-1.34e+00
-1.37e+00
-1.41e+00
-1.45e+00
-1.49e+00
-1.52e+00
-1.56e+00
-1.61e+00
-1.65e+00
-1.69e+00
-1.73e+00
-1.78e+00
-1.83e+00
-1.87e+00
-1.92e+00
-1.97e+00
-2.02e+00
-2.07e+00
-2.12e+00
-2.17e+00
-2.22e+00
-2.28e+00
-2.33e+00
-2.39e+00
-2.45e+00
