1.74e-01
1.75e-01
1.75e-01
1.75e-01
1.74e-01
1.72e-01
1.67e-01
1.61e-01
1.54e-01
1.45e-01
1.34e-01
1.21e-01
1.07e-01
9.17e-02
7.47e-02
5.62e-02
3.63e-02
1.52e-02
-7.18e-03
-3.06e-02
-5.51e-02
-8.05e-02
-1.07e-01
-1.34e-01
-1.61e-01
-1.89e-01
-2.18e-01
-2.47e-01
-2.77e-01
-3.07e-01
-3.38e-01
-3.69e-01
-4.00e-01
-4.33e-01
-4.65e-01
-4.98e-01
-5.32e-01
-5.66e-01
-6.01e-01
-6.37e-01
-6.73e-01
-7.10e-01
-7.48e-01
-7.87e-01
-8.26e-01
-8.66e-01
-9.08e-01
-9.50e-01
-9.93e-01
-1.04e+00
-1.08e+00
-1.13e+00
-1.17e+00
-1.22e+00
-1.26e+00
-1.30e+00
-1.35e+00
-1.39e+00
-1.43e+00
-1.46e+00
-1.50e+00
-1.54e+00
-1.57e+00
-1.61e+00
-1.64e+00
-1.68e+00
-1.71e+00
-1.74e+00
-1.77e+00
-1.79e+00
-1.82e+00
-1.85e+00
-1.87e+00
-1.90e+00
-1.92e+00
-1.94e+00
-1.96e+00
-1.98e+00
-1.99e+00
-2.01e+00
-2.02e+00
-2.03e+00
-2.04e+00
-2.05e+00
-2.05e+00
-2.06e+00
-2.06e+00
-2.05e+00
-2.05e+00
-2.04e+00
-2.03e+00
-2.02e+00
-2.00e+00
-1.99e+00
-1.97e+00
-1.95e+00
-1.93e+00
-1.92e+00
-1.90e+00
-1.89e+00
-1.87e+00
-1.86e+00
-1.85e+00
-1.84e+00
-1.83e+00
-1.83e+00
-1.82e+00
-1.81e+00
-1.81e+00
-1.80e+00
-1.80e+00
-1.79e+00
-1.79e+00
-1.78e+00
-1.77e+00
-1.77e+00
-1.76e+00
-1.75e+00
-1.74e+00
-1.73e+00
-1.72e+00
-1.70e+00
-1.69e+00
-1.67e+00
-1.65e+00
-1.63e+00
-1.61e+00
-1.58e+00
-1.56e+00
-1.53e+00
-1.50e+00
-1.47e+00
-1.44e+00
-1.41e+00
-1.38e+00
-1.34e+00
-1.31e+00
-1.27e+00
-1.23e+00
-1.19e+00
-1.15e+00
-1.11e+00
-1.07e+00
-1.03e+00
-9.83e-01
-9.38e-01
-8.92e-01
-8.44e-01
-7.96e-01
-7.47e-01
-6.97e-01
-6.46e-01
-5.93e-01
-5.40e-01
-4.86e-01
-4.31e-01
-3.75e-01
-3.19e-01
-2.61e-01
-2.02e-01
-1.42e-01
-8.18e-02
-2.03e-02
4.21e-02
1.05e-01
1.70e-01
2.35e-01
3.01e-01
3.68e-01
4.36e-01
5.05e-01
5.75e-01
6.46e-01
7.18e-01
7.91e-01
8.65e-01
9.41e-01
1.02e+00
1.09e+00
1.17e+00
1.25e+00
1.33e+00
1.42e+00
1.50e+00
1.59e+00
1.67e+00
1.76e+00
1.85e+00
1.94e+00
2.04e+00
2.13e+00
2.23e+00
2.33e+00
2.43e+00
