-7.88e-02
-8.24e-02
-8.75e-02
-9.38e-02
-1.02e-01
-1.11e-01
-1.21e-01
-1.33e-01
-1.46e-01
-1.60e-01
-1.76e-01
-1.92e-01
-2.10e-01
-2.29e-01
-2.50e-01
-2.71e-01
-2.93e-01
-3.17e-01
-3.41e-01
-3.67e-01
-3.93e-01
-4.20e-01
-4.48e-01
-4.77e-01
-5.07e-01
-5.38e-01
-5.69e-01
-6.01e-01
-6.34e-01
-6.68e-01
-7.03e-01
-7.38e-01
-7.74e-01
-8.11e-01
-8.49e-01
-8.87e-01
-9.27e-01
-9.67e-01
-1.01e+00
-1.05e+00
-1.09e+00
-1.14e+00
-1.18e+00
-1.22e+00
-1.27e+00
-1.32e+00
-1.36e+00
-1.41e+00
-1.46e+00
-1.51e+00
-1.56e+00
-1.62e+00
-1.67e+00
-1.72e+00
-1.78e+00
-1.83e+00
-1.89e+00
-1.95e+00
-2.01e+00
-2.06e+00
-2.12e+00
-2.18e+00
-2.25e+00
-2.31e+00
-2.37e+00
-2.43e+00
