3.13e+00
3.14e+00
3.14e+00
3.13e+00
3.12e+00
3.11e+00
3.09e+00
3.07e+00
3.04e+00
3.01e+00
2.98e+00
2.95e+00
2.91e+00
2.87e+00
2.82e+00
2.78e+00
2.73e+00
2.68e+00
2.63e+00
2.57e+00
2.52e+00
2.47e+00
2.41e+00
2.36e+00
2.31e+00
2.26e+00
2.20e+00
2.15e+00
2.11e+00
2.06e+00
2.01e+00
1.97e+00
1.92e+00
1.88e+00
1.84e+00
1.80e+00
1.77e+00
1.73e+00
1.70e+00
1.67e+00
1.64e+00
1.62e+00
1.59e+00
1.57e+00
1.55e+00
1.54e+00
1.52e+00
1.51e+00
1.50e+00
1.50e+00
1.50e+00
1.49e+00
1.50e+00
1.50e+00
1.51e+00
1.52e+00
1.53e+00
1.55e+00
1.56e+00
1.58e+00
1.61e+00
1.63e+00
1.66e+00
1.69e+00
1.72e+00
1.75e+00
1.79e+00
1.83e+00
1.87e+00
