2.60e-02
2.60e-02
2.77e-02
3.11e-02
3.61e-02
4.28e-02
5.11e-02
6.10e-02
7.26e-02
8.58e-02
1.01e-01
1.17e-01
1.35e-01
1.54e-01
1.75e-01
1.97e-01
2.20e-01
2.44e-01
2.70e-01
2.96e-01
3.23e-01
3.51e-01
3.79e-01
4.08e-01
4.38e-01
4.68e-01
4.99e-01
5.30e-01
5.61e-01
5.93e-01
6.25e-01
6.58e-01
6.91e-01
7.25e-01
7.59e-01
7.94e-01
8.30e-01
8.66e-01
9.03e-01
9.41e-01
9.79e-01
1.02e+00
1.06e+00
1.10e+00
1.14e+00
1.18e+00
1.23e+00
1.27e+00
1.32e+00
1.36e+00
1.41e+00
1.46e+00
1.51e+00
1.56e+00
1.61e+00
1.67e+00
1.72e+00
1.78e+00
1.83e+00
1.89e+00
1.95e+00
2.01e+00
2.06e+00
2.13e+00
2.19e+00
2.25e+00
2.31e+00
2.38e+00
2.44e+00
