3.12e+00
3.13e+00
3.13e+00
3.14e+00
3.14e+00
3.15e+00
3.16e+00
3.18e+00
3.19e+00
3.21e+00
3.23e+00
3.26e+00
3.29e+00
3.32e+00
3.36e+00
3.40e+00
3.44e+00
3.49e+00
3.53e+00
3.58e+00
3.63e+00
3.68e+00
3.73e+00
3.79e+00
3.84e+00
3.89e+00
3.95e+00
4.00e+00
4.05e+00
4.10e+00
4.15e+00
4.20e+00
4.24e+00
4.29e+00
4.33e+00
4.38e+00
4.42e+00
4.46e+00
4.49e+00
4.53e+00
4.56e+00
4.59e+00
4.62e+00
4.65e+00
4.67e+00
4.69e+00
4.71e+00
4.73e+00
4.75e+00
4.76e+00
4.77e+00
4.78e+00
4.78e+00
4.78e+00
4.78e+00
4.78e+00
4.77e+00
4.76e+00
4.75e+00
4.74e+00
4.72e+00
4.71e+00
4.68e+00
4.66e+00
4.64e+00
4.61e+00
4.58e+00
4.54e+00
4.51e+00
4.47e+00
4.43e+00
4.39e+00
4.35e+00
4.30e+00
4.26e+00
4.21e+00
