2.70e-01
2.74e-01
2.78e-01
2.80e-01
2.82e-01
2.83e-01
2.83e-01
2.82e-01
2.81e-01
2.79e-01
2.76e-01
2.72e-01
2.67e-01
2.62e-01
2.56e-01
2.48e-01
2.41e-01
2.32e-01
2.22e-01
2.12e-01
2.00e-01
1.88e-01
1.75e-01
1.62e-01
1.47e-01
1.32e-01
1.15e-01
9.84e-02
8.06e-02
6.20e-02
4.25e-02
2.22e-02
1.14e-03
-2.08e-02
-4.35e-02
-6.71e-02
-9.14e-02
-1.16e-01
-1.42e-01
-1.69e-01
-1.96e-01
-2.24e-01
-2.53e-01
-2.83e-01
-3.14e-01
-3.45e-01
-3.77e-01
-4.10e-01
-4.44e-01
-4.78e-01
-5.14e-01
-5.50e-01
-5.87e-01
-6.25e-01
-6.64e-01
-7.04e-01
-7.45e-01
-7.86e-01
-8.29e-01
-8.72e-01
-9.17e-01
-9.62e-01
-1.01e+00
-1.05e+00
-1.10e+00
-1.15e+00
-1.20e+00
-1.25e+00
-1.30e+00
-1.35e+00
-1.41e+00
-1.46e+00
-1.52e+00
-1.57e+00
-1.63e+00
-1.68e+00
-1.74e+00
-1.80e+00
-1.86e+00
-1.92e+00
-1.98e+00
-2.04e+00
-2.10e+00
-2.16e+00
-2.23e+00
-2.29e+00
-2.35e+00
-2.42e+00
