3.23e+00
3.23e+00
3.23e+00
3.24e+00
3.24e+00
3.25e+00
3.26e+00
3.27e+00
3.28e+00
3.30e+00
3.31e+00
3.33e+00
3.35e+00
3.37e+00
3.39e+00
3.41e+00
3.44e+00
3.46e+00
3.49e+00
3.52e+00
3.55e+00
3.58e+00
3.61e+00
3.65e+00
3.68e+00
3.71e+00
3.75e+00
3.78e+00
3.82e+00
3.85e+00
3.89e+00
3.92e+00
3.96e+00
3.99e+00
4.03e+00
4.06e+00
4.09e+00
4.13e+00
4.16e+00
4.19e+00
4.22e+00
4.25e+00
4.27e+00
4.30e+00
4.32e+00
4.35e+00
4.37e+00
4.39e+00
4.41e+00
4.42e+00
4.44e+00
4.45e+00
4.46e+00
4.47e+00
4.48e+00
4.49e+00
4.49e+00
4.49e+00
4.49e+00
4.49e+00
4.49e+00
4.48e+00
4.47e+00
4.46e+00
4.45e+00
4.44e+00
4.43e+00
4.41e+00
4.39e+00
4.37e+00
4.35e+00
4.32e+00
4.30e+00
4.27e+00
4.25e+00
4.22e+00
4.18e+00
4.15e+00
4.12e+00
4.08e+00
4.05e+00
4.01e+00
3.98e+00
3.94e+00
3.90e+00
3.86e+00
3.82e+00
3.78e+00
