9.95e-02
1.04e-01
1.08e-01
1.14e-01
1.20e-01
1.26e-01
1.34e-01
1.43e-01
1.52e-01
1.63e-01
1.74e-01
1.87e-01
2.00e-01
2.15e-01
2.29e-01
2.45e-01
2.61e-01
2.78e-01
2.94e-01
3.11e-01
3.28e-01
3.45e-01
3.62e-01
3.80e-01
3.96e-01
4.13e-01
4.30e-01
4.46e-01
4.62e-01
4.78e-01
4.94e-01
5.10e-01
5.25e-01
5.40e-01
5.55e-01
5.69e-01
5.84e-01
5.98e-01
6.12e-01
6.25e-01
6.39e-01
6.52e-01
6.66e-01
6.79e-01
6.91e-01
7.04e-01
7.17e-01
7.29e-01
7.42e-01
7.54e-01
7.66e-01
7.78e-01
7.91e-01
8.03e-01
8.15e-01
8.27e-01
8.39e-01
8.51e-01
8.63e-01
8.75e-01
8.87e-01
8.99e-01
9.11e-01
9.24e-01
9.36e-01
9.49e-01
9.62e-01
9.75e-01
9.88e-01
1.00e+00
1.01e+00
1.03e+00
1.04e+00
1.06e+00
1.07e+00
1.09e+00
1.10e+00
1.12e+00
1.13e+00
1.15e+00
1.16e+00
1.18e+00
1.20e+00
1.21e+00
1.23e+00
1.25e+00
1.26e+00
1.28e+00
1.30e+00
1.31e+00
1.33e+00
1.35e+00
1.37e+00
1.38e+00
1.40e+00
1.42e+00
1.44e+00
1.45e+00
1.47e+00
1.49e+00
1.51e+00
1.52e+00
1.54e+00
1.56e+00
1.58e+00
1.59e+00
1.61e+00
1.63e+00
1.64e+00
1.66e+00
1.68e+00
1.69e+00
1.71e+00
1.73e+00
1.74e+00
1.76e+00
1.77e+00
1.79e+00
1.80e+00
1.82e+00
1.84e+00
1.85e+00
1.87e+00
1.88e+00
1.90e+00
1.92e+00
1.93e+00
1.95e+00
1.96e+00
1.98e+00
1.99e+00
2.01e+00
2.03e+00
2.04e+00
2.06e+00
2.08e+00
2.09e+00
2.11e+00
2.13e+00
2.14e+00
2.16e+00
2.18e+00
2.20e+00
2.21e+00
2.23e+00
2.25e+00
2.27e+00
2.28e+00
2.30e+00
2.32e+00
2.34e+00
2.35e+00
2.37e+00
2.39e+00
2.41e+00
