3.77e-02
3.79e-02
3.97e-02
4.33e-02
4.85e-02
5.54e-02
6.40e-02
7.43e-02
8.63e-02
1.00e-01
1.15e-01
1.33e-01
1.51e-01
1.72e-01
1.94e-01
2.17e-01
2.42e-01
2.68e-01
2.95e-01
3.24e-01
3.53e-01
3.82e-01
4.13e-01
4.43e-01
4.74e-01
5.06e-01
5.38e-01
5.70e-01
6.02e-01
6.34e-01
6.67e-01
7.00e-01
7.34e-01
7.67e-01
8.02e-01
8.36e-01
8.71e-01
9.07e-01
9.44e-01
9.81e-01
1.02e+00
1.06e+00
1.10e+00
1.14e+00
1.18e+00
1.22e+00
1.26e+00
1.31e+00
1.35e+00
1.40e+00
1.45e+00
1.49e+00
1.54e+00
1.59e+00
1.65e+00
1.70e+00
1.75e+00
1.81e+00
1.86e+00
1.92e+00
1.98e+00
2.04e+00
2.10e+00
2.16e+00
2.23e+00
2.29e+00
2.35e+00
2.42e+00
