-1.15e-01
-1.14e-01
-1.15e-01
-1.17e-01
-1.21e-01
-1.27e-01
-1.34e-01
-1.43e-01
-1.53e-01
-1.64e-01
-1.78e-01
-1.92e-01
-2.08e-01
-2.25e-01
-2.44e-01
-2.63e-01
-2.84e-01
-3.06e-01
-3.28e-01
-3.52e-01
-3.77e-01
-4.02e-01
-4.28e-01
-4.55e-01
-4.82e-01
-5.10e-01
-5.39e-01
-5.68e-01
-5.98e-01
-6.28e-01
-6.59e-01
-6.91e-01
-7.23e-01
-7.56e-01
-7.89e-01
-8.24e-01
-8.58e-01
-8.94e-01
-9.31e-01
-9.68e-01
-1.01e+00
-1.04e+00
-1.08e+00
-1.12e+00
-1.17e+00
-1.21e+00
-1.25e+00
-1.30e+00
-1.34e+00
-1.39e+00
-1.43e+00
-1.48e+00
-1.53e+00
-1.58e+00
-1.63e+00
-1.68e+00
-1.74e+00
-1.79e+00
-1.85e+00
-1.90e+00
-1.96e+00
-2.01e+00
-2.07e+00
-2.13e+00
-2.19e+00
-2.25e+00
-2.31e+00
-2.37e+00
-2.44e+00
