2.87e+00
2.87e+00
2.86e+00
2.86e+00
2.85e+00
2.84e+00
2.82e+00
2.80e+00
2.78e+00
2.76e+00
2.74e+00
2.71e+00
2.68e+00
2.66e+00
2.63e+00
2.59e+00
2.56e+00
2.53e+00
2.49e+00
2.46e+00
2.42e+00
2.39e+00
2.35e+00
2.32e+00
2.28e+00
2.25e+00
2.21e+00
2.18e+00
2.15e+00
2.12e+00
2.09e+00
2.06e+00
2.03e+00
2.00e+00
1.98e+00
1.95e+00
1.93e+00
1.91e+00
1.89e+00
1.87e+00
1.85e+00
1.84e+00
1.83e+00
1.82e+00
1.81e+00
1.80e+00
1.79e+00
1.79e+00
1.79e+00
1.79e+00
1.79e+00
1.80e+00
1.80e+00
1.81e+00
1.82e+00
1.83e+00
1.85e+00
1.86e+00
1.88e+00
1.90e+00
1.92e+00
1.94e+00
1.96e+00
1.99e+00
2.02e+00
