3.17e+00
3.17e+00
3.17e+00
3.18e+00
3.19e+00
3.21e+00
3.23e+00
3.25e+00
3.28e+00
3.31e+00
3.34e+00
3.38e+00
3.41e+00
3.46e+00
3.50e+00
3.55e+00
3.59e+00
3.64e+00
3.69e+00
3.74e+00
3.80e+00
3.85e+00
3.90e+00
3.95e+00
4.00e+00
4.05e+00
4.10e+00
4.15e+00
4.20e+00
4.24e+00
4.29e+00
4.33e+00
4.37e+00
4.41e+00
4.45e+00
4.48e+00
4.52e+00
4.55e+00
4.58e+00
4.61e+00
4.63e+00
4.66e+00
4.68e+00
4.70e+00
4.71e+00
4.73e+00
4.74e+00
4.75e+00
4.75e+00
4.76e+00
4.76e+00
4.76e+00
4.76e+00
4.75e+00
4.74e+00
4.73e+00
4.72e+00
4.70e+00
4.68e+00
4.66e+00
4.64e+00
4.61e+00
4.58e+00
4.55e+00
4.52e+00
4.48e+00
