3.37e+00
3.37e+00
3.37e+00
3.38e+00
3.39e+00
3.40e+00
3.42e+00
3.44e+00
3.46e+00
3.48e+00
3.51e+00
3.53e+00
3.56e+00
3.59e+00
3.63e+00
3.66e+00
3.70e+00
3.73e+00
3.77e+00
3.81e+00
3.85e+00
3.88e+00
3.92e+00
3.96e+00
4.00e+00
4.04e+00
4.07e+00
4.11e+00
4.14e+00
4.18e+00
4.21e+00
4.24e+00
4.27e+00
4.30e+00
4.33e+00
4.36e+00
4.38e+00
4.40e+00
4.43e+00
4.45e+00
4.46e+00
4.48e+00
4.49e+00
4.51e+00
4.52e+00
4.53e+00
4.53e+00
4.54e+00
4.54e+00
4.54e+00
4.54e+00
4.54e+00
4.53e+00
4.52e+00
4.51e+00
4.50e+00
4.49e+00
4.47e+00
4.45e+00
4.44e+00
4.41e+00
4.39e+00
4.37e+00
4.34e+00
4.31e+00
4.28e+00
4.25e+00
4.22e+00
4.18e+00
4.15e+00
4.11e+00
4.07e+00
4.04e+00
4.00e+00
