3.03e+00
3.03e+00
3.02e+00
3.02e+00
3.01e+00
2.99e+00
2.97e+00
2.95e+00
2.93e+00
2.90e+00
2.87e+00
2.84e+00
2.81e+00
2.77e+00
2.73e+00
2.69e+00
2.65e+00
2.60e+00
2.56e+00
2.51e+00
2.47e+00
2.42e+00
2.38e+00
2.33e+00
2.29e+00
2.24e+00
2.20e+00
2.15e+00
2.11e+00
2.07e+00
2.03e+00
1.99e+00
1.96e+00
1.92e+00
1.89e+00
1.86e+00
1.83e+00
1.80e+00
1.77e+00
1.75e+00
1.72e+00
1.70e+00
1.68e+00
1.67e+00
1.65e+00
1.64e+00
1.63e+00
1.63e+00
1.62e+00
1.62e+00
1.62e+00
1.62e+00
1.62e+00
1.63e+00
1.64e+00
1.65e+00
1.66e+00
1.68e+00
1.70e+00
1.72e+00
1.74e+00
1.77e+00
1.79e+00
1.82e+00
1.85e+00
1.89e+00
1.92e+00
