3.45e+00
3.45e+00
3.44e+00
3.44e+00
3.42e+00
3.40e+00
3.38e+00
3.35e+00
3.32e+00
3.28e+00
3.24e+00
3.19e+00
3.14e+00
3.09e+00
3.03e+00
2.97e+00
2.90e+00
2.83e+00
2.76e+00
2.69e+00
2.62e+00
2.54e+00
2.47e+00
2.40e+00
2.33e+00
2.25e+00
2.18e+00
2.12e+00
2.05e+00
1.98e+00
1.92e+00
1.86e+00
1.80e+00
1.74e+00
1.69e+00
1.64e+00
1.59e+00
1.54e+00
1.49e+00
1.45e+00
1.41e+00
1.37e+00
1.34e+00
1.30e+00
1.27e+00
1.25e+00
1.22e+00
1.20e+00
1.19e+00
1.17e+00
1.16e+00
1.16e+00
1.15e+00
1.15e+00
1.16e+00
1.16e+00
1.17e+00
1.19e+00
1.20e+00
1.22e+00
1.25e+00
1.27e+00
1.30e+00
1.33e+00
1.37e+00
1.41e+00
1.45e+00
1.49e+00
