9.91e-02
9.78e-02
9.81e-02
1.00e-01
1.04e-01
1.09e-01
1.15e-01
1.24e-01
1.33e-01
1.45e-01
1.57e-01
1.72e-01
1.87e-01
2.04e-01
2.23e-01
2.42e-01
2.63e-01
2.85e-01
3.08e-01
3.32e-01
3.56e-01
3.82e-01
4.08e-01
4.35e-01
4.62e-01
4.90e-01
5.19e-01
5.48e-01
5.78e-01
6.08e-01
6.39e-01
6.71e-01
7.03e-01
7.36e-01
7.69e-01
8.03e-01
8.38e-01
8.73e-01
9.09e-01
9.46e-01
9.84e-01
1.02e+00
1.06e+00
1.10e+00
1.14e+00
1.18e+00
1.23e+00
1.27e+00
1.32e+00
1.36e+00
1.41e+00
1.46e+00
1.51e+00
1.56e+00
1.61e+00
1.66e+00
1.71e+00
1.76e+00
1.82e+00
1.87e+00
1.93e+00
1.99e+00
2.04e+00
2.10e+00
2.16e+00
2.22e+00
2.28e+00
2.35e+00
2.41e+00
