2.84e-01
2.87e-01
2.92e-01
2.97e-01
3.04e-01
3.11e-01
3.20e-01
3.31e-01
3.42e-01
3.55e-01
3.69e-01
3.84e-01
4.00e-01
4.17e-01
4.35e-01
4.55e-01
4.75e-01
4.97e-01
5.19e-01
5.43e-01
5.67e-01
5.93e-01
6.19e-01
6.47e-01
6.75e-01
7.04e-01
7.34e-01
7.65e-01
7.97e-01
8.29e-01
8.63e-01
8.97e-01
9.32e-01
9.68e-01
1.01e+00
1.04e+00
1.08e+00
1.12e+00
1.16e+00
1.20e+00
1.24e+00
1.29e+00
1.33e+00
1.38e+00
1.42e+00
1.47e+00
1.51e+00
1.56e+00
1.61e+00
1.66e+00
1.71e+00
1.76e+00
1.82e+00
1.87e+00
1.92e+00
1.98e+00
2.03e+00
2.09e+00
2.15e+00
2.21e+00
2.26e+00
2.32e+00
2.39e+00
2.45e+00
