1.92e+02,1.57e+01,8.63e+01,3.08e-01,1.25e+03,1.25e+03,2.51e-01,2.51e-01,4.08e+01,4.08e+01,7.62e+01,7.00e+00,3.00e+00
3.84e+02,3.07e+01,7.20e+02,3.19e-01,1.69e+03,1.69e+03,2.98e-01,2.98e-01,4.18e+01,4.18e+01,8.70e+01,7.00e+00,2.00e+00
5.76e+02,3.84e+01,1.35e+03,2.08e-01,3.75e+02,3.75e+02,7.21e-01,7.21e-01,6.37e+01,6.37e+01,7.95e+01,7.00e+00,2.00e+00
7.68e+02,3.60e+01,1.16e+03,2.91e-01,5.68e+01,5.68e+01,5.00e-01,5.00e-01,6.80e+01,6.80e+01,7.39e+01,7.00e+00,2.00e+00
9.60e+02,3.80e+01,1.37e+03,3.19e-01,5.41e+00,5.41e+00,5.70e-01,5.70e-01,7.55e+01,7.55e+01,7.86e+01,7.00e+00,2.00e+00
1.15e+03,3.85e+01,9.68e+02,3.62e-01,5.41e+00,9.62e+00,5.70e-01,4.63e-01,7.47e+01,7.55e+01,7.86e+01,8.00e+00,3.00e+00
1.34e+03,5.85e+01,4.53e+02,4.12e-01,8.34e+00,8.34e+00,5.11e-01,5.11e-01,7.72e+01,7.72e+01,7.95e+01,9.00e+00,6.00e+00
1.54e+03,4.93e+01,8.00e+01,5.08e-01,8.34e+00,6.82e+01,5.11e-01,5.93e-01,6.66e+01,7.72e+01,7.95e+01,9.00e+00,7.00e+00
1.73e+03,6.34e+01,1.20e+02,5.46e-01,9.82e+01,9.82e+01,5.71e-01,5.71e-01,8.30e+01,8.30e+01,9.04e+01,1.00e+01,8.00e+00
1.92e+03,7.03e+01,2.79e+02,4.91e-01,6.45e+01,6.45e+01,5.92e-01,5.92e-01,8.63e+01,8.63e+01,9.57e+01,9.00e+00,8.00e+00
2.11e+03,4.38e+01,4.37e+02,4.89e-01,6.45e+01,2.46e+01,5.92e-01,5.49e-01,7.66e+01,8.63e+01,9.57e+01,9.00e+00,7.00e+00
2.30e+03,6.37e+01,1.32e+02,5.48e-01,6.45e+01,1.66e+01,5.92e-01,6.71e-01,8.27e+01,8.63e+01,9.57e+01,1.10e+01,9.00e+00
2.50e+03,6.43e+01,1.02e+02,5.14e-01,6.45e+01,7.07e+01,5.92e-01,7.79e-01,7.76e+01,8.63e+01,9.57e+01,1.10e+01,1.00e+01
2.69e+03,7.35e+01,3.44e+01,5.76e-01,6.45e+01,1.15e+01,5.92e-01,6.54e-01,7.85e+01,8.63e+01,9.57e+01,1.10e+01,9.00e+00
2.88e+03,6.96e+01,4.39e+01,5.70e-01,6.45e+01,7.05e+00,5.92e-01,6.78e-01,7.52e+01,8.63e+01,9.57e+01,1.10e+01,9.00e+00
3.07e+03,7.15e+01,8.91e+01,5.38e-01,6.45e+01,1.22e+02,5.92e-01,6.64e-01,7.67e+01,8.63e+01,9.57e+01,1.00e+01,8.00e+00
3.26e+03,7.53e+01,1.21e+01,5.51e-01,6.45e+01,2.39e+01,5.92e-01,6.64e-01,7.78e+01,8.63e+01,9.57e+01,1.00e+01,9.00e+00
3.46e+03,7.08e+01,1.00e+02,6.24e-01,6.45e+01,8.15e+01,5.92e-01,7.41e-01,8.24e+01,8.63e+01,9.57e+01,1.10e+01,1.00e+01
3.65e+03,7.57e+01,8.59e+01,6.11e-01,6.45e+01,2.70e+01,5.92e-01,6.68e-01,8.10e+01,8.63e+01,9.57e+01,1.10e+01,1.00e+01
3.84e+03,7.09e+01,3.58e+01,6.03e-01,6.45e+01,3.22e+01,5.92e-01,5.82e-01,7.51e+01,8.63e+01,9.57e+01,1.00e+01,1.00e+01
4.03e+03,7.24e+01,3.86e+02,5.78e-01,6.45e+01,8.50e+01,5.92e-01,7.14e-01,8.17e+01,8.63e+01,9.57e+01,1.00e+01,1.00e+01
4.22e+03,6.86e+01,3.07e+02,5.77e-01,6.45e+01,3.53e+02,5.92e-01,6.85e-01,7.25e+01,8.63e+01,9.57e+01,1.00e+01,9.50e+00
4.42e+03,6.73e+01,1.07e+02,5.71e-01,6.45e+01,1.16e+01,5.92e-01,6.04e-01,7.28e+01,8.63e+01,9.57e+01,1.00e+01,1.00e+01
4.61e+03,6.78e+01,1.14e+02,6.45e-01,6.45e+01,3.01e+01,5.92e-01,7.43e-01,7.67e+01,8.63e+01,9.57e+01,1.10e+01,1.10e+01
4.80e+03,7.16e+01,8.80e+01,6.32e-01,6.45e+01,1.11e+01,5.92e-01,5.93e-01,7.83e+01,8.63e+01,9.57e+01,1.10e+01,1.10e+01
4.99e+03,7.44e+01,2.85e+01,5.90e-01,6.45e+01,6.43e+01,5.92e-01,8.75e-01,7.66e+01,8.63e+01,9.57e+01,1.20e+01,1.10e+01
5.18e+03,7.24e+01,3.35e+01,5.83e-01,6.45e+01,5.35e+01,5.92e-01,6.07e-01,7.55e+01,8.63e+01,9.57e+01,1.10e+01,1.10e+01
5.38e+03,7.51e+01,1.75e+01,5.75e-01,6.45e+01,7.85e+00,5.92e-01,6.78e-01,7.60e+01,8.63e+01,9.57e+01,1.10e+01,1.10e+01
5.57e+03,7.16e+01,7.97e+01,5.79e-01,6.45e+01,4.03e+00,5.92e-01,6.65e-01,7.80e+01,8.63e+01,9.57e+01,1.10e+01,1.00e+01
5.76e+03,7.16e+01,1.49e+02,5.76e-01,6.45e+01,1.85e+02,5.92e-01,6.21e-01,8.15e+01,8.63e+01,9.57e+01,1.10e+01,1.10e+01
5.95e+03,6.74e+01,9.67e+01,6.08e-01,6.45e+01,8.83e+01,5.92e-01,7.80e-01,7.86e+01,8.63e+01,9.57e+01,1.20e+01,1.20e+01
6.14e+03,6.88e+01,1.52e+02,6.54e-01,6.45e+01,3.02e+01,5.92e-01,7.73e-01,7.78e+01,8.63e+01,9.57e+01,1.10e+01,1.10e+01
6.34e+03,7.10e+01,3.35e+01,6.47e-01,6.45e+01,6.21e+01,5.92e-01,7.79e-01,7.42e+01,8.63e+01,9.57e+01,1.10e+01,1.10e+01
6.53e+03,7.19e+01,5.72e+01,6.95e-01,6.45e+01,1.86e+01,5.92e-01,7.33e-01,7.74e+01,8.63e+01,9.57e+01,1.20e+01,1.20e+01
6.72e+03,7.37e+01,1.02e+01,6.49e-01,6.45e+01,1.11e+00,5.92e-01,7.50e-01,7.59e+01,8.63e+01,9.57e+01,1.20e+01,1.10e+01
6.91e+03,7.26e+01,1.75e+01,6.78e-01,6.45e+01,8.75e+00,5.92e-01,7.35e-01,7.75e+01,8.63e+01,9.57e+01,1.20e+01,1.20e+01
7.10e+03,7.06e+01,2.27e+02,6.43e-01,1.40e+02,1.40e+02,7.54e-01,7.54e-01,8.71e+01,8.71e+01,1.03e+02,1.20e+01,1.10e+01
7.30e+03,7.29e+01,2.72e+01,6.32e-01,1.40e+02,3.04e+01,7.54e-01,7.32e-01,7.37e+01,8.71e+01,1.03e+02,1.10e+01,1.10e+01
7.49e+03,7.41e+01,8.18e+01,6.35e-01,1.40e+02,4.34e+01,7.54e-01,7.05e-01,8.06e+01,8.71e+01,1.03e+02,1.10e+01,1.10e+01
7.68e+03,6.73e+01,4.62e+01,6.43e-01,1.40e+02,5.87e+01,7.54e-01,7.59e-01,7.42e+01,8.71e+01,1.03e+02,1.20e+01,1.10e+01
7.87e+03,6.81e+01,5.79e+01,6.25e-01,1.40e+02,5.52e+01,7.54e-01,7.86e-01,7.30e+01,8.71e+01,1.03e+02,1.10e+01,1.10e+01
8.06e+03,7.57e+01,1.37e+02,6.27e-01,1.40e+02,1.10e+02,7.54e-01,6.91e-01,8.06e+01,8.71e+01,1.03e+02,1.10e+01,1.10e+01
8.26e+03,7.67e+01,2.31e+02,6.21e-01,1.40e+02,9.07e+01,7.54e-01,7.16e-01,8.64e+01,8.71e+01,1.03e+02,1.10e+01,1.00e+01
8.45e+03,5.82e+01,1.88e+02,6.72e-01,1.40e+02,1.32e+02,7.54e-01,7.07e-01,7.74e+01,8.71e+01,1.03e+02,1.10e+01,1.20e+01
8.64e+03,6.92e+01,1.06e+02,6.36e-01,1.40e+02,1.08e+02,7.54e-01,6.07e-01,7.11e+01,8.71e+01,1.03e+02,1.20e+01,1.10e+01
8.83e+03,7.57e+01,2.23e+01,6.39e-01,1.40e+02,1.17e+01,7.54e-01,6.26e-01,7.77e+01,8.71e+01,1.03e+02,1.10e+01,1.10e+01
9.02e+03,6.99e+01,1.35e+02,6.24e-01,1.40e+02,8.03e+01,7.54e-01,7.38e-01,7.54e+01,8.71e+01,1.03e+02,1.10e+01,1.10e+01
9.22e+03,7.45e+01,8.87e+01,6.35e-01,1.40e+02,8.66e+01,7.54e-01,6.77e-01,7.71e+01,8.71e+01,1.03e+02,1.10e+01,1.05e+01
9.41e+03,6.35e+01,1.78e+02,6.29e-01,1.40e+02,1.79e+02,7.54e-01,6.47e-01,7.19e+01,8.71e+01,1.03e+02,1.10e+01,1.10e+01
9.60e+03,6.75e+01,1.02e+02,6.21e-01,1.40e+02,5.61e+01,7.54e-01,6.70e-01,7.39e+01,8.71e+01,1.03e+02,1.10e+01,1.10e+01
9.79e+03,7.36e+01,1.57e+02,6.24e-01,1.40e+02,2.92e+01,7.54e-01,7.43e-01,7.74e+01,8.71e+01,1.03e+02,1.10e+01,1.10e+01
9.98e+03,7.65e+01,1.54e+02,6.47e-01,1.40e+02,1.20e+02,7.54e-01,7.04e-01,8.10e+01,8.71e+01,1.03e+02,1.10e+01,1.00e+01
1.02e+04,6.91e+01,9.58e+01,6.74e-01,1.40e+02,2.69e+01,7.54e-01,7.21e-01,7.81e+01,8.71e+01,1.03e+02,1.20e+01,1.20e+01
1.04e+04,7.26e+01,5.11e+00,6.42e-01,1.40e+02,1.66e+01,7.54e-01,6.73e-01,7.52e+01,8.71e+01,1.03e+02,1.20e+01,1.20e+01
1.06e+04,7.02e+01,5.48e+01,7.08e-01,1.40e+02,1.44e+01,7.54e-01,8.35e-01,8.11e+01,8.71e+01,1.03e+02,1.20e+01,1.35e+01
1.08e+04,7.08e+01,1.01e+02,6.52e-01,1.40e+02,1.63e+00,7.54e-01,6.54e-01,7.56e+01,8.71e+01,1.03e+02,1.30e+01,1.40e+01
1.09e+04,5.41e+01,9.98e+01,6.53e-01,1.40e+02,5.55e+01,7.54e-01,7.23e-01,8.29e+01,8.71e+01,1.03e+02,1.20e+01,1.30e+01
1.11e+04,6.70e+01,2.92e+02,6.51e-01,1.40e+02,2.52e+02,7.54e-01,7.04e-01,7.71e+01,8.71e+01,1.03e+02,1.20e+01,1.30e+01
1.13e+04,8.12e+01,1.56e+01,6.54e-01,1.40e+02,2.86e-01,7.54e-01,6.85e-01,8.31e+01,8.71e+01,1.03e+02,1.20e+01,1.30e+01
1.15e+04,6.89e+01,3.30e+00,6.55e-01,1.40e+02,8.25e-01,7.54e-01,7.10e-01,7.08e+01,8.71e+01,1.03e+02,1.20e+01,1.30e+01
1.17e+04,5.86e+01,1.67e+02,6.60e-01,1.40e+02,4.83e+01,7.54e-01,7.89e-01,7.39e+01,8.71e+01,1.03e+02,1.20e+01,1.30e+01
1.19e+04,6.36e+01,2.18e+02,7.01e-01,1.40e+02,2.85e+01,7.54e-01,8.04e-01,8.43e+01,8.71e+01,1.03e+02,1.30e+01,1.40e+01
1.21e+04,6.94e+01,6.04e+01,7.00e-01,1.40e+02,8.17e+00,7.54e-01,7.23e-01,7.80e+01,8.71e+01,1.03e+02,1.30e+01,1.40e+01
1.23e+04,8.16e+01,1.46e+01,6.75e-01,1.40e+02,8.19e+00,7.54e-01,6.89e-01,8.47e+01,8.71e+01,1.03e+02,1.20e+01,1.40e+01
1.25e+04,8.22e+01,3.31e+01,6.62e-01,1.40e+02,2.66e+01,7.54e-01,6.96e-01,8.52e+01,8.71e+01,1.03e+02,1.20e+01,1.40e+01
1.27e+04,7.29e+01,1.33e+00,6.64e-01,1.40e+02,3.22e+01,7.54e-01,7.58e-01,7.56e+01,8.71e+01,1.03e+02,1.20e+01,1.30e+01
1.29e+04,7.58e+01,7.07e+00,6.81e-01,1.40e+02,7.84e+00,7.54e-01,7.40e-01,7.66e+01,8.71e+01,1.03e+02,1.20e+01,1.40e+01
1.31e+04,7.68e+01,2.66e+01,6.73e-01,1.40e+02,1.33e+02,7.54e-01,7.91e-01,8.22e+01,8.71e+01,1.03e+02,1.20e+01,1.40e+01
1.32e+04,7.27e+01,6.69e+00,6.86e-01,1.40e+02,8.64e-01,7.54e-01,7.64e-01,7.51e+01,8.71e+01,1.03e+02,1.20e+01,1.40e+01
1.34e+04,5.71e+01,2.14e+01,6.73e-01,1.40e+02,1.46e+02,7.54e-01,7.34e-01,6.47e+01,8.71e+01,1.03e+02,1.20e+01,1.40e+01
1.36e+04,7.36e+01,3.83e+01,7.48e-01,1.40e+02,9.14e-02,7.54e-01,7.79e-01,7.89e+01,8.71e+01,1.03e+02,1.30e+01,1.50e+01
1.38e+04,7.57e+01,7.81e+01,7.15e-01,1.40e+02,3.68e+01,7.54e-01,7.42e-01,8.70e+01,8.71e+01,1.03e+02,1.30e+01,1.60e+01
1.40e+04,6.56e+01,2.22e+01,7.11e-01,1.40e+02,3.19e+01,7.54e-01,7.82e-01,7.63e+01,8.71e+01,1.03e+02,1.40e+01,1.70e+01
1.42e+04,7.15e+01,5.23e+01,6.99e-01,1.40e+02,1.62e+01,7.54e-01,6.69e-01,7.73e+01,8.71e+01,1.03e+02,1.40e+01,1.70e+01
1.44e+04,7.45e+01,5.47e+01,6.89e-01,1.40e+02,8.34e+00,7.54e-01,7.23e-01,8.09e+01,8.71e+01,1.03e+02,1.30e+01,1.60e+01
1.46e+04,8.01e+01,8.25e-01,6.89e-01,1.40e+02,8.98e-01,7.54e-01,7.86e-01,8.09e+01,8.71e+01,1.03e+02,1.30e+01,1.60e+01
1.48e+04,7.43e+01,4.46e+01,7.00e-01,1.40e+02,4.38e+01,7.54e-01,7.01e-01,8.04e+01,8.71e+01,1.03e+02,1.30e+01,1.60e+01
1.50e+04,6.16e+01,4.23e+01,6.93e-01,1.40e+02,7.61e+01,7.54e-01,7.55e-01,7.62e+01,8.71e+01,1.03e+02,1.30e+01,1.60e+01
1.52e+04,7.81e+01,1.87e+01,6.99e-01,1.40e+02,1.09e+01,7.54e-01,8.16e-01,7.89e+01,8.71e+01,1.03e+02,1.30e+01,1.60e+01
1.54e+04,8.46e+01,2.18e+00,7.00e-01,1.40e+02,2.15e+00,7.54e-01,7.86e-01,8.69e+01,8.71e+01,1.03e+02,1.30e+01,1.60e+01
1.56e+04,6.98e+01,1.66e+02,7.18e-01,6.37e+01,6.37e+01,8.06e-01,8.06e-01,8.73e+01,8.73e+01,9.40e+01,1.40e+01,1.70e+01
1.57e+04,7.60e+01,9.99e+01,7.22e-01,6.70e+01,6.70e+01,7.81e-01,7.81e-01,8.87e+01,8.87e+01,9.51e+01,1.40e+01,1.80e+01
1.59e+04,5.86e+01,1.01e+01,7.14e-01,6.70e+01,2.09e+02,7.81e-01,7.28e-01,6.98e+01,8.87e+01,9.51e+01,1.40e+01,1.70e+01
1.61e+04,7.05e+01,8.71e+01,7.36e-01,6.70e+01,4.97e+01,7.81e-01,7.86e-01,8.04e+01,8.87e+01,9.51e+01,1.40e+01,1.80e+01
1.63e+04,7.47e+01,6.36e+01,6.87e-01,6.70e+01,4.18e+00,7.81e-01,7.52e-01,8.11e+01,8.87e+01,9.51e+01,1.30e+01,1.70e+01
1.65e+04,8.04e+01,6.56e+01,7.03e-01,6.70e+01,8.53e+01,7.81e-01,8.30e-01,8.70e+01,8.87e+01,9.51e+01,1.40e+01,1.70e+01
1.67e+04,6.43e+01,4.43e+01,7.04e-01,6.70e+01,2.79e+01,7.81e-01,7.87e-01,7.46e+01,8.87e+01,9.51e+01,1.40e+01,1.70e+01
1.69e+04,7.30e+01,9.98e+01,7.02e-01,6.70e+01,1.05e+02,7.81e-01,8.11e-01,7.72e+01,8.87e+01,9.51e+01,1.40e+01,1.70e+01
1.71e+04,8.68e+01,1.88e+01,7.10e-01,6.70e+01,2.09e+01,7.81e-01,6.74e-01,8.80e+01,8.87e+01,9.51e+01,1.40e+01,1.70e+01
1.73e+04,7.42e+01,2.74e+01,7.12e-01,6.70e+01,9.59e+01,7.81e-01,8.27e-01,8.47e+01,8.87e+01,9.51e+01,1.40e+01,1.70e+01
1.75e+04,5.54e+01,1.83e+02,7.14e-01,6.70e+01,1.36e+02,7.81e-01,7.53e-01,7.82e+01,8.87e+01,9.51e+01,1.40e+01,1.70e+01
1.77e+04,7.74e+01,5.94e+01,7.26e-01,6.70e+01,4.67e+01,7.81e-01,7.69e-01,8.22e+01,8.87e+01,9.51e+01,1.40e+01,1.70e+01
1.79e+04,5.12e+01,1.75e+02,7.23e-01,6.70e+01,7.70e+01,7.81e-01,8.10e-01,8.03e+01,8.87e+01,9.51e+01,1.40e+01,1.80e+01
1.80e+04,7.03e+01,5.84e+00,7.33e-01,6.70e+01,8.81e+00,7.81e-01,7.99e-01,7.61e+01,8.87e+01,9.51e+01,1.40e+01,1.70e+01
1.82e+04,5.74e+01,6.75e+01,7.13e-01,6.70e+01,2.80e+02,7.81e-01,7.80e-01,7.38e+01,8.87e+01,9.51e+01,1.40e+01,1.70e+01
1.84e+04,6.10e+01,8.02e+01,7.10e-01,6.70e+01,1.64e+01,7.81e-01,7.39e-01,7.80e+01,8.87e+01,9.51e+01,1.40e+01,1.70e+01
1.86e+04,7.52e+01,3.93e+01,7.12e-01,6.70e+01,2.36e+01,7.81e-01,7.21e-01,7.79e+01,8.87e+01,9.51e+01,1.40e+01,1.70e+01
1.88e+04,5.69e+01,2.17e+02,7.12e-01,6.70e+01,1.03e+02,7.81e-01,7.54e-01,8.32e+01,8.87e+01,9.51e+01,1.40e+01,1.70e+01
1.90e+04,7.31e+01,1.63e+02,7.57e-01,6.70e+01,1.06e+01,7.81e-01,7.90e-01,8.29e+01,8.87e+01,9.51e+01,1.50e+01,1.80e+01
1.92e+04,6.71e+01,6.07e+01,7.15e-01,6.70e+01,4.20e+01,7.81e-01,7.07e-01,7.59e+01,8.87e+01,9.51e+01,1.40e+01,1.80e+01
1.94e+04,6.17e+01,7.52e+01,7.07e-01,6.70e+01,4.88e+01,7.81e-01,7.69e-01,7.42e+01,8.87e+01,9.51e+01,1.50e+01,1.80e+01
1.96e+04,6.83e+01,3.08e+02,7.04e-01,6.70e+01,8.36e+01,7.81e-01,6.83e-01,8.09e+01,8.87e+01,9.51e+01,1.50e+01,1.80e+01
1.98e+04,7.42e+01,1.13e+02,7.22e-01,6.70e+01,7.93e+00,7.81e-01,7.36e-01,8.59e+01,8.87e+01,9.51e+01,1.50e+01,1.80e+01
2.00e+04,7.18e+01,7.88e+00,7.00e-01,6.70e+01,2.87e+01,7.81e-01,8.76e-01,7.96e+01,8.87e+01,9.51e+01,1.50e+01,1.80e+01
2.02e+04,7.05e+01,2.25e+01,7.18e-01,6.70e+01,1.30e+01,7.81e-01,7.46e-01,7.59e+01,8.87e+01,9.51e+01,1.50e+01,1.80e+01
